[35m[Appium][39m Welcome to Appium v2.5.0
[35m[Appium][39m Non-default server args:
[35m[Appium][39m { basePath: [32m'/wd/hub'[39m, loglevel: [32m'info'[39m, port: [33m55010[39m }
[35m[Appium][39m Attempting to load driver uiautomator2...
[35m[Appium][39m Appium REST http interface listener started on http://0.0.0.0:55010/wd/hub
[35m[Appium][39m You can provide the following URLs in your client code to connect to this server:
[35m[Appium][39m 	http://172.27.16.1:55010/wd/hub
[35m[Appium][39m 	http://192.168.18.137:55010/wd/hub
[35m[Appium][39m 	http://127.0.0.1:55010/wd/hub (only accessible from the same host)
[35m[Appium][39m Available drivers:
[35m[Appium][39m   - uiautomator2@3.0.0 (automationName 'UiAutomator2')
[35m[Appium][39m No plugins have been installed. Use the "appium plugin" command to install the one(s) you want to use.
[38;5;0m[HTTP][0m [37m-->[39m [37mGET[39m [37m/wd/hub/status[39m
[38;5;0m[HTTP][0m [90m{}[39m
[38;5;0m[HTTP][0m [37m<-- GET /wd/hub/status [39m[32m200[39m [90m8 ms - 110[39m
[38;5;0m[HTTP][0m [90m[39m
[38;5;0m[HTTP][0m [37m-->[39m [37mGET[39m [37m/wd/hub/status[39m
[38;5;0m[HTTP][0m [90m{}[39m
[38;5;0m[HTTP][0m [37m<-- GET /wd/hub/status [39m[32m200[39m [90m1 ms - 110[39m
[38;5;0m[HTTP][0m [90m[39m
[38;5;0m[HTTP][0m [37m-->[39m [37mPOST[39m [37m/wd/hub/session[39m
[38;5;0m[HTTP][0m [90m{"desiredCapabilities":{"appium:systemPort":55028,"appium:newCommandTimeout":1800,"appium:automationName":"uiautomator2","appium:fullReset":false,"appium:platformVersion":"14","appium:noReset":true,"appium:udid":"emulator-5554","appium:autoGrantPermissions":true,"appium:platformName":"ANDROID","appium:deviceName":"emulator-5554 (sdk_gphone64_x86_64 - Android 14)","platformName":"Android","appium:app":"C:\\Users\\ASUS\\Downloads\\Advantage+demo+3.2.apk"},"capabilities":{"firstMatch":[{"appium:app":"C:\\Users\\ASUS\\Downloads\\Advantage+demo+3.2.apk","appium:autoGrantPermissions":true,"appium:automationName":"uiautomator2","appium:deviceName":"emulator-5554 (sdk_gphone64_x86_64 - Android 14)","appium:fullReset":false,"appium:newCommandTimeout":1800,"appium:noReset":true,"appium:platformName":"ANDROID","appium:platformVersion":"14","appium:systemPort":55028,"appium:udid":"emulator-5554","platformName":"android"}]}}[39m
[38;5;32m[BaseDriver][0m Ignoring capability 'appium:platformName=ANDROID' and using capability 'platformName=android'
[38;5;32m[BaseDriver][0m The capabilities ["platformName"] are standard capabilities and do not require "appium:" prefix
[35m[Appium][39m Attempting to find matching driver for automationName 'uiautomator2' and platformName 'android'
[35m[Appium][39m The 'uiautomator2' driver was installed and matched caps.
[35m[Appium][39m Will require it at C:\Users\ASUS\.appium\node_modules\appium-uiautomator2-driver
[38;5;16m[AppiumDriver@eb30][0m Appium v2.5.0 creating new AndroidUiautomator2Driver (v3.0.0) session
[38;5;16m[AppiumDriver@eb30][0m Checking BaseDriver versions for Appium and AndroidUiautomator2Driver
[38;5;16m[AppiumDriver@eb30][0m Appium's BaseDriver version is 9.5.1
[38;5;16m[AppiumDriver@eb30][0m AndroidUiautomator2Driver's BaseDriver version is 9.5.1
[38;5;48m[AndroidUiautomator2Driver@bebf (388543b7)][0m Session created with session id: 388543b7-b3d6-4ef5-bd0e-b56bd83a1827
[38;5;64m[ADB][0m Found 1 'build-tools' folders under 'C:\Users\ASUS\.katalon\tools\android_sdk' (newest first):
[38;5;64m[ADB][0m     C:\Users\ASUS\.katalon\tools\android_sdk\build-tools\29.0.3
[38;5;64m[ADB][0m Using 'adb.exe' from 'C:\Users\ASUS\.katalon\tools\android_sdk\platform-tools\adb.exe'
[38;5;48m[AndroidUiautomator2Driver@bebf (388543b7)][0m Retrieving device list
[38;5;48m[AndroidUiautomator2Driver@bebf (388543b7)][0m Using device: emulator-5554
[38;5;64m[ADB][0m Using 'adb.exe' from 'C:\Users\ASUS\.katalon\tools\android_sdk\platform-tools\adb.exe'
[38;5;32m[BaseDriver][0m Using local app 'C:\Users\ASUS\Downloads\Advantage+demo+3.2.apk'
[38;5;64m[ADB][0m Getting device platform version
[38;5;48m[AndroidUiautomator2Driver@bebf (388543b7)][0m Relaxing hidden api policy
[38;5;64m[ADB][0m Package name: 'com.Advantage.aShopping'
[38;5;64m[ADB][0m Main activity name: 'com.Advantage.aShopping.SplashActivity'
[38;5;64m[ADB][0m Using 'apksigner.jar' from 'C:\Users\ASUS\.katalon\tools\android_sdk\build-tools\29.0.3\lib\apksigner.jar'
[38;5;64m[ADB][0m 'C:\Users\ASUS\.appium\node_modules\appium-uiautomator2-driver\node_modules\appium-uiautomator2-server\apks\appium-uiautomator2-server-debug-androidTest.apk' is signed with the default certificate
[38;5;64m[ADB][0m 'C:\Users\ASUS\Downloads\Advantage+demo+3.2.apk' is signed with a non-default certificate
[38;5;64m[ADB][0m The application at 'C:\Users\ASUS\Downloads\Advantage+demo+3.2.apk' will not be cached, because the device under test has confirmed the support of streamed installs
[38;5;64m[ADB][0m 'C:\Users\ASUS\.appium\node_modules\appium-uiautomator2-driver\node_modules\appium-uiautomator2-server\apks\appium-uiautomator2-server-v7.0.0.apk' is signed with the default certificate
[38;5;64m[ADB][0m The installation of 'Advantage+demo+3.2.apk' took 482ms
[38;5;48m[AndroidUiautomator2Driver@bebf (388543b7)][0m Server packages are not going to be (re)installed
[38;5;64m[ADB][0m Adding packages ["io.appium.settings","io.appium.uiautomator2.server","io.appium.uiautomator2.server.test"] to Doze whitelist
[38;5;48m[AndroidUiautomator2Driver@bebf (388543b7)][0m Starting UIAutomator2 server 7.0.0
[38;5;48m[AndroidUiautomator2Driver@bebf (388543b7)][0m Using UIAutomator2 server from 'C:\Users\ASUS\.appium\node_modules\appium-uiautomator2-driver\node_modules\appium-uiautomator2-server\apks\appium-uiautomator2-server-v7.0.0.apk' and test from 'C:\Users\ASUS\.appium\node_modules\appium-uiautomator2-driver\node_modules\appium-uiautomator2-server\apks\appium-uiautomator2-server-debug-androidTest.apk'
[38;5;48m[AndroidUiautomator2Driver@bebf (388543b7)][0m Waiting up to 30000ms for UiAutomator2 to be online...
[38;5;48m[AndroidUiautomator2Driver@bebf (388543b7)][0m socket hang up
[38;5;48m[AndroidUiautomator2Driver@bebf (388543b7)][0m socket hang up
[38;5;48m[AndroidUiautomator2Driver@bebf (388543b7)][0m socket hang up
[38;5;48m[AndroidUiautomator2Driver@bebf (388543b7)][0m Determined the downstream protocol as 'W3C'
[38;5;48m[AndroidUiautomator2Driver@bebf (388543b7)][0m Screen already unlocked, doing nothing
[38;5;48m[AndroidUiautomator2Driver@bebf (388543b7)][0m Starting 'com.Advantage.aShopping/com.Advantage.aShopping.SplashActivity and waiting for 'com.Advantage.aShopping/com.Advantage.aShopping.SplashActivity'
[38;5;16m[AppiumDriver@eb30][0m New AndroidUiautomator2Driver session created successfully, session 388543b7-b3d6-4ef5-bd0e-b56bd83a1827 added to master session list
[38;5;0m[HTTP][0m [37m<-- POST /wd/hub/session [39m[32m200[39m [90m11086 ms - 1224[39m
[38;5;0m[HTTP][0m [90m[39m
[38;5;0m[HTTP][0m [37m-->[39m [37mGET[39m [37m/wd/hub/session/388543b7-b3d6-4ef5-bd0e-b56bd83a1827[39m
[38;5;0m[HTTP][0m [90m{}[39m
[38;5;0m[HTTP][0m [37m<-- GET /wd/hub/session/388543b7-b3d6-4ef5-bd0e-b56bd83a1827 [39m[32m200[39m [90m57 ms - 364[39m
[38;5;0m[HTTP][0m [90m[39m
[38;5;0m[HTTP][0m [37m-->[39m [37mGET[39m [37m/wd/hub/session/388543b7-b3d6-4ef5-bd0e-b56bd83a1827[39m
[38;5;0m[HTTP][0m [90m{}[39m
[38;5;0m[HTTP][0m [37m<-- GET /wd/hub/session/388543b7-b3d6-4ef5-bd0e-b56bd83a1827 [39m[32m200[39m [90m30 ms - 364[39m
[38;5;0m[HTTP][0m [90m[39m
[38;5;0m[HTTP][0m [37m-->[39m [37mGET[39m [37m/wd/hub/status[39m
[38;5;0m[HTTP][0m [90m{}[39m
[38;5;0m[HTTP][0m [37m<-- GET /wd/hub/status [39m[32m200[39m [90m2 ms - 110[39m
[38;5;0m[HTTP][0m [90m[39m
[38;5;0m[HTTP][0m [37m-->[39m [37mPOST[39m [37m/wd/hub/session/388543b7-b3d6-4ef5-bd0e-b56bd83a1827/timeouts[39m
[38;5;0m[HTTP][0m [90m{"implicit":60000}[39m
[38;5;0m[HTTP][0m [37m<-- POST /wd/hub/session/388543b7-b3d6-4ef5-bd0e-b56bd83a1827/timeouts [39m[32m200[39m [90m5 ms - 14[39m
[38;5;0m[HTTP][0m [90m[39m
[38;5;0m[HTTP][0m [37m-->[39m [37mGET[39m [37m/wd/hub/session/388543b7-b3d6-4ef5-bd0e-b56bd83a1827/source[39m
[38;5;0m[HTTP][0m [90m{}[39m
[38;5;48m[AndroidUiautomator2Driver@bebf (388543b7)][0m Driver proxy active, passing request on via HTTP proxy
[38;5;48m[AndroidUiautomator2Driver@bebf (388543b7)][0m Replacing sessionId 9beba55f-6377-4b97-93cf-bda1fbecb33f with 388543b7-b3d6-4ef5-bd0e-b56bd83a1827
[38;5;0m[HTTP][0m [37m<-- GET /wd/hub/session/388543b7-b3d6-4ef5-bd0e-b56bd83a1827/source [39m[32m200[39m [90m563 ms - 5913[39m
[38;5;0m[HTTP][0m [90m[39m
[38;5;0m[HTTP][0m [37m-->[39m [37mGET[39m [37m/wd/hub/session/388543b7-b3d6-4ef5-bd0e-b56bd83a1827/screenshot[39m
[38;5;0m[HTTP][0m [90m{}[39m
[38;5;0m[HTTP][0m [37m<-- GET /wd/hub/session/388543b7-b3d6-4ef5-bd0e-b56bd83a1827/screenshot [39m[32m200[39m [90m2637 ms - 2877984[39m
[38;5;0m[HTTP][0m [90m[39m
[38;5;0m[HTTP][0m [37m-->[39m [37mGET[39m [37m/wd/hub/session/388543b7-b3d6-4ef5-bd0e-b56bd83a1827/source[39m
[38;5;0m[HTTP][0m [90m{}[39m
[38;5;48m[AndroidUiautomator2Driver@bebf (388543b7)][0m Driver proxy active, passing request on via HTTP proxy
[38;5;48m[AndroidUiautomator2Driver@bebf (388543b7)][0m Replacing sessionId 9beba55f-6377-4b97-93cf-bda1fbecb33f with 388543b7-b3d6-4ef5-bd0e-b56bd83a1827
[38;5;0m[HTTP][0m [37m<-- GET /wd/hub/session/388543b7-b3d6-4ef5-bd0e-b56bd83a1827/source [39m[32m200[39m [90m212 ms - 15552[39m
[38;5;0m[HTTP][0m [90m[39m
[38;5;0m[HTTP][0m [37m-->[39m [37mGET[39m [37m/wd/hub/session/388543b7-b3d6-4ef5-bd0e-b56bd83a1827/screenshot[39m
[38;5;0m[HTTP][0m [90m{}[39m
[38;5;0m[HTTP][0m [37m<-- GET /wd/hub/session/388543b7-b3d6-4ef5-bd0e-b56bd83a1827/screenshot [39m[32m200[39m [90m1809 ms - 2176588[39m
[38;5;0m[HTTP][0m [90m[39m
[38;5;0m[HTTP][0m [37m-->[39m [37mPOST[39m [37m/wd/hub/session/388543b7-b3d6-4ef5-bd0e-b56bd83a1827/elements[39m
[38;5;0m[HTTP][0m [90m{"using":"xpath","value":"//*[@class = 'android.widget.EditText' and (@text = 'Search' or . = 'Search') and @resource-id = 'com.Advantage.aShopping:id/editTextSearch']"}[39m
[38;5;0m[HTTP][0m [37m<-- POST /wd/hub/session/388543b7-b3d6-4ef5-bd0e-b56bd83a1827/elements [39m[32m200[39m [90m1283 ms - 139[39m
[38;5;0m[HTTP][0m [90m[39m
[38;5;0m[HTTP][0m [37m-->[39m [37mGET[39m [37m/wd/hub/session/388543b7-b3d6-4ef5-bd0e-b56bd83a1827/window/rect[39m
[38;5;0m[HTTP][0m [90m{}[39m
[38;5;0m[HTTP][0m [37m<-- GET /wd/hub/session/388543b7-b3d6-4ef5-bd0e-b56bd83a1827/window/rect [39m[32m200[39m [90m30 ms - 50[39m
[38;5;0m[HTTP][0m [90m[39m
[38;5;0m[HTTP][0m [37m-->[39m [37mPOST[39m [37m/wd/hub/session/388543b7-b3d6-4ef5-bd0e-b56bd83a1827/elements[39m
[38;5;0m[HTTP][0m [90m{"using":"xpath","value":"//*[@class = 'android.widget.EditText' and (@text = 'Search' or . = 'Search') and @resource-id = 'com.Advantage.aShopping:id/editTextSearch']"}[39m
[38;5;0m[HTTP][0m [37m<-- POST /wd/hub/session/388543b7-b3d6-4ef5-bd0e-b56bd83a1827/elements [39m[32m200[39m [90m199 ms - 139[39m
[38;5;0m[HTTP][0m [90m[39m
[38;5;0m[HTTP][0m [37m-->[39m [37mGET[39m [37m/wd/hub/session/388543b7-b3d6-4ef5-bd0e-b56bd83a1827/element/00000000-0000-03fe-ffff-ffff0000001f/location[39m
[38;5;0m[HTTP][0m [90m{}[39m
[38;5;48m[AndroidUiautomator2Driver@bebf (388543b7)][0m Driver proxy active, passing request on via HTTP proxy
[38;5;48m[AndroidUiautomator2Driver@bebf (388543b7)][0m Replacing sessionId 9beba55f-6377-4b97-93cf-bda1fbecb33f with 388543b7-b3d6-4ef5-bd0e-b56bd83a1827
[38;5;0m[HTTP][0m [37m<-- GET /wd/hub/session/388543b7-b3d6-4ef5-bd0e-b56bd83a1827/element/00000000-0000-03fe-ffff-ffff0000001f/location [39m[32m200[39m [90m43 ms - 76[39m
[38;5;0m[HTTP][0m [90m[39m
[38;5;0m[HTTP][0m [37m-->[39m [37mPOST[39m [37m/wd/hub/session/388543b7-b3d6-4ef5-bd0e-b56bd83a1827/element/00000000-0000-03fe-ffff-ffff0000001f/click[39m
[38;5;0m[HTTP][0m [90m{"id":"00000000-0000-03fe-ffff-ffff0000001f"}[39m
[38;5;0m[HTTP][0m [37m<-- POST /wd/hub/session/388543b7-b3d6-4ef5-bd0e-b56bd83a1827/element/00000000-0000-03fe-ffff-ffff0000001f/click [39m[32m200[39m [90m1326 ms - 14[39m
[38;5;0m[HTTP][0m [90m[39m
[38;5;0m[HTTP][0m [37m-->[39m [37mGET[39m [37m/wd/hub/session/388543b7-b3d6-4ef5-bd0e-b56bd83a1827/source[39m
[38;5;0m[HTTP][0m [90m{}[39m
[38;5;48m[AndroidUiautomator2Driver@bebf (388543b7)][0m Driver proxy active, passing request on via HTTP proxy
[38;5;48m[AndroidUiautomator2Driver@bebf (388543b7)][0m Replacing sessionId 9beba55f-6377-4b97-93cf-bda1fbecb33f with 388543b7-b3d6-4ef5-bd0e-b56bd83a1827
[38;5;0m[HTTP][0m [37m<-- GET /wd/hub/session/388543b7-b3d6-4ef5-bd0e-b56bd83a1827/source [39m[32m200[39m [90m138 ms - 12386[39m
[38;5;0m[HTTP][0m [90m[39m
[38;5;0m[HTTP][0m [37m-->[39m [37mGET[39m [37m/wd/hub/session/388543b7-b3d6-4ef5-bd0e-b56bd83a1827/screenshot[39m
[38;5;0m[HTTP][0m [90m{}[39m
[38;5;0m[HTTP][0m [37m<-- GET /wd/hub/session/388543b7-b3d6-4ef5-bd0e-b56bd83a1827/screenshot [39m[32m200[39m [90m955 ms - 1386844[39m
[38;5;0m[HTTP][0m [90m[39m
[38;5;0m[HTTP][0m [37m-->[39m [37mGET[39m [37m/wd/hub/session/388543b7-b3d6-4ef5-bd0e-b56bd83a1827/window/rect[39m
[38;5;0m[HTTP][0m [90m{}[39m
[38;5;0m[HTTP][0m [37m<-- GET /wd/hub/session/388543b7-b3d6-4ef5-bd0e-b56bd83a1827/window/rect [39m[32m200[39m [90m28 ms - 50[39m
[38;5;0m[HTTP][0m [90m[39m
[38;5;0m[HTTP][0m [37m-->[39m [37mPOST[39m [37m/wd/hub/session/388543b7-b3d6-4ef5-bd0e-b56bd83a1827/elements[39m
[38;5;0m[HTTP][0m [90m{"using":"xpath","value":"//*[@class = 'android.widget.EditText' and (@text = 'Search' or . = 'Search') and @resource-id = 'com.Advantage.aShopping:id/editTextSearch']"}[39m
[38;5;0m[HTTP][0m [37m<-- POST /wd/hub/session/388543b7-b3d6-4ef5-bd0e-b56bd83a1827/elements [39m[32m200[39m [90m203 ms - 139[39m
[38;5;0m[HTTP][0m [90m[39m
[38;5;0m[HTTP][0m [37m-->[39m [37mGET[39m [37m/wd/hub/session/388543b7-b3d6-4ef5-bd0e-b56bd83a1827/element/00000000-0000-03fe-ffff-ffff0000001f/location[39m
[38;5;0m[HTTP][0m [90m{}[39m
[38;5;48m[AndroidUiautomator2Driver@bebf (388543b7)][0m Driver proxy active, passing request on via HTTP proxy
[38;5;48m[AndroidUiautomator2Driver@bebf (388543b7)][0m Replacing sessionId 9beba55f-6377-4b97-93cf-bda1fbecb33f with 388543b7-b3d6-4ef5-bd0e-b56bd83a1827
[38;5;0m[HTTP][0m [37m<-- GET /wd/hub/session/388543b7-b3d6-4ef5-bd0e-b56bd83a1827/element/00000000-0000-03fe-ffff-ffff0000001f/location [39m[32m200[39m [90m43 ms - 76[39m
[38;5;0m[HTTP][0m [90m[39m
[38;5;0m[HTTP][0m [37m-->[39m [37mPOST[39m [37m/wd/hub/session/388543b7-b3d6-4ef5-bd0e-b56bd83a1827/element/00000000-0000-03fe-ffff-ffff0000001f/clear[39m
[38;5;0m[HTTP][0m [90m{"id":"00000000-0000-03fe-ffff-ffff0000001f"}[39m
[38;5;0m[HTTP][0m [37m<-- POST /wd/hub/session/388543b7-b3d6-4ef5-bd0e-b56bd83a1827/element/00000000-0000-03fe-ffff-ffff0000001f/clear [39m[32m200[39m [90m43 ms - 14[39m
[38;5;0m[HTTP][0m [90m[39m
[38;5;0m[HTTP][0m [37m-->[39m [37mPOST[39m [37m/wd/hub/session/388543b7-b3d6-4ef5-bd0e-b56bd83a1827/element/00000000-0000-03fe-ffff-ffff0000001f/click[39m
[38;5;0m[HTTP][0m [90m{"id":"00000000-0000-03fe-ffff-ffff0000001f"}[39m
[38;5;0m[HTTP][0m [37m<-- POST /wd/hub/session/388543b7-b3d6-4ef5-bd0e-b56bd83a1827/element/00000000-0000-03fe-ffff-ffff0000001f/click [39m[32m200[39m [90m1214 ms - 14[39m
[38;5;0m[HTTP][0m [90m[39m
[38;5;0m[HTTP][0m [37m-->[39m [37mPOST[39m [37m/wd/hub/session/388543b7-b3d6-4ef5-bd0e-b56bd83a1827/element/00000000-0000-03fe-ffff-ffff0000001f/value[39m
[38;5;0m[HTTP][0m [90m{"id":"00000000-0000-03fe-ffff-ffff0000001f","text":"laptop hp","value":["l","a","p","t","o","p"," ","h","p"]}[39m
[38;5;0m[HTTP][0m [37m<-- POST /wd/hub/session/388543b7-b3d6-4ef5-bd0e-b56bd83a1827/element/00000000-0000-03fe-ffff-ffff0000001f/value [39m[32m200[39m [90m833 ms - 14[39m
[38;5;0m[HTTP][0m [90m[39m
[38;5;0m[HTTP][0m [37m-->[39m [37mGET[39m [37m/wd/hub/session/388543b7-b3d6-4ef5-bd0e-b56bd83a1827/source[39m
[38;5;0m[HTTP][0m [90m{}[39m
[38;5;48m[AndroidUiautomator2Driver@bebf (388543b7)][0m Driver proxy active, passing request on via HTTP proxy
[38;5;48m[AndroidUiautomator2Driver@bebf (388543b7)][0m Replacing sessionId 9beba55f-6377-4b97-93cf-bda1fbecb33f with 388543b7-b3d6-4ef5-bd0e-b56bd83a1827
[38;5;0m[HTTP][0m [37m<-- GET /wd/hub/session/388543b7-b3d6-4ef5-bd0e-b56bd83a1827/source [39m[32m200[39m [90m676 ms - 12389[39m
[38;5;0m[HTTP][0m [90m[39m
[38;5;0m[HTTP][0m [37m-->[39m [37mGET[39m [37m/wd/hub/session/388543b7-b3d6-4ef5-bd0e-b56bd83a1827/screenshot[39m
[38;5;0m[HTTP][0m [90m{}[39m
[38;5;0m[HTTP][0m [37m<-- GET /wd/hub/session/388543b7-b3d6-4ef5-bd0e-b56bd83a1827/screenshot [39m[32m200[39m [90m915 ms - 1382816[39m
[38;5;0m[HTTP][0m [90m[39m
[38;5;0m[HTTP][0m [37m-->[39m [37mPOST[39m [37m/wd/hub/session/388543b7-b3d6-4ef5-bd0e-b56bd83a1827/elements[39m
[38;5;0m[HTTP][0m [90m{"using":"xpath","value":"//*[@class = 'android.widget.ImageView' and @resource-id = 'com.Advantage.aShopping:id/imageViewSearch' and (@text = '' or . = '')]"}[39m
[38;5;0m[HTTP][0m [37m<-- POST /wd/hub/session/388543b7-b3d6-4ef5-bd0e-b56bd83a1827/elements [39m[32m200[39m [90m172 ms - 139[39m
[38;5;0m[HTTP][0m [90m[39m
[38;5;0m[HTTP][0m [37m-->[39m [37mGET[39m [37m/wd/hub/session/388543b7-b3d6-4ef5-bd0e-b56bd83a1827/window/rect[39m
[38;5;0m[HTTP][0m [90m{}[39m
[38;5;0m[HTTP][0m [37m<-- GET /wd/hub/session/388543b7-b3d6-4ef5-bd0e-b56bd83a1827/window/rect [39m[32m200[39m [90m35 ms - 50[39m
[38;5;0m[HTTP][0m [90m[39m
[38;5;0m[HTTP][0m [37m-->[39m [37mPOST[39m [37m/wd/hub/session/388543b7-b3d6-4ef5-bd0e-b56bd83a1827/elements[39m
[38;5;0m[HTTP][0m [90m{"using":"xpath","value":"//*[@class = 'android.widget.ImageView' and @resource-id = 'com.Advantage.aShopping:id/imageViewSearch' and (@text = '' or . = '')]"}[39m
[38;5;0m[HTTP][0m [37m<-- POST /wd/hub/session/388543b7-b3d6-4ef5-bd0e-b56bd83a1827/elements [39m[32m200[39m [90m182 ms - 139[39m
[38;5;0m[HTTP][0m [90m[39m
[38;5;0m[HTTP][0m [37m-->[39m [37mGET[39m [37m/wd/hub/session/388543b7-b3d6-4ef5-bd0e-b56bd83a1827/element/00000000-0000-03fe-ffff-ffff00000020/location[39m
[38;5;0m[HTTP][0m [90m{}[39m
[38;5;48m[AndroidUiautomator2Driver@bebf (388543b7)][0m Driver proxy active, passing request on via HTTP proxy
[38;5;48m[AndroidUiautomator2Driver@bebf (388543b7)][0m Replacing sessionId 9beba55f-6377-4b97-93cf-bda1fbecb33f with 388543b7-b3d6-4ef5-bd0e-b56bd83a1827
[38;5;0m[HTTP][0m [37m<-- GET /wd/hub/session/388543b7-b3d6-4ef5-bd0e-b56bd83a1827/element/00000000-0000-03fe-ffff-ffff00000020/location [39m[32m200[39m [90m48 ms - 78[39m
[38;5;0m[HTTP][0m [90m[39m
[38;5;0m[HTTP][0m [37m-->[39m [37mPOST[39m [37m/wd/hub/session/388543b7-b3d6-4ef5-bd0e-b56bd83a1827/element/00000000-0000-03fe-ffff-ffff00000020/click[39m
[38;5;0m[HTTP][0m [90m{"id":"00000000-0000-03fe-ffff-ffff00000020"}[39m
[38;5;0m[HTTP][0m [37m<-- POST /wd/hub/session/388543b7-b3d6-4ef5-bd0e-b56bd83a1827/element/00000000-0000-03fe-ffff-ffff00000020/click [39m[32m200[39m [90m89 ms - 14[39m
[38;5;0m[HTTP][0m [90m[39m
[38;5;0m[HTTP][0m [37m-->[39m [37mGET[39m [37m/wd/hub/session/388543b7-b3d6-4ef5-bd0e-b56bd83a1827/source[39m
[38;5;0m[HTTP][0m [90m{}[39m
[38;5;48m[AndroidUiautomator2Driver@bebf (388543b7)][0m Driver proxy active, passing request on via HTTP proxy
[38;5;48m[AndroidUiautomator2Driver@bebf (388543b7)][0m Replacing sessionId 9beba55f-6377-4b97-93cf-bda1fbecb33f with 388543b7-b3d6-4ef5-bd0e-b56bd83a1827
[38;5;0m[HTTP][0m [37m<-- GET /wd/hub/session/388543b7-b3d6-4ef5-bd0e-b56bd83a1827/source [39m[32m200[39m [90m500 ms - 9559[39m
[38;5;0m[HTTP][0m [90m[39m
[38;5;0m[HTTP][0m [37m-->[39m [37mGET[39m [37m/wd/hub/session/388543b7-b3d6-4ef5-bd0e-b56bd83a1827/screenshot[39m
[38;5;0m[HTTP][0m [90m{}[39m
[38;5;0m[HTTP][0m [37m<-- GET /wd/hub/session/388543b7-b3d6-4ef5-bd0e-b56bd83a1827/screenshot [39m[32m200[39m [90m439 ms - 63864[39m
[38;5;0m[HTTP][0m [90m[39m
[38;5;0m[HTTP][0m [37m-->[39m [37mPOST[39m [37m/wd/hub/session/388543b7-b3d6-4ef5-bd0e-b56bd83a1827/elements[39m
[38;5;0m[HTTP][0m [90m{"using":"xpath","value":"//*[@class = 'android.widget.ImageView' and @resource-id = 'com.Advantage.aShopping:id/imageViewFilter' and (@text = '' or . = '')]"}[39m
[38;5;0m[HTTP][0m [37m<-- POST /wd/hub/session/388543b7-b3d6-4ef5-bd0e-b56bd83a1827/elements [39m[32m200[39m [90m185 ms - 139[39m
[38;5;0m[HTTP][0m [90m[39m
[38;5;0m[HTTP][0m [37m-->[39m [37mGET[39m [37m/wd/hub/session/388543b7-b3d6-4ef5-bd0e-b56bd83a1827/window/rect[39m
[38;5;0m[HTTP][0m [90m{}[39m
[38;5;0m[HTTP][0m [37m<-- GET /wd/hub/session/388543b7-b3d6-4ef5-bd0e-b56bd83a1827/window/rect [39m[32m200[39m [90m25 ms - 50[39m
[38;5;0m[HTTP][0m [90m[39m
[38;5;0m[HTTP][0m [37m-->[39m [37mPOST[39m [37m/wd/hub/session/388543b7-b3d6-4ef5-bd0e-b56bd83a1827/elements[39m
[38;5;0m[HTTP][0m [90m{"using":"xpath","value":"//*[@class = 'android.widget.ImageView' and @resource-id = 'com.Advantage.aShopping:id/imageViewFilter' and (@text = '' or . = '')]"}[39m
[38;5;0m[HTTP][0m [37m<-- POST /wd/hub/session/388543b7-b3d6-4ef5-bd0e-b56bd83a1827/elements [39m[32m200[39m [90m147 ms - 139[39m
[38;5;0m[HTTP][0m [90m[39m
[38;5;0m[HTTP][0m [37m-->[39m [37mGET[39m [37m/wd/hub/session/388543b7-b3d6-4ef5-bd0e-b56bd83a1827/element/00000000-0000-03fe-ffff-ffff0000005f/location[39m
[38;5;0m[HTTP][0m [90m{}[39m
[38;5;48m[AndroidUiautomator2Driver@bebf (388543b7)][0m Driver proxy active, passing request on via HTTP proxy
[38;5;48m[AndroidUiautomator2Driver@bebf (388543b7)][0m Replacing sessionId 9beba55f-6377-4b97-93cf-bda1fbecb33f with 388543b7-b3d6-4ef5-bd0e-b56bd83a1827
[38;5;0m[HTTP][0m [37m<-- GET /wd/hub/session/388543b7-b3d6-4ef5-bd0e-b56bd83a1827/element/00000000-0000-03fe-ffff-ffff0000005f/location [39m[32m200[39m [90m41 ms - 77[39m
[38;5;0m[HTTP][0m [90m[39m
[38;5;0m[HTTP][0m [37m-->[39m [37mPOST[39m [37m/wd/hub/session/388543b7-b3d6-4ef5-bd0e-b56bd83a1827/element/00000000-0000-03fe-ffff-ffff0000005f/click[39m
[38;5;0m[HTTP][0m [90m{"id":"00000000-0000-03fe-ffff-ffff0000005f"}[39m
[38;5;0m[HTTP][0m [37m<-- POST /wd/hub/session/388543b7-b3d6-4ef5-bd0e-b56bd83a1827/element/00000000-0000-03fe-ffff-ffff0000005f/click [39m[32m200[39m [90m133 ms - 14[39m
[38;5;0m[HTTP][0m [90m[39m
[38;5;0m[HTTP][0m [37m-->[39m [37mGET[39m [37m/wd/hub/session/388543b7-b3d6-4ef5-bd0e-b56bd83a1827/source[39m
[38;5;0m[HTTP][0m [90m{}[39m
[38;5;48m[AndroidUiautomator2Driver@bebf (388543b7)][0m Driver proxy active, passing request on via HTTP proxy
[38;5;48m[AndroidUiautomator2Driver@bebf (388543b7)][0m Replacing sessionId 9beba55f-6377-4b97-93cf-bda1fbecb33f with 388543b7-b3d6-4ef5-bd0e-b56bd83a1827
[38;5;0m[HTTP][0m [37m<-- GET /wd/hub/session/388543b7-b3d6-4ef5-bd0e-b56bd83a1827/source [39m[32m200[39m [90m978 ms - 6072[39m
[38;5;0m[HTTP][0m [90m[39m
[38;5;0m[HTTP][0m [37m-->[39m [37mGET[39m [37m/wd/hub/session/388543b7-b3d6-4ef5-bd0e-b56bd83a1827/screenshot[39m
[38;5;0m[HTTP][0m [90m{}[39m
[38;5;0m[HTTP][0m [37m<-- GET /wd/hub/session/388543b7-b3d6-4ef5-bd0e-b56bd83a1827/screenshot [39m[32m200[39m [90m476 ms - 39864[39m
[38;5;0m[HTTP][0m [90m[39m
[38;5;0m[HTTP][0m [37m-->[39m [37mGET[39m [37m/wd/hub/session/388543b7-b3d6-4ef5-bd0e-b56bd83a1827/source[39m
[38;5;0m[HTTP][0m [90m{}[39m
[38;5;48m[AndroidUiautomator2Driver@bebf (388543b7)][0m Driver proxy active, passing request on via HTTP proxy
[38;5;48m[AndroidUiautomator2Driver@bebf (388543b7)][0m Replacing sessionId 9beba55f-6377-4b97-93cf-bda1fbecb33f with 388543b7-b3d6-4ef5-bd0e-b56bd83a1827
[38;5;0m[HTTP][0m [37m<-- GET /wd/hub/session/388543b7-b3d6-4ef5-bd0e-b56bd83a1827/source [39m[32m200[39m [90m124 ms - 15553[39m
[38;5;0m[HTTP][0m [90m[39m
[38;5;0m[HTTP][0m [37m-->[39m [37mGET[39m [37m/wd/hub/session/388543b7-b3d6-4ef5-bd0e-b56bd83a1827/screenshot[39m
[38;5;0m[HTTP][0m [90m{}[39m
[38;5;0m[HTTP][0m [37m<-- GET /wd/hub/session/388543b7-b3d6-4ef5-bd0e-b56bd83a1827/screenshot [39m[32m200[39m [90m1357 ms - 2176600[39m
[38;5;0m[HTTP][0m [90m[39m
[38;5;0m[HTTP][0m [37m-->[39m [37mGET[39m [37m/wd/hub/session/388543b7-b3d6-4ef5-bd0e-b56bd83a1827/window/rect[39m
[38;5;0m[HTTP][0m [90m{}[39m
[38;5;0m[HTTP][0m [37m<-- GET /wd/hub/session/388543b7-b3d6-4ef5-bd0e-b56bd83a1827/window/rect [39m[32m200[39m [90m27 ms - 50[39m
[38;5;0m[HTTP][0m [90m[39m
[38;5;0m[HTTP][0m [37m-->[39m [37mPOST[39m [37m/wd/hub/session/388543b7-b3d6-4ef5-bd0e-b56bd83a1827/elements[39m
[38;5;0m[HTTP][0m [90m{"using":"xpath","value":"//*[@class = 'android.widget.EditText' and (@text = 'Search' or . = 'Search') and @resource-id = 'com.Advantage.aShopping:id/editTextSearch']"}[39m
[38;5;0m[HTTP][0m [37m<-- POST /wd/hub/session/388543b7-b3d6-4ef5-bd0e-b56bd83a1827/elements [39m[32m200[39m [90m204 ms - 139[39m
[38;5;0m[HTTP][0m [90m[39m
[38;5;0m[HTTP][0m [37m-->[39m [37mGET[39m [37m/wd/hub/session/388543b7-b3d6-4ef5-bd0e-b56bd83a1827/element/00000000-0000-03fe-ffff-ffff00000077/location[39m
[38;5;0m[HTTP][0m [90m{}[39m
[38;5;48m[AndroidUiautomator2Driver@bebf (388543b7)][0m Driver proxy active, passing request on via HTTP proxy
[38;5;48m[AndroidUiautomator2Driver@bebf (388543b7)][0m Replacing sessionId 9beba55f-6377-4b97-93cf-bda1fbecb33f with 388543b7-b3d6-4ef5-bd0e-b56bd83a1827
[38;5;0m[HTTP][0m [37m<-- GET /wd/hub/session/388543b7-b3d6-4ef5-bd0e-b56bd83a1827/element/00000000-0000-03fe-ffff-ffff00000077/location [39m[32m200[39m [90m54 ms - 76[39m
[38;5;0m[HTTP][0m [90m[39m
[38;5;0m[HTTP][0m [37m-->[39m [37mPOST[39m [37m/wd/hub/session/388543b7-b3d6-4ef5-bd0e-b56bd83a1827/element/00000000-0000-03fe-ffff-ffff00000077/click[39m
[38;5;0m[HTTP][0m [90m{"id":"00000000-0000-03fe-ffff-ffff00000077"}[39m
[38;5;0m[HTTP][0m [37m<-- POST /wd/hub/session/388543b7-b3d6-4ef5-bd0e-b56bd83a1827/element/00000000-0000-03fe-ffff-ffff00000077/click [39m[32m200[39m [90m146 ms - 14[39m
[38;5;0m[HTTP][0m [90m[39m
[38;5;0m[HTTP][0m [37m-->[39m [37mGET[39m [37m/wd/hub/session/388543b7-b3d6-4ef5-bd0e-b56bd83a1827/source[39m
[38;5;0m[HTTP][0m [90m{}[39m
[38;5;48m[AndroidUiautomator2Driver@bebf (388543b7)][0m Driver proxy active, passing request on via HTTP proxy
[38;5;48m[AndroidUiautomator2Driver@bebf (388543b7)][0m Replacing sessionId 9beba55f-6377-4b97-93cf-bda1fbecb33f with 388543b7-b3d6-4ef5-bd0e-b56bd83a1827
[38;5;0m[HTTP][0m [37m<-- GET /wd/hub/session/388543b7-b3d6-4ef5-bd0e-b56bd83a1827/source [39m[32m200[39m [90m597 ms - 12386[39m
[38;5;0m[HTTP][0m [90m[39m
[38;5;0m[HTTP][0m [37m-->[39m [37mGET[39m [37m/wd/hub/session/388543b7-b3d6-4ef5-bd0e-b56bd83a1827/screenshot[39m
[38;5;0m[HTTP][0m [90m{}[39m
[38;5;0m[HTTP][0m [37m<-- GET /wd/hub/session/388543b7-b3d6-4ef5-bd0e-b56bd83a1827/screenshot [39m[32m200[39m [90m1098 ms - 1383572[39m
[38;5;0m[HTTP][0m [90m[39m
[38;5;0m[HTTP][0m [37m-->[39m [37mGET[39m [37m/wd/hub/session/388543b7-b3d6-4ef5-bd0e-b56bd83a1827/window/rect[39m
[38;5;0m[HTTP][0m [90m{}[39m
[38;5;0m[HTTP][0m [37m<-- GET /wd/hub/session/388543b7-b3d6-4ef5-bd0e-b56bd83a1827/window/rect [39m[32m200[39m [90m22 ms - 50[39m
[38;5;0m[HTTP][0m [90m[39m
[38;5;0m[HTTP][0m [37m-->[39m [37mPOST[39m [37m/wd/hub/session/388543b7-b3d6-4ef5-bd0e-b56bd83a1827/elements[39m
[38;5;0m[HTTP][0m [90m{"using":"xpath","value":"//*[@class = 'android.widget.EditText' and (@text = 'Search' or . = 'Search') and @resource-id = 'com.Advantage.aShopping:id/editTextSearch']"}[39m
[38;5;0m[HTTP][0m [37m<-- POST /wd/hub/session/388543b7-b3d6-4ef5-bd0e-b56bd83a1827/elements [39m[32m200[39m [90m209 ms - 139[39m
[38;5;0m[HTTP][0m [90m[39m
[38;5;0m[HTTP][0m [37m-->[39m [37mGET[39m [37m/wd/hub/session/388543b7-b3d6-4ef5-bd0e-b56bd83a1827/element/00000000-0000-03fe-ffff-ffff00000077/location[39m
[38;5;0m[HTTP][0m [90m{}[39m
[38;5;48m[AndroidUiautomator2Driver@bebf (388543b7)][0m Driver proxy active, passing request on via HTTP proxy
[38;5;48m[AndroidUiautomator2Driver@bebf (388543b7)][0m Replacing sessionId 9beba55f-6377-4b97-93cf-bda1fbecb33f with 388543b7-b3d6-4ef5-bd0e-b56bd83a1827
[38;5;0m[HTTP][0m [37m<-- GET /wd/hub/session/388543b7-b3d6-4ef5-bd0e-b56bd83a1827/element/00000000-0000-03fe-ffff-ffff00000077/location [39m[32m200[39m [90m50 ms - 76[39m
[38;5;0m[HTTP][0m [90m[39m
[38;5;0m[HTTP][0m [37m-->[39m [37mPOST[39m [37m/wd/hub/session/388543b7-b3d6-4ef5-bd0e-b56bd83a1827/element/00000000-0000-03fe-ffff-ffff00000077/clear[39m
[38;5;0m[HTTP][0m [90m{"id":"00000000-0000-03fe-ffff-ffff00000077"}[39m
[38;5;0m[HTTP][0m [37m<-- POST /wd/hub/session/388543b7-b3d6-4ef5-bd0e-b56bd83a1827/element/00000000-0000-03fe-ffff-ffff00000077/clear [39m[32m200[39m [90m47 ms - 14[39m
[38;5;0m[HTTP][0m [90m[39m
[38;5;0m[HTTP][0m [37m-->[39m [37mPOST[39m [37m/wd/hub/session/388543b7-b3d6-4ef5-bd0e-b56bd83a1827/element/00000000-0000-03fe-ffff-ffff00000077/click[39m
[38;5;0m[HTTP][0m [90m{"id":"00000000-0000-03fe-ffff-ffff00000077"}[39m
[38;5;0m[HTTP][0m [37m<-- POST /wd/hub/session/388543b7-b3d6-4ef5-bd0e-b56bd83a1827/element/00000000-0000-03fe-ffff-ffff00000077/click [39m[32m200[39m [90m840 ms - 14[39m
[38;5;0m[HTTP][0m [90m[39m
[38;5;0m[HTTP][0m [37m-->[39m [37mPOST[39m [37m/wd/hub/session/388543b7-b3d6-4ef5-bd0e-b56bd83a1827/element/00000000-0000-03fe-ffff-ffff00000077/value[39m
[38;5;0m[HTTP][0m [90m{"id":"00000000-0000-03fe-ffff-ffff00000077","text":"hp","value":["h","p"]}[39m
[38;5;0m[HTTP][0m [37m<-- POST /wd/hub/session/388543b7-b3d6-4ef5-bd0e-b56bd83a1827/element/00000000-0000-03fe-ffff-ffff00000077/value [39m[32m200[39m [90m1624 ms - 14[39m
[38;5;0m[HTTP][0m [90m[39m
[38;5;0m[HTTP][0m [37m-->[39m [37mGET[39m [37m/wd/hub/session/388543b7-b3d6-4ef5-bd0e-b56bd83a1827/source[39m
[38;5;0m[HTTP][0m [90m{}[39m
[38;5;48m[AndroidUiautomator2Driver@bebf (388543b7)][0m Driver proxy active, passing request on via HTTP proxy
[38;5;48m[AndroidUiautomator2Driver@bebf (388543b7)][0m Replacing sessionId 9beba55f-6377-4b97-93cf-bda1fbecb33f with 388543b7-b3d6-4ef5-bd0e-b56bd83a1827
[38;5;0m[HTTP][0m [37m<-- GET /wd/hub/session/388543b7-b3d6-4ef5-bd0e-b56bd83a1827/source [39m[32m200[39m [90m332 ms - 12382[39m
[38;5;0m[HTTP][0m [90m[39m
[38;5;0m[HTTP][0m [37m-->[39m [37mGET[39m [37m/wd/hub/session/388543b7-b3d6-4ef5-bd0e-b56bd83a1827/screenshot[39m
[38;5;0m[HTTP][0m [90m{}[39m
[38;5;0m[HTTP][0m [37m<-- GET /wd/hub/session/388543b7-b3d6-4ef5-bd0e-b56bd83a1827/screenshot [39m[32m200[39m [90m963 ms - 1380096[39m
[38;5;0m[HTTP][0m [90m[39m
[38;5;0m[HTTP][0m [37m-->[39m [37mGET[39m [37m/wd/hub/session/388543b7-b3d6-4ef5-bd0e-b56bd83a1827/window/rect[39m
[38;5;0m[HTTP][0m [90m{}[39m
[38;5;0m[HTTP][0m [37m<-- GET /wd/hub/session/388543b7-b3d6-4ef5-bd0e-b56bd83a1827/window/rect [39m[32m200[39m [90m38 ms - 50[39m
[38;5;0m[HTTP][0m [90m[39m
[38;5;0m[HTTP][0m [37m-->[39m [37mPOST[39m [37m/wd/hub/session/388543b7-b3d6-4ef5-bd0e-b56bd83a1827/elements[39m
[38;5;0m[HTTP][0m [90m{"using":"xpath","value":"//*[@class = 'android.widget.ImageView' and @resource-id = 'com.Advantage.aShopping:id/imageViewSearch' and (@text = '' or . = '')]"}[39m
[38;5;0m[HTTP][0m [37m<-- POST /wd/hub/session/388543b7-b3d6-4ef5-bd0e-b56bd83a1827/elements [39m[32m200[39m [90m200 ms - 139[39m
[38;5;0m[HTTP][0m [90m[39m
[38;5;0m[HTTP][0m [37m-->[39m [37mGET[39m [37m/wd/hub/session/388543b7-b3d6-4ef5-bd0e-b56bd83a1827/element/00000000-0000-03fe-ffff-ffff00000078/location[39m
[38;5;0m[HTTP][0m [90m{}[39m
[38;5;48m[AndroidUiautomator2Driver@bebf (388543b7)][0m Driver proxy active, passing request on via HTTP proxy
[38;5;48m[AndroidUiautomator2Driver@bebf (388543b7)][0m Replacing sessionId 9beba55f-6377-4b97-93cf-bda1fbecb33f with 388543b7-b3d6-4ef5-bd0e-b56bd83a1827
[38;5;0m[HTTP][0m [37m<-- GET /wd/hub/session/388543b7-b3d6-4ef5-bd0e-b56bd83a1827/element/00000000-0000-03fe-ffff-ffff00000078/location [39m[32m200[39m [90m44 ms - 78[39m
[38;5;0m[HTTP][0m [90m[39m
[38;5;0m[HTTP][0m [37m-->[39m [37mPOST[39m [37m/wd/hub/session/388543b7-b3d6-4ef5-bd0e-b56bd83a1827/element/00000000-0000-03fe-ffff-ffff00000078/click[39m
[38;5;0m[HTTP][0m [90m{"id":"00000000-0000-03fe-ffff-ffff00000078"}[39m
[38;5;0m[HTTP][0m [37m<-- POST /wd/hub/session/388543b7-b3d6-4ef5-bd0e-b56bd83a1827/element/00000000-0000-03fe-ffff-ffff00000078/click [39m[32m200[39m [90m130 ms - 14[39m
[38;5;0m[HTTP][0m [90m[39m
[38;5;0m[HTTP][0m [37m-->[39m [37mGET[39m [37m/wd/hub/session/388543b7-b3d6-4ef5-bd0e-b56bd83a1827/source[39m
[38;5;0m[HTTP][0m [90m{}[39m
[38;5;48m[AndroidUiautomator2Driver@bebf (388543b7)][0m Driver proxy active, passing request on via HTTP proxy
[38;5;48m[AndroidUiautomator2Driver@bebf (388543b7)][0m Replacing sessionId 9beba55f-6377-4b97-93cf-bda1fbecb33f with 388543b7-b3d6-4ef5-bd0e-b56bd83a1827
[38;5;0m[HTTP][0m [37m<-- GET /wd/hub/session/388543b7-b3d6-4ef5-bd0e-b56bd83a1827/source [39m[32m200[39m [90m1128 ms - 20303[39m
[38;5;0m[HTTP][0m [90m[39m
[38;5;0m[HTTP][0m [37m-->[39m [37mGET[39m [37m/wd/hub/session/388543b7-b3d6-4ef5-bd0e-b56bd83a1827/screenshot[39m
[38;5;0m[HTTP][0m [90m{}[39m
[38;5;0m[HTTP][0m [37m<-- GET /wd/hub/session/388543b7-b3d6-4ef5-bd0e-b56bd83a1827/screenshot [39m[32m200[39m [90m448 ms - 115632[39m
[38;5;0m[HTTP][0m [90m[39m
[38;5;0m[HTTP][0m [37m-->[39m [37mPOST[39m [37m/wd/hub/session/388543b7-b3d6-4ef5-bd0e-b56bd83a1827/elements[39m
[38;5;0m[HTTP][0m [90m{"using":"xpath","value":"//*[@class = 'android.widget.ImageView' and @resource-id = 'com.Advantage.aShopping:id/imageViewProduct' and (@text = '' or . = '')]"}[39m
[38;5;0m[HTTP][0m [37m<-- POST /wd/hub/session/388543b7-b3d6-4ef5-bd0e-b56bd83a1827/elements [39m[32m200[39m [90m249 ms - 779[39m
[38;5;0m[HTTP][0m [90m[39m
[38;5;0m[HTTP][0m [37m-->[39m [37mPOST[39m [37m/wd/hub/session/388543b7-b3d6-4ef5-bd0e-b56bd83a1827/elements[39m
[38;5;0m[HTTP][0m [90m{"using":"id","value":"com.Advantage.aShopping:id/imageViewProduct"}[39m
[38;5;0m[HTTP][0m [37m<-- POST /wd/hub/session/388543b7-b3d6-4ef5-bd0e-b56bd83a1827/elements [39m[32m200[39m [90m95 ms - 779[39m
[38;5;0m[HTTP][0m [90m[39m
[38;5;0m[HTTP][0m [37m-->[39m [37mPOST[39m [37m/wd/hub/session/388543b7-b3d6-4ef5-bd0e-b56bd83a1827/elements[39m
[38;5;0m[HTTP][0m [90m{"using":"-android uiautomator","value":"new UiSelector().className(\"android.widget.ImageView\").resourceId(\"com.Advantage.aShopping:id/imageViewProduct\")"}[39m
[38;5;0m[HTTP][0m [37m<-- POST /wd/hub/session/388543b7-b3d6-4ef5-bd0e-b56bd83a1827/elements [39m[32m200[39m [90m184 ms - 779[39m
[38;5;0m[HTTP][0m [90m[39m
[38;5;0m[HTTP][0m [37m-->[39m [37mGET[39m [37m/wd/hub/session/388543b7-b3d6-4ef5-bd0e-b56bd83a1827/window/rect[39m
[38;5;0m[HTTP][0m [90m{}[39m
[38;5;0m[HTTP][0m [37m<-- GET /wd/hub/session/388543b7-b3d6-4ef5-bd0e-b56bd83a1827/window/rect [39m[32m200[39m [90m24 ms - 50[39m
[38;5;0m[HTTP][0m [90m[39m
[38;5;0m[HTTP][0m [37m-->[39m [37mPOST[39m [37m/wd/hub/session/388543b7-b3d6-4ef5-bd0e-b56bd83a1827/elements[39m
[38;5;0m[HTTP][0m [90m{"using":"xpath","value":"//hierarchy/android.widget.FrameLayout[1]/android.widget.LinearLayout[1]/android.widget.FrameLayout[1]/android.widget.LinearLayout[1]/android.widget.FrameLayout[1]/androidx.drawerlayout.widget.DrawerLayout[1]/android.view.ViewGroup[1]/android.widget.LinearLayout[2]/android.widget.RelativeLayout[1]/android.widget.LinearLayout[1]/android.widget.GridView[1]/android.widget.RelativeLayout[1]/android.widget.ImageView[1]"}[39m
[38;5;0m[HTTP][0m [37m<-- POST /wd/hub/session/388543b7-b3d6-4ef5-bd0e-b56bd83a1827/elements [39m[32m200[39m [90m189 ms - 139[39m
[38;5;0m[HTTP][0m [90m[39m
[38;5;0m[HTTP][0m [37m-->[39m [37mGET[39m [37m/wd/hub/session/388543b7-b3d6-4ef5-bd0e-b56bd83a1827/element/00000000-0000-03fe-ffff-ffff00000093/location[39m
[38;5;0m[HTTP][0m [90m{}[39m
[38;5;48m[AndroidUiautomator2Driver@bebf (388543b7)][0m Driver proxy active, passing request on via HTTP proxy
[38;5;48m[AndroidUiautomator2Driver@bebf (388543b7)][0m Replacing sessionId 9beba55f-6377-4b97-93cf-bda1fbecb33f with 388543b7-b3d6-4ef5-bd0e-b56bd83a1827
[38;5;0m[HTTP][0m [37m<-- GET /wd/hub/session/388543b7-b3d6-4ef5-bd0e-b56bd83a1827/element/00000000-0000-03fe-ffff-ffff00000093/location [39m[32m200[39m [90m40 ms - 77[39m
[38;5;0m[HTTP][0m [90m[39m
[38;5;0m[HTTP][0m [37m-->[39m [37mPOST[39m [37m/wd/hub/session/388543b7-b3d6-4ef5-bd0e-b56bd83a1827/element/00000000-0000-03fe-ffff-ffff00000093/click[39m
[38;5;0m[HTTP][0m [90m{"id":"00000000-0000-03fe-ffff-ffff00000093"}[39m
[38;5;0m[HTTP][0m [37m<-- POST /wd/hub/session/388543b7-b3d6-4ef5-bd0e-b56bd83a1827/element/00000000-0000-03fe-ffff-ffff00000093/click [39m[32m200[39m [90m732 ms - 14[39m
[38;5;0m[HTTP][0m [90m[39m
[38;5;0m[HTTP][0m [37m-->[39m [37mGET[39m [37m/wd/hub/session/388543b7-b3d6-4ef5-bd0e-b56bd83a1827/source[39m
[38;5;0m[HTTP][0m [90m{}[39m
[38;5;48m[AndroidUiautomator2Driver@bebf (388543b7)][0m Driver proxy active, passing request on via HTTP proxy
[38;5;48m[AndroidUiautomator2Driver@bebf (388543b7)][0m Replacing sessionId 9beba55f-6377-4b97-93cf-bda1fbecb33f with 388543b7-b3d6-4ef5-bd0e-b56bd83a1827
[38;5;0m[HTTP][0m [37m<-- GET /wd/hub/session/388543b7-b3d6-4ef5-bd0e-b56bd83a1827/source [39m[32m200[39m [90m1259 ms - 18206[39m
[38;5;0m[HTTP][0m [90m[39m
[38;5;0m[HTTP][0m [37m-->[39m [37mGET[39m [37m/wd/hub/session/388543b7-b3d6-4ef5-bd0e-b56bd83a1827/screenshot[39m
[38;5;0m[HTTP][0m [90m{}[39m
[38;5;0m[HTTP][0m [37m<-- GET /wd/hub/session/388543b7-b3d6-4ef5-bd0e-b56bd83a1827/screenshot [39m[32m200[39m [90m497 ms - 546684[39m
[38;5;0m[HTTP][0m [90m[39m
[38;5;0m[HTTP][0m [37m-->[39m [37mPOST[39m [37m/wd/hub/session/388543b7-b3d6-4ef5-bd0e-b56bd83a1827/elements[39m
[38;5;0m[HTTP][0m [90m{"using":"xpath","value":"//*[@class = 'android.widget.Button' and (@text = 'ADD TO CART' or . = 'ADD TO CART') and @resource-id = 'com.Advantage.aShopping:id/buttonProductAddToCart']"}[39m
[38;5;0m[HTTP][0m [37m<-- POST /wd/hub/session/388543b7-b3d6-4ef5-bd0e-b56bd83a1827/elements [39m[32m200[39m [90m191 ms - 139[39m
[38;5;0m[HTTP][0m [90m[39m
[38;5;0m[HTTP][0m [37m-->[39m [37mGET[39m [37m/wd/hub/session/388543b7-b3d6-4ef5-bd0e-b56bd83a1827/window/rect[39m
[38;5;0m[HTTP][0m [90m{}[39m
[38;5;0m[HTTP][0m [37m<-- GET /wd/hub/session/388543b7-b3d6-4ef5-bd0e-b56bd83a1827/window/rect [39m[32m200[39m [90m16 ms - 50[39m
[38;5;0m[HTTP][0m [90m[39m
[38;5;0m[HTTP][0m [37m-->[39m [37mPOST[39m [37m/wd/hub/session/388543b7-b3d6-4ef5-bd0e-b56bd83a1827/elements[39m
[38;5;0m[HTTP][0m [90m{"using":"xpath","value":"//*[@class = 'android.widget.Button' and (@text = 'ADD TO CART' or . = 'ADD TO CART') and @resource-id = 'com.Advantage.aShopping:id/buttonProductAddToCart']"}[39m
[38;5;0m[HTTP][0m [37m<-- POST /wd/hub/session/388543b7-b3d6-4ef5-bd0e-b56bd83a1827/elements [39m[32m200[39m [90m186 ms - 139[39m
[38;5;0m[HTTP][0m [90m[39m
[38;5;0m[HTTP][0m [37m-->[39m [37mGET[39m [37m/wd/hub/session/388543b7-b3d6-4ef5-bd0e-b56bd83a1827/element/00000000-0000-0400-ffff-ffff000000f7/location[39m
[38;5;0m[HTTP][0m [90m{}[39m
[38;5;48m[AndroidUiautomator2Driver@bebf (388543b7)][0m Driver proxy active, passing request on via HTTP proxy
[38;5;48m[AndroidUiautomator2Driver@bebf (388543b7)][0m Replacing sessionId 9beba55f-6377-4b97-93cf-bda1fbecb33f with 388543b7-b3d6-4ef5-bd0e-b56bd83a1827
[38;5;0m[HTTP][0m [37m<-- GET /wd/hub/session/388543b7-b3d6-4ef5-bd0e-b56bd83a1827/element/00000000-0000-0400-ffff-ffff000000f7/location [39m[32m200[39m [90m27 ms - 77[39m
[38;5;0m[HTTP][0m [90m[39m
[38;5;0m[HTTP][0m [37m-->[39m [37mPOST[39m [37m/wd/hub/session/388543b7-b3d6-4ef5-bd0e-b56bd83a1827/element/00000000-0000-0400-ffff-ffff000000f7/click[39m
[38;5;0m[HTTP][0m [90m{"id":"00000000-0000-0400-ffff-ffff000000f7"}[39m
[38;5;0m[HTTP][0m [37m<-- POST /wd/hub/session/388543b7-b3d6-4ef5-bd0e-b56bd83a1827/element/00000000-0000-0400-ffff-ffff000000f7/click [39m[32m200[39m [90m144 ms - 14[39m
[38;5;0m[HTTP][0m [90m[39m
[38;5;0m[HTTP][0m [37m-->[39m [37mGET[39m [37m/wd/hub/session/388543b7-b3d6-4ef5-bd0e-b56bd83a1827/source[39m
[38;5;0m[HTTP][0m [90m{}[39m
[38;5;48m[AndroidUiautomator2Driver@bebf (388543b7)][0m Driver proxy active, passing request on via HTTP proxy
[38;5;48m[AndroidUiautomator2Driver@bebf (388543b7)][0m Replacing sessionId 9beba55f-6377-4b97-93cf-bda1fbecb33f with 388543b7-b3d6-4ef5-bd0e-b56bd83a1827
[38;5;0m[HTTP][0m [37m<-- GET /wd/hub/session/388543b7-b3d6-4ef5-bd0e-b56bd83a1827/source [39m[32m200[39m [90m1200 ms - 15916[39m
[38;5;0m[HTTP][0m [90m[39m
[38;5;0m[HTTP][0m [37m-->[39m [37mGET[39m [37m/wd/hub/session/388543b7-b3d6-4ef5-bd0e-b56bd83a1827/screenshot[39m
[38;5;0m[HTTP][0m [90m{}[39m
[38;5;0m[HTTP][0m [37m<-- GET /wd/hub/session/388543b7-b3d6-4ef5-bd0e-b56bd83a1827/screenshot [39m[32m200[39m [90m419 ms - 122816[39m
[38;5;0m[HTTP][0m [90m[39m
[38;5;0m[HTTP][0m [37m-->[39m [37mDELETE[39m [37m/wd/hub/session/388543b7-b3d6-4ef5-bd0e-b56bd83a1827[39m
[38;5;0m[HTTP][0m [90m{}[39m
[38;5;16m[AppiumDriver@eb30][0m Removing session 388543b7-b3d6-4ef5-bd0e-b56bd83a1827 from our master session list
[38;5;48m[AndroidUiautomator2Driver@bebf (388543b7)][0m Restoring hidden api policy to the device default configuration
[38;5;0m[HTTP][0m [37m<-- DELETE /wd/hub/session/388543b7-b3d6-4ef5-bd0e-b56bd83a1827 [39m[32m200[39m [90m302 ms - 14[39m
[38;5;0m[HTTP][0m [90m[39m
