[35m[Appium][39m Welcome to Appium v2.5.0
[35m[Appium][39m Non-default server args:
[35m[Appium][39m { basePath: [32m'/wd/hub'[39m, loglevel: [32m'info'[39m, port: [33m59479[39m }
[35m[Appium][39m Attempting to load driver uiautomator2...
[35m[Appium][39m Appium REST http interface listener started on http://0.0.0.0:59479/wd/hub
[35m[Appium][39m You can provide the following URLs in your client code to connect to this server:
[35m[Appium][39m 	http://172.27.16.1:59479/wd/hub
[35m[Appium][39m 	http://192.168.18.137:59479/wd/hub
[35m[Appium][39m 	http://127.0.0.1:59479/wd/hub (only accessible from the same host)
[35m[Appium][39m Available drivers:
[35m[Appium][39m   - uiautomator2@3.0.0 (automationName 'UiAutomator2')
[35m[Appium][39m No plugins have been installed. Use the "appium plugin" command to install the one(s) you want to use.
[38;5;0m[HTTP][0m [37m-->[39m [37mGET[39m [37m/wd/hub/status[39m
[38;5;0m[HTTP][0m [90m{}[39m
[38;5;0m[HTTP][0m [37m<-- GET /wd/hub/status [39m[32m200[39m [90m6 ms - 110[39m
[38;5;0m[HTTP][0m [90m[39m
[38;5;0m[HTTP][0m [37m-->[39m [37mPOST[39m [37m/wd/hub/session[39m
[38;5;0m[HTTP][0m [90m{"desiredCapabilities":{"appium:systemPort":59478,"appium:newCommandTimeout":1800,"appium:automationName":"uiautomator2","appium:fullReset":true,"appium:platformVersion":"14","appium:noReset":false,"appium:udid":"emulator-5554","appium:autoGrantPermissions":true,"appium:platformName":"ANDROID","appium:deviceName":"emulator-5554 (sdk_gphone64_x86_64 - Android 14)","platformName":"Android","appium:app":"C:\\Users\\ASUS\\Downloads\\Advantage+demo+3.2.apk"},"capabilities":{"firstMatch":[{"appium:app":"C:\\Users\\ASUS\\Downloads\\Advantage+demo+3.2.apk","appium:autoGrantPermissions":true,"appium:automationName":"uiautomator2","appium:deviceName":"emulator-5554 (sdk_gphone64_x86_64 - Android 14)","appium:fullReset":true,"appium:newCommandTimeout":1800,"appium:noReset":false,"appium:platformName":"ANDROID","appium:platformVersion":"14","appium:systemPort":59478,"appium:udid":"emulator-5554","platformName":"android"}]}}[39m
[38;5;32m[BaseDriver][0m Ignoring capability 'appium:platformName=ANDROID' and using capability 'platformName=android'
[38;5;32m[BaseDriver][0m The capabilities ["platformName"] are standard capabilities and do not require "appium:" prefix
[35m[Appium][39m Attempting to find matching driver for automationName 'uiautomator2' and platformName 'android'
[35m[Appium][39m The 'uiautomator2' driver was installed and matched caps.
[35m[Appium][39m Will require it at C:\Users\ASUS\.appium\node_modules\appium-uiautomator2-driver
[38;5;16m[AppiumDriver@9a1d][0m Appium v2.5.0 creating new AndroidUiautomator2Driver (v3.0.0) session
[38;5;16m[AppiumDriver@9a1d][0m Checking BaseDriver versions for Appium and AndroidUiautomator2Driver
[38;5;16m[AppiumDriver@9a1d][0m Appium's BaseDriver version is 9.5.1
[38;5;16m[AppiumDriver@9a1d][0m AndroidUiautomator2Driver's BaseDriver version is 9.5.1
[38;5;48m[AndroidUiautomator2Driver@5088 (d97141cc)][0m Session created with session id: d97141cc-585f-4759-9f47-d0c40bca68e7
[38;5;64m[ADB][0m Found 1 'build-tools' folders under 'C:\Users\ASUS\.katalon\tools\android_sdk' (newest first):
[38;5;64m[ADB][0m     C:\Users\ASUS\.katalon\tools\android_sdk\build-tools\29.0.3
[38;5;64m[ADB][0m Using 'adb.exe' from 'C:\Users\ASUS\.katalon\tools\android_sdk\platform-tools\adb.exe'
[38;5;48m[AndroidUiautomator2Driver@5088 (d97141cc)][0m Retrieving device list
[38;5;48m[AndroidUiautomator2Driver@5088 (d97141cc)][0m Using device: emulator-5554
[38;5;64m[ADB][0m Using 'adb.exe' from 'C:\Users\ASUS\.katalon\tools\android_sdk\platform-tools\adb.exe'
[38;5;32m[BaseDriver][0m Using local app 'C:\Users\ASUS\Downloads\Advantage+demo+3.2.apk'
[38;5;64m[ADB][0m Getting device platform version
[38;5;48m[AndroidUiautomator2Driver@5088 (d97141cc)][0m Relaxing hidden api policy
[38;5;64m[ADB][0m Package name: 'com.Advantage.aShopping'
[38;5;64m[ADB][0m Main activity name: 'com.Advantage.aShopping.SplashActivity'
[38;5;64m[ADB][0m Using 'apksigner.jar' from 'C:\Users\ASUS\.katalon\tools\android_sdk\build-tools\29.0.3\lib\apksigner.jar'
[38;5;64m[ADB][0m 'C:\Users\ASUS\.appium\node_modules\appium-uiautomator2-driver\node_modules\appium-uiautomator2-server\apks\appium-uiautomator2-server-debug-androidTest.apk' is signed with the default certificate
[38;5;64m[ADB][0m 'C:\Users\ASUS\Downloads\Advantage+demo+3.2.apk' is signed with a non-default certificate
[38;5;64m[ADB][0m 'C:\Users\ASUS\.appium\node_modules\appium-uiautomator2-driver\node_modules\appium-uiautomator2-server\apks\appium-uiautomator2-server-v7.0.0.apk' is signed with the default certificate
[38;5;64m[ADB][0m com.Advantage.aShopping was successfully uninstalled
[38;5;64m[ADB][0m The application at 'C:\Users\ASUS\Downloads\Advantage+demo+3.2.apk' will not be cached, because the device under test has confirmed the support of streamed installs
[38;5;48m[AndroidUiautomator2Driver@5088 (d97141cc)][0m Server packages are not going to be (re)installed
[38;5;64m[ADB][0m Adding packages ["io.appium.settings","io.appium.uiautomator2.server","io.appium.uiautomator2.server.test"] to Doze whitelist
[38;5;64m[ADB][0m The installation of 'Advantage+demo+3.2.apk' took 2180ms
[38;5;48m[AndroidUiautomator2Driver@5088 (d97141cc)][0m Starting UIAutomator2 server 7.0.0
[38;5;48m[AndroidUiautomator2Driver@5088 (d97141cc)][0m Using UIAutomator2 server from 'C:\Users\ASUS\.appium\node_modules\appium-uiautomator2-driver\node_modules\appium-uiautomator2-server\apks\appium-uiautomator2-server-v7.0.0.apk' and test from 'C:\Users\ASUS\.appium\node_modules\appium-uiautomator2-driver\node_modules\appium-uiautomator2-server\apks\appium-uiautomator2-server-debug-androidTest.apk'
[38;5;48m[AndroidUiautomator2Driver@5088 (d97141cc)][0m Waiting up to 30000ms for UiAutomator2 to be online...
[38;5;48m[AndroidUiautomator2Driver@5088 (d97141cc)][0m socket hang up
[38;5;48m[AndroidUiautomator2Driver@5088 (d97141cc)][0m socket hang up
[38;5;48m[AndroidUiautomator2Driver@5088 (d97141cc)][0m socket hang up
[38;5;48m[AndroidUiautomator2Driver@5088 (d97141cc)][0m socket hang up
[38;5;48m[AndroidUiautomator2Driver@5088 (d97141cc)][0m socket hang up
[38;5;48m[AndroidUiautomator2Driver@5088 (d97141cc)][0m socket hang up
[38;5;48m[AndroidUiautomator2Driver@5088 (d97141cc)][0m Determined the downstream protocol as 'W3C'
[38;5;48m[AndroidUiautomator2Driver@5088 (d97141cc)][0m Screen already unlocked, doing nothing
[38;5;48m[AndroidUiautomator2Driver@5088 (d97141cc)][0m Starting 'com.Advantage.aShopping/com.Advantage.aShopping.SplashActivity and waiting for 'com.Advantage.aShopping/com.Advantage.aShopping.SplashActivity'
[38;5;16m[AppiumDriver@9a1d][0m New AndroidUiautomator2Driver session created successfully, session d97141cc-585f-4759-9f47-d0c40bca68e7 added to master session list
[38;5;0m[HTTP][0m [37m<-- POST /wd/hub/session [39m[32m200[39m [90m19221 ms - 1224[39m
[38;5;0m[HTTP][0m [90m[39m
[38;5;0m[HTTP][0m [37m-->[39m [37mGET[39m [37m/wd/hub/session/d97141cc-585f-4759-9f47-d0c40bca68e7[39m
[38;5;0m[HTTP][0m [90m{}[39m
[38;5;0m[HTTP][0m [37m<-- GET /wd/hub/session/d97141cc-585f-4759-9f47-d0c40bca68e7 [39m[32m200[39m [90m67 ms - 364[39m
[38;5;0m[HTTP][0m [90m[39m
[38;5;0m[HTTP][0m [37m-->[39m [37mGET[39m [37m/wd/hub/session/d97141cc-585f-4759-9f47-d0c40bca68e7[39m
[38;5;0m[HTTP][0m [90m{}[39m
[38;5;0m[HTTP][0m [37m<-- GET /wd/hub/session/d97141cc-585f-4759-9f47-d0c40bca68e7 [39m[32m200[39m [90m51 ms - 364[39m
[38;5;0m[HTTP][0m [90m[39m
[38;5;0m[HTTP][0m [37m-->[39m [37mGET[39m [37m/wd/hub/status[39m
[38;5;0m[HTTP][0m [90m{}[39m
[38;5;0m[HTTP][0m [37m<-- GET /wd/hub/status [39m[32m200[39m [90m1 ms - 110[39m
[38;5;0m[HTTP][0m [90m[39m
[38;5;0m[HTTP][0m [37m-->[39m [37mPOST[39m [37m/wd/hub/session/d97141cc-585f-4759-9f47-d0c40bca68e7/timeouts[39m
[38;5;0m[HTTP][0m [90m{"implicit":30000}[39m
[38;5;0m[HTTP][0m [37m<-- POST /wd/hub/session/d97141cc-585f-4759-9f47-d0c40bca68e7/timeouts [39m[32m200[39m [90m5 ms - 14[39m
[38;5;0m[HTTP][0m [90m[39m
[38;5;0m[HTTP][0m [37m-->[39m [37mGET[39m [37m/wd/hub/session/d97141cc-585f-4759-9f47-d0c40bca68e7/appium/device/system_bars[39m
[38;5;0m[HTTP][0m [90m{}[39m
[38;5;0m[HTTP][0m [37m<-- GET /wd/hub/session/d97141cc-585f-4759-9f47-d0c40bca68e7/appium/device/system_bars [39m[32m200[39m [90m139 ms - 151[39m
[38;5;0m[HTTP][0m [90m[39m
[38;5;0m[HTTP][0m [37m-->[39m [37mPOST[39m [37m/wd/hub/session/d97141cc-585f-4759-9f47-d0c40bca68e7/timeouts[39m
[38;5;0m[HTTP][0m [90m{"implicit":50}[39m
[38;5;0m[HTTP][0m [37m<-- POST /wd/hub/session/d97141cc-585f-4759-9f47-d0c40bca68e7/timeouts [39m[32m200[39m [90m3 ms - 14[39m
[38;5;0m[HTTP][0m [90m[39m
[38;5;0m[HTTP][0m [37m-->[39m [37mGET[39m [37m/wd/hub/session/d97141cc-585f-4759-9f47-d0c40bca68e7/window/rect[39m
[38;5;0m[HTTP][0m [90m{}[39m
[38;5;0m[HTTP][0m [37m<-- GET /wd/hub/session/d97141cc-585f-4759-9f47-d0c40bca68e7/window/rect [39m[32m200[39m [90m46 ms - 50[39m
[38;5;0m[HTTP][0m [90m[39m
[38;5;0m[HTTP][0m [37m-->[39m [37mPOST[39m [37m/wd/hub/session/d97141cc-585f-4759-9f47-d0c40bca68e7/elements[39m
[38;5;0m[HTTP][0m [90m{"using":"xpath","value":"//*[@class = 'android.widget.ImageView' and @resource-id = 'com.Advantage.aShopping:id/imageViewMenu' and (@text = '' or . = '')]"}[39m
[38;5;0m[HTTP][0m [37m<-- POST /wd/hub/session/d97141cc-585f-4759-9f47-d0c40bca68e7/elements [39m[32m200[39m [90m3289 ms - 139[39m
[38;5;0m[HTTP][0m [90m[39m
[38;5;0m[HTTP][0m [37m-->[39m [37mGET[39m [37m/wd/hub/session/d97141cc-585f-4759-9f47-d0c40bca68e7/element/00000000-0000-0189-ffff-ffff00000018/location[39m
[38;5;0m[HTTP][0m [90m{}[39m
[38;5;48m[AndroidUiautomator2Driver@5088 (d97141cc)][0m Driver proxy active, passing request on via HTTP proxy
[38;5;48m[AndroidUiautomator2Driver@5088 (d97141cc)][0m Replacing sessionId 83bfb197-4dc2-4fab-bbc8-e986e5594fc8 with d97141cc-585f-4759-9f47-d0c40bca68e7
[38;5;0m[HTTP][0m [37m<-- GET /wd/hub/session/d97141cc-585f-4759-9f47-d0c40bca68e7/element/00000000-0000-0189-ffff-ffff00000018/location [39m[32m200[39m [90m78 ms - 75[39m
[38;5;0m[HTTP][0m [90m[39m
[38;5;0m[HTTP][0m [37m-->[39m [37mPOST[39m [37m/wd/hub/session/d97141cc-585f-4759-9f47-d0c40bca68e7/timeouts[39m
[38;5;0m[HTTP][0m [90m{"implicit":30000}[39m
[38;5;0m[HTTP][0m [37m<-- POST /wd/hub/session/d97141cc-585f-4759-9f47-d0c40bca68e7/timeouts [39m[32m200[39m [90m3 ms - 14[39m
[38;5;0m[HTTP][0m [90m[39m
[38;5;0m[HTTP][0m [37m-->[39m [37mPOST[39m [37m/wd/hub/session/d97141cc-585f-4759-9f47-d0c40bca68e7/element/00000000-0000-0189-ffff-ffff00000018/click[39m
[38;5;0m[HTTP][0m [90m{"id":"00000000-0000-0189-ffff-ffff00000018"}[39m
[38;5;0m[HTTP][0m [37m<-- POST /wd/hub/session/d97141cc-585f-4759-9f47-d0c40bca68e7/element/00000000-0000-0189-ffff-ffff00000018/click [39m[32m200[39m [90m108 ms - 14[39m
[38;5;0m[HTTP][0m [90m[39m
[38;5;0m[HTTP][0m [37m-->[39m [37mPOST[39m [37m/wd/hub/session/d97141cc-585f-4759-9f47-d0c40bca68e7/timeouts[39m
[38;5;0m[HTTP][0m [90m{"implicit":50}[39m
[38;5;0m[HTTP][0m [37m<-- POST /wd/hub/session/d97141cc-585f-4759-9f47-d0c40bca68e7/timeouts [39m[32m200[39m [90m3 ms - 14[39m
[38;5;0m[HTTP][0m [90m[39m
[38;5;0m[HTTP][0m [37m-->[39m [37mGET[39m [37m/wd/hub/session/d97141cc-585f-4759-9f47-d0c40bca68e7/window/rect[39m
[38;5;0m[HTTP][0m [90m{}[39m
[38;5;0m[HTTP][0m [37m<-- GET /wd/hub/session/d97141cc-585f-4759-9f47-d0c40bca68e7/window/rect [39m[32m200[39m [90m50 ms - 50[39m
[38;5;0m[HTTP][0m [90m[39m
[38;5;0m[HTTP][0m [37m-->[39m [37mPOST[39m [37m/wd/hub/session/d97141cc-585f-4759-9f47-d0c40bca68e7/elements[39m
[38;5;0m[HTTP][0m [90m{"using":"xpath","value":"//*[@class = 'android.widget.TextView' and (@text = 'LOGIN' or . = 'LOGIN') and @resource-id = 'com.Advantage.aShopping:id/textViewMenuUser']"}[39m
[38;5;0m[HTTP][0m [37m<-- POST /wd/hub/session/d97141cc-585f-4759-9f47-d0c40bca68e7/elements [39m[32m200[39m [90m1433 ms - 139[39m
[38;5;0m[HTTP][0m [90m[39m
[38;5;0m[HTTP][0m [37m-->[39m [37mGET[39m [37m/wd/hub/session/d97141cc-585f-4759-9f47-d0c40bca68e7/element/00000000-0000-0189-ffff-ffff00000041/location[39m
[38;5;0m[HTTP][0m [90m{}[39m
[38;5;48m[AndroidUiautomator2Driver@5088 (d97141cc)][0m Driver proxy active, passing request on via HTTP proxy
[38;5;48m[AndroidUiautomator2Driver@5088 (d97141cc)][0m Replacing sessionId 83bfb197-4dc2-4fab-bbc8-e986e5594fc8 with d97141cc-585f-4759-9f47-d0c40bca68e7
[38;5;0m[HTTP][0m [37m<-- GET /wd/hub/session/d97141cc-585f-4759-9f47-d0c40bca68e7/element/00000000-0000-0189-ffff-ffff00000041/location [39m[32m200[39m [90m115 ms - 78[39m
[38;5;0m[HTTP][0m [90m[39m
[38;5;0m[HTTP][0m [37m-->[39m [37mPOST[39m [37m/wd/hub/session/d97141cc-585f-4759-9f47-d0c40bca68e7/timeouts[39m
[38;5;0m[HTTP][0m [90m{"implicit":30000}[39m
[38;5;0m[HTTP][0m [37m<-- POST /wd/hub/session/d97141cc-585f-4759-9f47-d0c40bca68e7/timeouts [39m[32m200[39m [90m6 ms - 14[39m
[38;5;0m[HTTP][0m [90m[39m
[38;5;0m[HTTP][0m [37m-->[39m [37mPOST[39m [37m/wd/hub/session/d97141cc-585f-4759-9f47-d0c40bca68e7/element/00000000-0000-0189-ffff-ffff00000041/click[39m
[38;5;0m[HTTP][0m [90m{"id":"00000000-0000-0189-ffff-ffff00000041"}[39m
[38;5;0m[HTTP][0m [37m<-- POST /wd/hub/session/d97141cc-585f-4759-9f47-d0c40bca68e7/element/00000000-0000-0189-ffff-ffff00000041/click [39m[32m200[39m [90m157 ms - 14[39m
[38;5;0m[HTTP][0m [90m[39m
[38;5;0m[HTTP][0m [37m-->[39m [37mPOST[39m [37m/wd/hub/session/d97141cc-585f-4759-9f47-d0c40bca68e7/timeouts[39m
[38;5;0m[HTTP][0m [90m{"implicit":50}[39m
[38;5;0m[HTTP][0m [37m<-- POST /wd/hub/session/d97141cc-585f-4759-9f47-d0c40bca68e7/timeouts [39m[32m200[39m [90m3 ms - 14[39m
[38;5;0m[HTTP][0m [90m[39m
[38;5;0m[HTTP][0m [37m-->[39m [37mGET[39m [37m/wd/hub/session/d97141cc-585f-4759-9f47-d0c40bca68e7/window/rect[39m
[38;5;0m[HTTP][0m [90m{}[39m
[38;5;0m[HTTP][0m [37m<-- GET /wd/hub/session/d97141cc-585f-4759-9f47-d0c40bca68e7/window/rect [39m[32m200[39m [90m36 ms - 50[39m
[38;5;0m[HTTP][0m [90m[39m
[38;5;0m[HTTP][0m [37m-->[39m [37mPOST[39m [37m/wd/hub/session/d97141cc-585f-4759-9f47-d0c40bca68e7/elements[39m
[38;5;0m[HTTP][0m [90m{"using":"xpath","value":"//hierarchy/android.widget.FrameLayout[1]/android.widget.LinearLayout[1]/android.widget.FrameLayout[1]/android.widget.LinearLayout[1]/android.widget.FrameLayout[1]/android.widget.RelativeLayout[1]/android.widget.LinearLayout[2]/android.widget.RelativeLayout[3]/android.widget.EditText[1]"}[39m
[38;5;0m[HTTP][0m [37m<-- POST /wd/hub/session/d97141cc-585f-4759-9f47-d0c40bca68e7/elements [39m[32m200[39m [90m1595 ms - 139[39m
[38;5;0m[HTTP][0m [90m[39m
[38;5;0m[HTTP][0m [37m-->[39m [37mGET[39m [37m/wd/hub/session/d97141cc-585f-4759-9f47-d0c40bca68e7/element/00000000-0000-018a-ffff-ffff00000077/location[39m
[38;5;0m[HTTP][0m [90m{}[39m
[38;5;48m[AndroidUiautomator2Driver@5088 (d97141cc)][0m Driver proxy active, passing request on via HTTP proxy
[38;5;48m[AndroidUiautomator2Driver@5088 (d97141cc)][0m Replacing sessionId 83bfb197-4dc2-4fab-bbc8-e986e5594fc8 with d97141cc-585f-4759-9f47-d0c40bca68e7
[38;5;0m[HTTP][0m [37m<-- GET /wd/hub/session/d97141cc-585f-4759-9f47-d0c40bca68e7/element/00000000-0000-018a-ffff-ffff00000077/location [39m[32m200[39m [90m325 ms - 77[39m
[38;5;0m[HTTP][0m [90m[39m
[38;5;0m[HTTP][0m [37m-->[39m [37mPOST[39m [37m/wd/hub/session/d97141cc-585f-4759-9f47-d0c40bca68e7/timeouts[39m
[38;5;0m[HTTP][0m [90m{"implicit":30000}[39m
[38;5;0m[HTTP][0m [37m<-- POST /wd/hub/session/d97141cc-585f-4759-9f47-d0c40bca68e7/timeouts [39m[32m200[39m [90m3 ms - 14[39m
[38;5;0m[HTTP][0m [90m[39m
[38;5;0m[HTTP][0m [37m-->[39m [37mPOST[39m [37m/wd/hub/session/d97141cc-585f-4759-9f47-d0c40bca68e7/element/00000000-0000-018a-ffff-ffff00000077/click[39m
[38;5;0m[HTTP][0m [90m{"id":"00000000-0000-018a-ffff-ffff00000077"}[39m
[38;5;0m[HTTP][0m [37m<-- POST /wd/hub/session/d97141cc-585f-4759-9f47-d0c40bca68e7/element/00000000-0000-018a-ffff-ffff00000077/click [39m[32m200[39m [90m1549 ms - 14[39m
[38;5;0m[HTTP][0m [90m[39m
[38;5;0m[HTTP][0m [37m-->[39m [37mPOST[39m [37m/wd/hub/session/d97141cc-585f-4759-9f47-d0c40bca68e7/timeouts[39m
[38;5;0m[HTTP][0m [90m{"implicit":50}[39m
[38;5;0m[HTTP][0m [37m<-- POST /wd/hub/session/d97141cc-585f-4759-9f47-d0c40bca68e7/timeouts [39m[32m200[39m [90m3 ms - 14[39m
[38;5;0m[HTTP][0m [90m[39m
[38;5;0m[HTTP][0m [37m-->[39m [37mGET[39m [37m/wd/hub/session/d97141cc-585f-4759-9f47-d0c40bca68e7/window/rect[39m
[38;5;0m[HTTP][0m [90m{}[39m
[38;5;0m[HTTP][0m [37m<-- GET /wd/hub/session/d97141cc-585f-4759-9f47-d0c40bca68e7/window/rect [39m[32m200[39m [90m34 ms - 50[39m
[38;5;0m[HTTP][0m [90m[39m
[38;5;0m[HTTP][0m [37m-->[39m [37mPOST[39m [37m/wd/hub/session/d97141cc-585f-4759-9f47-d0c40bca68e7/elements[39m
[38;5;0m[HTTP][0m [90m{"using":"xpath","value":"//*[@class = 'android.widget.TextView' and (@text = 'USER NAME' or . = 'USER NAME')]"}[39m
[38;5;0m[HTTP][0m [37m<-- POST /wd/hub/session/d97141cc-585f-4759-9f47-d0c40bca68e7/elements [39m[32m200[39m [90m645 ms - 139[39m
[38;5;0m[HTTP][0m [90m[39m
[38;5;0m[HTTP][0m [37m-->[39m [37mGET[39m [37m/wd/hub/session/d97141cc-585f-4759-9f47-d0c40bca68e7/element/00000000-0000-018a-ffff-ffff00000076/location[39m
[38;5;0m[HTTP][0m [90m{}[39m
[38;5;48m[AndroidUiautomator2Driver@5088 (d97141cc)][0m Driver proxy active, passing request on via HTTP proxy
[38;5;48m[AndroidUiautomator2Driver@5088 (d97141cc)][0m Replacing sessionId 83bfb197-4dc2-4fab-bbc8-e986e5594fc8 with d97141cc-585f-4759-9f47-d0c40bca68e7
[38;5;0m[HTTP][0m [37m<-- GET /wd/hub/session/d97141cc-585f-4759-9f47-d0c40bca68e7/element/00000000-0000-018a-ffff-ffff00000076/location [39m[32m200[39m [90m67 ms - 77[39m
[38;5;0m[HTTP][0m [90m[39m
[38;5;0m[HTTP][0m [37m-->[39m [37mPOST[39m [37m/wd/hub/session/d97141cc-585f-4759-9f47-d0c40bca68e7/timeouts[39m
[38;5;0m[HTTP][0m [90m{"implicit":30000}[39m
[38;5;0m[HTTP][0m [37m<-- POST /wd/hub/session/d97141cc-585f-4759-9f47-d0c40bca68e7/timeouts [39m[32m200[39m [90m3 ms - 14[39m
[38;5;0m[HTTP][0m [90m[39m
[38;5;0m[HTTP][0m [37m-->[39m [37mPOST[39m [37m/wd/hub/session/d97141cc-585f-4759-9f47-d0c40bca68e7/element/00000000-0000-018a-ffff-ffff00000076/clear[39m
[38;5;0m[HTTP][0m [90m{"id":"00000000-0000-018a-ffff-ffff00000076"}[39m
[38;5;0m[HTTP][0m [37m<-- POST /wd/hub/session/d97141cc-585f-4759-9f47-d0c40bca68e7/element/00000000-0000-018a-ffff-ffff00000076/clear [39m[32m200[39m [90m90 ms - 14[39m
[38;5;0m[HTTP][0m [90m[39m
[38;5;0m[HTTP][0m [37m-->[39m [37mPOST[39m [37m/wd/hub/session/d97141cc-585f-4759-9f47-d0c40bca68e7/element/00000000-0000-018a-ffff-ffff00000076/click[39m
[38;5;0m[HTTP][0m [90m{"id":"00000000-0000-018a-ffff-ffff00000076"}[39m
[38;5;0m[HTTP][0m [37m<-- POST /wd/hub/session/d97141cc-585f-4759-9f47-d0c40bca68e7/element/00000000-0000-018a-ffff-ffff00000076/click [39m[32m200[39m [90m132 ms - 14[39m
[38;5;0m[HTTP][0m [90m[39m
[38;5;0m[HTTP][0m [37m-->[39m [37mPOST[39m [37m/wd/hub/session/d97141cc-585f-4759-9f47-d0c40bca68e7/element/00000000-0000-018a-ffff-ffff00000076/value[39m
[38;5;0m[HTTP][0m [90m{"id":"00000000-0000-018a-ffff-ffff00000076","text":"nora","value":["n","o","r","a"]}[39m
[38;5;48m[AndroidUiautomator2Driver@5088 (d97141cc)][0m Got response with status 400: {"sessionId":"83bfb197-4dc2-4fab-bbc8-e986e5594fc8","value":{"error":"invalid element state","message":"Cannot set the element to 'nora'. Did you interact with the correct element?","stacktrace":"io.appium.uiautomator2.common.exceptions.InvalidElementStateException: Cannot set the element to 'nora'. Did you interact with the correct element?\n\tat io.appium.uiautomator2.handler.SendKeysToElement.setText(SendKeysToElement.java:87)\n\tat io.appium.uiautomator2.handler.SendKeysToElement.safeHandle(SendKeysToElement.java:115)\n\tat io.appium.uiautomator2.handler.request.SafeRequestHandler.handle(SafeRequestHandler.java:59)\n\tat io.appium.uiautomator2.server.AppiumServlet.handleRequest(AppiumServlet.java:259)\n\tat io.appium.uiautomator2.server.AppiumServlet.handleHttpRequest(AppiumServlet.java:253)\n\tat io.appium.uiautomator2.http.ServerHandler.channelRead(ServerHandler.java:77)\n\tat io.netty.channel.AbstractChannelHandlerContext.invokeChannelRead(AbstractChannelHandlerContext.java:366)\n\tat io.netty.chann...
[38;5;0m[HTTP][0m [37m<-- POST /wd/hub/session/d97141cc-585f-4759-9f47-d0c40bca68e7/element/00000000-0000-018a-ffff-ffff00000076/value [39m[33m400[39m [90m562 ms - 3888[39m
[38;5;0m[HTTP][0m [90m[39m
[38;5;0m[HTTP][0m [37m-->[39m [37mPOST[39m [37m/wd/hub/session/d97141cc-585f-4759-9f47-d0c40bca68e7/element/00000000-0000-018a-ffff-ffff00000076/click[39m
[38;5;0m[HTTP][0m [90m{"id":"00000000-0000-018a-ffff-ffff00000076"}[39m
[38;5;0m[HTTP][0m [37m<-- POST /wd/hub/session/d97141cc-585f-4759-9f47-d0c40bca68e7/element/00000000-0000-018a-ffff-ffff00000076/click [39m[32m200[39m [90m117 ms - 14[39m
[38;5;0m[HTTP][0m [90m[39m
[38;5;0m[HTTP][0m [37m-->[39m [37mPOST[39m [37m/wd/hub/session/d97141cc-585f-4759-9f47-d0c40bca68e7/actions[39m
[38;5;0m[HTTP][0m [90m{"actions":[{"type":"key","actions":[{"type":"keyDown","value":"n"},{"type":"keyDown","value":"o"},{"type":"keyDown","value":"r"},{"type":"keyDown","value":"a"}],"id":"keyboard"}]}[39m
[38;5;0m[HTTP][0m [37m<-- POST /wd/hub/session/d97141cc-585f-4759-9f47-d0c40bca68e7/actions [39m[32m200[39m [90m525 ms - 14[39m
[38;5;0m[HTTP][0m [90m[39m
[38;5;0m[HTTP][0m [37m-->[39m [37mPOST[39m [37m/wd/hub/session/d97141cc-585f-4759-9f47-d0c40bca68e7/timeouts[39m
[38;5;0m[HTTP][0m [90m{"implicit":50}[39m
[38;5;0m[HTTP][0m [37m<-- POST /wd/hub/session/d97141cc-585f-4759-9f47-d0c40bca68e7/timeouts [39m[32m200[39m [90m3 ms - 14[39m
[38;5;0m[HTTP][0m [90m[39m
[38;5;0m[HTTP][0m [37m-->[39m [37mGET[39m [37m/wd/hub/session/d97141cc-585f-4759-9f47-d0c40bca68e7/window/rect[39m
[38;5;0m[HTTP][0m [90m{}[39m
[38;5;0m[HTTP][0m [37m<-- GET /wd/hub/session/d97141cc-585f-4759-9f47-d0c40bca68e7/window/rect [39m[32m200[39m [90m40 ms - 50[39m
[38;5;0m[HTTP][0m [90m[39m
[38;5;0m[HTTP][0m [37m-->[39m [37mPOST[39m [37m/wd/hub/session/d97141cc-585f-4759-9f47-d0c40bca68e7/elements[39m
[38;5;0m[HTTP][0m [90m{"using":"xpath","value":"//hierarchy/android.widget.FrameLayout[1]/android.widget.LinearLayout[1]/android.widget.FrameLayout[1]/android.widget.LinearLayout[1]/android.widget.FrameLayout[1]/android.widget.RelativeLayout[1]/android.widget.LinearLayout[2]/android.widget.RelativeLayout[4]/android.widget.EditText[1]"}[39m
[38;5;0m[HTTP][0m [37m<-- POST /wd/hub/session/d97141cc-585f-4759-9f47-d0c40bca68e7/elements [39m[32m200[39m [90m1041 ms - 139[39m
[38;5;0m[HTTP][0m [90m[39m
[38;5;0m[HTTP][0m [37m-->[39m [37mGET[39m [37m/wd/hub/session/d97141cc-585f-4759-9f47-d0c40bca68e7/element/00000000-0000-018a-ffff-ffff0000007b/location[39m
[38;5;0m[HTTP][0m [90m{}[39m
[38;5;48m[AndroidUiautomator2Driver@5088 (d97141cc)][0m Driver proxy active, passing request on via HTTP proxy
[38;5;48m[AndroidUiautomator2Driver@5088 (d97141cc)][0m Replacing sessionId 83bfb197-4dc2-4fab-bbc8-e986e5594fc8 with d97141cc-585f-4759-9f47-d0c40bca68e7
[38;5;0m[HTTP][0m [37m<-- GET /wd/hub/session/d97141cc-585f-4759-9f47-d0c40bca68e7/element/00000000-0000-018a-ffff-ffff0000007b/location [39m[32m200[39m [90m51 ms - 77[39m
[38;5;0m[HTTP][0m [90m[39m
[38;5;0m[HTTP][0m [37m-->[39m [37mPOST[39m [37m/wd/hub/session/d97141cc-585f-4759-9f47-d0c40bca68e7/timeouts[39m
[38;5;0m[HTTP][0m [90m{"implicit":30000}[39m
[38;5;0m[HTTP][0m [37m<-- POST /wd/hub/session/d97141cc-585f-4759-9f47-d0c40bca68e7/timeouts [39m[32m200[39m [90m3 ms - 14[39m
[38;5;0m[HTTP][0m [90m[39m
[38;5;0m[HTTP][0m [37m-->[39m [37mPOST[39m [37m/wd/hub/session/d97141cc-585f-4759-9f47-d0c40bca68e7/element/00000000-0000-018a-ffff-ffff0000007b/click[39m
[38;5;0m[HTTP][0m [90m{"id":"00000000-0000-018a-ffff-ffff0000007b"}[39m
[38;5;0m[HTTP][0m [37m<-- POST /wd/hub/session/d97141cc-585f-4759-9f47-d0c40bca68e7/element/00000000-0000-018a-ffff-ffff0000007b/click [39m[32m200[39m [90m125 ms - 14[39m
[38;5;0m[HTTP][0m [90m[39m
[38;5;0m[HTTP][0m [37m-->[39m [37mPOST[39m [37m/wd/hub/session/d97141cc-585f-4759-9f47-d0c40bca68e7/timeouts[39m
[38;5;0m[HTTP][0m [90m{"implicit":50}[39m
[38;5;0m[HTTP][0m [37m<-- POST /wd/hub/session/d97141cc-585f-4759-9f47-d0c40bca68e7/timeouts [39m[32m200[39m [90m4 ms - 14[39m
[38;5;0m[HTTP][0m [90m[39m
[38;5;0m[HTTP][0m [37m-->[39m [37mGET[39m [37m/wd/hub/session/d97141cc-585f-4759-9f47-d0c40bca68e7/window/rect[39m
[38;5;0m[HTTP][0m [90m{}[39m
[38;5;0m[HTTP][0m [37m<-- GET /wd/hub/session/d97141cc-585f-4759-9f47-d0c40bca68e7/window/rect [39m[32m200[39m [90m103 ms - 50[39m
[38;5;0m[HTTP][0m [90m[39m
[38;5;0m[HTTP][0m [37m-->[39m [37mPOST[39m [37m/wd/hub/session/d97141cc-585f-4759-9f47-d0c40bca68e7/elements[39m
[38;5;0m[HTTP][0m [90m{"using":"xpath","value":"//*[@class = 'android.widget.TextView' and (@text = 'PASSWORD' or . = 'PASSWORD')]"}[39m
[38;5;0m[HTTP][0m [37m<-- POST /wd/hub/session/d97141cc-585f-4759-9f47-d0c40bca68e7/elements [39m[32m200[39m [90m997 ms - 139[39m
[38;5;0m[HTTP][0m [90m[39m
[38;5;0m[HTTP][0m [37m-->[39m [37mGET[39m [37m/wd/hub/session/d97141cc-585f-4759-9f47-d0c40bca68e7/element/00000000-0000-018a-ffff-ffff0000007a/location[39m
[38;5;0m[HTTP][0m [90m{}[39m
[38;5;48m[AndroidUiautomator2Driver@5088 (d97141cc)][0m Driver proxy active, passing request on via HTTP proxy
[38;5;48m[AndroidUiautomator2Driver@5088 (d97141cc)][0m Replacing sessionId 83bfb197-4dc2-4fab-bbc8-e986e5594fc8 with d97141cc-585f-4759-9f47-d0c40bca68e7
[38;5;0m[HTTP][0m [37m<-- GET /wd/hub/session/d97141cc-585f-4759-9f47-d0c40bca68e7/element/00000000-0000-018a-ffff-ffff0000007a/location [39m[32m200[39m [90m62 ms - 77[39m
[38;5;0m[HTTP][0m [90m[39m
[38;5;0m[HTTP][0m [37m-->[39m [37mPOST[39m [37m/wd/hub/session/d97141cc-585f-4759-9f47-d0c40bca68e7/timeouts[39m
[38;5;0m[HTTP][0m [90m{"implicit":30000}[39m
[38;5;0m[HTTP][0m [37m<-- POST /wd/hub/session/d97141cc-585f-4759-9f47-d0c40bca68e7/timeouts [39m[32m200[39m [90m2 ms - 14[39m
[38;5;0m[HTTP][0m [90m[39m
[38;5;0m[HTTP][0m [37m-->[39m [37mPOST[39m [37m/wd/hub/session/d97141cc-585f-4759-9f47-d0c40bca68e7/element/00000000-0000-018a-ffff-ffff0000007a/clear[39m
[38;5;0m[HTTP][0m [90m{"id":"00000000-0000-018a-ffff-ffff0000007a"}[39m
[38;5;0m[HTTP][0m [37m<-- POST /wd/hub/session/d97141cc-585f-4759-9f47-d0c40bca68e7/element/00000000-0000-018a-ffff-ffff0000007a/clear [39m[32m200[39m [90m57 ms - 14[39m
[38;5;0m[HTTP][0m [90m[39m
[38;5;0m[HTTP][0m [37m-->[39m [37mPOST[39m [37m/wd/hub/session/d97141cc-585f-4759-9f47-d0c40bca68e7/element/00000000-0000-018a-ffff-ffff0000007a/click[39m
[38;5;0m[HTTP][0m [90m{"id":"00000000-0000-018a-ffff-ffff0000007a"}[39m
[38;5;0m[HTTP][0m [37m<-- POST /wd/hub/session/d97141cc-585f-4759-9f47-d0c40bca68e7/element/00000000-0000-018a-ffff-ffff0000007a/click [39m[32m200[39m [90m147 ms - 14[39m
[38;5;0m[HTTP][0m [90m[39m
[38;5;0m[HTTP][0m [37m-->[39m [37mPOST[39m [37m/wd/hub/session/d97141cc-585f-4759-9f47-d0c40bca68e7/element/00000000-0000-018a-ffff-ffff0000007a/value[39m
[38;5;0m[HTTP][0m [90m{"id":"00000000-0000-018a-ffff-ffff0000007a","text":"1234!sdA","value":["1","2","3","4","!","s","d","A"]}[39m
[38;5;48m[AndroidUiautomator2Driver@5088 (d97141cc)][0m Got response with status 400: {"sessionId":"83bfb197-4dc2-4fab-bbc8-e986e5594fc8","value":{"error":"invalid element state","message":"Cannot set the element to '1234!sdA'. Did you interact with the correct element?","stacktrace":"io.appium.uiautomator2.common.exceptions.InvalidElementStateException: Cannot set the element to '1234!sdA'. Did you interact with the correct element?\n\tat io.appium.uiautomator2.handler.SendKeysToElement.setText(SendKeysToElement.java:87)\n\tat io.appium.uiautomator2.handler.SendKeysToElement.safeHandle(SendKeysToElement.java:115)\n\tat io.appium.uiautomator2.handler.request.SafeRequestHandler.handle(SafeRequestHandler.java:59)\n\tat io.appium.uiautomator2.server.AppiumServlet.handleRequest(AppiumServlet.java:259)\n\tat io.appium.uiautomator2.server.AppiumServlet.handleHttpRequest(AppiumServlet.java:253)\n\tat io.appium.uiautomator2.http.ServerHandler.channelRead(ServerHandler.java:77)\n\tat io.netty.channel.AbstractChannelHandlerContext.invokeChannelRead(AbstractChannelHandlerContext.java:366)\n\tat io.net...
[38;5;0m[HTTP][0m [37m<-- POST /wd/hub/session/d97141cc-585f-4759-9f47-d0c40bca68e7/element/00000000-0000-018a-ffff-ffff0000007a/value [39m[33m400[39m [90m542 ms - 3896[39m
[38;5;0m[HTTP][0m [90m[39m
[38;5;0m[HTTP][0m [37m-->[39m [37mPOST[39m [37m/wd/hub/session/d97141cc-585f-4759-9f47-d0c40bca68e7/element/00000000-0000-018a-ffff-ffff0000007a/click[39m
[38;5;0m[HTTP][0m [90m{"id":"00000000-0000-018a-ffff-ffff0000007a"}[39m
[38;5;0m[HTTP][0m [37m<-- POST /wd/hub/session/d97141cc-585f-4759-9f47-d0c40bca68e7/element/00000000-0000-018a-ffff-ffff0000007a/click [39m[32m200[39m [90m134 ms - 14[39m
[38;5;0m[HTTP][0m [90m[39m
[38;5;0m[HTTP][0m [37m-->[39m [37mPOST[39m [37m/wd/hub/session/d97141cc-585f-4759-9f47-d0c40bca68e7/actions[39m
[38;5;0m[HTTP][0m [90m{"actions":[{"type":"key","actions":[{"type":"keyDown","value":"1"},{"type":"keyDown","value":"2"},{"type":"keyDown","value":"3"},{"type":"keyDown","value":"4"},{"type":"keyDown","value":"!"},{"type":"keyDown","value":"s"},{"type":"keyDown","value":"d"},{"type":"keyDown","value":"A"}],"id":"keyboard"}]}[39m
[38;5;0m[HTTP][0m [37m<-- POST /wd/hub/session/d97141cc-585f-4759-9f47-d0c40bca68e7/actions [39m[32m200[39m [90m861 ms - 14[39m
[38;5;0m[HTTP][0m [90m[39m
[38;5;0m[HTTP][0m [37m-->[39m [37mPOST[39m [37m/wd/hub/session/d97141cc-585f-4759-9f47-d0c40bca68e7/timeouts[39m
[38;5;0m[HTTP][0m [90m{"implicit":50}[39m
[38;5;0m[HTTP][0m [37m<-- POST /wd/hub/session/d97141cc-585f-4759-9f47-d0c40bca68e7/timeouts [39m[32m200[39m [90m2 ms - 14[39m
[38;5;0m[HTTP][0m [90m[39m
[38;5;0m[HTTP][0m [37m-->[39m [37mGET[39m [37m/wd/hub/session/d97141cc-585f-4759-9f47-d0c40bca68e7/window/rect[39m
[38;5;0m[HTTP][0m [90m{}[39m
[38;5;0m[HTTP][0m [37m<-- GET /wd/hub/session/d97141cc-585f-4759-9f47-d0c40bca68e7/window/rect [39m[32m200[39m [90m44 ms - 50[39m
[38;5;0m[HTTP][0m [90m[39m
[38;5;0m[HTTP][0m [37m-->[39m [37mPOST[39m [37m/wd/hub/session/d97141cc-585f-4759-9f47-d0c40bca68e7/elements[39m
[38;5;0m[HTTP][0m [90m{"using":"xpath","value":"//*[@class = 'android.widget.TextView' and (@text = 'Incorrect user name or password.' or . = 'Incorrect user name or password.') and @resource-id = 'com.Advantage.aShopping:id/textViewFailed']"}[39m
[38;5;0m[HTTP][0m [37m<-- POST /wd/hub/session/d97141cc-585f-4759-9f47-d0c40bca68e7/elements [39m[32m200[39m [90m841 ms - 12[39m
[38;5;0m[HTTP][0m [90m[39m
[38;5;0m[HTTP][0m [37m-->[39m [37mPOST[39m [37m/wd/hub/session/d97141cc-585f-4759-9f47-d0c40bca68e7/elements[39m
[38;5;0m[HTTP][0m [90m{"using":"xpath","value":"//*[@class = 'android.widget.TextView' and (@text = 'Incorrect user name or password.' or . = 'Incorrect user name or password.') and @resource-id = 'com.Advantage.aShopping:id/textViewFailed']"}[39m
[38;5;0m[HTTP][0m [37m<-- POST /wd/hub/session/d97141cc-585f-4759-9f47-d0c40bca68e7/elements [39m[32m200[39m [90m371 ms - 12[39m
[38;5;0m[HTTP][0m [90m[39m
[38;5;0m[HTTP][0m [37m-->[39m [37mPOST[39m [37m/wd/hub/session/d97141cc-585f-4759-9f47-d0c40bca68e7/elements[39m
[38;5;0m[HTTP][0m [90m{"using":"xpath","value":"//*[@class = 'android.widget.TextView' and (@text = 'Incorrect user name or password.' or . = 'Incorrect user name or password.') and @resource-id = 'com.Advantage.aShopping:id/textViewFailed']"}[39m
[38;5;0m[HTTP][0m [37m<-- POST /wd/hub/session/d97141cc-585f-4759-9f47-d0c40bca68e7/elements [39m[32m200[39m [90m381 ms - 12[39m
[38;5;0m[HTTP][0m [90m[39m
[38;5;0m[HTTP][0m [37m-->[39m [37mPOST[39m [37m/wd/hub/session/d97141cc-585f-4759-9f47-d0c40bca68e7/elements[39m
[38;5;0m[HTTP][0m [90m{"using":"xpath","value":"//*[@class = 'android.widget.TextView' and (@text = 'Incorrect user name or password.' or . = 'Incorrect user name or password.') and @resource-id = 'com.Advantage.aShopping:id/textViewFailed']"}[39m
[38;5;0m[HTTP][0m [37m<-- POST /wd/hub/session/d97141cc-585f-4759-9f47-d0c40bca68e7/elements [39m[32m200[39m [90m366 ms - 12[39m
[38;5;0m[HTTP][0m [90m[39m
[38;5;0m[HTTP][0m [37m-->[39m [37mPOST[39m [37m/wd/hub/session/d97141cc-585f-4759-9f47-d0c40bca68e7/elements[39m
[38;5;0m[HTTP][0m [90m{"using":"xpath","value":"//*[@class = 'android.widget.TextView' and (@text = 'Incorrect user name or password.' or . = 'Incorrect user name or password.') and @resource-id = 'com.Advantage.aShopping:id/textViewFailed']"}[39m
[38;5;0m[HTTP][0m [37m<-- POST /wd/hub/session/d97141cc-585f-4759-9f47-d0c40bca68e7/elements [39m[32m200[39m [90m363 ms - 12[39m
[38;5;0m[HTTP][0m [90m[39m
[38;5;0m[HTTP][0m [37m-->[39m [37mPOST[39m [37m/wd/hub/session/d97141cc-585f-4759-9f47-d0c40bca68e7/elements[39m
[38;5;0m[HTTP][0m [90m{"using":"xpath","value":"//*[@class = 'android.widget.TextView' and (@text = 'Incorrect user name or password.' or . = 'Incorrect user name or password.') and @resource-id = 'com.Advantage.aShopping:id/textViewFailed']"}[39m
[38;5;0m[HTTP][0m [37m<-- POST /wd/hub/session/d97141cc-585f-4759-9f47-d0c40bca68e7/elements [39m[32m200[39m [90m298 ms - 12[39m
[38;5;0m[HTTP][0m [90m[39m
[38;5;0m[HTTP][0m [37m-->[39m [37mPOST[39m [37m/wd/hub/session/d97141cc-585f-4759-9f47-d0c40bca68e7/elements[39m
[38;5;0m[HTTP][0m [90m{"using":"xpath","value":"//*[@class = 'android.widget.TextView' and (@text = 'Incorrect user name or password.' or . = 'Incorrect user name or password.') and @resource-id = 'com.Advantage.aShopping:id/textViewFailed']"}[39m
[38;5;0m[HTTP][0m [37m<-- POST /wd/hub/session/d97141cc-585f-4759-9f47-d0c40bca68e7/elements [39m[32m200[39m [90m420 ms - 12[39m
[38;5;0m[HTTP][0m [90m[39m
[38;5;0m[HTTP][0m [37m-->[39m [37mPOST[39m [37m/wd/hub/session/d97141cc-585f-4759-9f47-d0c40bca68e7/elements[39m
[38;5;0m[HTTP][0m [90m{"using":"xpath","value":"//*[@class = 'android.widget.TextView' and (@text = 'Incorrect user name or password.' or . = 'Incorrect user name or password.') and @resource-id = 'com.Advantage.aShopping:id/textViewFailed']"}[39m
[38;5;0m[HTTP][0m [37m<-- POST /wd/hub/session/d97141cc-585f-4759-9f47-d0c40bca68e7/elements [39m[32m200[39m [90m341 ms - 12[39m
[38;5;0m[HTTP][0m [90m[39m
[38;5;0m[HTTP][0m [37m-->[39m [37mPOST[39m [37m/wd/hub/session/d97141cc-585f-4759-9f47-d0c40bca68e7/elements[39m
[38;5;0m[HTTP][0m [90m{"using":"xpath","value":"//*[@class = 'android.widget.TextView' and (@text = 'Incorrect user name or password.' or . = 'Incorrect user name or password.') and @resource-id = 'com.Advantage.aShopping:id/textViewFailed']"}[39m
[38;5;0m[HTTP][0m [37m<-- POST /wd/hub/session/d97141cc-585f-4759-9f47-d0c40bca68e7/elements [39m[32m200[39m [90m367 ms - 12[39m
[38;5;0m[HTTP][0m [90m[39m
[38;5;0m[HTTP][0m [37m-->[39m [37mPOST[39m [37m/wd/hub/session/d97141cc-585f-4759-9f47-d0c40bca68e7/elements[39m
[38;5;0m[HTTP][0m [90m{"using":"xpath","value":"//*[@class = 'android.widget.TextView' and (@text = 'Incorrect user name or password.' or . = 'Incorrect user name or password.') and @resource-id = 'com.Advantage.aShopping:id/textViewFailed']"}[39m
[38;5;0m[HTTP][0m [37m<-- POST /wd/hub/session/d97141cc-585f-4759-9f47-d0c40bca68e7/elements [39m[32m200[39m [90m357 ms - 12[39m
[38;5;0m[HTTP][0m [90m[39m
[38;5;0m[HTTP][0m [37m-->[39m [37mPOST[39m [37m/wd/hub/session/d97141cc-585f-4759-9f47-d0c40bca68e7/elements[39m
[38;5;0m[HTTP][0m [90m{"using":"xpath","value":"//*[@class = 'android.widget.TextView' and (@text = 'Incorrect user name or password.' or . = 'Incorrect user name or password.') and @resource-id = 'com.Advantage.aShopping:id/textViewFailed']"}[39m
[38;5;0m[HTTP][0m [37m<-- POST /wd/hub/session/d97141cc-585f-4759-9f47-d0c40bca68e7/elements [39m[32m200[39m [90m390 ms - 12[39m
[38;5;0m[HTTP][0m [90m[39m
[38;5;0m[HTTP][0m [37m-->[39m [37mPOST[39m [37m/wd/hub/session/d97141cc-585f-4759-9f47-d0c40bca68e7/elements[39m
[38;5;0m[HTTP][0m [90m{"using":"xpath","value":"//*[@class = 'android.widget.TextView' and (@text = 'Incorrect user name or password.' or . = 'Incorrect user name or password.') and @resource-id = 'com.Advantage.aShopping:id/textViewFailed']"}[39m
[38;5;0m[HTTP][0m [37m<-- POST /wd/hub/session/d97141cc-585f-4759-9f47-d0c40bca68e7/elements [39m[32m200[39m [90m327 ms - 12[39m
[38;5;0m[HTTP][0m [90m[39m
[38;5;0m[HTTP][0m [37m-->[39m [37mPOST[39m [37m/wd/hub/session/d97141cc-585f-4759-9f47-d0c40bca68e7/elements[39m
[38;5;0m[HTTP][0m [90m{"using":"xpath","value":"//*[@class = 'android.widget.TextView' and (@text = 'Incorrect user name or password.' or . = 'Incorrect user name or password.') and @resource-id = 'com.Advantage.aShopping:id/textViewFailed']"}[39m
[38;5;0m[HTTP][0m [37m<-- POST /wd/hub/session/d97141cc-585f-4759-9f47-d0c40bca68e7/elements [39m[32m200[39m [90m381 ms - 12[39m
[38;5;0m[HTTP][0m [90m[39m
[38;5;0m[HTTP][0m [37m-->[39m [37mPOST[39m [37m/wd/hub/session/d97141cc-585f-4759-9f47-d0c40bca68e7/elements[39m
[38;5;0m[HTTP][0m [90m{"using":"xpath","value":"//*[@class = 'android.widget.TextView' and (@text = 'Incorrect user name or password.' or . = 'Incorrect user name or password.') and @resource-id = 'com.Advantage.aShopping:id/textViewFailed']"}[39m
[38;5;0m[HTTP][0m [37m<-- POST /wd/hub/session/d97141cc-585f-4759-9f47-d0c40bca68e7/elements [39m[32m200[39m [90m363 ms - 12[39m
[38;5;0m[HTTP][0m [90m[39m
[38;5;0m[HTTP][0m [37m-->[39m [37mPOST[39m [37m/wd/hub/session/d97141cc-585f-4759-9f47-d0c40bca68e7/elements[39m
[38;5;0m[HTTP][0m [90m{"using":"xpath","value":"//*[@class = 'android.widget.TextView' and (@text = 'Incorrect user name or password.' or . = 'Incorrect user name or password.') and @resource-id = 'com.Advantage.aShopping:id/textViewFailed']"}[39m
[38;5;0m[HTTP][0m [37m<-- POST /wd/hub/session/d97141cc-585f-4759-9f47-d0c40bca68e7/elements [39m[32m200[39m [90m376 ms - 12[39m
[38;5;0m[HTTP][0m [90m[39m
[38;5;0m[HTTP][0m [37m-->[39m [37mPOST[39m [37m/wd/hub/session/d97141cc-585f-4759-9f47-d0c40bca68e7/elements[39m
[38;5;0m[HTTP][0m [90m{"using":"xpath","value":"//*[@class = 'android.widget.TextView' and (@text = 'Incorrect user name or password.' or . = 'Incorrect user name or password.') and @resource-id = 'com.Advantage.aShopping:id/textViewFailed']"}[39m
[38;5;0m[HTTP][0m [37m<-- POST /wd/hub/session/d97141cc-585f-4759-9f47-d0c40bca68e7/elements [39m[32m200[39m [90m354 ms - 12[39m
[38;5;0m[HTTP][0m [90m[39m
[38;5;0m[HTTP][0m [37m-->[39m [37mPOST[39m [37m/wd/hub/session/d97141cc-585f-4759-9f47-d0c40bca68e7/elements[39m
[38;5;0m[HTTP][0m [90m{"using":"xpath","value":"//*[@class = 'android.widget.TextView' and (@text = 'Incorrect user name or password.' or . = 'Incorrect user name or password.') and @resource-id = 'com.Advantage.aShopping:id/textViewFailed']"}[39m
[38;5;0m[HTTP][0m [37m<-- POST /wd/hub/session/d97141cc-585f-4759-9f47-d0c40bca68e7/elements [39m[32m200[39m [90m325 ms - 12[39m
[38;5;0m[HTTP][0m [90m[39m
[38;5;0m[HTTP][0m [37m-->[39m [37mPOST[39m [37m/wd/hub/session/d97141cc-585f-4759-9f47-d0c40bca68e7/elements[39m
[38;5;0m[HTTP][0m [90m{"using":"xpath","value":"//*[@class = 'android.widget.TextView' and (@text = 'Incorrect user name or password.' or . = 'Incorrect user name or password.') and @resource-id = 'com.Advantage.aShopping:id/textViewFailed']"}[39m
[38;5;0m[HTTP][0m [37m<-- POST /wd/hub/session/d97141cc-585f-4759-9f47-d0c40bca68e7/elements [39m[32m200[39m [90m426 ms - 12[39m
[38;5;0m[HTTP][0m [90m[39m
[38;5;0m[HTTP][0m [37m-->[39m [37mPOST[39m [37m/wd/hub/session/d97141cc-585f-4759-9f47-d0c40bca68e7/elements[39m
[38;5;0m[HTTP][0m [90m{"using":"xpath","value":"//*[@class = 'android.widget.TextView' and (@text = 'Incorrect user name or password.' or . = 'Incorrect user name or password.') and @resource-id = 'com.Advantage.aShopping:id/textViewFailed']"}[39m
[38;5;0m[HTTP][0m [37m<-- POST /wd/hub/session/d97141cc-585f-4759-9f47-d0c40bca68e7/elements [39m[32m200[39m [90m403 ms - 12[39m
[38;5;0m[HTTP][0m [90m[39m
[38;5;0m[HTTP][0m [37m-->[39m [37mPOST[39m [37m/wd/hub/session/d97141cc-585f-4759-9f47-d0c40bca68e7/elements[39m
[38;5;0m[HTTP][0m [90m{"using":"xpath","value":"//*[@class = 'android.widget.TextView' and (@text = 'Incorrect user name or password.' or . = 'Incorrect user name or password.') and @resource-id = 'com.Advantage.aShopping:id/textViewFailed']"}[39m
[38;5;0m[HTTP][0m [37m<-- POST /wd/hub/session/d97141cc-585f-4759-9f47-d0c40bca68e7/elements [39m[32m200[39m [90m326 ms - 12[39m
[38;5;0m[HTTP][0m [90m[39m
[38;5;0m[HTTP][0m [37m-->[39m [37mPOST[39m [37m/wd/hub/session/d97141cc-585f-4759-9f47-d0c40bca68e7/elements[39m
[38;5;0m[HTTP][0m [90m{"using":"xpath","value":"//*[@class = 'android.widget.TextView' and (@text = 'Incorrect user name or password.' or . = 'Incorrect user name or password.') and @resource-id = 'com.Advantage.aShopping:id/textViewFailed']"}[39m
[38;5;0m[HTTP][0m [37m<-- POST /wd/hub/session/d97141cc-585f-4759-9f47-d0c40bca68e7/elements [39m[32m200[39m [90m375 ms - 12[39m
[38;5;0m[HTTP][0m [90m[39m
[38;5;0m[HTTP][0m [37m-->[39m [37mPOST[39m [37m/wd/hub/session/d97141cc-585f-4759-9f47-d0c40bca68e7/elements[39m
[38;5;0m[HTTP][0m [90m{"using":"xpath","value":"//*[@class = 'android.widget.TextView' and (@text = 'Incorrect user name or password.' or . = 'Incorrect user name or password.') and @resource-id = 'com.Advantage.aShopping:id/textViewFailed']"}[39m
[38;5;0m[HTTP][0m [37m<-- POST /wd/hub/session/d97141cc-585f-4759-9f47-d0c40bca68e7/elements [39m[32m200[39m [90m382 ms - 12[39m
[38;5;0m[HTTP][0m [90m[39m
[38;5;0m[HTTP][0m [37m-->[39m [37mPOST[39m [37m/wd/hub/session/d97141cc-585f-4759-9f47-d0c40bca68e7/elements[39m
[38;5;0m[HTTP][0m [90m{"using":"xpath","value":"//*[@class = 'android.widget.TextView' and (@text = 'Incorrect user name or password.' or . = 'Incorrect user name or password.') and @resource-id = 'com.Advantage.aShopping:id/textViewFailed']"}[39m
[38;5;0m[HTTP][0m [37m<-- POST /wd/hub/session/d97141cc-585f-4759-9f47-d0c40bca68e7/elements [39m[32m200[39m [90m343 ms - 12[39m
[38;5;0m[HTTP][0m [90m[39m
[38;5;0m[HTTP][0m [37m-->[39m [37mPOST[39m [37m/wd/hub/session/d97141cc-585f-4759-9f47-d0c40bca68e7/elements[39m
[38;5;0m[HTTP][0m [90m{"using":"xpath","value":"//*[@class = 'android.widget.TextView' and (@text = 'Incorrect user name or password.' or . = 'Incorrect user name or password.') and @resource-id = 'com.Advantage.aShopping:id/textViewFailed']"}[39m
[38;5;0m[HTTP][0m [37m<-- POST /wd/hub/session/d97141cc-585f-4759-9f47-d0c40bca68e7/elements [39m[32m200[39m [90m385 ms - 12[39m
[38;5;0m[HTTP][0m [90m[39m
[38;5;0m[HTTP][0m [37m-->[39m [37mPOST[39m [37m/wd/hub/session/d97141cc-585f-4759-9f47-d0c40bca68e7/elements[39m
[38;5;0m[HTTP][0m [90m{"using":"xpath","value":"//*[@class = 'android.widget.TextView' and (@text = 'Incorrect user name or password.' or . = 'Incorrect user name or password.') and @resource-id = 'com.Advantage.aShopping:id/textViewFailed']"}[39m
[38;5;0m[HTTP][0m [37m<-- POST /wd/hub/session/d97141cc-585f-4759-9f47-d0c40bca68e7/elements [39m[32m200[39m [90m334 ms - 12[39m
[38;5;0m[HTTP][0m [90m[39m
[38;5;0m[HTTP][0m [37m-->[39m [37mPOST[39m [37m/wd/hub/session/d97141cc-585f-4759-9f47-d0c40bca68e7/elements[39m
[38;5;0m[HTTP][0m [90m{"using":"xpath","value":"//*[@class = 'android.widget.TextView' and (@text = 'Incorrect user name or password.' or . = 'Incorrect user name or password.') and @resource-id = 'com.Advantage.aShopping:id/textViewFailed']"}[39m
[38;5;0m[HTTP][0m [37m<-- POST /wd/hub/session/d97141cc-585f-4759-9f47-d0c40bca68e7/elements [39m[32m200[39m [90m366 ms - 12[39m
[38;5;0m[HTTP][0m [90m[39m
[38;5;0m[HTTP][0m [37m-->[39m [37mPOST[39m [37m/wd/hub/session/d97141cc-585f-4759-9f47-d0c40bca68e7/elements[39m
[38;5;0m[HTTP][0m [90m{"using":"xpath","value":"//*[@class = 'android.widget.TextView' and (@text = 'Incorrect user name or password.' or . = 'Incorrect user name or password.') and @resource-id = 'com.Advantage.aShopping:id/textViewFailed']"}[39m
[38;5;0m[HTTP][0m [37m<-- POST /wd/hub/session/d97141cc-585f-4759-9f47-d0c40bca68e7/elements [39m[32m200[39m [90m398 ms - 12[39m
[38;5;0m[HTTP][0m [90m[39m
[38;5;0m[HTTP][0m [37m-->[39m [37mPOST[39m [37m/wd/hub/session/d97141cc-585f-4759-9f47-d0c40bca68e7/elements[39m
[38;5;0m[HTTP][0m [90m{"using":"xpath","value":"//*[@class = 'android.widget.TextView' and (@text = 'Incorrect user name or password.' or . = 'Incorrect user name or password.') and @resource-id = 'com.Advantage.aShopping:id/textViewFailed']"}[39m
[38;5;0m[HTTP][0m [37m<-- POST /wd/hub/session/d97141cc-585f-4759-9f47-d0c40bca68e7/elements [39m[32m200[39m [90m459 ms - 12[39m
[38;5;0m[HTTP][0m [90m[39m
[38;5;0m[HTTP][0m [37m-->[39m [37mPOST[39m [37m/wd/hub/session/d97141cc-585f-4759-9f47-d0c40bca68e7/elements[39m
[38;5;0m[HTTP][0m [90m{"using":"xpath","value":"//*[@class = 'android.widget.TextView' and (@text = 'Incorrect user name or password.' or . = 'Incorrect user name or password.') and @resource-id = 'com.Advantage.aShopping:id/textViewFailed']"}[39m
[38;5;0m[HTTP][0m [37m<-- POST /wd/hub/session/d97141cc-585f-4759-9f47-d0c40bca68e7/elements [39m[32m200[39m [90m391 ms - 12[39m
[38;5;0m[HTTP][0m [90m[39m
[38;5;0m[HTTP][0m [37m-->[39m [37mPOST[39m [37m/wd/hub/session/d97141cc-585f-4759-9f47-d0c40bca68e7/elements[39m
[38;5;0m[HTTP][0m [90m{"using":"xpath","value":"//*[@class = 'android.widget.TextView' and (@text = 'Incorrect user name or password.' or . = 'Incorrect user name or password.') and @resource-id = 'com.Advantage.aShopping:id/textViewFailed']"}[39m
[38;5;0m[HTTP][0m [37m<-- POST /wd/hub/session/d97141cc-585f-4759-9f47-d0c40bca68e7/elements [39m[32m200[39m [90m366 ms - 12[39m
[38;5;0m[HTTP][0m [90m[39m
[38;5;0m[HTTP][0m [37m-->[39m [37mPOST[39m [37m/wd/hub/session/d97141cc-585f-4759-9f47-d0c40bca68e7/elements[39m
[38;5;0m[HTTP][0m [90m{"using":"xpath","value":"//*[@class = 'android.widget.TextView' and (@text = 'Incorrect user name or password.' or . = 'Incorrect user name or password.') and @resource-id = 'com.Advantage.aShopping:id/textViewFailed']"}[39m
[38;5;0m[HTTP][0m [37m<-- POST /wd/hub/session/d97141cc-585f-4759-9f47-d0c40bca68e7/elements [39m[32m200[39m [90m357 ms - 12[39m
[38;5;0m[HTTP][0m [90m[39m
[38;5;0m[HTTP][0m [37m-->[39m [37mPOST[39m [37m/wd/hub/session/d97141cc-585f-4759-9f47-d0c40bca68e7/elements[39m
[38;5;0m[HTTP][0m [90m{"using":"xpath","value":"//*[@class = 'android.widget.TextView' and (@text = 'Incorrect user name or password.' or . = 'Incorrect user name or password.') and @resource-id = 'com.Advantage.aShopping:id/textViewFailed']"}[39m
[38;5;0m[HTTP][0m [37m<-- POST /wd/hub/session/d97141cc-585f-4759-9f47-d0c40bca68e7/elements [39m[32m200[39m [90m383 ms - 12[39m
[38;5;0m[HTTP][0m [90m[39m
[38;5;0m[HTTP][0m [37m-->[39m [37mPOST[39m [37m/wd/hub/session/d97141cc-585f-4759-9f47-d0c40bca68e7/elements[39m
[38;5;0m[HTTP][0m [90m{"using":"xpath","value":"//*[@class = 'android.widget.TextView' and (@text = 'Incorrect user name or password.' or . = 'Incorrect user name or password.') and @resource-id = 'com.Advantage.aShopping:id/textViewFailed']"}[39m
[38;5;0m[HTTP][0m [37m<-- POST /wd/hub/session/d97141cc-585f-4759-9f47-d0c40bca68e7/elements [39m[32m200[39m [90m368 ms - 12[39m
[38;5;0m[HTTP][0m [90m[39m
[38;5;0m[HTTP][0m [37m-->[39m [37mPOST[39m [37m/wd/hub/session/d97141cc-585f-4759-9f47-d0c40bca68e7/elements[39m
[38;5;0m[HTTP][0m [90m{"using":"xpath","value":"//*[@class = 'android.widget.TextView' and (@text = 'Incorrect user name or password.' or . = 'Incorrect user name or password.') and @resource-id = 'com.Advantage.aShopping:id/textViewFailed']"}[39m
[38;5;0m[HTTP][0m [37m<-- POST /wd/hub/session/d97141cc-585f-4759-9f47-d0c40bca68e7/elements [39m[32m200[39m [90m379 ms - 12[39m
[38;5;0m[HTTP][0m [90m[39m
[38;5;0m[HTTP][0m [37m-->[39m [37mPOST[39m [37m/wd/hub/session/d97141cc-585f-4759-9f47-d0c40bca68e7/elements[39m
[38;5;0m[HTTP][0m [90m{"using":"xpath","value":"//*[@class = 'android.widget.TextView' and (@text = 'Incorrect user name or password.' or . = 'Incorrect user name or password.') and @resource-id = 'com.Advantage.aShopping:id/textViewFailed']"}[39m
[38;5;0m[HTTP][0m [37m<-- POST /wd/hub/session/d97141cc-585f-4759-9f47-d0c40bca68e7/elements [39m[32m200[39m [90m337 ms - 12[39m
[38;5;0m[HTTP][0m [90m[39m
[38;5;0m[HTTP][0m [37m-->[39m [37mPOST[39m [37m/wd/hub/session/d97141cc-585f-4759-9f47-d0c40bca68e7/elements[39m
[38;5;0m[HTTP][0m [90m{"using":"xpath","value":"//*[@class = 'android.widget.TextView' and (@text = 'Incorrect user name or password.' or . = 'Incorrect user name or password.') and @resource-id = 'com.Advantage.aShopping:id/textViewFailed']"}[39m
[38;5;0m[HTTP][0m [37m<-- POST /wd/hub/session/d97141cc-585f-4759-9f47-d0c40bca68e7/elements [39m[32m200[39m [90m235 ms - 12[39m
[38;5;0m[HTTP][0m [90m[39m
[38;5;0m[HTTP][0m [37m-->[39m [37mPOST[39m [37m/wd/hub/session/d97141cc-585f-4759-9f47-d0c40bca68e7/elements[39m
[38;5;0m[HTTP][0m [90m{"using":"xpath","value":"//*[@class = 'android.widget.TextView' and (@text = 'Incorrect user name or password.' or . = 'Incorrect user name or password.') and @resource-id = 'com.Advantage.aShopping:id/textViewFailed']"}[39m
[38;5;0m[HTTP][0m [37m<-- POST /wd/hub/session/d97141cc-585f-4759-9f47-d0c40bca68e7/elements [39m[32m200[39m [90m233 ms - 12[39m
[38;5;0m[HTTP][0m [90m[39m
[38;5;0m[HTTP][0m [37m-->[39m [37mPOST[39m [37m/wd/hub/session/d97141cc-585f-4759-9f47-d0c40bca68e7/elements[39m
[38;5;0m[HTTP][0m [90m{"using":"xpath","value":"//*[@class = 'android.widget.TextView' and (@text = 'Incorrect user name or password.' or . = 'Incorrect user name or password.') and @resource-id = 'com.Advantage.aShopping:id/textViewFailed']"}[39m
[38;5;0m[HTTP][0m [37m<-- POST /wd/hub/session/d97141cc-585f-4759-9f47-d0c40bca68e7/elements [39m[32m200[39m [90m248 ms - 12[39m
[38;5;0m[HTTP][0m [90m[39m
[38;5;0m[HTTP][0m [37m-->[39m [37mPOST[39m [37m/wd/hub/session/d97141cc-585f-4759-9f47-d0c40bca68e7/elements[39m
[38;5;0m[HTTP][0m [90m{"using":"xpath","value":"//*[@class = 'android.widget.TextView' and (@text = 'Incorrect user name or password.' or . = 'Incorrect user name or password.') and @resource-id = 'com.Advantage.aShopping:id/textViewFailed']"}[39m
[38;5;0m[HTTP][0m [37m<-- POST /wd/hub/session/d97141cc-585f-4759-9f47-d0c40bca68e7/elements [39m[32m200[39m [90m255 ms - 12[39m
[38;5;0m[HTTP][0m [90m[39m
[38;5;0m[HTTP][0m [37m-->[39m [37mPOST[39m [37m/wd/hub/session/d97141cc-585f-4759-9f47-d0c40bca68e7/elements[39m
[38;5;0m[HTTP][0m [90m{"using":"xpath","value":"//*[@class = 'android.widget.TextView' and (@text = 'Incorrect user name or password.' or . = 'Incorrect user name or password.') and @resource-id = 'com.Advantage.aShopping:id/textViewFailed']"}[39m
[38;5;0m[HTTP][0m [37m<-- POST /wd/hub/session/d97141cc-585f-4759-9f47-d0c40bca68e7/elements [39m[32m200[39m [90m259 ms - 12[39m
[38;5;0m[HTTP][0m [90m[39m
[38;5;0m[HTTP][0m [37m-->[39m [37mPOST[39m [37m/wd/hub/session/d97141cc-585f-4759-9f47-d0c40bca68e7/elements[39m
[38;5;0m[HTTP][0m [90m{"using":"xpath","value":"//*[@class = 'android.widget.TextView' and (@text = 'Incorrect user name or password.' or . = 'Incorrect user name or password.') and @resource-id = 'com.Advantage.aShopping:id/textViewFailed']"}[39m
[38;5;0m[HTTP][0m [37m<-- POST /wd/hub/session/d97141cc-585f-4759-9f47-d0c40bca68e7/elements [39m[32m200[39m [90m266 ms - 12[39m
[38;5;0m[HTTP][0m [90m[39m
[38;5;0m[HTTP][0m [37m-->[39m [37mPOST[39m [37m/wd/hub/session/d97141cc-585f-4759-9f47-d0c40bca68e7/elements[39m
[38;5;0m[HTTP][0m [90m{"using":"xpath","value":"//*[@class = 'android.widget.TextView' and (@text = 'Incorrect user name or password.' or . = 'Incorrect user name or password.') and @resource-id = 'com.Advantage.aShopping:id/textViewFailed']"}[39m
[38;5;0m[HTTP][0m [37m<-- POST /wd/hub/session/d97141cc-585f-4759-9f47-d0c40bca68e7/elements [39m[32m200[39m [90m209 ms - 12[39m
[38;5;0m[HTTP][0m [90m[39m
[38;5;0m[HTTP][0m [37m-->[39m [37mPOST[39m [37m/wd/hub/session/d97141cc-585f-4759-9f47-d0c40bca68e7/elements[39m
[38;5;0m[HTTP][0m [90m{"using":"xpath","value":"//*[@class = 'android.widget.TextView' and (@text = 'Incorrect user name or password.' or . = 'Incorrect user name or password.') and @resource-id = 'com.Advantage.aShopping:id/textViewFailed']"}[39m
[38;5;0m[HTTP][0m [37m<-- POST /wd/hub/session/d97141cc-585f-4759-9f47-d0c40bca68e7/elements [39m[32m200[39m [90m200 ms - 12[39m
[38;5;0m[HTTP][0m [90m[39m
[38;5;0m[HTTP][0m [37m-->[39m [37mPOST[39m [37m/wd/hub/session/d97141cc-585f-4759-9f47-d0c40bca68e7/elements[39m
[38;5;0m[HTTP][0m [90m{"using":"xpath","value":"//*[@class = 'android.widget.TextView' and (@text = 'Incorrect user name or password.' or . = 'Incorrect user name or password.') and @resource-id = 'com.Advantage.aShopping:id/textViewFailed']"}[39m
[38;5;0m[HTTP][0m [37m<-- POST /wd/hub/session/d97141cc-585f-4759-9f47-d0c40bca68e7/elements [39m[32m200[39m [90m195 ms - 12[39m
[38;5;0m[HTTP][0m [90m[39m
[38;5;0m[HTTP][0m [37m-->[39m [37mPOST[39m [37m/wd/hub/session/d97141cc-585f-4759-9f47-d0c40bca68e7/elements[39m
[38;5;0m[HTTP][0m [90m{"using":"xpath","value":"//*[@class = 'android.widget.TextView' and (@text = 'Incorrect user name or password.' or . = 'Incorrect user name or password.') and @resource-id = 'com.Advantage.aShopping:id/textViewFailed']"}[39m
[38;5;0m[HTTP][0m [37m<-- POST /wd/hub/session/d97141cc-585f-4759-9f47-d0c40bca68e7/elements [39m[32m200[39m [90m226 ms - 12[39m
[38;5;0m[HTTP][0m [90m[39m
[38;5;0m[HTTP][0m [37m-->[39m [37mPOST[39m [37m/wd/hub/session/d97141cc-585f-4759-9f47-d0c40bca68e7/elements[39m
[38;5;0m[HTTP][0m [90m{"using":"xpath","value":"//*[@class = 'android.widget.TextView' and (@text = 'Incorrect user name or password.' or . = 'Incorrect user name or password.') and @resource-id = 'com.Advantage.aShopping:id/textViewFailed']"}[39m
[38;5;0m[HTTP][0m [37m<-- POST /wd/hub/session/d97141cc-585f-4759-9f47-d0c40bca68e7/elements [39m[32m200[39m [90m305 ms - 12[39m
[38;5;0m[HTTP][0m [90m[39m
[38;5;0m[HTTP][0m [37m-->[39m [37mPOST[39m [37m/wd/hub/session/d97141cc-585f-4759-9f47-d0c40bca68e7/elements[39m
[38;5;0m[HTTP][0m [90m{"using":"xpath","value":"//*[@class = 'android.widget.TextView' and (@text = 'Incorrect user name or password.' or . = 'Incorrect user name or password.') and @resource-id = 'com.Advantage.aShopping:id/textViewFailed']"}[39m
[38;5;0m[HTTP][0m [37m<-- POST /wd/hub/session/d97141cc-585f-4759-9f47-d0c40bca68e7/elements [39m[32m200[39m [90m327 ms - 12[39m
[38;5;0m[HTTP][0m [90m[39m
[38;5;0m[HTTP][0m [37m-->[39m [37mPOST[39m [37m/wd/hub/session/d97141cc-585f-4759-9f47-d0c40bca68e7/elements[39m
[38;5;0m[HTTP][0m [90m{"using":"xpath","value":"//*[@class = 'android.widget.TextView' and (@text = 'Incorrect user name or password.' or . = 'Incorrect user name or password.') and @resource-id = 'com.Advantage.aShopping:id/textViewFailed']"}[39m
[38;5;0m[HTTP][0m [37m<-- POST /wd/hub/session/d97141cc-585f-4759-9f47-d0c40bca68e7/elements [39m[32m200[39m [90m263 ms - 12[39m
[38;5;0m[HTTP][0m [90m[39m
[38;5;0m[HTTP][0m [37m-->[39m [37mPOST[39m [37m/wd/hub/session/d97141cc-585f-4759-9f47-d0c40bca68e7/elements[39m
[38;5;0m[HTTP][0m [90m{"using":"xpath","value":"//*[@class = 'android.widget.TextView' and (@text = 'Incorrect user name or password.' or . = 'Incorrect user name or password.') and @resource-id = 'com.Advantage.aShopping:id/textViewFailed']"}[39m
[38;5;0m[HTTP][0m [37m<-- POST /wd/hub/session/d97141cc-585f-4759-9f47-d0c40bca68e7/elements [39m[32m200[39m [90m257 ms - 12[39m
[38;5;0m[HTTP][0m [90m[39m
[38;5;0m[HTTP][0m [37m-->[39m [37mPOST[39m [37m/wd/hub/session/d97141cc-585f-4759-9f47-d0c40bca68e7/elements[39m
[38;5;0m[HTTP][0m [90m{"using":"xpath","value":"//*[@class = 'android.widget.TextView' and (@text = 'Incorrect user name or password.' or . = 'Incorrect user name or password.') and @resource-id = 'com.Advantage.aShopping:id/textViewFailed']"}[39m
[38;5;0m[HTTP][0m [37m<-- POST /wd/hub/session/d97141cc-585f-4759-9f47-d0c40bca68e7/elements [39m[32m200[39m [90m229 ms - 12[39m
[38;5;0m[HTTP][0m [90m[39m
[38;5;0m[HTTP][0m [37m-->[39m [37mPOST[39m [37m/wd/hub/session/d97141cc-585f-4759-9f47-d0c40bca68e7/elements[39m
[38;5;0m[HTTP][0m [90m{"using":"xpath","value":"//*[@class = 'android.widget.TextView' and (@text = 'Incorrect user name or password.' or . = 'Incorrect user name or password.') and @resource-id = 'com.Advantage.aShopping:id/textViewFailed']"}[39m
[38;5;0m[HTTP][0m [37m<-- POST /wd/hub/session/d97141cc-585f-4759-9f47-d0c40bca68e7/elements [39m[32m200[39m [90m202 ms - 12[39m
[38;5;0m[HTTP][0m [90m[39m
[38;5;0m[HTTP][0m [37m-->[39m [37mPOST[39m [37m/wd/hub/session/d97141cc-585f-4759-9f47-d0c40bca68e7/elements[39m
[38;5;0m[HTTP][0m [90m{"using":"xpath","value":"//*[@class = 'android.widget.TextView' and (@text = 'Incorrect user name or password.' or . = 'Incorrect user name or password.') and @resource-id = 'com.Advantage.aShopping:id/textViewFailed']"}[39m
[38;5;0m[HTTP][0m [37m<-- POST /wd/hub/session/d97141cc-585f-4759-9f47-d0c40bca68e7/elements [39m[32m200[39m [90m186 ms - 12[39m
[38;5;0m[HTTP][0m [90m[39m
[38;5;0m[HTTP][0m [37m-->[39m [37mPOST[39m [37m/wd/hub/session/d97141cc-585f-4759-9f47-d0c40bca68e7/elements[39m
[38;5;0m[HTTP][0m [90m{"using":"xpath","value":"//*[@class = 'android.widget.TextView' and (@text = 'Incorrect user name or password.' or . = 'Incorrect user name or password.') and @resource-id = 'com.Advantage.aShopping:id/textViewFailed']"}[39m
[38;5;0m[HTTP][0m [37m<-- POST /wd/hub/session/d97141cc-585f-4759-9f47-d0c40bca68e7/elements [39m[32m200[39m [90m198 ms - 12[39m
[38;5;0m[HTTP][0m [90m[39m
[38;5;0m[HTTP][0m [37m-->[39m [37mPOST[39m [37m/wd/hub/session/d97141cc-585f-4759-9f47-d0c40bca68e7/elements[39m
[38;5;0m[HTTP][0m [90m{"using":"xpath","value":"//*[@class = 'android.widget.TextView' and (@text = 'Incorrect user name or password.' or . = 'Incorrect user name or password.') and @resource-id = 'com.Advantage.aShopping:id/textViewFailed']"}[39m
[38;5;0m[HTTP][0m [37m<-- POST /wd/hub/session/d97141cc-585f-4759-9f47-d0c40bca68e7/elements [39m[32m200[39m [90m241 ms - 12[39m
[38;5;0m[HTTP][0m [90m[39m
[38;5;0m[HTTP][0m [37m-->[39m [37mPOST[39m [37m/wd/hub/session/d97141cc-585f-4759-9f47-d0c40bca68e7/elements[39m
[38;5;0m[HTTP][0m [90m{"using":"xpath","value":"//*[@class = 'android.widget.TextView' and (@text = 'Incorrect user name or password.' or . = 'Incorrect user name or password.') and @resource-id = 'com.Advantage.aShopping:id/textViewFailed']"}[39m
[38;5;0m[HTTP][0m [37m<-- POST /wd/hub/session/d97141cc-585f-4759-9f47-d0c40bca68e7/elements [39m[32m200[39m [90m282 ms - 12[39m
[38;5;0m[HTTP][0m [90m[39m
[38;5;0m[HTTP][0m [37m-->[39m [37mPOST[39m [37m/wd/hub/session/d97141cc-585f-4759-9f47-d0c40bca68e7/elements[39m
[38;5;0m[HTTP][0m [90m{"using":"xpath","value":"//*[@class = 'android.widget.TextView' and (@text = 'Incorrect user name or password.' or . = 'Incorrect user name or password.') and @resource-id = 'com.Advantage.aShopping:id/textViewFailed']"}[39m
[38;5;0m[HTTP][0m [37m<-- POST /wd/hub/session/d97141cc-585f-4759-9f47-d0c40bca68e7/elements [39m[32m200[39m [90m251 ms - 12[39m
[38;5;0m[HTTP][0m [90m[39m
[38;5;0m[HTTP][0m [37m-->[39m [37mPOST[39m [37m/wd/hub/session/d97141cc-585f-4759-9f47-d0c40bca68e7/elements[39m
[38;5;0m[HTTP][0m [90m{"using":"xpath","value":"//*[@class = 'android.widget.TextView' and (@text = 'Incorrect user name or password.' or . = 'Incorrect user name or password.') and @resource-id = 'com.Advantage.aShopping:id/textViewFailed']"}[39m
[38;5;0m[HTTP][0m [37m<-- POST /wd/hub/session/d97141cc-585f-4759-9f47-d0c40bca68e7/elements [39m[32m200[39m [90m300 ms - 12[39m
[38;5;0m[HTTP][0m [90m[39m
[38;5;0m[HTTP][0m [37m-->[39m [37mPOST[39m [37m/wd/hub/session/d97141cc-585f-4759-9f47-d0c40bca68e7/elements[39m
[38;5;0m[HTTP][0m [90m{"using":"xpath","value":"//*[@class = 'android.widget.TextView' and (@text = 'Incorrect user name or password.' or . = 'Incorrect user name or password.') and @resource-id = 'com.Advantage.aShopping:id/textViewFailed']"}[39m
[38;5;0m[HTTP][0m [37m<-- POST /wd/hub/session/d97141cc-585f-4759-9f47-d0c40bca68e7/elements [39m[32m200[39m [90m284 ms - 12[39m
[38;5;0m[HTTP][0m [90m[39m
[38;5;0m[HTTP][0m [37m-->[39m [37mPOST[39m [37m/wd/hub/session/d97141cc-585f-4759-9f47-d0c40bca68e7/elements[39m
[38;5;0m[HTTP][0m [90m{"using":"xpath","value":"//*[@class = 'android.widget.TextView' and (@text = 'Incorrect user name or password.' or . = 'Incorrect user name or password.') and @resource-id = 'com.Advantage.aShopping:id/textViewFailed']"}[39m
[38;5;0m[HTTP][0m [37m<-- POST /wd/hub/session/d97141cc-585f-4759-9f47-d0c40bca68e7/elements [39m[32m200[39m [90m268 ms - 12[39m
[38;5;0m[HTTP][0m [90m[39m
[38;5;0m[HTTP][0m [37m-->[39m [37mPOST[39m [37m/wd/hub/session/d97141cc-585f-4759-9f47-d0c40bca68e7/elements[39m
[38;5;0m[HTTP][0m [90m{"using":"xpath","value":"//*[@class = 'android.widget.TextView' and (@text = 'Incorrect user name or password.' or . = 'Incorrect user name or password.') and @resource-id = 'com.Advantage.aShopping:id/textViewFailed']"}[39m
[38;5;0m[HTTP][0m [37m<-- POST /wd/hub/session/d97141cc-585f-4759-9f47-d0c40bca68e7/elements [39m[32m200[39m [90m212 ms - 12[39m
[38;5;0m[HTTP][0m [90m[39m
[38;5;0m[HTTP][0m [37m-->[39m [37mPOST[39m [37m/wd/hub/session/d97141cc-585f-4759-9f47-d0c40bca68e7/elements[39m
[38;5;0m[HTTP][0m [90m{"using":"xpath","value":"//*[@class = 'android.widget.TextView' and (@text = 'Incorrect user name or password.' or . = 'Incorrect user name or password.') and @resource-id = 'com.Advantage.aShopping:id/textViewFailed']"}[39m
[38;5;0m[HTTP][0m [37m<-- POST /wd/hub/session/d97141cc-585f-4759-9f47-d0c40bca68e7/elements [39m[32m200[39m [90m199 ms - 12[39m
[38;5;0m[HTTP][0m [90m[39m
[38;5;0m[HTTP][0m [37m-->[39m [37mPOST[39m [37m/wd/hub/session/d97141cc-585f-4759-9f47-d0c40bca68e7/elements[39m
[38;5;0m[HTTP][0m [90m{"using":"xpath","value":"//*[@class = 'android.widget.TextView' and (@text = 'Incorrect user name or password.' or . = 'Incorrect user name or password.') and @resource-id = 'com.Advantage.aShopping:id/textViewFailed']"}[39m
[38;5;0m[HTTP][0m [37m<-- POST /wd/hub/session/d97141cc-585f-4759-9f47-d0c40bca68e7/elements [39m[32m200[39m [90m184 ms - 12[39m
[38;5;0m[HTTP][0m [90m[39m
[38;5;0m[HTTP][0m [37m-->[39m [37mPOST[39m [37m/wd/hub/session/d97141cc-585f-4759-9f47-d0c40bca68e7/elements[39m
[38;5;0m[HTTP][0m [90m{"using":"xpath","value":"//*[@class = 'android.widget.TextView' and (@text = 'Incorrect user name or password.' or . = 'Incorrect user name or password.') and @resource-id = 'com.Advantage.aShopping:id/textViewFailed']"}[39m
[38;5;0m[HTTP][0m [37m<-- POST /wd/hub/session/d97141cc-585f-4759-9f47-d0c40bca68e7/elements [39m[32m200[39m [90m264 ms - 12[39m
[38;5;0m[HTTP][0m [90m[39m
[38;5;0m[HTTP][0m [37m-->[39m [37mPOST[39m [37m/wd/hub/session/d97141cc-585f-4759-9f47-d0c40bca68e7/elements[39m
[38;5;0m[HTTP][0m [90m{"using":"xpath","value":"//*[@class = 'android.widget.TextView' and (@text = 'Incorrect user name or password.' or . = 'Incorrect user name or password.') and @resource-id = 'com.Advantage.aShopping:id/textViewFailed']"}[39m
[38;5;0m[HTTP][0m [37m<-- POST /wd/hub/session/d97141cc-585f-4759-9f47-d0c40bca68e7/elements [39m[32m200[39m [90m291 ms - 12[39m
[38;5;0m[HTTP][0m [90m[39m
[38;5;0m[HTTP][0m [37m-->[39m [37mPOST[39m [37m/wd/hub/session/d97141cc-585f-4759-9f47-d0c40bca68e7/elements[39m
[38;5;0m[HTTP][0m [90m{"using":"xpath","value":"//*[@class = 'android.widget.TextView' and (@text = 'Incorrect user name or password.' or . = 'Incorrect user name or password.') and @resource-id = 'com.Advantage.aShopping:id/textViewFailed']"}[39m
[38;5;0m[HTTP][0m [37m<-- POST /wd/hub/session/d97141cc-585f-4759-9f47-d0c40bca68e7/elements [39m[32m200[39m [90m269 ms - 12[39m
[38;5;0m[HTTP][0m [90m[39m
[38;5;0m[HTTP][0m [37m-->[39m [37mPOST[39m [37m/wd/hub/session/d97141cc-585f-4759-9f47-d0c40bca68e7/elements[39m
[38;5;0m[HTTP][0m [90m{"using":"xpath","value":"//*[@class = 'android.widget.TextView' and (@text = 'Incorrect user name or password.' or . = 'Incorrect user name or password.') and @resource-id = 'com.Advantage.aShopping:id/textViewFailed']"}[39m
[38;5;0m[HTTP][0m [37m<-- POST /wd/hub/session/d97141cc-585f-4759-9f47-d0c40bca68e7/elements [39m[32m200[39m [90m317 ms - 12[39m
[38;5;0m[HTTP][0m [90m[39m
[38;5;0m[HTTP][0m [37m-->[39m [37mPOST[39m [37m/wd/hub/session/d97141cc-585f-4759-9f47-d0c40bca68e7/elements[39m
[38;5;0m[HTTP][0m [90m{"using":"xpath","value":"//*[@class = 'android.widget.TextView' and (@text = 'Incorrect user name or password.' or . = 'Incorrect user name or password.') and @resource-id = 'com.Advantage.aShopping:id/textViewFailed']"}[39m
[38;5;0m[HTTP][0m [37m<-- POST /wd/hub/session/d97141cc-585f-4759-9f47-d0c40bca68e7/elements [39m[32m200[39m [90m508 ms - 12[39m
[38;5;0m[HTTP][0m [90m[39m
[38;5;0m[HTTP][0m [37m-->[39m [37mPOST[39m [37m/wd/hub/session/d97141cc-585f-4759-9f47-d0c40bca68e7/elements[39m
[38;5;0m[HTTP][0m [90m{"using":"xpath","value":"//*[@class = 'android.widget.TextView' and (@text = 'Incorrect user name or password.' or . = 'Incorrect user name or password.') and @resource-id = 'com.Advantage.aShopping:id/textViewFailed']"}[39m
[38;5;0m[HTTP][0m [37m<-- POST /wd/hub/session/d97141cc-585f-4759-9f47-d0c40bca68e7/elements [39m[32m200[39m [90m195 ms - 12[39m
[38;5;0m[HTTP][0m [90m[39m
[38;5;0m[HTTP][0m [37m-->[39m [37mPOST[39m [37m/wd/hub/session/d97141cc-585f-4759-9f47-d0c40bca68e7/elements[39m
[38;5;0m[HTTP][0m [90m{"using":"xpath","value":"//*[@class = 'android.widget.TextView' and (@text = 'Incorrect user name or password.' or . = 'Incorrect user name or password.') and @resource-id = 'com.Advantage.aShopping:id/textViewFailed']"}[39m
[38;5;0m[HTTP][0m [37m<-- POST /wd/hub/session/d97141cc-585f-4759-9f47-d0c40bca68e7/elements [39m[32m200[39m [90m177 ms - 12[39m
[38;5;0m[HTTP][0m [90m[39m
[38;5;0m[HTTP][0m [37m-->[39m [37mPOST[39m [37m/wd/hub/session/d97141cc-585f-4759-9f47-d0c40bca68e7/elements[39m
[38;5;0m[HTTP][0m [90m{"using":"xpath","value":"//*[@class = 'android.widget.TextView' and (@text = 'Incorrect user name or password.' or . = 'Incorrect user name or password.') and @resource-id = 'com.Advantage.aShopping:id/textViewFailed']"}[39m
[38;5;0m[HTTP][0m [37m<-- POST /wd/hub/session/d97141cc-585f-4759-9f47-d0c40bca68e7/elements [39m[32m200[39m [90m207 ms - 12[39m
[38;5;0m[HTTP][0m [90m[39m
[38;5;0m[HTTP][0m [37m-->[39m [37mPOST[39m [37m/wd/hub/session/d97141cc-585f-4759-9f47-d0c40bca68e7/elements[39m
[38;5;0m[HTTP][0m [90m{"using":"xpath","value":"//*[@class = 'android.widget.TextView' and (@text = 'Incorrect user name or password.' or . = 'Incorrect user name or password.') and @resource-id = 'com.Advantage.aShopping:id/textViewFailed']"}[39m
[38;5;0m[HTTP][0m [37m<-- POST /wd/hub/session/d97141cc-585f-4759-9f47-d0c40bca68e7/elements [39m[32m200[39m [90m188 ms - 12[39m
[38;5;0m[HTTP][0m [90m[39m
[38;5;0m[HTTP][0m [37m-->[39m [37mPOST[39m [37m/wd/hub/session/d97141cc-585f-4759-9f47-d0c40bca68e7/elements[39m
[38;5;0m[HTTP][0m [90m{"using":"xpath","value":"//*[@class = 'android.widget.TextView' and (@text = 'Incorrect user name or password.' or . = 'Incorrect user name or password.') and @resource-id = 'com.Advantage.aShopping:id/textViewFailed']"}[39m
[38;5;0m[HTTP][0m [37m<-- POST /wd/hub/session/d97141cc-585f-4759-9f47-d0c40bca68e7/elements [39m[32m200[39m [90m181 ms - 12[39m
[38;5;0m[HTTP][0m [90m[39m
[38;5;0m[HTTP][0m [37m-->[39m [37mPOST[39m [37m/wd/hub/session/d97141cc-585f-4759-9f47-d0c40bca68e7/elements[39m
[38;5;0m[HTTP][0m [90m{"using":"xpath","value":"//*[@class = 'android.widget.TextView' and (@text = 'Incorrect user name or password.' or . = 'Incorrect user name or password.') and @resource-id = 'com.Advantage.aShopping:id/textViewFailed']"}[39m
[38;5;0m[HTTP][0m [37m<-- POST /wd/hub/session/d97141cc-585f-4759-9f47-d0c40bca68e7/elements [39m[32m200[39m [90m178 ms - 12[39m
[38;5;0m[HTTP][0m [90m[39m
[38;5;0m[HTTP][0m [37m-->[39m [37mPOST[39m [37m/wd/hub/session/d97141cc-585f-4759-9f47-d0c40bca68e7/elements[39m
[38;5;0m[HTTP][0m [90m{"using":"xpath","value":"//*[@class = 'android.widget.TextView' and (@text = 'Incorrect user name or password.' or . = 'Incorrect user name or password.') and @resource-id = 'com.Advantage.aShopping:id/textViewFailed']"}[39m
[38;5;0m[HTTP][0m [37m<-- POST /wd/hub/session/d97141cc-585f-4759-9f47-d0c40bca68e7/elements [39m[32m200[39m [90m194 ms - 12[39m
[38;5;0m[HTTP][0m [90m[39m
[38;5;0m[HTTP][0m [37m-->[39m [37mPOST[39m [37m/wd/hub/session/d97141cc-585f-4759-9f47-d0c40bca68e7/elements[39m
[38;5;0m[HTTP][0m [90m{"using":"xpath","value":"//*[@class = 'android.widget.TextView' and (@text = 'Incorrect user name or password.' or . = 'Incorrect user name or password.') and @resource-id = 'com.Advantage.aShopping:id/textViewFailed']"}[39m
[38;5;0m[HTTP][0m [37m<-- POST /wd/hub/session/d97141cc-585f-4759-9f47-d0c40bca68e7/elements [39m[32m200[39m [90m204 ms - 12[39m
[38;5;0m[HTTP][0m [90m[39m
[38;5;0m[HTTP][0m [37m-->[39m [37mPOST[39m [37m/wd/hub/session/d97141cc-585f-4759-9f47-d0c40bca68e7/elements[39m
[38;5;0m[HTTP][0m [90m{"using":"xpath","value":"//*[@class = 'android.widget.TextView' and (@text = 'Incorrect user name or password.' or . = 'Incorrect user name or password.') and @resource-id = 'com.Advantage.aShopping:id/textViewFailed']"}[39m
[38;5;0m[HTTP][0m [37m<-- POST /wd/hub/session/d97141cc-585f-4759-9f47-d0c40bca68e7/elements [39m[32m200[39m [90m182 ms - 12[39m
[38;5;0m[HTTP][0m [90m[39m
[38;5;0m[HTTP][0m [37m-->[39m [37mPOST[39m [37m/wd/hub/session/d97141cc-585f-4759-9f47-d0c40bca68e7/elements[39m
[38;5;0m[HTTP][0m [90m{"using":"xpath","value":"//*[@class = 'android.widget.TextView' and (@text = 'Incorrect user name or password.' or . = 'Incorrect user name or password.') and @resource-id = 'com.Advantage.aShopping:id/textViewFailed']"}[39m
[38;5;0m[HTTP][0m [37m<-- POST /wd/hub/session/d97141cc-585f-4759-9f47-d0c40bca68e7/elements [39m[32m200[39m [90m186 ms - 12[39m
[38;5;0m[HTTP][0m [90m[39m
[38;5;0m[HTTP][0m [37m-->[39m [37mPOST[39m [37m/wd/hub/session/d97141cc-585f-4759-9f47-d0c40bca68e7/elements[39m
[38;5;0m[HTTP][0m [90m{"using":"xpath","value":"//*[@class = 'android.widget.TextView' and (@text = 'Incorrect user name or password.' or . = 'Incorrect user name or password.') and @resource-id = 'com.Advantage.aShopping:id/textViewFailed']"}[39m
[38;5;0m[HTTP][0m [37m<-- POST /wd/hub/session/d97141cc-585f-4759-9f47-d0c40bca68e7/elements [39m[32m200[39m [90m202 ms - 12[39m
[38;5;0m[HTTP][0m [90m[39m
[38;5;0m[HTTP][0m [37m-->[39m [37mPOST[39m [37m/wd/hub/session/d97141cc-585f-4759-9f47-d0c40bca68e7/elements[39m
[38;5;0m[HTTP][0m [90m{"using":"xpath","value":"//*[@class = 'android.widget.TextView' and (@text = 'Incorrect user name or password.' or . = 'Incorrect user name or password.') and @resource-id = 'com.Advantage.aShopping:id/textViewFailed']"}[39m
[38;5;0m[HTTP][0m [37m<-- POST /wd/hub/session/d97141cc-585f-4759-9f47-d0c40bca68e7/elements [39m[32m200[39m [90m190 ms - 12[39m
[38;5;0m[HTTP][0m [90m[39m
[38;5;0m[HTTP][0m [37m-->[39m [37mPOST[39m [37m/wd/hub/session/d97141cc-585f-4759-9f47-d0c40bca68e7/elements[39m
[38;5;0m[HTTP][0m [90m{"using":"xpath","value":"//*[@class = 'android.widget.TextView' and (@text = 'Incorrect user name or password.' or . = 'Incorrect user name or password.') and @resource-id = 'com.Advantage.aShopping:id/textViewFailed']"}[39m
[38;5;0m[HTTP][0m [37m<-- POST /wd/hub/session/d97141cc-585f-4759-9f47-d0c40bca68e7/elements [39m[32m200[39m [90m190 ms - 12[39m
[38;5;0m[HTTP][0m [90m[39m
[38;5;0m[HTTP][0m [37m-->[39m [37mPOST[39m [37m/wd/hub/session/d97141cc-585f-4759-9f47-d0c40bca68e7/elements[39m
[38;5;0m[HTTP][0m [90m{"using":"xpath","value":"//*[@class = 'android.widget.TextView' and (@text = 'Incorrect user name or password.' or . = 'Incorrect user name or password.') and @resource-id = 'com.Advantage.aShopping:id/textViewFailed']"}[39m
[38;5;0m[HTTP][0m [37m<-- POST /wd/hub/session/d97141cc-585f-4759-9f47-d0c40bca68e7/elements [39m[32m200[39m [90m170 ms - 12[39m
[38;5;0m[HTTP][0m [90m[39m
[38;5;0m[HTTP][0m [37m-->[39m [37mPOST[39m [37m/wd/hub/session/d97141cc-585f-4759-9f47-d0c40bca68e7/elements[39m
[38;5;0m[HTTP][0m [90m{"using":"xpath","value":"//*[@class = 'android.widget.TextView' and (@text = 'Incorrect user name or password.' or . = 'Incorrect user name or password.') and @resource-id = 'com.Advantage.aShopping:id/textViewFailed']"}[39m
[38;5;0m[HTTP][0m [37m<-- POST /wd/hub/session/d97141cc-585f-4759-9f47-d0c40bca68e7/elements [39m[32m200[39m [90m181 ms - 12[39m
[38;5;0m[HTTP][0m [90m[39m
[38;5;0m[HTTP][0m [37m-->[39m [37mPOST[39m [37m/wd/hub/session/d97141cc-585f-4759-9f47-d0c40bca68e7/elements[39m
[38;5;0m[HTTP][0m [90m{"using":"xpath","value":"//*[@class = 'android.widget.TextView' and (@text = 'Incorrect user name or password.' or . = 'Incorrect user name or password.') and @resource-id = 'com.Advantage.aShopping:id/textViewFailed']"}[39m
[38;5;0m[HTTP][0m [37m<-- POST /wd/hub/session/d97141cc-585f-4759-9f47-d0c40bca68e7/elements [39m[32m200[39m [90m202 ms - 12[39m
[38;5;0m[HTTP][0m [90m[39m
[38;5;0m[HTTP][0m [37m-->[39m [37mPOST[39m [37m/wd/hub/session/d97141cc-585f-4759-9f47-d0c40bca68e7/elements[39m
[38;5;0m[HTTP][0m [90m{"using":"xpath","value":"//*[@class = 'android.widget.TextView' and (@text = 'Incorrect user name or password.' or . = 'Incorrect user name or password.') and @resource-id = 'com.Advantage.aShopping:id/textViewFailed']"}[39m
[38;5;0m[HTTP][0m [37m<-- POST /wd/hub/session/d97141cc-585f-4759-9f47-d0c40bca68e7/elements [39m[32m200[39m [90m176 ms - 12[39m
[38;5;0m[HTTP][0m [90m[39m
[38;5;0m[HTTP][0m [37m-->[39m [37mPOST[39m [37m/wd/hub/session/d97141cc-585f-4759-9f47-d0c40bca68e7/elements[39m
[38;5;0m[HTTP][0m [90m{"using":"xpath","value":"//*[@class = 'android.widget.TextView' and (@text = 'Incorrect user name or password.' or . = 'Incorrect user name or password.') and @resource-id = 'com.Advantage.aShopping:id/textViewFailed']"}[39m
[38;5;0m[HTTP][0m [37m<-- POST /wd/hub/session/d97141cc-585f-4759-9f47-d0c40bca68e7/elements [39m[32m200[39m [90m200 ms - 12[39m
[38;5;0m[HTTP][0m [90m[39m
[38;5;0m[HTTP][0m [37m-->[39m [37mPOST[39m [37m/wd/hub/session/d97141cc-585f-4759-9f47-d0c40bca68e7/elements[39m
[38;5;0m[HTTP][0m [90m{"using":"xpath","value":"//*[@class = 'android.widget.TextView' and (@text = 'Incorrect user name or password.' or . = 'Incorrect user name or password.') and @resource-id = 'com.Advantage.aShopping:id/textViewFailed']"}[39m
[38;5;0m[HTTP][0m [37m<-- POST /wd/hub/session/d97141cc-585f-4759-9f47-d0c40bca68e7/elements [39m[32m200[39m [90m203 ms - 12[39m
[38;5;0m[HTTP][0m [90m[39m
[38;5;0m[HTTP][0m [37m-->[39m [37mPOST[39m [37m/wd/hub/session/d97141cc-585f-4759-9f47-d0c40bca68e7/elements[39m
[38;5;0m[HTTP][0m [90m{"using":"xpath","value":"//*[@class = 'android.widget.TextView' and (@text = 'Incorrect user name or password.' or . = 'Incorrect user name or password.') and @resource-id = 'com.Advantage.aShopping:id/textViewFailed']"}[39m
[38;5;0m[HTTP][0m [37m<-- POST /wd/hub/session/d97141cc-585f-4759-9f47-d0c40bca68e7/elements [39m[32m200[39m [90m176 ms - 12[39m
[38;5;0m[HTTP][0m [90m[39m
[38;5;0m[HTTP][0m [37m-->[39m [37mPOST[39m [37m/wd/hub/session/d97141cc-585f-4759-9f47-d0c40bca68e7/elements[39m
[38;5;0m[HTTP][0m [90m{"using":"xpath","value":"//*[@class = 'android.widget.TextView' and (@text = 'Incorrect user name or password.' or . = 'Incorrect user name or password.') and @resource-id = 'com.Advantage.aShopping:id/textViewFailed']"}[39m
[38;5;0m[HTTP][0m [37m<-- POST /wd/hub/session/d97141cc-585f-4759-9f47-d0c40bca68e7/elements [39m[32m200[39m [90m193 ms - 12[39m
[38;5;0m[HTTP][0m [90m[39m
[38;5;0m[HTTP][0m [37m-->[39m [37mPOST[39m [37m/wd/hub/session/d97141cc-585f-4759-9f47-d0c40bca68e7/elements[39m
[38;5;0m[HTTP][0m [90m{"using":"xpath","value":"//*[@class = 'android.widget.TextView' and (@text = 'Incorrect user name or password.' or . = 'Incorrect user name or password.') and @resource-id = 'com.Advantage.aShopping:id/textViewFailed']"}[39m
[38;5;0m[HTTP][0m [37m<-- POST /wd/hub/session/d97141cc-585f-4759-9f47-d0c40bca68e7/elements [39m[32m200[39m [90m181 ms - 12[39m
[38;5;0m[HTTP][0m [90m[39m
[38;5;0m[HTTP][0m [37m-->[39m [37mPOST[39m [37m/wd/hub/session/d97141cc-585f-4759-9f47-d0c40bca68e7/elements[39m
[38;5;0m[HTTP][0m [90m{"using":"xpath","value":"//*[@class = 'android.widget.TextView' and (@text = 'Incorrect user name or password.' or . = 'Incorrect user name or password.') and @resource-id = 'com.Advantage.aShopping:id/textViewFailed']"}[39m
[38;5;0m[HTTP][0m [37m<-- POST /wd/hub/session/d97141cc-585f-4759-9f47-d0c40bca68e7/elements [39m[32m200[39m [90m187 ms - 12[39m
[38;5;0m[HTTP][0m [90m[39m
[38;5;0m[HTTP][0m [37m-->[39m [37mPOST[39m [37m/wd/hub/session/d97141cc-585f-4759-9f47-d0c40bca68e7/elements[39m
[38;5;0m[HTTP][0m [90m{"using":"xpath","value":"//*[@class = 'android.widget.TextView' and (@text = 'Incorrect user name or password.' or . = 'Incorrect user name or password.') and @resource-id = 'com.Advantage.aShopping:id/textViewFailed']"}[39m
[38;5;0m[HTTP][0m [37m<-- POST /wd/hub/session/d97141cc-585f-4759-9f47-d0c40bca68e7/elements [39m[32m200[39m [90m193 ms - 12[39m
[38;5;0m[HTTP][0m [90m[39m
[38;5;0m[HTTP][0m [37m-->[39m [37mPOST[39m [37m/wd/hub/session/d97141cc-585f-4759-9f47-d0c40bca68e7/elements[39m
[38;5;0m[HTTP][0m [90m{"using":"xpath","value":"//*[@class = 'android.widget.TextView' and (@text = 'Incorrect user name or password.' or . = 'Incorrect user name or password.') and @resource-id = 'com.Advantage.aShopping:id/textViewFailed']"}[39m
[38;5;0m[HTTP][0m [37m<-- POST /wd/hub/session/d97141cc-585f-4759-9f47-d0c40bca68e7/elements [39m[32m200[39m [90m179 ms - 12[39m
[38;5;0m[HTTP][0m [90m[39m
[38;5;0m[HTTP][0m [37m-->[39m [37mPOST[39m [37m/wd/hub/session/d97141cc-585f-4759-9f47-d0c40bca68e7/elements[39m
[38;5;0m[HTTP][0m [90m{"using":"xpath","value":"//*[@class = 'android.widget.TextView' and (@text = 'Incorrect user name or password.' or . = 'Incorrect user name or password.') and @resource-id = 'com.Advantage.aShopping:id/textViewFailed']"}[39m
[38;5;0m[HTTP][0m [37m<-- POST /wd/hub/session/d97141cc-585f-4759-9f47-d0c40bca68e7/elements [39m[32m200[39m [90m190 ms - 12[39m
[38;5;0m[HTTP][0m [90m[39m
[38;5;0m[HTTP][0m [37m-->[39m [37mPOST[39m [37m/wd/hub/session/d97141cc-585f-4759-9f47-d0c40bca68e7/elements[39m
[38;5;0m[HTTP][0m [90m{"using":"xpath","value":"//*[@class = 'android.widget.TextView' and (@text = 'Incorrect user name or password.' or . = 'Incorrect user name or password.') and @resource-id = 'com.Advantage.aShopping:id/textViewFailed']"}[39m
[38;5;0m[HTTP][0m [37m<-- POST /wd/hub/session/d97141cc-585f-4759-9f47-d0c40bca68e7/elements [39m[32m200[39m [90m198 ms - 12[39m
[38;5;0m[HTTP][0m [90m[39m
[38;5;0m[HTTP][0m [37m-->[39m [37mPOST[39m [37m/wd/hub/session/d97141cc-585f-4759-9f47-d0c40bca68e7/elements[39m
[38;5;0m[HTTP][0m [90m{"using":"xpath","value":"//*[@class = 'android.widget.TextView' and (@text = 'Incorrect user name or password.' or . = 'Incorrect user name or password.') and @resource-id = 'com.Advantage.aShopping:id/textViewFailed']"}[39m
[38;5;0m[HTTP][0m [37m<-- POST /wd/hub/session/d97141cc-585f-4759-9f47-d0c40bca68e7/elements [39m[32m200[39m [90m186 ms - 12[39m
[38;5;0m[HTTP][0m [90m[39m
[38;5;0m[HTTP][0m [37m-->[39m [37mPOST[39m [37m/wd/hub/session/d97141cc-585f-4759-9f47-d0c40bca68e7/elements[39m
[38;5;0m[HTTP][0m [90m{"using":"xpath","value":"//*[@class = 'android.widget.TextView' and (@text = 'Incorrect user name or password.' or . = 'Incorrect user name or password.') and @resource-id = 'com.Advantage.aShopping:id/textViewFailed']"}[39m
[38;5;0m[HTTP][0m [37m<-- POST /wd/hub/session/d97141cc-585f-4759-9f47-d0c40bca68e7/elements [39m[32m200[39m [90m232 ms - 12[39m
[38;5;0m[HTTP][0m [90m[39m
[38;5;0m[HTTP][0m [37m-->[39m [37mPOST[39m [37m/wd/hub/session/d97141cc-585f-4759-9f47-d0c40bca68e7/elements[39m
[38;5;0m[HTTP][0m [90m{"using":"xpath","value":"//*[@class = 'android.widget.TextView' and (@text = 'Incorrect user name or password.' or . = 'Incorrect user name or password.') and @resource-id = 'com.Advantage.aShopping:id/textViewFailed']"}[39m
[38;5;0m[HTTP][0m [37m<-- POST /wd/hub/session/d97141cc-585f-4759-9f47-d0c40bca68e7/elements [39m[32m200[39m [90m204 ms - 12[39m
[38;5;0m[HTTP][0m [90m[39m
[38;5;0m[HTTP][0m [37m-->[39m [37mPOST[39m [37m/wd/hub/session/d97141cc-585f-4759-9f47-d0c40bca68e7/elements[39m
[38;5;0m[HTTP][0m [90m{"using":"xpath","value":"//*[@class = 'android.widget.TextView' and (@text = 'Incorrect user name or password.' or . = 'Incorrect user name or password.') and @resource-id = 'com.Advantage.aShopping:id/textViewFailed']"}[39m
[38;5;0m[HTTP][0m [37m<-- POST /wd/hub/session/d97141cc-585f-4759-9f47-d0c40bca68e7/elements [39m[32m200[39m [90m166 ms - 12[39m
[38;5;0m[HTTP][0m [90m[39m
[38;5;0m[HTTP][0m [37m-->[39m [37mPOST[39m [37m/wd/hub/session/d97141cc-585f-4759-9f47-d0c40bca68e7/elements[39m
[38;5;0m[HTTP][0m [90m{"using":"xpath","value":"//*[@class = 'android.widget.TextView' and (@text = 'Incorrect user name or password.' or . = 'Incorrect user name or password.') and @resource-id = 'com.Advantage.aShopping:id/textViewFailed']"}[39m
[38;5;0m[HTTP][0m [37m<-- POST /wd/hub/session/d97141cc-585f-4759-9f47-d0c40bca68e7/elements [39m[32m200[39m [90m187 ms - 12[39m
[38;5;0m[HTTP][0m [90m[39m
[38;5;0m[HTTP][0m [37m-->[39m [37mPOST[39m [37m/wd/hub/session/d97141cc-585f-4759-9f47-d0c40bca68e7/elements[39m
[38;5;0m[HTTP][0m [90m{"using":"xpath","value":"//*[@class = 'android.widget.TextView' and (@text = 'Incorrect user name or password.' or . = 'Incorrect user name or password.') and @resource-id = 'com.Advantage.aShopping:id/textViewFailed']"}[39m
[38;5;0m[HTTP][0m [37m<-- POST /wd/hub/session/d97141cc-585f-4759-9f47-d0c40bca68e7/elements [39m[32m200[39m [90m194 ms - 12[39m
[38;5;0m[HTTP][0m [90m[39m
[38;5;0m[HTTP][0m [37m-->[39m [37mPOST[39m [37m/wd/hub/session/d97141cc-585f-4759-9f47-d0c40bca68e7/elements[39m
[38;5;0m[HTTP][0m [90m{"using":"xpath","value":"//*[@class = 'android.widget.TextView' and (@text = 'Incorrect user name or password.' or . = 'Incorrect user name or password.') and @resource-id = 'com.Advantage.aShopping:id/textViewFailed']"}[39m
[38;5;0m[HTTP][0m [37m<-- POST /wd/hub/session/d97141cc-585f-4759-9f47-d0c40bca68e7/elements [39m[32m200[39m [90m213 ms - 12[39m
[38;5;0m[HTTP][0m [90m[39m
[38;5;0m[HTTP][0m [37m-->[39m [37mPOST[39m [37m/wd/hub/session/d97141cc-585f-4759-9f47-d0c40bca68e7/elements[39m
[38;5;0m[HTTP][0m [90m{"using":"xpath","value":"//*[@class = 'android.widget.TextView' and (@text = 'Incorrect user name or password.' or . = 'Incorrect user name or password.') and @resource-id = 'com.Advantage.aShopping:id/textViewFailed']"}[39m
[38;5;0m[HTTP][0m [37m<-- POST /wd/hub/session/d97141cc-585f-4759-9f47-d0c40bca68e7/elements [39m[32m200[39m [90m204 ms - 12[39m
[38;5;0m[HTTP][0m [90m[39m
[38;5;0m[HTTP][0m [37m-->[39m [37mPOST[39m [37m/wd/hub/session/d97141cc-585f-4759-9f47-d0c40bca68e7/elements[39m
[38;5;0m[HTTP][0m [90m{"using":"xpath","value":"//*[@class = 'android.widget.TextView' and (@text = 'Incorrect user name or password.' or . = 'Incorrect user name or password.') and @resource-id = 'com.Advantage.aShopping:id/textViewFailed']"}[39m
[38;5;0m[HTTP][0m [37m<-- POST /wd/hub/session/d97141cc-585f-4759-9f47-d0c40bca68e7/elements [39m[32m200[39m [90m168 ms - 12[39m
[38;5;0m[HTTP][0m [90m[39m
[38;5;0m[HTTP][0m [37m-->[39m [37mPOST[39m [37m/wd/hub/session/d97141cc-585f-4759-9f47-d0c40bca68e7/elements[39m
[38;5;0m[HTTP][0m [90m{"using":"xpath","value":"//*[@class = 'android.widget.TextView' and (@text = 'Incorrect user name or password.' or . = 'Incorrect user name or password.') and @resource-id = 'com.Advantage.aShopping:id/textViewFailed']"}[39m
[38;5;0m[HTTP][0m [37m<-- POST /wd/hub/session/d97141cc-585f-4759-9f47-d0c40bca68e7/elements [39m[32m200[39m [90m192 ms - 12[39m
[38;5;0m[HTTP][0m [90m[39m
[38;5;0m[HTTP][0m [37m-->[39m [37mPOST[39m [37m/wd/hub/session/d97141cc-585f-4759-9f47-d0c40bca68e7/elements[39m
[38;5;0m[HTTP][0m [90m{"using":"xpath","value":"//*[@class = 'android.widget.TextView' and (@text = 'Incorrect user name or password.' or . = 'Incorrect user name or password.') and @resource-id = 'com.Advantage.aShopping:id/textViewFailed']"}[39m
[38;5;0m[HTTP][0m [37m<-- POST /wd/hub/session/d97141cc-585f-4759-9f47-d0c40bca68e7/elements [39m[32m200[39m [90m233 ms - 12[39m
[38;5;0m[HTTP][0m [90m[39m
[38;5;0m[HTTP][0m [37m-->[39m [37mPOST[39m [37m/wd/hub/session/d97141cc-585f-4759-9f47-d0c40bca68e7/elements[39m
[38;5;0m[HTTP][0m [90m{"using":"xpath","value":"//*[@class = 'android.widget.TextView' and (@text = 'Incorrect user name or password.' or . = 'Incorrect user name or password.') and @resource-id = 'com.Advantage.aShopping:id/textViewFailed']"}[39m
[38;5;0m[HTTP][0m [37m<-- POST /wd/hub/session/d97141cc-585f-4759-9f47-d0c40bca68e7/elements [39m[32m200[39m [90m250 ms - 12[39m
[38;5;0m[HTTP][0m [90m[39m
[38;5;0m[HTTP][0m [37m-->[39m [37mPOST[39m [37m/wd/hub/session/d97141cc-585f-4759-9f47-d0c40bca68e7/elements[39m
[38;5;0m[HTTP][0m [90m{"using":"xpath","value":"//*[@class = 'android.widget.TextView' and (@text = 'Incorrect user name or password.' or . = 'Incorrect user name or password.') and @resource-id = 'com.Advantage.aShopping:id/textViewFailed']"}[39m
[38;5;0m[HTTP][0m [37m<-- POST /wd/hub/session/d97141cc-585f-4759-9f47-d0c40bca68e7/elements [39m[32m200[39m [90m209 ms - 12[39m
[38;5;0m[HTTP][0m [90m[39m
[38;5;0m[HTTP][0m [37m-->[39m [37mPOST[39m [37m/wd/hub/session/d97141cc-585f-4759-9f47-d0c40bca68e7/elements[39m
[38;5;0m[HTTP][0m [90m{"using":"xpath","value":"//*[@class = 'android.widget.TextView' and (@text = 'Incorrect user name or password.' or . = 'Incorrect user name or password.') and @resource-id = 'com.Advantage.aShopping:id/textViewFailed']"}[39m
[38;5;0m[HTTP][0m [37m<-- POST /wd/hub/session/d97141cc-585f-4759-9f47-d0c40bca68e7/elements [39m[32m200[39m [90m204 ms - 12[39m
[38;5;0m[HTTP][0m [90m[39m
[38;5;0m[HTTP][0m [37m-->[39m [37mPOST[39m [37m/wd/hub/session/d97141cc-585f-4759-9f47-d0c40bca68e7/timeouts[39m
[38;5;0m[HTTP][0m [90m{"implicit":30000}[39m
[38;5;0m[HTTP][0m [37m<-- POST /wd/hub/session/d97141cc-585f-4759-9f47-d0c40bca68e7/timeouts [39m[32m200[39m [90m2 ms - 14[39m
[38;5;0m[HTTP][0m [90m[39m
[38;5;0m[HTTP][0m [37m-->[39m [37mGET[39m [37m/wd/hub/session/d97141cc-585f-4759-9f47-d0c40bca68e7/context[39m
[38;5;0m[HTTP][0m [90m{}[39m
[38;5;0m[HTTP][0m [37m<-- GET /wd/hub/session/d97141cc-585f-4759-9f47-d0c40bca68e7/context [39m[32m200[39m [90m1 ms - 22[39m
[38;5;0m[HTTP][0m [90m[39m
[38;5;0m[HTTP][0m [37m-->[39m [37mGET[39m [37m/wd/hub/session/d97141cc-585f-4759-9f47-d0c40bca68e7/contexts[39m
[38;5;0m[HTTP][0m [90m{}[39m
[38;5;0m[HTTP][0m [37m<-- GET /wd/hub/session/d97141cc-585f-4759-9f47-d0c40bca68e7/contexts [39m[32m200[39m [90m372 ms - 24[39m
[38;5;0m[HTTP][0m [90m[39m
[38;5;0m[HTTP][0m [37m-->[39m [37mPOST[39m [37m/wd/hub/session/d97141cc-585f-4759-9f47-d0c40bca68e7/context[39m
[38;5;0m[HTTP][0m [90m{"name":"NATIVE_APP"}[39m
[38;5;0m[HTTP][0m [37m<-- POST /wd/hub/session/d97141cc-585f-4759-9f47-d0c40bca68e7/context [39m[32m200[39m [90m1 ms - 14[39m
[38;5;0m[HTTP][0m [90m[39m
[38;5;0m[HTTP][0m [37m-->[39m [37mGET[39m [37m/wd/hub/session/d97141cc-585f-4759-9f47-d0c40bca68e7/screenshot[39m
[38;5;0m[HTTP][0m [90m{}[39m
[38;5;0m[HTTP][0m [37m<-- GET /wd/hub/session/d97141cc-585f-4759-9f47-d0c40bca68e7/screenshot [39m[32m200[39m [90m982 ms - 152932[39m
[38;5;0m[HTTP][0m [90m[39m
[38;5;0m[HTTP][0m [37m-->[39m [37mPOST[39m [37m/wd/hub/session/d97141cc-585f-4759-9f47-d0c40bca68e7/context[39m
[38;5;0m[HTTP][0m [90m{"name":"NATIVE_APP"}[39m
[38;5;0m[HTTP][0m [37m<-- POST /wd/hub/session/d97141cc-585f-4759-9f47-d0c40bca68e7/context [39m[32m200[39m [90m2 ms - 14[39m
[38;5;0m[HTTP][0m [90m[39m
[38;5;0m[HTTP][0m [37m-->[39m [37mGET[39m [37m/wd/hub/session/d97141cc-585f-4759-9f47-d0c40bca68e7/context[39m
[38;5;0m[HTTP][0m [90m{}[39m
[38;5;0m[HTTP][0m [37m<-- GET /wd/hub/session/d97141cc-585f-4759-9f47-d0c40bca68e7/context [39m[32m200[39m [90m2 ms - 22[39m
[38;5;0m[HTTP][0m [90m[39m
[38;5;0m[HTTP][0m [37m-->[39m [37mGET[39m [37m/wd/hub/session/d97141cc-585f-4759-9f47-d0c40bca68e7/contexts[39m
[38;5;0m[HTTP][0m [90m{}[39m
[38;5;0m[HTTP][0m [37m<-- GET /wd/hub/session/d97141cc-585f-4759-9f47-d0c40bca68e7/contexts [39m[32m200[39m [90m282 ms - 24[39m
[38;5;0m[HTTP][0m [90m[39m
[38;5;0m[HTTP][0m [37m-->[39m [37mPOST[39m [37m/wd/hub/session/d97141cc-585f-4759-9f47-d0c40bca68e7/context[39m
[38;5;0m[HTTP][0m [90m{"name":"NATIVE_APP"}[39m
[38;5;0m[HTTP][0m [37m<-- POST /wd/hub/session/d97141cc-585f-4759-9f47-d0c40bca68e7/context [39m[32m200[39m [90m1 ms - 14[39m
[38;5;0m[HTTP][0m [90m[39m
[38;5;0m[HTTP][0m [37m-->[39m [37mGET[39m [37m/wd/hub/session/d97141cc-585f-4759-9f47-d0c40bca68e7/screenshot[39m
[38;5;0m[HTTP][0m [90m{}[39m
[38;5;0m[HTTP][0m [37m<-- GET /wd/hub/session/d97141cc-585f-4759-9f47-d0c40bca68e7/screenshot [39m[32m200[39m [90m514 ms - 152936[39m
[38;5;0m[HTTP][0m [90m[39m
[38;5;0m[HTTP][0m [37m-->[39m [37mPOST[39m [37m/wd/hub/session/d97141cc-585f-4759-9f47-d0c40bca68e7/context[39m
[38;5;0m[HTTP][0m [90m{"name":"NATIVE_APP"}[39m
[38;5;0m[HTTP][0m [37m<-- POST /wd/hub/session/d97141cc-585f-4759-9f47-d0c40bca68e7/context [39m[32m200[39m [90m1 ms - 14[39m
[38;5;0m[HTTP][0m [90m[39m
[38;5;0m[HTTP][0m [37m-->[39m [37mGET[39m [37m/wd/hub/status[39m
[38;5;0m[HTTP][0m [90m{}[39m
[38;5;0m[HTTP][0m [37m<-- GET /wd/hub/status [39m[32m200[39m [90m1 ms - 110[39m
[38;5;0m[HTTP][0m [90m[39m
[38;5;0m[HTTP][0m [37m-->[39m [37mPOST[39m [37m/wd/hub/session[39m
[38;5;0m[HTTP][0m [90m{"desiredCapabilities":{"appium:systemPort":59704,"appium:newCommandTimeout":1800,"appium:automationName":"uiautomator2","appium:fullReset":true,"appium:platformVersion":"14","appium:noReset":false,"appium:udid":"emulator-5554","appium:autoGrantPermissions":true,"appium:platformName":"ANDROID","appium:deviceName":"emulator-5554 (sdk_gphone64_x86_64 - Android 14)","platformName":"Android","appium:app":"C:\\Users\\ASUS\\Downloads\\Advantage+demo+3.2.apk"},"capabilities":{"firstMatch":[{"appium:app":"C:\\Users\\ASUS\\Downloads\\Advantage+demo+3.2.apk","appium:autoGrantPermissions":true,"appium:automationName":"uiautomator2","appium:deviceName":"emulator-5554 (sdk_gphone64_x86_64 - Android 14)","appium:fullReset":true,"appium:newCommandTimeout":1800,"appium:noReset":false,"appium:platformName":"ANDROID","appium:platformVersion":"14","appium:systemPort":59704,"appium:udid":"emulator-5554","platformName":"android"}]}}[39m
[38;5;32m[BaseDriver][0m Ignoring capability 'appium:platformName=ANDROID' and using capability 'platformName=android'
[38;5;32m[BaseDriver][0m The capabilities ["platformName"] are standard capabilities and do not require "appium:" prefix
[35m[Appium][39m Attempting to find matching driver for automationName 'uiautomator2' and platformName 'android'
[35m[Appium][39m The 'uiautomator2' driver was installed and matched caps.
[35m[Appium][39m Will require it at C:\Users\ASUS\.appium\node_modules\appium-uiautomator2-driver
[38;5;16m[AppiumDriver@9a1d][0m Appium v2.5.0 creating new AndroidUiautomator2Driver (v3.0.0) session
[38;5;16m[AppiumDriver@9a1d][0m Checking BaseDriver versions for Appium and AndroidUiautomator2Driver
[38;5;16m[AppiumDriver@9a1d][0m Appium's BaseDriver version is 9.5.1
[38;5;16m[AppiumDriver@9a1d][0m AndroidUiautomator2Driver's BaseDriver version is 9.5.1
[38;5;48m[AndroidUiautomator2Driver@3cd4 (8b4ccecc)][0m Session created with session id: 8b4ccecc-fbc2-4883-bbfa-5997e821e6de
[38;5;64m[ADB][0m Using 'adb.exe' from 'C:\Users\ASUS\.katalon\tools\android_sdk\platform-tools\adb.exe'
[38;5;48m[AndroidUiautomator2Driver@3cd4 (8b4ccecc)][0m Retrieving device list
[38;5;48m[AndroidUiautomator2Driver@3cd4 (8b4ccecc)][0m Using device: emulator-5554
[38;5;64m[ADB][0m Using 'adb.exe' from 'C:\Users\ASUS\.katalon\tools\android_sdk\platform-tools\adb.exe'
[38;5;32m[BaseDriver][0m Using local app 'C:\Users\ASUS\Downloads\Advantage+demo+3.2.apk'
[38;5;64m[ADB][0m Getting device platform version
[38;5;48m[AndroidUiautomator2Driver@3cd4 (8b4ccecc)][0m Relaxing hidden api policy
[38;5;64m[ADB][0m Package name: 'com.Advantage.aShopping'
[38;5;64m[ADB][0m Main activity name: 'com.Advantage.aShopping.SplashActivity'
[38;5;0m[HTTP][0m [37m<-- POST /wd/hub/session [39m[32m-[39m [90m- ms - -[39m
[38;5;0m[HTTP][0m [90m[39m
[38;5;48m[AndroidUiautomator2Driver@3cd4 (8b4ccecc)][0m Server packages are not going to be (re)installed
[38;5;64m[ADB][0m Adding packages ["io.appium.settings","io.appium.uiautomator2.server","io.appium.uiautomator2.server.test"] to Doze whitelist
[38;5;64m[ADB][0m com.Advantage.aShopping was successfully uninstalled
[38;5;64m[ADB][0m The application at 'C:\Users\ASUS\Downloads\Advantage+demo+3.2.apk' will not be cached, because the device under test has confirmed the support of streamed installs
[38;5;64m[ADB][0m The installation of 'Advantage+demo+3.2.apk' took 1873ms
[38;5;48m[AndroidUiautomator2Driver@3cd4 (8b4ccecc)][0m Starting UIAutomator2 server 7.0.0
[38;5;48m[AndroidUiautomator2Driver@3cd4 (8b4ccecc)][0m Using UIAutomator2 server from 'C:\Users\ASUS\.appium\node_modules\appium-uiautomator2-driver\node_modules\appium-uiautomator2-server\apks\appium-uiautomator2-server-v7.0.0.apk' and test from 'C:\Users\ASUS\.appium\node_modules\appium-uiautomator2-driver\node_modules\appium-uiautomator2-server\apks\appium-uiautomator2-server-debug-androidTest.apk'
[38;5;48m[AndroidUiautomator2Driver@3cd4 (8b4ccecc)][0m Waiting up to 30000ms for UiAutomator2 to be online...
[38;5;48m[AndroidUiautomator2Driver@3cd4 (8b4ccecc)][0m socket hang up
[38;5;48m[AndroidUiautomator2Driver@3cd4 (8b4ccecc)][0m socket hang up
[38;5;48m[AndroidUiautomator2Driver@3cd4 (8b4ccecc)][0m socket hang up
[38;5;48m[AndroidUiautomator2Driver@3cd4 (8b4ccecc)][0m socket hang up
[38;5;48m[AndroidUiautomator2Driver@3cd4 (8b4ccecc)][0m socket hang up
[38;5;48m[AndroidUiautomator2Driver@3cd4 (8b4ccecc)][0m Determined the downstream protocol as 'W3C'
[38;5;48m[AndroidUiautomator2Driver@3cd4 (8b4ccecc)][0m Screen already unlocked, doing nothing
[38;5;48m[AndroidUiautomator2Driver@3cd4 (8b4ccecc)][0m Starting 'com.Advantage.aShopping/com.Advantage.aShopping.SplashActivity and waiting for 'com.Advantage.aShopping/com.Advantage.aShopping.SplashActivity'
[38;5;16m[AppiumDriver@9a1d][0m New AndroidUiautomator2Driver session created successfully, session 8b4ccecc-fbc2-4883-bbfa-5997e821e6de added to master session list
