[35m[Appium][39m Welcome to Appium v2.5.0
[35m[Appium][39m Non-default server args:
[35m[Appium][39m { basePath: [32m'/wd/hub'[39m, loglevel: [32m'info'[39m, port: [33m62793[39m }
[35m[Appium][39m Attempting to load driver uiautomator2...
[35m[Appium][39m Appium REST http interface listener started on http://0.0.0.0:62793/wd/hub
[35m[Appium][39m You can provide the following URLs in your client code to connect to this server:
[35m[Appium][39m 	http://172.27.16.1:62793/wd/hub
[35m[Appium][39m 	http://192.168.18.137:62793/wd/hub
[35m[Appium][39m 	http://127.0.0.1:62793/wd/hub (only accessible from the same host)
[35m[Appium][39m Available drivers:
[35m[Appium][39m   - uiautomator2@3.0.0 (automationName 'UiAutomator2')
[35m[Appium][39m No plugins have been installed. Use the "appium plugin" command to install the one(s) you want to use.
[38;5;0m[HTTP][0m [37m-->[39m [37mGET[39m [37m/wd/hub/status[39m
[38;5;0m[HTTP][0m [90m{}[39m
[38;5;0m[HTTP][0m [37m<-- GET /wd/hub/status [39m[32m200[39m [90m16 ms - 110[39m
[38;5;0m[HTTP][0m [90m[39m
[38;5;0m[HTTP][0m [37m-->[39m [37mPOST[39m [37m/wd/hub/session[39m
[38;5;0m[HTTP][0m [90m{"desiredCapabilities":{"appium:systemPort":62792,"appium:newCommandTimeout":1800,"appium:automationName":"uiautomator2","appium:fullReset":true,"appium:platformVersion":"14","appium:noReset":false,"appium:udid":"emulator-5554","appium:autoGrantPermissions":true,"appium:platformName":"ANDROID","appium:deviceName":"emulator-5554 (sdk_gphone64_x86_64 - Android 14)","platformName":"Android","appium:app":"C:\\Users\\ASUS\\Downloads\\Advantage+demo+3.2.apk"},"capabilities":{"firstMatch":[{"appium:app":"C:\\Users\\ASUS\\Downloads\\Advantage+demo+3.2.apk","appium:autoGrantPermissions":true,"appium:automationName":"uiautomator2","appium:deviceName":"emulator-5554 (sdk_gphone64_x86_64 - Android 14)","appium:fullReset":true,"appium:newCommandTimeout":1800,"appium:noReset":false,"appium:platformName":"ANDROID","appium:platformVersion":"14","appium:systemPort":62792,"appium:udid":"emulator-5554","platformName":"android"}]}}[39m
[38;5;32m[BaseDriver][0m Ignoring capability 'appium:platformName=ANDROID' and using capability 'platformName=android'
[38;5;32m[BaseDriver][0m The capabilities ["platformName"] are standard capabilities and do not require "appium:" prefix
[35m[Appium][39m Attempting to find matching driver for automationName 'uiautomator2' and platformName 'android'
[35m[Appium][39m The 'uiautomator2' driver was installed and matched caps.
[35m[Appium][39m Will require it at C:\Users\ASUS\.appium\node_modules\appium-uiautomator2-driver
[38;5;16m[AppiumDriver@29fb][0m Appium v2.5.0 creating new AndroidUiautomator2Driver (v3.0.0) session
[38;5;16m[AppiumDriver@29fb][0m Checking BaseDriver versions for Appium and AndroidUiautomator2Driver
[38;5;16m[AppiumDriver@29fb][0m Appium's BaseDriver version is 9.5.1
[38;5;16m[AppiumDriver@29fb][0m AndroidUiautomator2Driver's BaseDriver version is 9.5.1
[38;5;48m[AndroidUiautomator2Driver@f5e6 (384b4fff)][0m Session created with session id: 384b4fff-19a2-4609-9dc6-fa4c77df95e6
[38;5;64m[ADB][0m Found 1 'build-tools' folders under 'C:\Users\ASUS\.katalon\tools\android_sdk' (newest first):
[38;5;64m[ADB][0m     C:\Users\ASUS\.katalon\tools\android_sdk\build-tools\29.0.3
[38;5;64m[ADB][0m Using 'adb.exe' from 'C:\Users\ASUS\.katalon\tools\android_sdk\platform-tools\adb.exe'
[38;5;48m[AndroidUiautomator2Driver@f5e6 (384b4fff)][0m Retrieving device list
[38;5;48m[AndroidUiautomator2Driver@f5e6 (384b4fff)][0m Using device: emulator-5554
[38;5;64m[ADB][0m Using 'adb.exe' from 'C:\Users\ASUS\.katalon\tools\android_sdk\platform-tools\adb.exe'
[38;5;32m[BaseDriver][0m Using local app 'C:\Users\ASUS\Downloads\Advantage+demo+3.2.apk'
[38;5;64m[ADB][0m Getting device platform version
[38;5;48m[AndroidUiautomator2Driver@f5e6 (384b4fff)][0m Relaxing hidden api policy
[38;5;64m[ADB][0m Package name: 'com.Advantage.aShopping'
[38;5;64m[ADB][0m Main activity name: 'com.Advantage.aShopping.SplashActivity'
[38;5;64m[ADB][0m Using 'apksigner.jar' from 'C:\Users\ASUS\.katalon\tools\android_sdk\build-tools\29.0.3\lib\apksigner.jar'
[38;5;64m[ADB][0m 'C:\Users\ASUS\.appium\node_modules\appium-uiautomator2-driver\node_modules\appium-uiautomator2-server\apks\appium-uiautomator2-server-debug-androidTest.apk' is signed with the default certificate
[38;5;64m[ADB][0m 'C:\Users\ASUS\Downloads\Advantage+demo+3.2.apk' is signed with a non-default certificate
[38;5;64m[ADB][0m 'C:\Users\ASUS\.appium\node_modules\appium-uiautomator2-driver\node_modules\appium-uiautomator2-server\apks\appium-uiautomator2-server-v7.0.0.apk' is signed with the default certificate
[38;5;64m[ADB][0m com.Advantage.aShopping was successfully uninstalled
[38;5;64m[ADB][0m The application at 'C:\Users\ASUS\Downloads\Advantage+demo+3.2.apk' will not be cached, because the device under test has confirmed the support of streamed installs
[38;5;48m[AndroidUiautomator2Driver@f5e6 (384b4fff)][0m Server packages are not going to be (re)installed
[38;5;64m[ADB][0m Adding packages ["io.appium.settings","io.appium.uiautomator2.server","io.appium.uiautomator2.server.test"] to Doze whitelist
[38;5;64m[ADB][0m The installation of 'Advantage+demo+3.2.apk' took 1723ms
[38;5;48m[AndroidUiautomator2Driver@f5e6 (384b4fff)][0m Starting UIAutomator2 server 7.0.0
[38;5;48m[AndroidUiautomator2Driver@f5e6 (384b4fff)][0m Using UIAutomator2 server from 'C:\Users\ASUS\.appium\node_modules\appium-uiautomator2-driver\node_modules\appium-uiautomator2-server\apks\appium-uiautomator2-server-v7.0.0.apk' and test from 'C:\Users\ASUS\.appium\node_modules\appium-uiautomator2-driver\node_modules\appium-uiautomator2-server\apks\appium-uiautomator2-server-debug-androidTest.apk'
[38;5;48m[AndroidUiautomator2Driver@f5e6 (384b4fff)][0m Waiting up to 30000ms for UiAutomator2 to be online...
[38;5;48m[AndroidUiautomator2Driver@f5e6 (384b4fff)][0m socket hang up
[38;5;48m[AndroidUiautomator2Driver@f5e6 (384b4fff)][0m socket hang up
[38;5;48m[AndroidUiautomator2Driver@f5e6 (384b4fff)][0m socket hang up
[38;5;48m[AndroidUiautomator2Driver@f5e6 (384b4fff)][0m socket hang up
[38;5;48m[AndroidUiautomator2Driver@f5e6 (384b4fff)][0m socket hang up
[38;5;48m[AndroidUiautomator2Driver@f5e6 (384b4fff)][0m Determined the downstream protocol as 'W3C'
[38;5;48m[AndroidUiautomator2Driver@f5e6 (384b4fff)][0m Screen already unlocked, doing nothing
[38;5;48m[AndroidUiautomator2Driver@f5e6 (384b4fff)][0m Starting 'com.Advantage.aShopping/com.Advantage.aShopping.SplashActivity and waiting for 'com.Advantage.aShopping/com.Advantage.aShopping.SplashActivity'
[38;5;16m[AppiumDriver@29fb][0m New AndroidUiautomator2Driver session created successfully, session 384b4fff-19a2-4609-9dc6-fa4c77df95e6 added to master session list
[38;5;0m[HTTP][0m [37m<-- POST /wd/hub/session [39m[32m200[39m [90m16950 ms - 1224[39m
[38;5;0m[HTTP][0m [90m[39m
[38;5;0m[HTTP][0m [37m-->[39m [37mGET[39m [37m/wd/hub/session/384b4fff-19a2-4609-9dc6-fa4c77df95e6[39m
[38;5;0m[HTTP][0m [90m{}[39m
[38;5;0m[HTTP][0m [37m<-- GET /wd/hub/session/384b4fff-19a2-4609-9dc6-fa4c77df95e6 [39m[32m200[39m [90m56 ms - 364[39m
[38;5;0m[HTTP][0m [90m[39m
[38;5;0m[HTTP][0m [37m-->[39m [37mGET[39m [37m/wd/hub/session/384b4fff-19a2-4609-9dc6-fa4c77df95e6[39m
[38;5;0m[HTTP][0m [90m{}[39m
[38;5;0m[HTTP][0m [37m<-- GET /wd/hub/session/384b4fff-19a2-4609-9dc6-fa4c77df95e6 [39m[32m200[39m [90m71 ms - 364[39m
[38;5;0m[HTTP][0m [90m[39m
[38;5;0m[HTTP][0m [37m-->[39m [37mGET[39m [37m/wd/hub/status[39m
[38;5;0m[HTTP][0m [90m{}[39m
[38;5;0m[HTTP][0m [37m<-- GET /wd/hub/status [39m[32m200[39m [90m2 ms - 110[39m
[38;5;0m[HTTP][0m [90m[39m
[38;5;0m[HTTP][0m [37m-->[39m [37mPOST[39m [37m/wd/hub/session/384b4fff-19a2-4609-9dc6-fa4c77df95e6/timeouts[39m
[38;5;0m[HTTP][0m [90m{"implicit":30000}[39m
[38;5;0m[HTTP][0m [37m<-- POST /wd/hub/session/384b4fff-19a2-4609-9dc6-fa4c77df95e6/timeouts [39m[32m200[39m [90m6 ms - 14[39m
[38;5;0m[HTTP][0m [90m[39m
[38;5;0m[HTTP][0m [37m-->[39m [37mGET[39m [37m/wd/hub/session/384b4fff-19a2-4609-9dc6-fa4c77df95e6/appium/device/system_bars[39m
[38;5;0m[HTTP][0m [90m{}[39m
[38;5;0m[HTTP][0m [37m<-- GET /wd/hub/session/384b4fff-19a2-4609-9dc6-fa4c77df95e6/appium/device/system_bars [39m[32m200[39m [90m289 ms - 151[39m
[38;5;0m[HTTP][0m [90m[39m
[38;5;0m[HTTP][0m [37m-->[39m [37mPOST[39m [37m/wd/hub/session/384b4fff-19a2-4609-9dc6-fa4c77df95e6/timeouts[39m
[38;5;0m[HTTP][0m [90m{"implicit":50}[39m
[38;5;0m[HTTP][0m [37m<-- POST /wd/hub/session/384b4fff-19a2-4609-9dc6-fa4c77df95e6/timeouts [39m[32m200[39m [90m5 ms - 14[39m
[38;5;0m[HTTP][0m [90m[39m
[38;5;0m[HTTP][0m [37m-->[39m [37mGET[39m [37m/wd/hub/session/384b4fff-19a2-4609-9dc6-fa4c77df95e6/window/rect[39m
[38;5;0m[HTTP][0m [90m{}[39m
[38;5;0m[HTTP][0m [37m<-- GET /wd/hub/session/384b4fff-19a2-4609-9dc6-fa4c77df95e6/window/rect [39m[32m200[39m [90m71 ms - 50[39m
[38;5;0m[HTTP][0m [90m[39m
[38;5;0m[HTTP][0m [37m-->[39m [37mPOST[39m [37m/wd/hub/session/384b4fff-19a2-4609-9dc6-fa4c77df95e6/elements[39m
[38;5;0m[HTTP][0m [90m{"using":"xpath","value":"//*[@class = 'android.widget.ImageView' and @resource-id = 'com.Advantage.aShopping:id/imageViewMenu' and (@text = '' or . = '')]"}[39m
[38;5;0m[HTTP][0m [37m<-- POST /wd/hub/session/384b4fff-19a2-4609-9dc6-fa4c77df95e6/elements [39m[32m200[39m [90m2873 ms - 139[39m
[38;5;0m[HTTP][0m [90m[39m
[38;5;0m[HTTP][0m [37m-->[39m [37mGET[39m [37m/wd/hub/session/384b4fff-19a2-4609-9dc6-fa4c77df95e6/element/00000000-0000-04d6-ffff-ffff00000018/location[39m
[38;5;0m[HTTP][0m [90m{}[39m
[38;5;48m[AndroidUiautomator2Driver@f5e6 (384b4fff)][0m Driver proxy active, passing request on via HTTP proxy
[38;5;48m[AndroidUiautomator2Driver@f5e6 (384b4fff)][0m Replacing sessionId 5601ce84-d58f-4914-8a6c-9dc673e785d2 with 384b4fff-19a2-4609-9dc6-fa4c77df95e6
[38;5;0m[HTTP][0m [37m<-- GET /wd/hub/session/384b4fff-19a2-4609-9dc6-fa4c77df95e6/element/00000000-0000-04d6-ffff-ffff00000018/location [39m[32m200[39m [90m80 ms - 75[39m
[38;5;0m[HTTP][0m [90m[39m
[38;5;0m[HTTP][0m [37m-->[39m [37mPOST[39m [37m/wd/hub/session/384b4fff-19a2-4609-9dc6-fa4c77df95e6/timeouts[39m
[38;5;0m[HTTP][0m [90m{"implicit":30000}[39m
[38;5;0m[HTTP][0m [37m<-- POST /wd/hub/session/384b4fff-19a2-4609-9dc6-fa4c77df95e6/timeouts [39m[32m200[39m [90m3 ms - 14[39m
[38;5;0m[HTTP][0m [90m[39m
[38;5;0m[HTTP][0m [37m-->[39m [37mPOST[39m [37m/wd/hub/session/384b4fff-19a2-4609-9dc6-fa4c77df95e6/element/00000000-0000-04d6-ffff-ffff00000018/click[39m
[38;5;0m[HTTP][0m [90m{"id":"00000000-0000-04d6-ffff-ffff00000018"}[39m
[38;5;0m[HTTP][0m [37m<-- POST /wd/hub/session/384b4fff-19a2-4609-9dc6-fa4c77df95e6/element/00000000-0000-04d6-ffff-ffff00000018/click [39m[32m200[39m [90m142 ms - 14[39m
[38;5;0m[HTTP][0m [90m[39m
[38;5;0m[HTTP][0m [37m-->[39m [37mPOST[39m [37m/wd/hub/session/384b4fff-19a2-4609-9dc6-fa4c77df95e6/timeouts[39m
[38;5;0m[HTTP][0m [90m{"implicit":50}[39m
[38;5;0m[HTTP][0m [37m<-- POST /wd/hub/session/384b4fff-19a2-4609-9dc6-fa4c77df95e6/timeouts [39m[32m200[39m [90m3 ms - 14[39m
[38;5;0m[HTTP][0m [90m[39m
[38;5;0m[HTTP][0m [37m-->[39m [37mGET[39m [37m/wd/hub/session/384b4fff-19a2-4609-9dc6-fa4c77df95e6/window/rect[39m
[38;5;0m[HTTP][0m [90m{}[39m
[38;5;0m[HTTP][0m [37m<-- GET /wd/hub/session/384b4fff-19a2-4609-9dc6-fa4c77df95e6/window/rect [39m[32m200[39m [90m37 ms - 50[39m
[38;5;0m[HTTP][0m [90m[39m
[38;5;0m[HTTP][0m [37m-->[39m [37mPOST[39m [37m/wd/hub/session/384b4fff-19a2-4609-9dc6-fa4c77df95e6/elements[39m
[38;5;0m[HTTP][0m [90m{"using":"xpath","value":"//*[@class = 'android.widget.TextView' and (@text = 'LOGIN' or . = 'LOGIN') and @resource-id = 'com.Advantage.aShopping:id/textViewMenuUser']"}[39m
[38;5;0m[HTTP][0m [37m<-- POST /wd/hub/session/384b4fff-19a2-4609-9dc6-fa4c77df95e6/elements [39m[32m200[39m [90m1820 ms - 139[39m
[38;5;0m[HTTP][0m [90m[39m
[38;5;0m[HTTP][0m [37m-->[39m [37mGET[39m [37m/wd/hub/session/384b4fff-19a2-4609-9dc6-fa4c77df95e6/element/00000000-0000-04d6-ffff-ffff00000041/location[39m
[38;5;0m[HTTP][0m [90m{}[39m
[38;5;48m[AndroidUiautomator2Driver@f5e6 (384b4fff)][0m Driver proxy active, passing request on via HTTP proxy
[38;5;48m[AndroidUiautomator2Driver@f5e6 (384b4fff)][0m Replacing sessionId 5601ce84-d58f-4914-8a6c-9dc673e785d2 with 384b4fff-19a2-4609-9dc6-fa4c77df95e6
[38;5;0m[HTTP][0m [37m<-- GET /wd/hub/session/384b4fff-19a2-4609-9dc6-fa4c77df95e6/element/00000000-0000-04d6-ffff-ffff00000041/location [39m[32m200[39m [90m62 ms - 78[39m
[38;5;0m[HTTP][0m [90m[39m
[38;5;0m[HTTP][0m [37m-->[39m [37mPOST[39m [37m/wd/hub/session/384b4fff-19a2-4609-9dc6-fa4c77df95e6/timeouts[39m
[38;5;0m[HTTP][0m [90m{"implicit":30000}[39m
[38;5;0m[HTTP][0m [37m<-- POST /wd/hub/session/384b4fff-19a2-4609-9dc6-fa4c77df95e6/timeouts [39m[32m200[39m [90m3 ms - 14[39m
[38;5;0m[HTTP][0m [90m[39m
[38;5;0m[HTTP][0m [37m-->[39m [37mPOST[39m [37m/wd/hub/session/384b4fff-19a2-4609-9dc6-fa4c77df95e6/element/00000000-0000-04d6-ffff-ffff00000041/click[39m
[38;5;0m[HTTP][0m [90m{"id":"00000000-0000-04d6-ffff-ffff00000041"}[39m
[38;5;0m[HTTP][0m [37m<-- POST /wd/hub/session/384b4fff-19a2-4609-9dc6-fa4c77df95e6/element/00000000-0000-04d6-ffff-ffff00000041/click [39m[32m200[39m [90m196 ms - 14[39m
[38;5;0m[HTTP][0m [90m[39m
[38;5;0m[HTTP][0m [37m-->[39m [37mPOST[39m [37m/wd/hub/session/384b4fff-19a2-4609-9dc6-fa4c77df95e6/timeouts[39m
[38;5;0m[HTTP][0m [90m{"implicit":50}[39m
[38;5;0m[HTTP][0m [37m<-- POST /wd/hub/session/384b4fff-19a2-4609-9dc6-fa4c77df95e6/timeouts [39m[32m200[39m [90m3 ms - 14[39m
[38;5;0m[HTTP][0m [90m[39m
[38;5;0m[HTTP][0m [37m-->[39m [37mGET[39m [37m/wd/hub/session/384b4fff-19a2-4609-9dc6-fa4c77df95e6/window/rect[39m
[38;5;0m[HTTP][0m [90m{}[39m
[38;5;0m[HTTP][0m [37m<-- GET /wd/hub/session/384b4fff-19a2-4609-9dc6-fa4c77df95e6/window/rect [39m[32m200[39m [90m38 ms - 50[39m
[38;5;0m[HTTP][0m [90m[39m
[38;5;0m[HTTP][0m [37m-->[39m [37mPOST[39m [37m/wd/hub/session/384b4fff-19a2-4609-9dc6-fa4c77df95e6/elements[39m
[38;5;0m[HTTP][0m [90m{"using":"xpath","value":"//hierarchy/android.widget.FrameLayout[1]/android.widget.LinearLayout[1]/android.widget.FrameLayout[1]/android.widget.LinearLayout[1]/android.widget.FrameLayout[1]/android.widget.RelativeLayout[1]/android.widget.LinearLayout[2]/android.widget.RelativeLayout[3]/android.widget.EditText[1]"}[39m
[38;5;0m[HTTP][0m [37m<-- POST /wd/hub/session/384b4fff-19a2-4609-9dc6-fa4c77df95e6/elements [39m[32m200[39m [90m2298 ms - 139[39m
[38;5;0m[HTTP][0m [90m[39m
[38;5;0m[HTTP][0m [37m-->[39m [37mGET[39m [37m/wd/hub/session/384b4fff-19a2-4609-9dc6-fa4c77df95e6/element/00000000-0000-04d7-ffff-ffff00000077/location[39m
[38;5;0m[HTTP][0m [90m{}[39m
[38;5;48m[AndroidUiautomator2Driver@f5e6 (384b4fff)][0m Driver proxy active, passing request on via HTTP proxy
[38;5;48m[AndroidUiautomator2Driver@f5e6 (384b4fff)][0m Replacing sessionId 5601ce84-d58f-4914-8a6c-9dc673e785d2 with 384b4fff-19a2-4609-9dc6-fa4c77df95e6
[38;5;0m[HTTP][0m [37m<-- GET /wd/hub/session/384b4fff-19a2-4609-9dc6-fa4c77df95e6/element/00000000-0000-04d7-ffff-ffff00000077/location [39m[32m200[39m [90m59 ms - 77[39m
[38;5;0m[HTTP][0m [90m[39m
[38;5;0m[HTTP][0m [37m-->[39m [37mPOST[39m [37m/wd/hub/session/384b4fff-19a2-4609-9dc6-fa4c77df95e6/timeouts[39m
[38;5;0m[HTTP][0m [90m{"implicit":30000}[39m
[38;5;0m[HTTP][0m [37m<-- POST /wd/hub/session/384b4fff-19a2-4609-9dc6-fa4c77df95e6/timeouts [39m[32m200[39m [90m2 ms - 14[39m
[38;5;0m[HTTP][0m [90m[39m
[38;5;0m[HTTP][0m [37m-->[39m [37mPOST[39m [37m/wd/hub/session/384b4fff-19a2-4609-9dc6-fa4c77df95e6/element/00000000-0000-04d7-ffff-ffff00000077/click[39m
[38;5;0m[HTTP][0m [90m{"id":"00000000-0000-04d7-ffff-ffff00000077"}[39m
[38;5;0m[HTTP][0m [37m<-- POST /wd/hub/session/384b4fff-19a2-4609-9dc6-fa4c77df95e6/element/00000000-0000-04d7-ffff-ffff00000077/click [39m[32m200[39m [90m146 ms - 14[39m
[38;5;0m[HTTP][0m [90m[39m
[38;5;0m[HTTP][0m [37m-->[39m [37mPOST[39m [37m/wd/hub/session/384b4fff-19a2-4609-9dc6-fa4c77df95e6/timeouts[39m
[38;5;0m[HTTP][0m [90m{"implicit":50}[39m
[38;5;0m[HTTP][0m [37m<-- POST /wd/hub/session/384b4fff-19a2-4609-9dc6-fa4c77df95e6/timeouts [39m[32m200[39m [90m3 ms - 14[39m
[38;5;0m[HTTP][0m [90m[39m
[38;5;0m[HTTP][0m [37m-->[39m [37mGET[39m [37m/wd/hub/session/384b4fff-19a2-4609-9dc6-fa4c77df95e6/window/rect[39m
[38;5;0m[HTTP][0m [90m{}[39m
[38;5;0m[HTTP][0m [37m<-- GET /wd/hub/session/384b4fff-19a2-4609-9dc6-fa4c77df95e6/window/rect [39m[32m200[39m [90m50 ms - 50[39m
[38;5;0m[HTTP][0m [90m[39m
[38;5;0m[HTTP][0m [37m-->[39m [37mPOST[39m [37m/wd/hub/session/384b4fff-19a2-4609-9dc6-fa4c77df95e6/elements[39m
[38;5;0m[HTTP][0m [90m{"using":"xpath","value":"//*[@class = 'android.widget.TextView' and (@text = 'USER NAME' or . = 'USER NAME')]"}[39m
[38;5;0m[HTTP][0m [37m<-- POST /wd/hub/session/384b4fff-19a2-4609-9dc6-fa4c77df95e6/elements [39m[32m200[39m [90m689 ms - 139[39m
[38;5;0m[HTTP][0m [90m[39m
[38;5;0m[HTTP][0m [37m-->[39m [37mGET[39m [37m/wd/hub/session/384b4fff-19a2-4609-9dc6-fa4c77df95e6/element/00000000-0000-04d7-ffff-ffff00000076/location[39m
[38;5;0m[HTTP][0m [90m{}[39m
[38;5;48m[AndroidUiautomator2Driver@f5e6 (384b4fff)][0m Driver proxy active, passing request on via HTTP proxy
[38;5;48m[AndroidUiautomator2Driver@f5e6 (384b4fff)][0m Replacing sessionId 5601ce84-d58f-4914-8a6c-9dc673e785d2 with 384b4fff-19a2-4609-9dc6-fa4c77df95e6
[38;5;0m[HTTP][0m [37m<-- GET /wd/hub/session/384b4fff-19a2-4609-9dc6-fa4c77df95e6/element/00000000-0000-04d7-ffff-ffff00000076/location [39m[32m200[39m [90m416 ms - 77[39m
[38;5;0m[HTTP][0m [90m[39m
[38;5;0m[HTTP][0m [37m-->[39m [37mPOST[39m [37m/wd/hub/session/384b4fff-19a2-4609-9dc6-fa4c77df95e6/timeouts[39m
[38;5;0m[HTTP][0m [90m{"implicit":30000}[39m
[38;5;0m[HTTP][0m [37m<-- POST /wd/hub/session/384b4fff-19a2-4609-9dc6-fa4c77df95e6/timeouts [39m[32m200[39m [90m2 ms - 14[39m
[38;5;0m[HTTP][0m [90m[39m
[38;5;0m[HTTP][0m [37m-->[39m [37mPOST[39m [37m/wd/hub/session/384b4fff-19a2-4609-9dc6-fa4c77df95e6/element/00000000-0000-04d7-ffff-ffff00000076/clear[39m
[38;5;0m[HTTP][0m [90m{"id":"00000000-0000-04d7-ffff-ffff00000076"}[39m
[38;5;0m[HTTP][0m [37m<-- POST /wd/hub/session/384b4fff-19a2-4609-9dc6-fa4c77df95e6/element/00000000-0000-04d7-ffff-ffff00000076/clear [39m[32m200[39m [90m47 ms - 14[39m
[38;5;0m[HTTP][0m [90m[39m
[38;5;0m[HTTP][0m [37m-->[39m [37mPOST[39m [37m/wd/hub/session/384b4fff-19a2-4609-9dc6-fa4c77df95e6/element/00000000-0000-04d7-ffff-ffff00000076/click[39m
[38;5;0m[HTTP][0m [90m{"id":"00000000-0000-04d7-ffff-ffff00000076"}[39m
[38;5;0m[HTTP][0m [37m<-- POST /wd/hub/session/384b4fff-19a2-4609-9dc6-fa4c77df95e6/element/00000000-0000-04d7-ffff-ffff00000076/click [39m[32m200[39m [90m639 ms - 14[39m
[38;5;0m[HTTP][0m [90m[39m
[38;5;0m[HTTP][0m [37m-->[39m [37mPOST[39m [37m/wd/hub/session/384b4fff-19a2-4609-9dc6-fa4c77df95e6/element/00000000-0000-04d7-ffff-ffff00000076/value[39m
[38;5;0m[HTTP][0m [90m{"id":"00000000-0000-04d7-ffff-ffff00000076","text":"nora","value":["n","o","r","a"]}[39m
[38;5;48m[AndroidUiautomator2Driver@f5e6 (384b4fff)][0m Got response with status 400: {"sessionId":"5601ce84-d58f-4914-8a6c-9dc673e785d2","value":{"error":"invalid element state","message":"Cannot set the element to 'nora'. Did you interact with the correct element?","stacktrace":"io.appium.uiautomator2.common.exceptions.InvalidElementStateException: Cannot set the element to 'nora'. Did you interact with the correct element?\n\tat io.appium.uiautomator2.handler.SendKeysToElement.setText(SendKeysToElement.java:87)\n\tat io.appium.uiautomator2.handler.SendKeysToElement.safeHandle(SendKeysToElement.java:115)\n\tat io.appium.uiautomator2.handler.request.SafeRequestHandler.handle(SafeRequestHandler.java:59)\n\tat io.appium.uiautomator2.server.AppiumServlet.handleRequest(AppiumServlet.java:259)\n\tat io.appium.uiautomator2.server.AppiumServlet.handleHttpRequest(AppiumServlet.java:253)\n\tat io.appium.uiautomator2.http.ServerHandler.channelRead(ServerHandler.java:77)\n\tat io.netty.channel.AbstractChannelHandlerContext.invokeChannelRead(AbstractChannelHandlerContext.java:366)\n\tat io.netty.chann...
[38;5;0m[HTTP][0m [37m<-- POST /wd/hub/session/384b4fff-19a2-4609-9dc6-fa4c77df95e6/element/00000000-0000-04d7-ffff-ffff00000076/value [39m[33m400[39m [90m185 ms - 3888[39m
[38;5;0m[HTTP][0m [90m[39m
[38;5;0m[HTTP][0m [37m-->[39m [37mPOST[39m [37m/wd/hub/session/384b4fff-19a2-4609-9dc6-fa4c77df95e6/element/00000000-0000-04d7-ffff-ffff00000076/click[39m
[38;5;0m[HTTP][0m [90m{"id":"00000000-0000-04d7-ffff-ffff00000076"}[39m
[38;5;0m[HTTP][0m [37m<-- POST /wd/hub/session/384b4fff-19a2-4609-9dc6-fa4c77df95e6/element/00000000-0000-04d7-ffff-ffff00000076/click [39m[32m200[39m [90m626 ms - 14[39m
[38;5;0m[HTTP][0m [90m[39m
[38;5;0m[HTTP][0m [37m-->[39m [37mPOST[39m [37m/wd/hub/session/384b4fff-19a2-4609-9dc6-fa4c77df95e6/actions[39m
[38;5;0m[HTTP][0m [90m{"actions":[{"type":"key","actions":[{"type":"keyDown","value":"n"},{"type":"keyDown","value":"o"},{"type":"keyDown","value":"r"},{"type":"keyDown","value":"a"}],"id":"keyboard"}]}[39m
[38;5;0m[HTTP][0m [37m<-- POST /wd/hub/session/384b4fff-19a2-4609-9dc6-fa4c77df95e6/actions [39m[32m200[39m [90m402 ms - 14[39m
[38;5;0m[HTTP][0m [90m[39m
[38;5;0m[HTTP][0m [37m-->[39m [37mPOST[39m [37m/wd/hub/session/384b4fff-19a2-4609-9dc6-fa4c77df95e6/timeouts[39m
[38;5;0m[HTTP][0m [90m{"implicit":50}[39m
[38;5;0m[HTTP][0m [37m<-- POST /wd/hub/session/384b4fff-19a2-4609-9dc6-fa4c77df95e6/timeouts [39m[32m200[39m [90m3 ms - 14[39m
[38;5;0m[HTTP][0m [90m[39m
[38;5;0m[HTTP][0m [37m-->[39m [37mGET[39m [37m/wd/hub/session/384b4fff-19a2-4609-9dc6-fa4c77df95e6/window/rect[39m
[38;5;0m[HTTP][0m [90m{}[39m
[38;5;0m[HTTP][0m [37m<-- GET /wd/hub/session/384b4fff-19a2-4609-9dc6-fa4c77df95e6/window/rect [39m[32m200[39m [90m35 ms - 50[39m
[38;5;0m[HTTP][0m [90m[39m
[38;5;0m[HTTP][0m [37m-->[39m [37mPOST[39m [37m/wd/hub/session/384b4fff-19a2-4609-9dc6-fa4c77df95e6/elements[39m
[38;5;0m[HTTP][0m [90m{"using":"xpath","value":"//hierarchy/android.widget.FrameLayout[1]/android.widget.LinearLayout[1]/android.widget.FrameLayout[1]/android.widget.LinearLayout[1]/android.widget.FrameLayout[1]/android.widget.RelativeLayout[1]/android.widget.LinearLayout[2]/android.widget.RelativeLayout[4]/android.widget.EditText[1]"}[39m
[38;5;0m[HTTP][0m [37m<-- POST /wd/hub/session/384b4fff-19a2-4609-9dc6-fa4c77df95e6/elements [39m[32m200[39m [90m1291 ms - 139[39m
[38;5;0m[HTTP][0m [90m[39m
[38;5;0m[HTTP][0m [37m-->[39m [37mGET[39m [37m/wd/hub/session/384b4fff-19a2-4609-9dc6-fa4c77df95e6/element/00000000-0000-04d7-ffff-ffff0000007b/location[39m
[38;5;0m[HTTP][0m [90m{}[39m
[38;5;48m[AndroidUiautomator2Driver@f5e6 (384b4fff)][0m Driver proxy active, passing request on via HTTP proxy
[38;5;48m[AndroidUiautomator2Driver@f5e6 (384b4fff)][0m Replacing sessionId 5601ce84-d58f-4914-8a6c-9dc673e785d2 with 384b4fff-19a2-4609-9dc6-fa4c77df95e6
[38;5;0m[HTTP][0m [37m<-- GET /wd/hub/session/384b4fff-19a2-4609-9dc6-fa4c77df95e6/element/00000000-0000-04d7-ffff-ffff0000007b/location [39m[32m200[39m [90m73 ms - 77[39m
[38;5;0m[HTTP][0m [90m[39m
[38;5;0m[HTTP][0m [37m-->[39m [37mPOST[39m [37m/wd/hub/session/384b4fff-19a2-4609-9dc6-fa4c77df95e6/timeouts[39m
[38;5;0m[HTTP][0m [90m{"implicit":30000}[39m
[38;5;0m[HTTP][0m [37m<-- POST /wd/hub/session/384b4fff-19a2-4609-9dc6-fa4c77df95e6/timeouts [39m[32m200[39m [90m2 ms - 14[39m
[38;5;0m[HTTP][0m [90m[39m
[38;5;0m[HTTP][0m [37m-->[39m [37mPOST[39m [37m/wd/hub/session/384b4fff-19a2-4609-9dc6-fa4c77df95e6/element/00000000-0000-04d7-ffff-ffff0000007b/click[39m
[38;5;0m[HTTP][0m [90m{"id":"00000000-0000-04d7-ffff-ffff0000007b"}[39m
[38;5;0m[HTTP][0m [37m<-- POST /wd/hub/session/384b4fff-19a2-4609-9dc6-fa4c77df95e6/element/00000000-0000-04d7-ffff-ffff0000007b/click [39m[32m200[39m [90m145 ms - 14[39m
[38;5;0m[HTTP][0m [90m[39m
[38;5;0m[HTTP][0m [37m-->[39m [37mPOST[39m [37m/wd/hub/session/384b4fff-19a2-4609-9dc6-fa4c77df95e6/timeouts[39m
[38;5;0m[HTTP][0m [90m{"implicit":50}[39m
[38;5;0m[HTTP][0m [37m<-- POST /wd/hub/session/384b4fff-19a2-4609-9dc6-fa4c77df95e6/timeouts [39m[32m200[39m [90m2 ms - 14[39m
[38;5;0m[HTTP][0m [90m[39m
[38;5;0m[HTTP][0m [37m-->[39m [37mGET[39m [37m/wd/hub/session/384b4fff-19a2-4609-9dc6-fa4c77df95e6/window/rect[39m
[38;5;0m[HTTP][0m [90m{}[39m
[38;5;0m[HTTP][0m [37m<-- GET /wd/hub/session/384b4fff-19a2-4609-9dc6-fa4c77df95e6/window/rect [39m[32m200[39m [90m127 ms - 50[39m
[38;5;0m[HTTP][0m [90m[39m
[38;5;0m[HTTP][0m [37m-->[39m [37mPOST[39m [37m/wd/hub/session/384b4fff-19a2-4609-9dc6-fa4c77df95e6/elements[39m
[38;5;0m[HTTP][0m [90m{"using":"xpath","value":"//*[@class = 'android.widget.TextView' and (@text = 'PASSWORD' or . = 'PASSWORD')]"}[39m
[38;5;0m[HTTP][0m [37m<-- POST /wd/hub/session/384b4fff-19a2-4609-9dc6-fa4c77df95e6/elements [39m[32m200[39m [90m716 ms - 139[39m
[38;5;0m[HTTP][0m [90m[39m
[38;5;0m[HTTP][0m [37m-->[39m [37mGET[39m [37m/wd/hub/session/384b4fff-19a2-4609-9dc6-fa4c77df95e6/element/00000000-0000-04d7-ffff-ffff0000007a/location[39m
[38;5;0m[HTTP][0m [90m{}[39m
[38;5;48m[AndroidUiautomator2Driver@f5e6 (384b4fff)][0m Driver proxy active, passing request on via HTTP proxy
[38;5;48m[AndroidUiautomator2Driver@f5e6 (384b4fff)][0m Replacing sessionId 5601ce84-d58f-4914-8a6c-9dc673e785d2 with 384b4fff-19a2-4609-9dc6-fa4c77df95e6
[38;5;0m[HTTP][0m [37m<-- GET /wd/hub/session/384b4fff-19a2-4609-9dc6-fa4c77df95e6/element/00000000-0000-04d7-ffff-ffff0000007a/location [39m[32m200[39m [90m59 ms - 77[39m
[38;5;0m[HTTP][0m [90m[39m
[38;5;0m[HTTP][0m [37m-->[39m [37mPOST[39m [37m/wd/hub/session/384b4fff-19a2-4609-9dc6-fa4c77df95e6/timeouts[39m
[38;5;0m[HTTP][0m [90m{"implicit":30000}[39m
[38;5;0m[HTTP][0m [37m<-- POST /wd/hub/session/384b4fff-19a2-4609-9dc6-fa4c77df95e6/timeouts [39m[32m200[39m [90m2 ms - 14[39m
[38;5;0m[HTTP][0m [90m[39m
[38;5;0m[HTTP][0m [37m-->[39m [37mPOST[39m [37m/wd/hub/session/384b4fff-19a2-4609-9dc6-fa4c77df95e6/element/00000000-0000-04d7-ffff-ffff0000007a/clear[39m
[38;5;0m[HTTP][0m [90m{"id":"00000000-0000-04d7-ffff-ffff0000007a"}[39m
[38;5;0m[HTTP][0m [37m<-- POST /wd/hub/session/384b4fff-19a2-4609-9dc6-fa4c77df95e6/element/00000000-0000-04d7-ffff-ffff0000007a/clear [39m[32m200[39m [90m79 ms - 14[39m
[38;5;0m[HTTP][0m [90m[39m
[38;5;0m[HTTP][0m [37m-->[39m [37mPOST[39m [37m/wd/hub/session/384b4fff-19a2-4609-9dc6-fa4c77df95e6/element/00000000-0000-04d7-ffff-ffff0000007a/click[39m
[38;5;0m[HTTP][0m [90m{"id":"00000000-0000-04d7-ffff-ffff0000007a"}[39m
[38;5;0m[HTTP][0m [37m<-- POST /wd/hub/session/384b4fff-19a2-4609-9dc6-fa4c77df95e6/element/00000000-0000-04d7-ffff-ffff0000007a/click [39m[32m200[39m [90m139 ms - 14[39m
[38;5;0m[HTTP][0m [90m[39m
[38;5;0m[HTTP][0m [37m-->[39m [37mPOST[39m [37m/wd/hub/session/384b4fff-19a2-4609-9dc6-fa4c77df95e6/element/00000000-0000-04d7-ffff-ffff0000007a/value[39m
[38;5;0m[HTTP][0m [90m{"id":"00000000-0000-04d7-ffff-ffff0000007a","text":"1234!sdA","value":["1","2","3","4","!","s","d","A"]}[39m
[38;5;48m[AndroidUiautomator2Driver@f5e6 (384b4fff)][0m Got response with status 400: {"sessionId":"5601ce84-d58f-4914-8a6c-9dc673e785d2","value":{"error":"invalid element state","message":"Cannot set the element to '1234!sdA'. Did you interact with the correct element?","stacktrace":"io.appium.uiautomator2.common.exceptions.InvalidElementStateException: Cannot set the element to '1234!sdA'. Did you interact with the correct element?\n\tat io.appium.uiautomator2.handler.SendKeysToElement.setText(SendKeysToElement.java:87)\n\tat io.appium.uiautomator2.handler.SendKeysToElement.safeHandle(SendKeysToElement.java:115)\n\tat io.appium.uiautomator2.handler.request.SafeRequestHandler.handle(SafeRequestHandler.java:59)\n\tat io.appium.uiautomator2.server.AppiumServlet.handleRequest(AppiumServlet.java:259)\n\tat io.appium.uiautomator2.server.AppiumServlet.handleHttpRequest(AppiumServlet.java:253)\n\tat io.appium.uiautomator2.http.ServerHandler.channelRead(ServerHandler.java:77)\n\tat io.netty.channel.AbstractChannelHandlerContext.invokeChannelRead(AbstractChannelHandlerContext.java:366)\n\tat io.net...
[38;5;0m[HTTP][0m [37m<-- POST /wd/hub/session/384b4fff-19a2-4609-9dc6-fa4c77df95e6/element/00000000-0000-04d7-ffff-ffff0000007a/value [39m[33m400[39m [90m586 ms - 3896[39m
[38;5;0m[HTTP][0m [90m[39m
[38;5;0m[HTTP][0m [37m-->[39m [37mPOST[39m [37m/wd/hub/session/384b4fff-19a2-4609-9dc6-fa4c77df95e6/element/00000000-0000-04d7-ffff-ffff0000007a/click[39m
[38;5;0m[HTTP][0m [90m{"id":"00000000-0000-04d7-ffff-ffff0000007a"}[39m
[38;5;0m[HTTP][0m [37m<-- POST /wd/hub/session/384b4fff-19a2-4609-9dc6-fa4c77df95e6/element/00000000-0000-04d7-ffff-ffff0000007a/click [39m[32m200[39m [90m174 ms - 14[39m
[38;5;0m[HTTP][0m [90m[39m
[38;5;0m[HTTP][0m [37m-->[39m [37mPOST[39m [37m/wd/hub/session/384b4fff-19a2-4609-9dc6-fa4c77df95e6/actions[39m
[38;5;0m[HTTP][0m [90m{"actions":[{"type":"key","actions":[{"type":"keyDown","value":"1"},{"type":"keyDown","value":"2"},{"type":"keyDown","value":"3"},{"type":"keyDown","value":"4"},{"type":"keyDown","value":"!"},{"type":"keyDown","value":"s"},{"type":"keyDown","value":"d"},{"type":"keyDown","value":"A"}],"id":"keyboard"}]}[39m
[38;5;0m[HTTP][0m [37m<-- POST /wd/hub/session/384b4fff-19a2-4609-9dc6-fa4c77df95e6/actions [39m[32m200[39m [90m597 ms - 14[39m
[38;5;0m[HTTP][0m [90m[39m
[38;5;0m[HTTP][0m [37m-->[39m [37mPOST[39m [37m/wd/hub/session/384b4fff-19a2-4609-9dc6-fa4c77df95e6/timeouts[39m
[38;5;0m[HTTP][0m [90m{"implicit":50}[39m
[38;5;0m[HTTP][0m [37m<-- POST /wd/hub/session/384b4fff-19a2-4609-9dc6-fa4c77df95e6/timeouts [39m[32m200[39m [90m2 ms - 14[39m
[38;5;0m[HTTP][0m [90m[39m
[38;5;0m[HTTP][0m [37m-->[39m [37mGET[39m [37m/wd/hub/session/384b4fff-19a2-4609-9dc6-fa4c77df95e6/window/rect[39m
[38;5;0m[HTTP][0m [90m{}[39m
[38;5;0m[HTTP][0m [37m<-- GET /wd/hub/session/384b4fff-19a2-4609-9dc6-fa4c77df95e6/window/rect [39m[32m200[39m [90m24 ms - 50[39m
[38;5;0m[HTTP][0m [90m[39m
[38;5;0m[HTTP][0m [37m-->[39m [37mPOST[39m [37m/wd/hub/session/384b4fff-19a2-4609-9dc6-fa4c77df95e6/elements[39m
[38;5;0m[HTTP][0m [90m{"using":"xpath","value":"//*[@class = 'android.widget.Button' and (@text = 'LOGIN' or . = 'LOGIN') and @resource-id = 'com.Advantage.aShopping:id/buttonLogin']"}[39m
[38;5;0m[HTTP][0m [37m<-- POST /wd/hub/session/384b4fff-19a2-4609-9dc6-fa4c77df95e6/elements [39m[32m200[39m [90m906 ms - 139[39m
[38;5;0m[HTTP][0m [90m[39m
[38;5;0m[HTTP][0m [37m-->[39m [37mGET[39m [37m/wd/hub/session/384b4fff-19a2-4609-9dc6-fa4c77df95e6/element/00000000-0000-04d7-ffff-ffff00000081/location[39m
[38;5;0m[HTTP][0m [90m{}[39m
[38;5;48m[AndroidUiautomator2Driver@f5e6 (384b4fff)][0m Driver proxy active, passing request on via HTTP proxy
[38;5;48m[AndroidUiautomator2Driver@f5e6 (384b4fff)][0m Replacing sessionId 5601ce84-d58f-4914-8a6c-9dc673e785d2 with 384b4fff-19a2-4609-9dc6-fa4c77df95e6
[38;5;0m[HTTP][0m [37m<-- GET /wd/hub/session/384b4fff-19a2-4609-9dc6-fa4c77df95e6/element/00000000-0000-04d7-ffff-ffff00000081/location [39m[32m200[39m [90m57 ms - 77[39m
[38;5;0m[HTTP][0m [90m[39m
[38;5;0m[HTTP][0m [37m-->[39m [37mPOST[39m [37m/wd/hub/session/384b4fff-19a2-4609-9dc6-fa4c77df95e6/timeouts[39m
[38;5;0m[HTTP][0m [90m{"implicit":30000}[39m
[38;5;0m[HTTP][0m [37m<-- POST /wd/hub/session/384b4fff-19a2-4609-9dc6-fa4c77df95e6/timeouts [39m[32m200[39m [90m2 ms - 14[39m
[38;5;0m[HTTP][0m [90m[39m
[38;5;0m[HTTP][0m [37m-->[39m [37mPOST[39m [37m/wd/hub/session/384b4fff-19a2-4609-9dc6-fa4c77df95e6/element/00000000-0000-04d7-ffff-ffff00000081/click[39m
[38;5;0m[HTTP][0m [90m{"id":"00000000-0000-04d7-ffff-ffff00000081"}[39m
[38;5;0m[HTTP][0m [37m<-- POST /wd/hub/session/384b4fff-19a2-4609-9dc6-fa4c77df95e6/element/00000000-0000-04d7-ffff-ffff00000081/click [39m[32m200[39m [90m126 ms - 14[39m
[38;5;0m[HTTP][0m [90m[39m
[38;5;0m[HTTP][0m [37m-->[39m [37mPOST[39m [37m/wd/hub/session/384b4fff-19a2-4609-9dc6-fa4c77df95e6/timeouts[39m
[38;5;0m[HTTP][0m [90m{"implicit":50}[39m
[38;5;0m[HTTP][0m [37m<-- POST /wd/hub/session/384b4fff-19a2-4609-9dc6-fa4c77df95e6/timeouts [39m[32m200[39m [90m2 ms - 14[39m
[38;5;0m[HTTP][0m [90m[39m
[38;5;0m[HTTP][0m [37m-->[39m [37mGET[39m [37m/wd/hub/session/384b4fff-19a2-4609-9dc6-fa4c77df95e6/window/rect[39m
[38;5;0m[HTTP][0m [90m{}[39m
[38;5;0m[HTTP][0m [37m<-- GET /wd/hub/session/384b4fff-19a2-4609-9dc6-fa4c77df95e6/window/rect [39m[32m200[39m [90m43 ms - 50[39m
[38;5;0m[HTTP][0m [90m[39m
[38;5;0m[HTTP][0m [37m-->[39m [37mPOST[39m [37m/wd/hub/session/384b4fff-19a2-4609-9dc6-fa4c77df95e6/elements[39m
[38;5;0m[HTTP][0m [90m{"using":"xpath","value":"//*[@class = 'android.widget.TextView' and (@text = 'Incorrect user name or password.' or . = 'Incorrect user name or password.') and @resource-id = 'com.Advantage.aShopping:id/textViewFailed']"}[39m
[38;5;0m[HTTP][0m [37m<-- POST /wd/hub/session/384b4fff-19a2-4609-9dc6-fa4c77df95e6/elements [39m[32m200[39m [90m627 ms - 12[39m
[38;5;0m[HTTP][0m [90m[39m
[38;5;0m[HTTP][0m [37m-->[39m [37mPOST[39m [37m/wd/hub/session/384b4fff-19a2-4609-9dc6-fa4c77df95e6/elements[39m
[38;5;0m[HTTP][0m [90m{"using":"xpath","value":"//*[@class = 'android.widget.TextView' and (@text = 'Incorrect user name or password.' or . = 'Incorrect user name or password.') and @resource-id = 'com.Advantage.aShopping:id/textViewFailed']"}[39m
[38;5;0m[HTTP][0m [37m<-- POST /wd/hub/session/384b4fff-19a2-4609-9dc6-fa4c77df95e6/elements [39m[32m200[39m [90m558 ms - 12[39m
[38;5;0m[HTTP][0m [90m[39m
[38;5;0m[HTTP][0m [37m-->[39m [37mPOST[39m [37m/wd/hub/session/384b4fff-19a2-4609-9dc6-fa4c77df95e6/elements[39m
[38;5;0m[HTTP][0m [90m{"using":"xpath","value":"//*[@class = 'android.widget.TextView' and (@text = 'Incorrect user name or password.' or . = 'Incorrect user name or password.') and @resource-id = 'com.Advantage.aShopping:id/textViewFailed']"}[39m
[38;5;0m[HTTP][0m [37m<-- POST /wd/hub/session/384b4fff-19a2-4609-9dc6-fa4c77df95e6/elements [39m[32m200[39m [90m384 ms - 12[39m
[38;5;0m[HTTP][0m [90m[39m
[38;5;0m[HTTP][0m [37m-->[39m [37mPOST[39m [37m/wd/hub/session/384b4fff-19a2-4609-9dc6-fa4c77df95e6/elements[39m
[38;5;0m[HTTP][0m [90m{"using":"xpath","value":"//*[@class = 'android.widget.TextView' and (@text = 'Incorrect user name or password.' or . = 'Incorrect user name or password.') and @resource-id = 'com.Advantage.aShopping:id/textViewFailed']"}[39m
[38;5;0m[HTTP][0m [37m<-- POST /wd/hub/session/384b4fff-19a2-4609-9dc6-fa4c77df95e6/elements [39m[32m200[39m [90m380 ms - 12[39m
[38;5;0m[HTTP][0m [90m[39m
[38;5;0m[HTTP][0m [37m-->[39m [37mPOST[39m [37m/wd/hub/session/384b4fff-19a2-4609-9dc6-fa4c77df95e6/elements[39m
[38;5;0m[HTTP][0m [90m{"using":"xpath","value":"//*[@class = 'android.widget.TextView' and (@text = 'Incorrect user name or password.' or . = 'Incorrect user name or password.') and @resource-id = 'com.Advantage.aShopping:id/textViewFailed']"}[39m
[38;5;0m[HTTP][0m [37m<-- POST /wd/hub/session/384b4fff-19a2-4609-9dc6-fa4c77df95e6/elements [39m[32m200[39m [90m324 ms - 12[39m
[38;5;0m[HTTP][0m [90m[39m
[38;5;0m[HTTP][0m [37m-->[39m [37mPOST[39m [37m/wd/hub/session/384b4fff-19a2-4609-9dc6-fa4c77df95e6/elements[39m
[38;5;0m[HTTP][0m [90m{"using":"xpath","value":"//*[@class = 'android.widget.TextView' and (@text = 'Incorrect user name or password.' or . = 'Incorrect user name or password.') and @resource-id = 'com.Advantage.aShopping:id/textViewFailed']"}[39m
[38;5;0m[HTTP][0m [37m<-- POST /wd/hub/session/384b4fff-19a2-4609-9dc6-fa4c77df95e6/elements [39m[32m200[39m [90m291 ms - 12[39m
[38;5;0m[HTTP][0m [90m[39m
[38;5;0m[HTTP][0m [37m-->[39m [37mPOST[39m [37m/wd/hub/session/384b4fff-19a2-4609-9dc6-fa4c77df95e6/elements[39m
[38;5;0m[HTTP][0m [90m{"using":"xpath","value":"//*[@class = 'android.widget.TextView' and (@text = 'Incorrect user name or password.' or . = 'Incorrect user name or password.') and @resource-id = 'com.Advantage.aShopping:id/textViewFailed']"}[39m
[38;5;0m[HTTP][0m [37m<-- POST /wd/hub/session/384b4fff-19a2-4609-9dc6-fa4c77df95e6/elements [39m[32m200[39m [90m235 ms - 12[39m
[38;5;0m[HTTP][0m [90m[39m
[38;5;0m[HTTP][0m [37m-->[39m [37mPOST[39m [37m/wd/hub/session/384b4fff-19a2-4609-9dc6-fa4c77df95e6/elements[39m
[38;5;0m[HTTP][0m [90m{"using":"xpath","value":"//*[@class = 'android.widget.TextView' and (@text = 'Incorrect user name or password.' or . = 'Incorrect user name or password.') and @resource-id = 'com.Advantage.aShopping:id/textViewFailed']"}[39m
[38;5;0m[HTTP][0m [37m<-- POST /wd/hub/session/384b4fff-19a2-4609-9dc6-fa4c77df95e6/elements [39m[32m200[39m [90m257 ms - 12[39m
[38;5;0m[HTTP][0m [90m[39m
[38;5;0m[HTTP][0m [37m-->[39m [37mPOST[39m [37m/wd/hub/session/384b4fff-19a2-4609-9dc6-fa4c77df95e6/elements[39m
[38;5;0m[HTTP][0m [90m{"using":"xpath","value":"//*[@class = 'android.widget.TextView' and (@text = 'Incorrect user name or password.' or . = 'Incorrect user name or password.') and @resource-id = 'com.Advantage.aShopping:id/textViewFailed']"}[39m
[38;5;0m[HTTP][0m [37m<-- POST /wd/hub/session/384b4fff-19a2-4609-9dc6-fa4c77df95e6/elements [39m[32m200[39m [90m344 ms - 12[39m
[38;5;0m[HTTP][0m [90m[39m
[38;5;0m[HTTP][0m [37m-->[39m [37mPOST[39m [37m/wd/hub/session/384b4fff-19a2-4609-9dc6-fa4c77df95e6/elements[39m
[38;5;0m[HTTP][0m [90m{"using":"xpath","value":"//*[@class = 'android.widget.TextView' and (@text = 'Incorrect user name or password.' or . = 'Incorrect user name or password.') and @resource-id = 'com.Advantage.aShopping:id/textViewFailed']"}[39m
[38;5;0m[HTTP][0m [37m<-- POST /wd/hub/session/384b4fff-19a2-4609-9dc6-fa4c77df95e6/elements [39m[32m200[39m [90m263 ms - 12[39m
[38;5;0m[HTTP][0m [90m[39m
[38;5;0m[HTTP][0m [37m-->[39m [37mPOST[39m [37m/wd/hub/session/384b4fff-19a2-4609-9dc6-fa4c77df95e6/elements[39m
[38;5;0m[HTTP][0m [90m{"using":"xpath","value":"//*[@class = 'android.widget.TextView' and (@text = 'Incorrect user name or password.' or . = 'Incorrect user name or password.') and @resource-id = 'com.Advantage.aShopping:id/textViewFailed']"}[39m
[38;5;0m[HTTP][0m [37m<-- POST /wd/hub/session/384b4fff-19a2-4609-9dc6-fa4c77df95e6/elements [39m[32m200[39m [90m272 ms - 12[39m
[38;5;0m[HTTP][0m [90m[39m
[38;5;0m[HTTP][0m [37m-->[39m [37mPOST[39m [37m/wd/hub/session/384b4fff-19a2-4609-9dc6-fa4c77df95e6/elements[39m
[38;5;0m[HTTP][0m [90m{"using":"xpath","value":"//*[@class = 'android.widget.TextView' and (@text = 'Incorrect user name or password.' or . = 'Incorrect user name or password.') and @resource-id = 'com.Advantage.aShopping:id/textViewFailed']"}[39m
[38;5;0m[HTTP][0m [37m<-- POST /wd/hub/session/384b4fff-19a2-4609-9dc6-fa4c77df95e6/elements [39m[32m200[39m [90m264 ms - 12[39m
[38;5;0m[HTTP][0m [90m[39m
[38;5;0m[HTTP][0m [37m-->[39m [37mPOST[39m [37m/wd/hub/session/384b4fff-19a2-4609-9dc6-fa4c77df95e6/elements[39m
[38;5;0m[HTTP][0m [90m{"using":"xpath","value":"//*[@class = 'android.widget.TextView' and (@text = 'Incorrect user name or password.' or . = 'Incorrect user name or password.') and @resource-id = 'com.Advantage.aShopping:id/textViewFailed']"}[39m
[38;5;0m[HTTP][0m [37m<-- POST /wd/hub/session/384b4fff-19a2-4609-9dc6-fa4c77df95e6/elements [39m[32m200[39m [90m308 ms - 12[39m
[38;5;0m[HTTP][0m [90m[39m
[38;5;0m[HTTP][0m [37m-->[39m [37mPOST[39m [37m/wd/hub/session/384b4fff-19a2-4609-9dc6-fa4c77df95e6/elements[39m
[38;5;0m[HTTP][0m [90m{"using":"xpath","value":"//*[@class = 'android.widget.TextView' and (@text = 'Incorrect user name or password.' or . = 'Incorrect user name or password.') and @resource-id = 'com.Advantage.aShopping:id/textViewFailed']"}[39m
[38;5;0m[HTTP][0m [37m<-- POST /wd/hub/session/384b4fff-19a2-4609-9dc6-fa4c77df95e6/elements [39m[32m200[39m [90m227 ms - 12[39m
[38;5;0m[HTTP][0m [90m[39m
[38;5;0m[HTTP][0m [37m-->[39m [37mPOST[39m [37m/wd/hub/session/384b4fff-19a2-4609-9dc6-fa4c77df95e6/elements[39m
[38;5;0m[HTTP][0m [90m{"using":"xpath","value":"//*[@class = 'android.widget.TextView' and (@text = 'Incorrect user name or password.' or . = 'Incorrect user name or password.') and @resource-id = 'com.Advantage.aShopping:id/textViewFailed']"}[39m
[38;5;0m[HTTP][0m [37m<-- POST /wd/hub/session/384b4fff-19a2-4609-9dc6-fa4c77df95e6/elements [39m[32m200[39m [90m246 ms - 12[39m
[38;5;0m[HTTP][0m [90m[39m
[38;5;0m[HTTP][0m [37m-->[39m [37mPOST[39m [37m/wd/hub/session/384b4fff-19a2-4609-9dc6-fa4c77df95e6/elements[39m
[38;5;0m[HTTP][0m [90m{"using":"xpath","value":"//*[@class = 'android.widget.TextView' and (@text = 'Incorrect user name or password.' or . = 'Incorrect user name or password.') and @resource-id = 'com.Advantage.aShopping:id/textViewFailed']"}[39m
[38;5;0m[HTTP][0m [37m<-- POST /wd/hub/session/384b4fff-19a2-4609-9dc6-fa4c77df95e6/elements [39m[32m200[39m [90m278 ms - 12[39m
[38;5;0m[HTTP][0m [90m[39m
[38;5;0m[HTTP][0m [37m-->[39m [37mPOST[39m [37m/wd/hub/session/384b4fff-19a2-4609-9dc6-fa4c77df95e6/elements[39m
[38;5;0m[HTTP][0m [90m{"using":"xpath","value":"//*[@class = 'android.widget.TextView' and (@text = 'Incorrect user name or password.' or . = 'Incorrect user name or password.') and @resource-id = 'com.Advantage.aShopping:id/textViewFailed']"}[39m
[38;5;0m[HTTP][0m [37m<-- POST /wd/hub/session/384b4fff-19a2-4609-9dc6-fa4c77df95e6/elements [39m[32m200[39m [90m228 ms - 12[39m
[38;5;0m[HTTP][0m [90m[39m
[38;5;0m[HTTP][0m [37m-->[39m [37mPOST[39m [37m/wd/hub/session/384b4fff-19a2-4609-9dc6-fa4c77df95e6/elements[39m
[38;5;0m[HTTP][0m [90m{"using":"xpath","value":"//*[@class = 'android.widget.TextView' and (@text = 'Incorrect user name or password.' or . = 'Incorrect user name or password.') and @resource-id = 'com.Advantage.aShopping:id/textViewFailed']"}[39m
[38;5;0m[HTTP][0m [37m<-- POST /wd/hub/session/384b4fff-19a2-4609-9dc6-fa4c77df95e6/elements [39m[32m200[39m [90m247 ms - 12[39m
[38;5;0m[HTTP][0m [90m[39m
[38;5;0m[HTTP][0m [37m-->[39m [37mPOST[39m [37m/wd/hub/session/384b4fff-19a2-4609-9dc6-fa4c77df95e6/elements[39m
[38;5;0m[HTTP][0m [90m{"using":"xpath","value":"//*[@class = 'android.widget.TextView' and (@text = 'Incorrect user name or password.' or . = 'Incorrect user name or password.') and @resource-id = 'com.Advantage.aShopping:id/textViewFailed']"}[39m
[38;5;0m[HTTP][0m [37m<-- POST /wd/hub/session/384b4fff-19a2-4609-9dc6-fa4c77df95e6/elements [39m[32m200[39m [90m266 ms - 12[39m
[38;5;0m[HTTP][0m [90m[39m
[38;5;0m[HTTP][0m [37m-->[39m [37mPOST[39m [37m/wd/hub/session/384b4fff-19a2-4609-9dc6-fa4c77df95e6/elements[39m
[38;5;0m[HTTP][0m [90m{"using":"xpath","value":"//*[@class = 'android.widget.TextView' and (@text = 'Incorrect user name or password.' or . = 'Incorrect user name or password.') and @resource-id = 'com.Advantage.aShopping:id/textViewFailed']"}[39m
[38;5;0m[HTTP][0m [37m<-- POST /wd/hub/session/384b4fff-19a2-4609-9dc6-fa4c77df95e6/elements [39m[32m200[39m [90m268 ms - 12[39m
[38;5;0m[HTTP][0m [90m[39m
[38;5;0m[HTTP][0m [37m-->[39m [37mPOST[39m [37m/wd/hub/session/384b4fff-19a2-4609-9dc6-fa4c77df95e6/elements[39m
[38;5;0m[HTTP][0m [90m{"using":"xpath","value":"//*[@class = 'android.widget.TextView' and (@text = 'Incorrect user name or password.' or . = 'Incorrect user name or password.') and @resource-id = 'com.Advantage.aShopping:id/textViewFailed']"}[39m
[38;5;0m[HTTP][0m [37m<-- POST /wd/hub/session/384b4fff-19a2-4609-9dc6-fa4c77df95e6/elements [39m[32m200[39m [90m250 ms - 12[39m
[38;5;0m[HTTP][0m [90m[39m
[38;5;0m[HTTP][0m [37m-->[39m [37mPOST[39m [37m/wd/hub/session/384b4fff-19a2-4609-9dc6-fa4c77df95e6/elements[39m
[38;5;0m[HTTP][0m [90m{"using":"xpath","value":"//*[@class = 'android.widget.TextView' and (@text = 'Incorrect user name or password.' or . = 'Incorrect user name or password.') and @resource-id = 'com.Advantage.aShopping:id/textViewFailed']"}[39m
[38;5;0m[HTTP][0m [37m<-- POST /wd/hub/session/384b4fff-19a2-4609-9dc6-fa4c77df95e6/elements [39m[32m200[39m [90m288 ms - 12[39m
[38;5;0m[HTTP][0m [90m[39m
[38;5;0m[HTTP][0m [37m-->[39m [37mPOST[39m [37m/wd/hub/session/384b4fff-19a2-4609-9dc6-fa4c77df95e6/elements[39m
[38;5;0m[HTTP][0m [90m{"using":"xpath","value":"//*[@class = 'android.widget.TextView' and (@text = 'Incorrect user name or password.' or . = 'Incorrect user name or password.') and @resource-id = 'com.Advantage.aShopping:id/textViewFailed']"}[39m
[38;5;0m[HTTP][0m [37m<-- POST /wd/hub/session/384b4fff-19a2-4609-9dc6-fa4c77df95e6/elements [39m[32m200[39m [90m542 ms - 139[39m
[38;5;0m[HTTP][0m [90m[39m
[38;5;0m[HTTP][0m [37m-->[39m [37mGET[39m [37m/wd/hub/session/384b4fff-19a2-4609-9dc6-fa4c77df95e6/element/00000000-0000-04d7-ffff-ffff00000070/location[39m
[38;5;0m[HTTP][0m [90m{}[39m
[38;5;48m[AndroidUiautomator2Driver@f5e6 (384b4fff)][0m Driver proxy active, passing request on via HTTP proxy
[38;5;48m[AndroidUiautomator2Driver@f5e6 (384b4fff)][0m Replacing sessionId 5601ce84-d58f-4914-8a6c-9dc673e785d2 with 384b4fff-19a2-4609-9dc6-fa4c77df95e6
[38;5;0m[HTTP][0m [37m<-- GET /wd/hub/session/384b4fff-19a2-4609-9dc6-fa4c77df95e6/element/00000000-0000-04d7-ffff-ffff00000070/location [39m[32m200[39m [90m168 ms - 77[39m
[38;5;0m[HTTP][0m [90m[39m
[38;5;0m[HTTP][0m [37m-->[39m [37mPOST[39m [37m/wd/hub/session/384b4fff-19a2-4609-9dc6-fa4c77df95e6/timeouts[39m
[38;5;0m[HTTP][0m [90m{"implicit":30000}[39m
[38;5;0m[HTTP][0m [37m<-- POST /wd/hub/session/384b4fff-19a2-4609-9dc6-fa4c77df95e6/timeouts [39m[32m200[39m [90m2 ms - 14[39m
[38;5;0m[HTTP][0m [90m[39m
[38;5;0m[HTTP][0m [37m-->[39m [37mGET[39m [37m/wd/hub/session/384b4fff-19a2-4609-9dc6-fa4c77df95e6/context[39m
[38;5;0m[HTTP][0m [90m{}[39m
[38;5;0m[HTTP][0m [37m<-- GET /wd/hub/session/384b4fff-19a2-4609-9dc6-fa4c77df95e6/context [39m[32m200[39m [90m2 ms - 22[39m
[38;5;0m[HTTP][0m [90m[39m
[38;5;0m[HTTP][0m [37m-->[39m [37mGET[39m [37m/wd/hub/session/384b4fff-19a2-4609-9dc6-fa4c77df95e6/contexts[39m
[38;5;0m[HTTP][0m [90m{}[39m
[38;5;0m[HTTP][0m [37m<-- GET /wd/hub/session/384b4fff-19a2-4609-9dc6-fa4c77df95e6/contexts [39m[32m200[39m [90m344 ms - 24[39m
[38;5;0m[HTTP][0m [90m[39m
[38;5;0m[HTTP][0m [37m-->[39m [37mPOST[39m [37m/wd/hub/session/384b4fff-19a2-4609-9dc6-fa4c77df95e6/context[39m
[38;5;0m[HTTP][0m [90m{"name":"NATIVE_APP"}[39m
[38;5;0m[HTTP][0m [37m<-- POST /wd/hub/session/384b4fff-19a2-4609-9dc6-fa4c77df95e6/context [39m[32m200[39m [90m2 ms - 14[39m
[38;5;0m[HTTP][0m [90m[39m
[38;5;0m[HTTP][0m [37m-->[39m [37mGET[39m [37m/wd/hub/session/384b4fff-19a2-4609-9dc6-fa4c77df95e6/screenshot[39m
[38;5;0m[HTTP][0m [90m{}[39m
[38;5;0m[HTTP][0m [37m<-- GET /wd/hub/session/384b4fff-19a2-4609-9dc6-fa4c77df95e6/screenshot [39m[32m200[39m [90m1166 ms - 173008[39m
[38;5;0m[HTTP][0m [90m[39m
[38;5;0m[HTTP][0m [37m-->[39m [37mPOST[39m [37m/wd/hub/session/384b4fff-19a2-4609-9dc6-fa4c77df95e6/context[39m
[38;5;0m[HTTP][0m [90m{"name":"NATIVE_APP"}[39m
[38;5;0m[HTTP][0m [37m<-- POST /wd/hub/session/384b4fff-19a2-4609-9dc6-fa4c77df95e6/context [39m[32m200[39m [90m2 ms - 14[39m
[38;5;0m[HTTP][0m [90m[39m
[38;5;0m[HTTP][0m [37m-->[39m [37mGET[39m [37m/wd/hub/session/384b4fff-19a2-4609-9dc6-fa4c77df95e6/context[39m
[38;5;0m[HTTP][0m [90m{}[39m
[38;5;0m[HTTP][0m [37m<-- GET /wd/hub/session/384b4fff-19a2-4609-9dc6-fa4c77df95e6/context [39m[32m200[39m [90m2 ms - 22[39m
[38;5;0m[HTTP][0m [90m[39m
[38;5;0m[HTTP][0m [37m-->[39m [37mGET[39m [37m/wd/hub/session/384b4fff-19a2-4609-9dc6-fa4c77df95e6/contexts[39m
[38;5;0m[HTTP][0m [90m{}[39m
[38;5;0m[HTTP][0m [37m<-- GET /wd/hub/session/384b4fff-19a2-4609-9dc6-fa4c77df95e6/contexts [39m[32m200[39m [90m300 ms - 24[39m
[38;5;0m[HTTP][0m [90m[39m
[38;5;0m[HTTP][0m [37m-->[39m [37mPOST[39m [37m/wd/hub/session/384b4fff-19a2-4609-9dc6-fa4c77df95e6/context[39m
[38;5;0m[HTTP][0m [90m{"name":"NATIVE_APP"}[39m
[38;5;0m[HTTP][0m [37m<-- POST /wd/hub/session/384b4fff-19a2-4609-9dc6-fa4c77df95e6/context [39m[32m200[39m [90m5 ms - 14[39m
[38;5;0m[HTTP][0m [90m[39m
[38;5;0m[HTTP][0m [37m-->[39m [37mGET[39m [37m/wd/hub/session/384b4fff-19a2-4609-9dc6-fa4c77df95e6/screenshot[39m
[38;5;0m[HTTP][0m [90m{}[39m
[38;5;0m[HTTP][0m [37m<-- GET /wd/hub/session/384b4fff-19a2-4609-9dc6-fa4c77df95e6/screenshot [39m[32m200[39m [90m1038 ms - 172960[39m
[38;5;0m[HTTP][0m [90m[39m
[38;5;0m[HTTP][0m [37m-->[39m [37mPOST[39m [37m/wd/hub/session/384b4fff-19a2-4609-9dc6-fa4c77df95e6/context[39m
[38;5;0m[HTTP][0m [90m{"name":"NATIVE_APP"}[39m
[38;5;0m[HTTP][0m [37m<-- POST /wd/hub/session/384b4fff-19a2-4609-9dc6-fa4c77df95e6/context [39m[32m200[39m [90m2 ms - 14[39m
[38;5;0m[HTTP][0m [90m[39m
[38;5;0m[HTTP][0m [37m-->[39m [37mGET[39m [37m/wd/hub/status[39m
[38;5;0m[HTTP][0m [90m{}[39m
[38;5;0m[HTTP][0m [37m<-- GET /wd/hub/status [39m[32m200[39m [90m2 ms - 110[39m
[38;5;0m[HTTP][0m [90m[39m
[38;5;0m[HTTP][0m [37m-->[39m [37mPOST[39m [37m/wd/hub/session[39m
[38;5;0m[HTTP][0m [90m{"desiredCapabilities":{"appium:systemPort":63003,"appium:newCommandTimeout":1800,"appium:automationName":"uiautomator2","appium:fullReset":true,"appium:platformVersion":"14","appium:noReset":false,"appium:udid":"emulator-5554","appium:autoGrantPermissions":true,"appium:platformName":"ANDROID","appium:deviceName":"emulator-5554 (sdk_gphone64_x86_64 - Android 14)","platformName":"Android","appium:app":"C:\\Users\\ASUS\\Downloads\\Advantage+demo+3.2.apk"},"capabilities":{"firstMatch":[{"appium:app":"C:\\Users\\ASUS\\Downloads\\Advantage+demo+3.2.apk","appium:autoGrantPermissions":true,"appium:automationName":"uiautomator2","appium:deviceName":"emulator-5554 (sdk_gphone64_x86_64 - Android 14)","appium:fullReset":true,"appium:newCommandTimeout":1800,"appium:noReset":false,"appium:platformName":"ANDROID","appium:platformVersion":"14","appium:systemPort":63003,"appium:udid":"emulator-5554","platformName":"android"}]}}[39m
[38;5;32m[BaseDriver][0m Ignoring capability 'appium:platformName=ANDROID' and using capability 'platformName=android'
[38;5;32m[BaseDriver][0m The capabilities ["platformName"] are standard capabilities and do not require "appium:" prefix
[35m[Appium][39m Attempting to find matching driver for automationName 'uiautomator2' and platformName 'android'
[35m[Appium][39m The 'uiautomator2' driver was installed and matched caps.
[35m[Appium][39m Will require it at C:\Users\ASUS\.appium\node_modules\appium-uiautomator2-driver
[38;5;16m[AppiumDriver@29fb][0m Appium v2.5.0 creating new AndroidUiautomator2Driver (v3.0.0) session
[38;5;16m[AppiumDriver@29fb][0m Checking BaseDriver versions for Appium and AndroidUiautomator2Driver
[38;5;16m[AppiumDriver@29fb][0m Appium's BaseDriver version is 9.5.1
[38;5;16m[AppiumDriver@29fb][0m AndroidUiautomator2Driver's BaseDriver version is 9.5.1
[38;5;48m[AndroidUiautomator2Driver@401f (542a4c28)][0m Session created with session id: 542a4c28-2970-4a79-80a9-b8b3e1b19258
[38;5;64m[ADB][0m Using 'adb.exe' from 'C:\Users\ASUS\.katalon\tools\android_sdk\platform-tools\adb.exe'
[38;5;48m[AndroidUiautomator2Driver@401f (542a4c28)][0m Retrieving device list
[38;5;48m[AndroidUiautomator2Driver@401f (542a4c28)][0m Using device: emulator-5554
[38;5;64m[ADB][0m Using 'adb.exe' from 'C:\Users\ASUS\.katalon\tools\android_sdk\platform-tools\adb.exe'
[38;5;32m[BaseDriver][0m Using local app 'C:\Users\ASUS\Downloads\Advantage+demo+3.2.apk'
[38;5;64m[ADB][0m Getting device platform version
[38;5;48m[AndroidUiautomator2Driver@401f (542a4c28)][0m Relaxing hidden api policy
[38;5;64m[ADB][0m Package name: 'com.Advantage.aShopping'
[38;5;64m[ADB][0m Main activity name: 'com.Advantage.aShopping.SplashActivity'
[38;5;48m[AndroidUiautomator2Driver@401f (542a4c28)][0m Server packages are not going to be (re)installed
[38;5;64m[ADB][0m Adding packages ["io.appium.settings","io.appium.uiautomator2.server","io.appium.uiautomator2.server.test"] to Doze whitelist
[38;5;64m[ADB][0m com.Advantage.aShopping was successfully uninstalled
[38;5;64m[ADB][0m The application at 'C:\Users\ASUS\Downloads\Advantage+demo+3.2.apk' will not be cached, because the device under test has confirmed the support of streamed installs
[38;5;64m[ADB][0m The installation of 'Advantage+demo+3.2.apk' took 2620ms
[38;5;48m[AndroidUiautomator2Driver@401f (542a4c28)][0m Starting UIAutomator2 server 7.0.0
[38;5;48m[AndroidUiautomator2Driver@401f (542a4c28)][0m Using UIAutomator2 server from 'C:\Users\ASUS\.appium\node_modules\appium-uiautomator2-driver\node_modules\appium-uiautomator2-server\apks\appium-uiautomator2-server-v7.0.0.apk' and test from 'C:\Users\ASUS\.appium\node_modules\appium-uiautomator2-driver\node_modules\appium-uiautomator2-server\apks\appium-uiautomator2-server-debug-androidTest.apk'
[38;5;48m[AndroidUiautomator2Driver@401f (542a4c28)][0m Waiting up to 30000ms for UiAutomator2 to be online...
[38;5;48m[AndroidUiautomator2Driver@401f (542a4c28)][0m socket hang up
[38;5;48m[AndroidUiautomator2Driver@401f (542a4c28)][0m socket hang up
[38;5;48m[AndroidUiautomator2Driver@401f (542a4c28)][0m socket hang up
[38;5;48m[AndroidUiautomator2Driver@401f (542a4c28)][0m socket hang up
[38;5;48m[AndroidUiautomator2Driver@401f (542a4c28)][0m socket hang up
[38;5;48m[AndroidUiautomator2Driver@401f (542a4c28)][0m Determined the downstream protocol as 'W3C'
[38;5;48m[AndroidUiautomator2Driver@401f (542a4c28)][0m Screen already unlocked, doing nothing
[38;5;48m[AndroidUiautomator2Driver@401f (542a4c28)][0m Starting 'com.Advantage.aShopping/com.Advantage.aShopping.SplashActivity and waiting for 'com.Advantage.aShopping/com.Advantage.aShopping.SplashActivity'
[38;5;16m[AppiumDriver@29fb][0m New AndroidUiautomator2Driver session created successfully, session 542a4c28-2970-4a79-80a9-b8b3e1b19258 added to master session list
[38;5;0m[HTTP][0m [37m<-- POST /wd/hub/session [39m[32m200[39m [90m16049 ms - 1224[39m
[38;5;0m[HTTP][0m [90m[39m
[38;5;0m[HTTP][0m [37m-->[39m [37mGET[39m [37m/wd/hub/session/542a4c28-2970-4a79-80a9-b8b3e1b19258[39m
[38;5;0m[HTTP][0m [90m{}[39m
[38;5;0m[HTTP][0m [37m<-- GET /wd/hub/session/542a4c28-2970-4a79-80a9-b8b3e1b19258 [39m[32m200[39m [90m49 ms - 364[39m
[38;5;0m[HTTP][0m [90m[39m
[38;5;0m[HTTP][0m [37m-->[39m [37mGET[39m [37m/wd/hub/session/542a4c28-2970-4a79-80a9-b8b3e1b19258[39m
[38;5;0m[HTTP][0m [90m{}[39m
[38;5;0m[HTTP][0m [37m<-- GET /wd/hub/session/542a4c28-2970-4a79-80a9-b8b3e1b19258 [39m[32m200[39m [90m77 ms - 364[39m
[38;5;0m[HTTP][0m [90m[39m
[38;5;0m[HTTP][0m [37m-->[39m [37mGET[39m [37m/wd/hub/status[39m
[38;5;0m[HTTP][0m [90m{}[39m
[38;5;0m[HTTP][0m [37m<-- GET /wd/hub/status [39m[32m200[39m [90m1 ms - 110[39m
[38;5;0m[HTTP][0m [90m[39m
[38;5;0m[HTTP][0m [37m-->[39m [37mPOST[39m [37m/wd/hub/session/542a4c28-2970-4a79-80a9-b8b3e1b19258/timeouts[39m
[38;5;0m[HTTP][0m [90m{"implicit":30000}[39m
[38;5;0m[HTTP][0m [37m<-- POST /wd/hub/session/542a4c28-2970-4a79-80a9-b8b3e1b19258/timeouts [39m[32m200[39m [90m2 ms - 14[39m
[38;5;0m[HTTP][0m [90m[39m
[38;5;0m[HTTP][0m [37m-->[39m [37mGET[39m [37m/wd/hub/session/542a4c28-2970-4a79-80a9-b8b3e1b19258/appium/device/system_bars[39m
[38;5;0m[HTTP][0m [90m{}[39m
[38;5;0m[HTTP][0m [37m<-- GET /wd/hub/session/542a4c28-2970-4a79-80a9-b8b3e1b19258/appium/device/system_bars [39m[32m200[39m [90m255 ms - 151[39m
[38;5;0m[HTTP][0m [90m[39m
[38;5;0m[HTTP][0m [37m-->[39m [37mPOST[39m [37m/wd/hub/session/542a4c28-2970-4a79-80a9-b8b3e1b19258/timeouts[39m
[38;5;0m[HTTP][0m [90m{"implicit":50}[39m
[38;5;0m[HTTP][0m [37m<-- POST /wd/hub/session/542a4c28-2970-4a79-80a9-b8b3e1b19258/timeouts [39m[32m200[39m [90m2 ms - 14[39m
[38;5;0m[HTTP][0m [90m[39m
[38;5;0m[HTTP][0m [37m-->[39m [37mGET[39m [37m/wd/hub/session/542a4c28-2970-4a79-80a9-b8b3e1b19258/window/rect[39m
[38;5;0m[HTTP][0m [90m{}[39m
[38;5;0m[HTTP][0m [37m<-- GET /wd/hub/session/542a4c28-2970-4a79-80a9-b8b3e1b19258/window/rect [39m[32m200[39m [90m33 ms - 50[39m
[38;5;0m[HTTP][0m [90m[39m
[38;5;0m[HTTP][0m [37m-->[39m [37mPOST[39m [37m/wd/hub/session/542a4c28-2970-4a79-80a9-b8b3e1b19258/elements[39m
[38;5;0m[HTTP][0m [90m{"using":"xpath","value":"//*[@class = 'android.widget.ImageView' and @resource-id = 'com.Advantage.aShopping:id/imageViewMenu' and (@text = '' or . = '')]"}[39m
[38;5;0m[HTTP][0m [37m<-- POST /wd/hub/session/542a4c28-2970-4a79-80a9-b8b3e1b19258/elements [39m[32m200[39m [90m2865 ms - 139[39m
[38;5;0m[HTTP][0m [90m[39m
[38;5;0m[HTTP][0m [37m-->[39m [37mGET[39m [37m/wd/hub/session/542a4c28-2970-4a79-80a9-b8b3e1b19258/element/00000000-0000-04e6-ffff-ffff00000018/location[39m
[38;5;0m[HTTP][0m [90m{}[39m
[38;5;48m[AndroidUiautomator2Driver@401f (542a4c28)][0m Driver proxy active, passing request on via HTTP proxy
[38;5;48m[AndroidUiautomator2Driver@401f (542a4c28)][0m Replacing sessionId b3db8bc1-1217-4eac-b861-8121d6a1f223 with 542a4c28-2970-4a79-80a9-b8b3e1b19258
[38;5;0m[HTTP][0m [37m<-- GET /wd/hub/session/542a4c28-2970-4a79-80a9-b8b3e1b19258/element/00000000-0000-04e6-ffff-ffff00000018/location [39m[32m200[39m [90m354 ms - 75[39m
[38;5;0m[HTTP][0m [90m[39m
[38;5;0m[HTTP][0m [37m-->[39m [37mPOST[39m [37m/wd/hub/session/542a4c28-2970-4a79-80a9-b8b3e1b19258/timeouts[39m
[38;5;0m[HTTP][0m [90m{"implicit":30000}[39m
[38;5;0m[HTTP][0m [37m<-- POST /wd/hub/session/542a4c28-2970-4a79-80a9-b8b3e1b19258/timeouts [39m[32m200[39m [90m2 ms - 14[39m
[38;5;0m[HTTP][0m [90m[39m
[38;5;0m[HTTP][0m [37m-->[39m [37mPOST[39m [37m/wd/hub/session/542a4c28-2970-4a79-80a9-b8b3e1b19258/element/00000000-0000-04e6-ffff-ffff00000018/click[39m
[38;5;0m[HTTP][0m [90m{"id":"00000000-0000-04e6-ffff-ffff00000018"}[39m
[38;5;0m[HTTP][0m [37m<-- POST /wd/hub/session/542a4c28-2970-4a79-80a9-b8b3e1b19258/element/00000000-0000-04e6-ffff-ffff00000018/click [39m[32m200[39m [90m1071 ms - 14[39m
[38;5;0m[HTTP][0m [90m[39m
[38;5;0m[HTTP][0m [37m-->[39m [37mPOST[39m [37m/wd/hub/session/542a4c28-2970-4a79-80a9-b8b3e1b19258/timeouts[39m
[38;5;0m[HTTP][0m [90m{"implicit":50}[39m
[38;5;0m[HTTP][0m [37m<-- POST /wd/hub/session/542a4c28-2970-4a79-80a9-b8b3e1b19258/timeouts [39m[32m200[39m [90m3 ms - 14[39m
[38;5;0m[HTTP][0m [90m[39m
[38;5;0m[HTTP][0m [37m-->[39m [37mGET[39m [37m/wd/hub/session/542a4c28-2970-4a79-80a9-b8b3e1b19258/window/rect[39m
[38;5;0m[HTTP][0m [90m{}[39m
[38;5;0m[HTTP][0m [37m<-- GET /wd/hub/session/542a4c28-2970-4a79-80a9-b8b3e1b19258/window/rect [39m[32m200[39m [90m53 ms - 50[39m
[38;5;0m[HTTP][0m [90m[39m
[38;5;0m[HTTP][0m [37m-->[39m [37mPOST[39m [37m/wd/hub/session/542a4c28-2970-4a79-80a9-b8b3e1b19258/elements[39m
[38;5;0m[HTTP][0m [90m{"using":"xpath","value":"//*[@class = 'android.widget.TextView' and (@text = 'LOGIN' or . = 'LOGIN') and @resource-id = 'com.Advantage.aShopping:id/textViewMenuUser']"}[39m
[38;5;0m[HTTP][0m [37m<-- POST /wd/hub/session/542a4c28-2970-4a79-80a9-b8b3e1b19258/elements [39m[32m200[39m [90m792 ms - 139[39m
[38;5;0m[HTTP][0m [90m[39m
[38;5;0m[HTTP][0m [37m-->[39m [37mGET[39m [37m/wd/hub/session/542a4c28-2970-4a79-80a9-b8b3e1b19258/element/00000000-0000-04e6-ffff-ffff00000041/location[39m
[38;5;0m[HTTP][0m [90m{}[39m
[38;5;48m[AndroidUiautomator2Driver@401f (542a4c28)][0m Driver proxy active, passing request on via HTTP proxy
[38;5;48m[AndroidUiautomator2Driver@401f (542a4c28)][0m Replacing sessionId b3db8bc1-1217-4eac-b861-8121d6a1f223 with 542a4c28-2970-4a79-80a9-b8b3e1b19258
[38;5;0m[HTTP][0m [37m<-- GET /wd/hub/session/542a4c28-2970-4a79-80a9-b8b3e1b19258/element/00000000-0000-04e6-ffff-ffff00000041/location [39m[32m200[39m [90m109 ms - 78[39m
[38;5;0m[HTTP][0m [90m[39m
[38;5;0m[HTTP][0m [37m-->[39m [37mPOST[39m [37m/wd/hub/session/542a4c28-2970-4a79-80a9-b8b3e1b19258/timeouts[39m
[38;5;0m[HTTP][0m [90m{"implicit":30000}[39m
[38;5;0m[HTTP][0m [37m<-- POST /wd/hub/session/542a4c28-2970-4a79-80a9-b8b3e1b19258/timeouts [39m[32m200[39m [90m1 ms - 14[39m
[38;5;0m[HTTP][0m [90m[39m
[38;5;0m[HTTP][0m [37m-->[39m [37mPOST[39m [37m/wd/hub/session/542a4c28-2970-4a79-80a9-b8b3e1b19258/element/00000000-0000-04e6-ffff-ffff00000041/click[39m
[38;5;0m[HTTP][0m [90m{"id":"00000000-0000-04e6-ffff-ffff00000041"}[39m
[38;5;0m[HTTP][0m [37m<-- POST /wd/hub/session/542a4c28-2970-4a79-80a9-b8b3e1b19258/element/00000000-0000-04e6-ffff-ffff00000041/click [39m[32m200[39m [90m142 ms - 14[39m
[38;5;0m[HTTP][0m [90m[39m
[38;5;0m[HTTP][0m [37m-->[39m [37mPOST[39m [37m/wd/hub/session/542a4c28-2970-4a79-80a9-b8b3e1b19258/timeouts[39m
[38;5;0m[HTTP][0m [90m{"implicit":50}[39m
[38;5;0m[HTTP][0m [37m<-- POST /wd/hub/session/542a4c28-2970-4a79-80a9-b8b3e1b19258/timeouts [39m[32m200[39m [90m7 ms - 14[39m
[38;5;0m[HTTP][0m [90m[39m
[38;5;0m[HTTP][0m [37m-->[39m [37mGET[39m [37m/wd/hub/session/542a4c28-2970-4a79-80a9-b8b3e1b19258/window/rect[39m
[38;5;0m[HTTP][0m [90m{}[39m
[38;5;0m[HTTP][0m [37m<-- GET /wd/hub/session/542a4c28-2970-4a79-80a9-b8b3e1b19258/window/rect [39m[32m200[39m [90m53 ms - 50[39m
[38;5;0m[HTTP][0m [90m[39m
[38;5;0m[HTTP][0m [37m-->[39m [37mPOST[39m [37m/wd/hub/session/542a4c28-2970-4a79-80a9-b8b3e1b19258/elements[39m
[38;5;0m[HTTP][0m [90m{"using":"xpath","value":"//hierarchy/android.widget.FrameLayout[1]/android.widget.LinearLayout[1]/android.widget.FrameLayout[1]/android.widget.LinearLayout[1]/android.widget.FrameLayout[1]/android.widget.RelativeLayout[1]/android.widget.LinearLayout[2]/android.widget.RelativeLayout[3]/android.widget.EditText[1]"}[39m
[38;5;0m[HTTP][0m [37m<-- POST /wd/hub/session/542a4c28-2970-4a79-80a9-b8b3e1b19258/elements [39m[32m200[39m [90m1426 ms - 139[39m
[38;5;0m[HTTP][0m [90m[39m
[38;5;0m[HTTP][0m [37m-->[39m [37mGET[39m [37m/wd/hub/session/542a4c28-2970-4a79-80a9-b8b3e1b19258/element/00000000-0000-04e7-ffff-ffff00000077/location[39m
[38;5;0m[HTTP][0m [90m{}[39m
[38;5;48m[AndroidUiautomator2Driver@401f (542a4c28)][0m Driver proxy active, passing request on via HTTP proxy
[38;5;48m[AndroidUiautomator2Driver@401f (542a4c28)][0m Replacing sessionId b3db8bc1-1217-4eac-b861-8121d6a1f223 with 542a4c28-2970-4a79-80a9-b8b3e1b19258
[38;5;0m[HTTP][0m [37m<-- GET /wd/hub/session/542a4c28-2970-4a79-80a9-b8b3e1b19258/element/00000000-0000-04e7-ffff-ffff00000077/location [39m[32m200[39m [90m543 ms - 77[39m
[38;5;0m[HTTP][0m [90m[39m
[38;5;0m[HTTP][0m [37m-->[39m [37mPOST[39m [37m/wd/hub/session/542a4c28-2970-4a79-80a9-b8b3e1b19258/timeouts[39m
[38;5;0m[HTTP][0m [90m{"implicit":30000}[39m
[38;5;0m[HTTP][0m [37m<-- POST /wd/hub/session/542a4c28-2970-4a79-80a9-b8b3e1b19258/timeouts [39m[32m200[39m [90m5 ms - 14[39m
[38;5;0m[HTTP][0m [90m[39m
[38;5;0m[HTTP][0m [37m-->[39m [37mPOST[39m [37m/wd/hub/session/542a4c28-2970-4a79-80a9-b8b3e1b19258/element/00000000-0000-04e7-ffff-ffff00000077/click[39m
[38;5;0m[HTTP][0m [90m{"id":"00000000-0000-04e7-ffff-ffff00000077"}[39m
[38;5;0m[HTTP][0m [37m<-- POST /wd/hub/session/542a4c28-2970-4a79-80a9-b8b3e1b19258/element/00000000-0000-04e7-ffff-ffff00000077/click [39m[32m200[39m [90m616 ms - 14[39m
[38;5;0m[HTTP][0m [90m[39m
[38;5;0m[HTTP][0m [37m-->[39m [37mPOST[39m [37m/wd/hub/session/542a4c28-2970-4a79-80a9-b8b3e1b19258/timeouts[39m
[38;5;0m[HTTP][0m [90m{"implicit":50}[39m
[38;5;0m[HTTP][0m [37m<-- POST /wd/hub/session/542a4c28-2970-4a79-80a9-b8b3e1b19258/timeouts [39m[32m200[39m [90m3 ms - 14[39m
[38;5;0m[HTTP][0m [90m[39m
[38;5;0m[HTTP][0m [37m-->[39m [37mGET[39m [37m/wd/hub/session/542a4c28-2970-4a79-80a9-b8b3e1b19258/window/rect[39m
[38;5;0m[HTTP][0m [90m{}[39m
[38;5;0m[HTTP][0m [37m<-- GET /wd/hub/session/542a4c28-2970-4a79-80a9-b8b3e1b19258/window/rect [39m[32m200[39m [90m34 ms - 50[39m
[38;5;0m[HTTP][0m [90m[39m
[38;5;0m[HTTP][0m [37m-->[39m [37mPOST[39m [37m/wd/hub/session/542a4c28-2970-4a79-80a9-b8b3e1b19258/elements[39m
[38;5;0m[HTTP][0m [90m{"using":"xpath","value":"//*[@class = 'android.widget.TextView' and (@text = 'USER NAME' or . = 'USER NAME')]"}[39m
[38;5;0m[HTTP][0m [37m<-- POST /wd/hub/session/542a4c28-2970-4a79-80a9-b8b3e1b19258/elements [39m[32m200[39m [90m950 ms - 139[39m
[38;5;0m[HTTP][0m [90m[39m
[38;5;0m[HTTP][0m [37m-->[39m [37mGET[39m [37m/wd/hub/session/542a4c28-2970-4a79-80a9-b8b3e1b19258/element/00000000-0000-04e7-ffff-ffff00000076/location[39m
[38;5;0m[HTTP][0m [90m{}[39m
[38;5;48m[AndroidUiautomator2Driver@401f (542a4c28)][0m Driver proxy active, passing request on via HTTP proxy
[38;5;48m[AndroidUiautomator2Driver@401f (542a4c28)][0m Replacing sessionId b3db8bc1-1217-4eac-b861-8121d6a1f223 with 542a4c28-2970-4a79-80a9-b8b3e1b19258
[38;5;0m[HTTP][0m [37m<-- GET /wd/hub/session/542a4c28-2970-4a79-80a9-b8b3e1b19258/element/00000000-0000-04e7-ffff-ffff00000076/location [39m[32m200[39m [90m62 ms - 77[39m
[38;5;0m[HTTP][0m [90m[39m
[38;5;0m[HTTP][0m [37m-->[39m [37mPOST[39m [37m/wd/hub/session/542a4c28-2970-4a79-80a9-b8b3e1b19258/timeouts[39m
[38;5;0m[HTTP][0m [90m{"implicit":30000}[39m
[38;5;0m[HTTP][0m [37m<-- POST /wd/hub/session/542a4c28-2970-4a79-80a9-b8b3e1b19258/timeouts [39m[32m200[39m [90m2 ms - 14[39m
[38;5;0m[HTTP][0m [90m[39m
[38;5;0m[HTTP][0m [37m-->[39m [37mPOST[39m [37m/wd/hub/session/542a4c28-2970-4a79-80a9-b8b3e1b19258/element/00000000-0000-04e7-ffff-ffff00000076/clear[39m
[38;5;0m[HTTP][0m [90m{"id":"00000000-0000-04e7-ffff-ffff00000076"}[39m
[38;5;0m[HTTP][0m [37m<-- POST /wd/hub/session/542a4c28-2970-4a79-80a9-b8b3e1b19258/element/00000000-0000-04e7-ffff-ffff00000076/clear [39m[32m200[39m [90m73 ms - 14[39m
[38;5;0m[HTTP][0m [90m[39m
[38;5;0m[HTTP][0m [37m-->[39m [37mPOST[39m [37m/wd/hub/session/542a4c28-2970-4a79-80a9-b8b3e1b19258/element/00000000-0000-04e7-ffff-ffff00000076/click[39m
[38;5;0m[HTTP][0m [90m{"id":"00000000-0000-04e7-ffff-ffff00000076"}[39m
[38;5;0m[HTTP][0m [37m<-- POST /wd/hub/session/542a4c28-2970-4a79-80a9-b8b3e1b19258/element/00000000-0000-04e7-ffff-ffff00000076/click [39m[32m200[39m [90m152 ms - 14[39m
[38;5;0m[HTTP][0m [90m[39m
[38;5;0m[HTTP][0m [37m-->[39m [37mPOST[39m [37m/wd/hub/session/542a4c28-2970-4a79-80a9-b8b3e1b19258/element/00000000-0000-04e7-ffff-ffff00000076/value[39m
[38;5;0m[HTTP][0m [90m{"id":"00000000-0000-04e7-ffff-ffff00000076","text":"nora","value":["n","o","r","a"]}[39m
[38;5;48m[AndroidUiautomator2Driver@401f (542a4c28)][0m Got response with status 400: {"sessionId":"b3db8bc1-1217-4eac-b861-8121d6a1f223","value":{"error":"invalid element state","message":"Cannot set the element to 'nora'. Did you interact with the correct element?","stacktrace":"io.appium.uiautomator2.common.exceptions.InvalidElementStateException: Cannot set the element to 'nora'. Did you interact with the correct element?\n\tat io.appium.uiautomator2.handler.SendKeysToElement.setText(SendKeysToElement.java:87)\n\tat io.appium.uiautomator2.handler.SendKeysToElement.safeHandle(SendKeysToElement.java:115)\n\tat io.appium.uiautomator2.handler.request.SafeRequestHandler.handle(SafeRequestHandler.java:59)\n\tat io.appium.uiautomator2.server.AppiumServlet.handleRequest(AppiumServlet.java:259)\n\tat io.appium.uiautomator2.server.AppiumServlet.handleHttpRequest(AppiumServlet.java:253)\n\tat io.appium.uiautomator2.http.ServerHandler.channelRead(ServerHandler.java:77)\n\tat io.netty.channel.AbstractChannelHandlerContext.invokeChannelRead(AbstractChannelHandlerContext.java:366)\n\tat io.netty.chann...
[38;5;0m[HTTP][0m [37m<-- POST /wd/hub/session/542a4c28-2970-4a79-80a9-b8b3e1b19258/element/00000000-0000-04e7-ffff-ffff00000076/value [39m[33m400[39m [90m573 ms - 3888[39m
[38;5;0m[HTTP][0m [90m[39m
[38;5;0m[HTTP][0m [37m-->[39m [37mPOST[39m [37m/wd/hub/session/542a4c28-2970-4a79-80a9-b8b3e1b19258/element/00000000-0000-04e7-ffff-ffff00000076/click[39m
[38;5;0m[HTTP][0m [90m{"id":"00000000-0000-04e7-ffff-ffff00000076"}[39m
[38;5;0m[HTTP][0m [37m<-- POST /wd/hub/session/542a4c28-2970-4a79-80a9-b8b3e1b19258/element/00000000-0000-04e7-ffff-ffff00000076/click [39m[32m200[39m [90m124 ms - 14[39m
[38;5;0m[HTTP][0m [90m[39m
[38;5;0m[HTTP][0m [37m-->[39m [37mPOST[39m [37m/wd/hub/session/542a4c28-2970-4a79-80a9-b8b3e1b19258/actions[39m
[38;5;0m[HTTP][0m [90m{"actions":[{"type":"key","actions":[{"type":"keyDown","value":"n"},{"type":"keyDown","value":"o"},{"type":"keyDown","value":"r"},{"type":"keyDown","value":"a"}],"id":"keyboard"}]}[39m
[38;5;0m[HTTP][0m [37m<-- POST /wd/hub/session/542a4c28-2970-4a79-80a9-b8b3e1b19258/actions [39m[32m200[39m [90m426 ms - 14[39m
[38;5;0m[HTTP][0m [90m[39m
[38;5;0m[HTTP][0m [37m-->[39m [37mPOST[39m [37m/wd/hub/session/542a4c28-2970-4a79-80a9-b8b3e1b19258/timeouts[39m
[38;5;0m[HTTP][0m [90m{"implicit":50}[39m
[38;5;0m[HTTP][0m [37m<-- POST /wd/hub/session/542a4c28-2970-4a79-80a9-b8b3e1b19258/timeouts [39m[32m200[39m [90m2 ms - 14[39m
[38;5;0m[HTTP][0m [90m[39m
[38;5;0m[HTTP][0m [37m-->[39m [37mGET[39m [37m/wd/hub/session/542a4c28-2970-4a79-80a9-b8b3e1b19258/window/rect[39m
[38;5;0m[HTTP][0m [90m{}[39m
[38;5;0m[HTTP][0m [37m<-- GET /wd/hub/session/542a4c28-2970-4a79-80a9-b8b3e1b19258/window/rect [39m[32m200[39m [90m42 ms - 50[39m
[38;5;0m[HTTP][0m [90m[39m
[38;5;0m[HTTP][0m [37m-->[39m [37mPOST[39m [37m/wd/hub/session/542a4c28-2970-4a79-80a9-b8b3e1b19258/elements[39m
[38;5;0m[HTTP][0m [90m{"using":"xpath","value":"//hierarchy/android.widget.FrameLayout[1]/android.widget.LinearLayout[1]/android.widget.FrameLayout[1]/android.widget.LinearLayout[1]/android.widget.FrameLayout[1]/android.widget.RelativeLayout[1]/android.widget.LinearLayout[2]/android.widget.RelativeLayout[4]/android.widget.EditText[1]"}[39m
[38;5;0m[HTTP][0m [37m<-- POST /wd/hub/session/542a4c28-2970-4a79-80a9-b8b3e1b19258/elements [39m[32m200[39m [90m1205 ms - 139[39m
[38;5;0m[HTTP][0m [90m[39m
[38;5;0m[HTTP][0m [37m-->[39m [37mGET[39m [37m/wd/hub/session/542a4c28-2970-4a79-80a9-b8b3e1b19258/element/00000000-0000-04e7-ffff-ffff0000007b/location[39m
[38;5;0m[HTTP][0m [90m{}[39m
[38;5;48m[AndroidUiautomator2Driver@401f (542a4c28)][0m Driver proxy active, passing request on via HTTP proxy
[38;5;48m[AndroidUiautomator2Driver@401f (542a4c28)][0m Replacing sessionId b3db8bc1-1217-4eac-b861-8121d6a1f223 with 542a4c28-2970-4a79-80a9-b8b3e1b19258
[38;5;0m[HTTP][0m [37m<-- GET /wd/hub/session/542a4c28-2970-4a79-80a9-b8b3e1b19258/element/00000000-0000-04e7-ffff-ffff0000007b/location [39m[32m200[39m [90m84 ms - 77[39m
[38;5;0m[HTTP][0m [90m[39m
[38;5;0m[HTTP][0m [37m-->[39m [37mPOST[39m [37m/wd/hub/session/542a4c28-2970-4a79-80a9-b8b3e1b19258/timeouts[39m
[38;5;0m[HTTP][0m [90m{"implicit":30000}[39m
[38;5;0m[HTTP][0m [37m<-- POST /wd/hub/session/542a4c28-2970-4a79-80a9-b8b3e1b19258/timeouts [39m[32m200[39m [90m1 ms - 14[39m
[38;5;0m[HTTP][0m [90m[39m
[38;5;0m[HTTP][0m [37m-->[39m [37mPOST[39m [37m/wd/hub/session/542a4c28-2970-4a79-80a9-b8b3e1b19258/element/00000000-0000-04e7-ffff-ffff0000007b/click[39m
[38;5;0m[HTTP][0m [90m{"id":"00000000-0000-04e7-ffff-ffff0000007b"}[39m
[38;5;0m[HTTP][0m [37m<-- POST /wd/hub/session/542a4c28-2970-4a79-80a9-b8b3e1b19258/element/00000000-0000-04e7-ffff-ffff0000007b/click [39m[32m200[39m [90m147 ms - 14[39m
[38;5;0m[HTTP][0m [90m[39m
[38;5;0m[HTTP][0m [37m-->[39m [37mPOST[39m [37m/wd/hub/session/542a4c28-2970-4a79-80a9-b8b3e1b19258/timeouts[39m
[38;5;0m[HTTP][0m [90m{"implicit":50}[39m
[38;5;0m[HTTP][0m [37m<-- POST /wd/hub/session/542a4c28-2970-4a79-80a9-b8b3e1b19258/timeouts [39m[32m200[39m [90m3 ms - 14[39m
[38;5;0m[HTTP][0m [90m[39m
[38;5;0m[HTTP][0m [37m-->[39m [37mGET[39m [37m/wd/hub/session/542a4c28-2970-4a79-80a9-b8b3e1b19258/window/rect[39m
[38;5;0m[HTTP][0m [90m{}[39m
[38;5;0m[HTTP][0m [37m<-- GET /wd/hub/session/542a4c28-2970-4a79-80a9-b8b3e1b19258/window/rect [39m[32m200[39m [90m76 ms - 50[39m
[38;5;0m[HTTP][0m [90m[39m
[38;5;0m[HTTP][0m [37m-->[39m [37mPOST[39m [37m/wd/hub/session/542a4c28-2970-4a79-80a9-b8b3e1b19258/elements[39m
[38;5;0m[HTTP][0m [90m{"using":"xpath","value":"//*[@class = 'android.widget.TextView' and (@text = 'PASSWORD' or . = 'PASSWORD')]"}[39m
[38;5;0m[HTTP][0m [37m<-- POST /wd/hub/session/542a4c28-2970-4a79-80a9-b8b3e1b19258/elements [39m[32m200[39m [90m883 ms - 139[39m
[38;5;0m[HTTP][0m [90m[39m
[38;5;0m[HTTP][0m [37m-->[39m [37mGET[39m [37m/wd/hub/session/542a4c28-2970-4a79-80a9-b8b3e1b19258/element/00000000-0000-04e7-ffff-ffff0000007a/location[39m
[38;5;0m[HTTP][0m [90m{}[39m
[38;5;48m[AndroidUiautomator2Driver@401f (542a4c28)][0m Driver proxy active, passing request on via HTTP proxy
[38;5;48m[AndroidUiautomator2Driver@401f (542a4c28)][0m Replacing sessionId b3db8bc1-1217-4eac-b861-8121d6a1f223 with 542a4c28-2970-4a79-80a9-b8b3e1b19258
[38;5;0m[HTTP][0m [37m<-- GET /wd/hub/session/542a4c28-2970-4a79-80a9-b8b3e1b19258/element/00000000-0000-04e7-ffff-ffff0000007a/location [39m[32m200[39m [90m46 ms - 77[39m
[38;5;0m[HTTP][0m [90m[39m
[38;5;0m[HTTP][0m [37m-->[39m [37mPOST[39m [37m/wd/hub/session/542a4c28-2970-4a79-80a9-b8b3e1b19258/timeouts[39m
[38;5;0m[HTTP][0m [90m{"implicit":30000}[39m
[38;5;0m[HTTP][0m [37m<-- POST /wd/hub/session/542a4c28-2970-4a79-80a9-b8b3e1b19258/timeouts [39m[32m200[39m [90m1 ms - 14[39m
[38;5;0m[HTTP][0m [90m[39m
[38;5;0m[HTTP][0m [37m-->[39m [37mPOST[39m [37m/wd/hub/session/542a4c28-2970-4a79-80a9-b8b3e1b19258/element/00000000-0000-04e7-ffff-ffff0000007a/clear[39m
[38;5;0m[HTTP][0m [90m{"id":"00000000-0000-04e7-ffff-ffff0000007a"}[39m
[38;5;0m[HTTP][0m [37m<-- POST /wd/hub/session/542a4c28-2970-4a79-80a9-b8b3e1b19258/element/00000000-0000-04e7-ffff-ffff0000007a/clear [39m[32m200[39m [90m44 ms - 14[39m
[38;5;0m[HTTP][0m [90m[39m
[38;5;0m[HTTP][0m [37m-->[39m [37mPOST[39m [37m/wd/hub/session/542a4c28-2970-4a79-80a9-b8b3e1b19258/element/00000000-0000-04e7-ffff-ffff0000007a/click[39m
[38;5;0m[HTTP][0m [90m{"id":"00000000-0000-04e7-ffff-ffff0000007a"}[39m
[38;5;0m[HTTP][0m [37m<-- POST /wd/hub/session/542a4c28-2970-4a79-80a9-b8b3e1b19258/element/00000000-0000-04e7-ffff-ffff0000007a/click [39m[32m200[39m [90m141 ms - 14[39m
[38;5;0m[HTTP][0m [90m[39m
[38;5;0m[HTTP][0m [37m-->[39m [37mPOST[39m [37m/wd/hub/session/542a4c28-2970-4a79-80a9-b8b3e1b19258/element/00000000-0000-04e7-ffff-ffff0000007a/value[39m
[38;5;0m[HTTP][0m [90m{"id":"00000000-0000-04e7-ffff-ffff0000007a","text":"1234!sdA","value":["1","2","3","4","!","s","d","A"]}[39m
[38;5;48m[AndroidUiautomator2Driver@401f (542a4c28)][0m Got response with status 400: {"sessionId":"b3db8bc1-1217-4eac-b861-8121d6a1f223","value":{"error":"invalid element state","message":"Cannot set the element to '1234!sdA'. Did you interact with the correct element?","stacktrace":"io.appium.uiautomator2.common.exceptions.InvalidElementStateException: Cannot set the element to '1234!sdA'. Did you interact with the correct element?\n\tat io.appium.uiautomator2.handler.SendKeysToElement.setText(SendKeysToElement.java:87)\n\tat io.appium.uiautomator2.handler.SendKeysToElement.safeHandle(SendKeysToElement.java:115)\n\tat io.appium.uiautomator2.handler.request.SafeRequestHandler.handle(SafeRequestHandler.java:59)\n\tat io.appium.uiautomator2.server.AppiumServlet.handleRequest(AppiumServlet.java:259)\n\tat io.appium.uiautomator2.server.AppiumServlet.handleHttpRequest(AppiumServlet.java:253)\n\tat io.appium.uiautomator2.http.ServerHandler.channelRead(ServerHandler.java:77)\n\tat io.netty.channel.AbstractChannelHandlerContext.invokeChannelRead(AbstractChannelHandlerContext.java:366)\n\tat io.net...
[38;5;0m[HTTP][0m [37m<-- POST /wd/hub/session/542a4c28-2970-4a79-80a9-b8b3e1b19258/element/00000000-0000-04e7-ffff-ffff0000007a/value [39m[33m400[39m [90m558 ms - 3896[39m
[38;5;0m[HTTP][0m [90m[39m
[38;5;0m[HTTP][0m [37m-->[39m [37mPOST[39m [37m/wd/hub/session/542a4c28-2970-4a79-80a9-b8b3e1b19258/element/00000000-0000-04e7-ffff-ffff0000007a/click[39m
[38;5;0m[HTTP][0m [90m{"id":"00000000-0000-04e7-ffff-ffff0000007a"}[39m
[38;5;0m[HTTP][0m [37m<-- POST /wd/hub/session/542a4c28-2970-4a79-80a9-b8b3e1b19258/element/00000000-0000-04e7-ffff-ffff0000007a/click [39m[32m200[39m [90m153 ms - 14[39m
[38;5;0m[HTTP][0m [90m[39m
[38;5;0m[HTTP][0m [37m-->[39m [37mPOST[39m [37m/wd/hub/session/542a4c28-2970-4a79-80a9-b8b3e1b19258/actions[39m
[38;5;0m[HTTP][0m [90m{"actions":[{"type":"key","actions":[{"type":"keyDown","value":"1"},{"type":"keyDown","value":"2"},{"type":"keyDown","value":"3"},{"type":"keyDown","value":"4"},{"type":"keyDown","value":"!"},{"type":"keyDown","value":"s"},{"type":"keyDown","value":"d"},{"type":"keyDown","value":"A"}],"id":"keyboard"}]}[39m
[38;5;0m[HTTP][0m [37m<-- POST /wd/hub/session/542a4c28-2970-4a79-80a9-b8b3e1b19258/actions [39m[32m200[39m [90m583 ms - 14[39m
[38;5;0m[HTTP][0m [90m[39m
[38;5;0m[HTTP][0m [37m-->[39m [37mPOST[39m [37m/wd/hub/session/542a4c28-2970-4a79-80a9-b8b3e1b19258/timeouts[39m
[38;5;0m[HTTP][0m [90m{"implicit":50}[39m
[38;5;0m[HTTP][0m [37m<-- POST /wd/hub/session/542a4c28-2970-4a79-80a9-b8b3e1b19258/timeouts [39m[32m200[39m [90m2 ms - 14[39m
[38;5;0m[HTTP][0m [90m[39m
[38;5;0m[HTTP][0m [37m-->[39m [37mGET[39m [37m/wd/hub/session/542a4c28-2970-4a79-80a9-b8b3e1b19258/window/rect[39m
[38;5;0m[HTTP][0m [90m{}[39m
[38;5;0m[HTTP][0m [37m<-- GET /wd/hub/session/542a4c28-2970-4a79-80a9-b8b3e1b19258/window/rect [39m[32m200[39m [90m27 ms - 50[39m
[38;5;0m[HTTP][0m [90m[39m
[38;5;0m[HTTP][0m [37m-->[39m [37mPOST[39m [37m/wd/hub/session/542a4c28-2970-4a79-80a9-b8b3e1b19258/elements[39m
[38;5;0m[HTTP][0m [90m{"using":"xpath","value":"//*[@class = 'android.widget.Button' and (@text = 'LOGIN' or . = 'LOGIN') and @resource-id = 'com.Advantage.aShopping:id/buttonLogin']"}[39m
[38;5;0m[HTTP][0m [37m<-- POST /wd/hub/session/542a4c28-2970-4a79-80a9-b8b3e1b19258/elements [39m[32m200[39m [90m1006 ms - 139[39m
[38;5;0m[HTTP][0m [90m[39m
[38;5;0m[HTTP][0m [37m-->[39m [37mGET[39m [37m/wd/hub/session/542a4c28-2970-4a79-80a9-b8b3e1b19258/element/00000000-0000-04e7-ffff-ffff00000081/location[39m
[38;5;0m[HTTP][0m [90m{}[39m
[38;5;48m[AndroidUiautomator2Driver@401f (542a4c28)][0m Driver proxy active, passing request on via HTTP proxy
[38;5;48m[AndroidUiautomator2Driver@401f (542a4c28)][0m Replacing sessionId b3db8bc1-1217-4eac-b861-8121d6a1f223 with 542a4c28-2970-4a79-80a9-b8b3e1b19258
[38;5;0m[HTTP][0m [37m<-- GET /wd/hub/session/542a4c28-2970-4a79-80a9-b8b3e1b19258/element/00000000-0000-04e7-ffff-ffff00000081/location [39m[32m200[39m [90m41 ms - 77[39m
[38;5;0m[HTTP][0m [90m[39m
[38;5;0m[HTTP][0m [37m-->[39m [37mPOST[39m [37m/wd/hub/session/542a4c28-2970-4a79-80a9-b8b3e1b19258/timeouts[39m
[38;5;0m[HTTP][0m [90m{"implicit":30000}[39m
[38;5;0m[HTTP][0m [37m<-- POST /wd/hub/session/542a4c28-2970-4a79-80a9-b8b3e1b19258/timeouts [39m[32m200[39m [90m1 ms - 14[39m
[38;5;0m[HTTP][0m [90m[39m
[38;5;0m[HTTP][0m [37m-->[39m [37mPOST[39m [37m/wd/hub/session/542a4c28-2970-4a79-80a9-b8b3e1b19258/element/00000000-0000-04e7-ffff-ffff00000081/click[39m
[38;5;0m[HTTP][0m [90m{"id":"00000000-0000-04e7-ffff-ffff00000081"}[39m
[38;5;0m[HTTP][0m [37m<-- POST /wd/hub/session/542a4c28-2970-4a79-80a9-b8b3e1b19258/element/00000000-0000-04e7-ffff-ffff00000081/click [39m[32m200[39m [90m111 ms - 14[39m
[38;5;0m[HTTP][0m [90m[39m
[38;5;0m[HTTP][0m [37m-->[39m [37mPOST[39m [37m/wd/hub/session/542a4c28-2970-4a79-80a9-b8b3e1b19258/timeouts[39m
[38;5;0m[HTTP][0m [90m{"implicit":50}[39m
[38;5;0m[HTTP][0m [37m<-- POST /wd/hub/session/542a4c28-2970-4a79-80a9-b8b3e1b19258/timeouts [39m[32m200[39m [90m3 ms - 14[39m
[38;5;0m[HTTP][0m [90m[39m
[38;5;0m[HTTP][0m [37m-->[39m [37mGET[39m [37m/wd/hub/session/542a4c28-2970-4a79-80a9-b8b3e1b19258/window/rect[39m
[38;5;0m[HTTP][0m [90m{}[39m
[38;5;0m[HTTP][0m [37m<-- GET /wd/hub/session/542a4c28-2970-4a79-80a9-b8b3e1b19258/window/rect [39m[32m200[39m [90m32 ms - 50[39m
[38;5;0m[HTTP][0m [90m[39m
[38;5;0m[HTTP][0m [37m-->[39m [37mPOST[39m [37m/wd/hub/session/542a4c28-2970-4a79-80a9-b8b3e1b19258/elements[39m
[38;5;0m[HTTP][0m [90m{"using":"xpath","value":"//*[@class = 'android.widget.TextView' and (@text = 'Incorrect user name or password.' or . = 'Incorrect user name or password.') and @resource-id = 'com.Advantage.aShopping:id/textViewFailed']"}[39m
[38;5;0m[HTTP][0m [37m<-- POST /wd/hub/session/542a4c28-2970-4a79-80a9-b8b3e1b19258/elements [39m[32m200[39m [90m1212 ms - 12[39m
[38;5;0m[HTTP][0m [90m[39m
[38;5;0m[HTTP][0m [37m-->[39m [37mPOST[39m [37m/wd/hub/session/542a4c28-2970-4a79-80a9-b8b3e1b19258/elements[39m
[38;5;0m[HTTP][0m [90m{"using":"xpath","value":"//*[@class = 'android.widget.TextView' and (@text = 'Incorrect user name or password.' or . = 'Incorrect user name or password.') and @resource-id = 'com.Advantage.aShopping:id/textViewFailed']"}[39m
[38;5;0m[HTTP][0m [37m<-- POST /wd/hub/session/542a4c28-2970-4a79-80a9-b8b3e1b19258/elements [39m[32m200[39m [90m316 ms - 12[39m
[38;5;0m[HTTP][0m [90m[39m
[38;5;0m[HTTP][0m [37m-->[39m [37mPOST[39m [37m/wd/hub/session/542a4c28-2970-4a79-80a9-b8b3e1b19258/elements[39m
[38;5;0m[HTTP][0m [90m{"using":"xpath","value":"//*[@class = 'android.widget.TextView' and (@text = 'Incorrect user name or password.' or . = 'Incorrect user name or password.') and @resource-id = 'com.Advantage.aShopping:id/textViewFailed']"}[39m
[38;5;0m[HTTP][0m [37m<-- POST /wd/hub/session/542a4c28-2970-4a79-80a9-b8b3e1b19258/elements [39m[32m200[39m [90m395 ms - 12[39m
[38;5;0m[HTTP][0m [90m[39m
[38;5;0m[HTTP][0m [37m-->[39m [37mPOST[39m [37m/wd/hub/session/542a4c28-2970-4a79-80a9-b8b3e1b19258/elements[39m
[38;5;0m[HTTP][0m [90m{"using":"xpath","value":"//*[@class = 'android.widget.TextView' and (@text = 'Incorrect user name or password.' or . = 'Incorrect user name or password.') and @resource-id = 'com.Advantage.aShopping:id/textViewFailed']"}[39m
[38;5;0m[HTTP][0m [37m<-- POST /wd/hub/session/542a4c28-2970-4a79-80a9-b8b3e1b19258/elements [39m[32m200[39m [90m335 ms - 12[39m
[38;5;0m[HTTP][0m [90m[39m
[38;5;0m[HTTP][0m [37m-->[39m [37mPOST[39m [37m/wd/hub/session/542a4c28-2970-4a79-80a9-b8b3e1b19258/elements[39m
[38;5;0m[HTTP][0m [90m{"using":"xpath","value":"//*[@class = 'android.widget.TextView' and (@text = 'Incorrect user name or password.' or . = 'Incorrect user name or password.') and @resource-id = 'com.Advantage.aShopping:id/textViewFailed']"}[39m
[38;5;0m[HTTP][0m [37m<-- POST /wd/hub/session/542a4c28-2970-4a79-80a9-b8b3e1b19258/elements [39m[32m200[39m [90m318 ms - 12[39m
[38;5;0m[HTTP][0m [90m[39m
[38;5;0m[HTTP][0m [37m-->[39m [37mPOST[39m [37m/wd/hub/session/542a4c28-2970-4a79-80a9-b8b3e1b19258/elements[39m
[38;5;0m[HTTP][0m [90m{"using":"xpath","value":"//*[@class = 'android.widget.TextView' and (@text = 'Incorrect user name or password.' or . = 'Incorrect user name or password.') and @resource-id = 'com.Advantage.aShopping:id/textViewFailed']"}[39m
[38;5;0m[HTTP][0m [37m<-- POST /wd/hub/session/542a4c28-2970-4a79-80a9-b8b3e1b19258/elements [39m[32m200[39m [90m851 ms - 139[39m
[38;5;0m[HTTP][0m [90m[39m
[38;5;0m[HTTP][0m [37m-->[39m [37mGET[39m [37m/wd/hub/session/542a4c28-2970-4a79-80a9-b8b3e1b19258/element/00000000-0000-04e7-ffff-ffff00000070/location[39m
[38;5;0m[HTTP][0m [90m{}[39m
[38;5;48m[AndroidUiautomator2Driver@401f (542a4c28)][0m Driver proxy active, passing request on via HTTP proxy
[38;5;48m[AndroidUiautomator2Driver@401f (542a4c28)][0m Replacing sessionId b3db8bc1-1217-4eac-b861-8121d6a1f223 with 542a4c28-2970-4a79-80a9-b8b3e1b19258
[38;5;0m[HTTP][0m [37m<-- GET /wd/hub/session/542a4c28-2970-4a79-80a9-b8b3e1b19258/element/00000000-0000-04e7-ffff-ffff00000070/location [39m[32m200[39m [90m65 ms - 77[39m
[38;5;0m[HTTP][0m [90m[39m
[38;5;0m[HTTP][0m [37m-->[39m [37mPOST[39m [37m/wd/hub/session/542a4c28-2970-4a79-80a9-b8b3e1b19258/timeouts[39m
[38;5;0m[HTTP][0m [90m{"implicit":30000}[39m
[38;5;0m[HTTP][0m [37m<-- POST /wd/hub/session/542a4c28-2970-4a79-80a9-b8b3e1b19258/timeouts [39m[32m200[39m [90m2 ms - 14[39m
[38;5;0m[HTTP][0m [90m[39m
[38;5;0m[HTTP][0m [37m-->[39m [37mGET[39m [37m/wd/hub/session/542a4c28-2970-4a79-80a9-b8b3e1b19258/context[39m
[38;5;0m[HTTP][0m [90m{}[39m
[38;5;0m[HTTP][0m [37m<-- GET /wd/hub/session/542a4c28-2970-4a79-80a9-b8b3e1b19258/context [39m[32m200[39m [90m1 ms - 22[39m
[38;5;0m[HTTP][0m [90m[39m
[38;5;0m[HTTP][0m [37m-->[39m [37mGET[39m [37m/wd/hub/session/542a4c28-2970-4a79-80a9-b8b3e1b19258/contexts[39m
[38;5;0m[HTTP][0m [90m{}[39m
[38;5;0m[HTTP][0m [37m<-- GET /wd/hub/session/542a4c28-2970-4a79-80a9-b8b3e1b19258/contexts [39m[32m200[39m [90m392 ms - 24[39m
[38;5;0m[HTTP][0m [90m[39m
[38;5;0m[HTTP][0m [37m-->[39m [37mPOST[39m [37m/wd/hub/session/542a4c28-2970-4a79-80a9-b8b3e1b19258/context[39m
[38;5;0m[HTTP][0m [90m{"name":"NATIVE_APP"}[39m
[38;5;0m[HTTP][0m [37m<-- POST /wd/hub/session/542a4c28-2970-4a79-80a9-b8b3e1b19258/context [39m[32m200[39m [90m2 ms - 14[39m
[38;5;0m[HTTP][0m [90m[39m
[38;5;0m[HTTP][0m [37m-->[39m [37mGET[39m [37m/wd/hub/session/542a4c28-2970-4a79-80a9-b8b3e1b19258/screenshot[39m
[38;5;0m[HTTP][0m [90m{}[39m
[38;5;0m[HTTP][0m [37m<-- GET /wd/hub/session/542a4c28-2970-4a79-80a9-b8b3e1b19258/screenshot [39m[32m200[39m [90m953 ms - 174060[39m
[38;5;0m[HTTP][0m [90m[39m
[38;5;0m[HTTP][0m [37m-->[39m [37mPOST[39m [37m/wd/hub/session/542a4c28-2970-4a79-80a9-b8b3e1b19258/context[39m
[38;5;0m[HTTP][0m [90m{"name":"NATIVE_APP"}[39m
[38;5;0m[HTTP][0m [37m<-- POST /wd/hub/session/542a4c28-2970-4a79-80a9-b8b3e1b19258/context [39m[32m200[39m [90m2 ms - 14[39m
[38;5;0m[HTTP][0m [90m[39m
[38;5;0m[HTTP][0m [37m-->[39m [37mGET[39m [37m/wd/hub/session/542a4c28-2970-4a79-80a9-b8b3e1b19258/context[39m
[38;5;0m[HTTP][0m [90m{}[39m
[38;5;0m[HTTP][0m [37m<-- GET /wd/hub/session/542a4c28-2970-4a79-80a9-b8b3e1b19258/context [39m[32m200[39m [90m2 ms - 22[39m
[38;5;0m[HTTP][0m [90m[39m
[38;5;0m[HTTP][0m [37m-->[39m [37mGET[39m [37m/wd/hub/session/542a4c28-2970-4a79-80a9-b8b3e1b19258/contexts[39m
[38;5;0m[HTTP][0m [90m{}[39m
[38;5;0m[HTTP][0m [37m<-- GET /wd/hub/session/542a4c28-2970-4a79-80a9-b8b3e1b19258/contexts [39m[32m200[39m [90m301 ms - 24[39m
[38;5;0m[HTTP][0m [90m[39m
[38;5;0m[HTTP][0m [37m-->[39m [37mPOST[39m [37m/wd/hub/session/542a4c28-2970-4a79-80a9-b8b3e1b19258/context[39m
[38;5;0m[HTTP][0m [90m{"name":"NATIVE_APP"}[39m
[38;5;0m[HTTP][0m [37m<-- POST /wd/hub/session/542a4c28-2970-4a79-80a9-b8b3e1b19258/context [39m[32m200[39m [90m1 ms - 14[39m
[38;5;0m[HTTP][0m [90m[39m
[38;5;0m[HTTP][0m [37m-->[39m [37mGET[39m [37m/wd/hub/session/542a4c28-2970-4a79-80a9-b8b3e1b19258/screenshot[39m
[38;5;0m[HTTP][0m [90m{}[39m
[38;5;0m[HTTP][0m [37m<-- GET /wd/hub/session/542a4c28-2970-4a79-80a9-b8b3e1b19258/screenshot [39m[32m200[39m [90m830 ms - 174016[39m
[38;5;0m[HTTP][0m [90m[39m
[38;5;0m[HTTP][0m [37m-->[39m [37mPOST[39m [37m/wd/hub/session/542a4c28-2970-4a79-80a9-b8b3e1b19258/context[39m
[38;5;0m[HTTP][0m [90m{"name":"NATIVE_APP"}[39m
[38;5;0m[HTTP][0m [37m<-- POST /wd/hub/session/542a4c28-2970-4a79-80a9-b8b3e1b19258/context [39m[32m200[39m [90m1 ms - 14[39m
[38;5;0m[HTTP][0m [90m[39m
[38;5;0m[HTTP][0m [37m-->[39m [37mGET[39m [37m/wd/hub/status[39m
[38;5;0m[HTTP][0m [90m{}[39m
[38;5;0m[HTTP][0m [37m<-- GET /wd/hub/status [39m[32m200[39m [90m2 ms - 110[39m
[38;5;0m[HTTP][0m [90m[39m
[38;5;0m[HTTP][0m [37m-->[39m [37mPOST[39m [37m/wd/hub/session[39m
[38;5;0m[HTTP][0m [90m{"desiredCapabilities":{"appium:systemPort":63184,"appium:newCommandTimeout":1800,"appium:automationName":"uiautomator2","appium:fullReset":true,"appium:platformVersion":"14","appium:noReset":false,"appium:udid":"emulator-5554","appium:autoGrantPermissions":true,"appium:platformName":"ANDROID","appium:deviceName":"emulator-5554 (sdk_gphone64_x86_64 - Android 14)","platformName":"Android","appium:app":"C:\\Users\\ASUS\\Downloads\\Advantage+demo+3.2.apk"},"capabilities":{"firstMatch":[{"appium:app":"C:\\Users\\ASUS\\Downloads\\Advantage+demo+3.2.apk","appium:autoGrantPermissions":true,"appium:automationName":"uiautomator2","appium:deviceName":"emulator-5554 (sdk_gphone64_x86_64 - Android 14)","appium:fullReset":true,"appium:newCommandTimeout":1800,"appium:noReset":false,"appium:platformName":"ANDROID","appium:platformVersion":"14","appium:systemPort":63184,"appium:udid":"emulator-5554","platformName":"android"}]}}[39m
[38;5;32m[BaseDriver][0m Ignoring capability 'appium:platformName=ANDROID' and using capability 'platformName=android'
[38;5;32m[BaseDriver][0m The capabilities ["platformName"] are standard capabilities and do not require "appium:" prefix
[35m[Appium][39m Attempting to find matching driver for automationName 'uiautomator2' and platformName 'android'
[35m[Appium][39m The 'uiautomator2' driver was installed and matched caps.
[35m[Appium][39m Will require it at C:\Users\ASUS\.appium\node_modules\appium-uiautomator2-driver
[38;5;16m[AppiumDriver@29fb][0m Appium v2.5.0 creating new AndroidUiautomator2Driver (v3.0.0) session
[38;5;16m[AppiumDriver@29fb][0m Checking BaseDriver versions for Appium and AndroidUiautomator2Driver
[38;5;16m[AppiumDriver@29fb][0m Appium's BaseDriver version is 9.5.1
[38;5;16m[AppiumDriver@29fb][0m AndroidUiautomator2Driver's BaseDriver version is 9.5.1
[38;5;48m[AndroidUiautomator2Driver@a8cc (0e282f17)][0m Session created with session id: 0e282f17-b3b4-4ee0-9366-e873a6eb613e
[38;5;64m[ADB][0m Using 'adb.exe' from 'C:\Users\ASUS\.katalon\tools\android_sdk\platform-tools\adb.exe'
[38;5;48m[AndroidUiautomator2Driver@a8cc (0e282f17)][0m Retrieving device list
[38;5;48m[AndroidUiautomator2Driver@a8cc (0e282f17)][0m Using device: emulator-5554
[38;5;64m[ADB][0m Using 'adb.exe' from 'C:\Users\ASUS\.katalon\tools\android_sdk\platform-tools\adb.exe'
[38;5;32m[BaseDriver][0m Using local app 'C:\Users\ASUS\Downloads\Advantage+demo+3.2.apk'
[38;5;64m[ADB][0m Getting device platform version
[38;5;48m[AndroidUiautomator2Driver@a8cc (0e282f17)][0m Relaxing hidden api policy
[38;5;64m[ADB][0m Package name: 'com.Advantage.aShopping'
[38;5;64m[ADB][0m Main activity name: 'com.Advantage.aShopping.SplashActivity'
[38;5;48m[AndroidUiautomator2Driver@a8cc (0e282f17)][0m Server packages are not going to be (re)installed
[38;5;64m[ADB][0m Adding packages ["io.appium.settings","io.appium.uiautomator2.server","io.appium.uiautomator2.server.test"] to Doze whitelist
[38;5;64m[ADB][0m com.Advantage.aShopping was successfully uninstalled
[38;5;64m[ADB][0m The application at 'C:\Users\ASUS\Downloads\Advantage+demo+3.2.apk' will not be cached, because the device under test has confirmed the support of streamed installs
[38;5;64m[ADB][0m The installation of 'Advantage+demo+3.2.apk' took 2011ms
[38;5;48m[AndroidUiautomator2Driver@a8cc (0e282f17)][0m Starting UIAutomator2 server 7.0.0
[38;5;48m[AndroidUiautomator2Driver@a8cc (0e282f17)][0m Using UIAutomator2 server from 'C:\Users\ASUS\.appium\node_modules\appium-uiautomator2-driver\node_modules\appium-uiautomator2-server\apks\appium-uiautomator2-server-v7.0.0.apk' and test from 'C:\Users\ASUS\.appium\node_modules\appium-uiautomator2-driver\node_modules\appium-uiautomator2-server\apks\appium-uiautomator2-server-debug-androidTest.apk'
[38;5;48m[AndroidUiautomator2Driver@a8cc (0e282f17)][0m Waiting up to 30000ms for UiAutomator2 to be online...
[38;5;48m[AndroidUiautomator2Driver@a8cc (0e282f17)][0m socket hang up
[38;5;48m[AndroidUiautomator2Driver@a8cc (0e282f17)][0m socket hang up
[38;5;48m[AndroidUiautomator2Driver@a8cc (0e282f17)][0m socket hang up
[38;5;48m[AndroidUiautomator2Driver@a8cc (0e282f17)][0m socket hang up
[38;5;48m[AndroidUiautomator2Driver@a8cc (0e282f17)][0m socket hang up
[38;5;0m[HTTP][0m [37m<-- POST /wd/hub/session [39m[32m-[39m [90m- ms - -[39m
[38;5;0m[HTTP][0m [90m[39m
[38;5;48m[AndroidUiautomator2Driver@a8cc (0e282f17)][0m Determined the downstream protocol as 'W3C'
[38;5;48m[AndroidUiautomator2Driver@a8cc (0e282f17)][0m Screen already unlocked, doing nothing
[38;5;48m[AndroidUiautomator2Driver@a8cc (0e282f17)][0m Starting 'com.Advantage.aShopping/com.Advantage.aShopping.SplashActivity and waiting for 'com.Advantage.aShopping/com.Advantage.aShopping.SplashActivity'
[38;5;16m[AppiumDriver@29fb][0m New AndroidUiautomator2Driver session created successfully, session 0e282f17-b3b4-4ee0-9366-e873a6eb613e added to master session list
