[35m[Appium][39m Welcome to Appium v2.5.0
[35m[Appium][39m Non-default server args:
[35m[Appium][39m { basePath: [32m'/wd/hub'[39m, loglevel: [32m'info'[39m, port: [33m62884[39m }
[35m[Appium][39m Attempting to load driver uiautomator2...
[35m[Appium][39m Appium REST http interface listener started on http://0.0.0.0:62884/wd/hub
[35m[Appium][39m You can provide the following URLs in your client code to connect to this server:
[35m[Appium][39m 	http://172.27.16.1:62884/wd/hub
[35m[Appium][39m 	http://192.168.18.137:62884/wd/hub
[35m[Appium][39m 	http://127.0.0.1:62884/wd/hub (only accessible from the same host)
[35m[Appium][39m Available drivers:
[35m[Appium][39m   - uiautomator2@3.0.0 (automationName 'UiAutomator2')
[35m[Appium][39m No plugins have been installed. Use the "appium plugin" command to install the one(s) you want to use.
[38;5;0m[HTTP][0m [37m-->[39m [37mGET[39m [37m/wd/hub/status[39m
[38;5;0m[HTTP][0m [90m{}[39m
[38;5;0m[HTTP][0m [37m<-- GET /wd/hub/status [39m[32m200[39m [90m6 ms - 110[39m
[38;5;0m[HTTP][0m [90m[39m
[38;5;0m[HTTP][0m [37m-->[39m [37mPOST[39m [37m/wd/hub/session[39m
[38;5;0m[HTTP][0m [90m{"desiredCapabilities":{"appium:systemPort":62883,"appium:newCommandTimeout":1800,"appium:automationName":"uiautomator2","appium:fullReset":true,"appium:platformVersion":"14","appium:noReset":false,"appium:udid":"emulator-5554","appium:autoGrantPermissions":true,"appium:platformName":"ANDROID","appium:deviceName":"emulator-5554 (sdk_gphone64_x86_64 - Android 14)","platformName":"Android","appium:app":"C:\\Users\\ASUS\\Downloads\\Advantage+demo+3.2.apk"},"capabilities":{"firstMatch":[{"appium:app":"C:\\Users\\ASUS\\Downloads\\Advantage+demo+3.2.apk","appium:autoGrantPermissions":true,"appium:automationName":"uiautomator2","appium:deviceName":"emulator-5554 (sdk_gphone64_x86_64 - Android 14)","appium:fullReset":true,"appium:newCommandTimeout":1800,"appium:noReset":false,"appium:platformName":"ANDROID","appium:platformVersion":"14","appium:systemPort":62883,"appium:udid":"emulator-5554","platformName":"android"}]}}[39m
[38;5;32m[BaseDriver][0m Ignoring capability 'appium:platformName=ANDROID' and using capability 'platformName=android'
[38;5;32m[BaseDriver][0m The capabilities ["platformName"] are standard capabilities and do not require "appium:" prefix
[35m[Appium][39m Attempting to find matching driver for automationName 'uiautomator2' and platformName 'android'
[35m[Appium][39m The 'uiautomator2' driver was installed and matched caps.
[35m[Appium][39m Will require it at C:\Users\ASUS\.appium\node_modules\appium-uiautomator2-driver
[38;5;16m[AppiumDriver@6251][0m Appium v2.5.0 creating new AndroidUiautomator2Driver (v3.0.0) session
[38;5;16m[AppiumDriver@6251][0m Checking BaseDriver versions for Appium and AndroidUiautomator2Driver
[38;5;16m[AppiumDriver@6251][0m Appium's BaseDriver version is 9.5.1
[38;5;16m[AppiumDriver@6251][0m AndroidUiautomator2Driver's BaseDriver version is 9.5.1
[38;5;48m[AndroidUiautomator2Driver@d720 (0bb741fe)][0m Session created with session id: 0bb741fe-70e1-4aff-b89c-6cd5e4278461
[38;5;64m[ADB][0m Found 1 'build-tools' folders under 'C:\Users\ASUS\.katalon\tools\android_sdk' (newest first):
[38;5;64m[ADB][0m     C:\Users\ASUS\.katalon\tools\android_sdk\build-tools\29.0.3
[38;5;64m[ADB][0m Using 'adb.exe' from 'C:\Users\ASUS\.katalon\tools\android_sdk\platform-tools\adb.exe'
[38;5;48m[AndroidUiautomator2Driver@d720 (0bb741fe)][0m Retrieving device list
[38;5;48m[AndroidUiautomator2Driver@d720 (0bb741fe)][0m Using device: emulator-5554
[38;5;64m[ADB][0m Using 'adb.exe' from 'C:\Users\ASUS\.katalon\tools\android_sdk\platform-tools\adb.exe'
[38;5;32m[BaseDriver][0m Using local app 'C:\Users\ASUS\Downloads\Advantage+demo+3.2.apk'
[38;5;64m[ADB][0m Getting device platform version
[38;5;48m[AndroidUiautomator2Driver@d720 (0bb741fe)][0m Relaxing hidden api policy
[38;5;64m[ADB][0m Package name: 'com.Advantage.aShopping'
[38;5;64m[ADB][0m Main activity name: 'com.Advantage.aShopping.SplashActivity'
[38;5;64m[ADB][0m Using 'apksigner.jar' from 'C:\Users\ASUS\.katalon\tools\android_sdk\build-tools\29.0.3\lib\apksigner.jar'
[38;5;64m[ADB][0m 'C:\Users\ASUS\.appium\node_modules\appium-uiautomator2-driver\node_modules\appium-uiautomator2-server\apks\appium-uiautomator2-server-debug-androidTest.apk' is signed with the default certificate
[38;5;64m[ADB][0m 'C:\Users\ASUS\Downloads\Advantage+demo+3.2.apk' is signed with a non-default certificate
[38;5;64m[ADB][0m 'C:\Users\ASUS\.appium\node_modules\appium-uiautomator2-driver\node_modules\appium-uiautomator2-server\apks\appium-uiautomator2-server-v7.0.0.apk' is signed with the default certificate
[38;5;48m[AndroidUiautomator2Driver@d720 (0bb741fe)][0m Server packages are not going to be (re)installed
[38;5;64m[ADB][0m Adding packages ["io.appium.settings","io.appium.uiautomator2.server","io.appium.uiautomator2.server.test"] to Doze whitelist
[38;5;64m[ADB][0m com.Advantage.aShopping was successfully uninstalled
[38;5;64m[ADB][0m The application at 'C:\Users\ASUS\Downloads\Advantage+demo+3.2.apk' will not be cached, because the device under test has confirmed the support of streamed installs
[38;5;64m[ADB][0m The installation of 'Advantage+demo+3.2.apk' took 1501ms
[38;5;48m[AndroidUiautomator2Driver@d720 (0bb741fe)][0m Starting UIAutomator2 server 7.0.0
[38;5;48m[AndroidUiautomator2Driver@d720 (0bb741fe)][0m Using UIAutomator2 server from 'C:\Users\ASUS\.appium\node_modules\appium-uiautomator2-driver\node_modules\appium-uiautomator2-server\apks\appium-uiautomator2-server-v7.0.0.apk' and test from 'C:\Users\ASUS\.appium\node_modules\appium-uiautomator2-driver\node_modules\appium-uiautomator2-server\apks\appium-uiautomator2-server-debug-androidTest.apk'
[38;5;48m[AndroidUiautomator2Driver@d720 (0bb741fe)][0m Waiting up to 30000ms for UiAutomator2 to be online...
[38;5;48m[AndroidUiautomator2Driver@d720 (0bb741fe)][0m socket hang up
[38;5;48m[AndroidUiautomator2Driver@d720 (0bb741fe)][0m socket hang up
[38;5;48m[AndroidUiautomator2Driver@d720 (0bb741fe)][0m socket hang up
[38;5;48m[AndroidUiautomator2Driver@d720 (0bb741fe)][0m socket hang up
[38;5;48m[AndroidUiautomator2Driver@d720 (0bb741fe)][0m socket hang up
[38;5;48m[AndroidUiautomator2Driver@d720 (0bb741fe)][0m Determined the downstream protocol as 'W3C'
[38;5;48m[AndroidUiautomator2Driver@d720 (0bb741fe)][0m Screen already unlocked, doing nothing
[38;5;48m[AndroidUiautomator2Driver@d720 (0bb741fe)][0m Starting 'com.Advantage.aShopping/com.Advantage.aShopping.SplashActivity and waiting for 'com.Advantage.aShopping/com.Advantage.aShopping.SplashActivity'
[38;5;16m[AppiumDriver@6251][0m New AndroidUiautomator2Driver session created successfully, session 0bb741fe-70e1-4aff-b89c-6cd5e4278461 added to master session list
[38;5;0m[HTTP][0m [37m<-- POST /wd/hub/session [39m[32m200[39m [90m16894 ms - 1224[39m
[38;5;0m[HTTP][0m [90m[39m
[38;5;0m[HTTP][0m [37m-->[39m [37mGET[39m [37m/wd/hub/session/0bb741fe-70e1-4aff-b89c-6cd5e4278461[39m
[38;5;0m[HTTP][0m [90m{}[39m
[38;5;0m[HTTP][0m [37m<-- GET /wd/hub/session/0bb741fe-70e1-4aff-b89c-6cd5e4278461 [39m[32m200[39m [90m39 ms - 364[39m
[38;5;0m[HTTP][0m [90m[39m
[38;5;0m[HTTP][0m [37m-->[39m [37mGET[39m [37m/wd/hub/session/0bb741fe-70e1-4aff-b89c-6cd5e4278461[39m
[38;5;0m[HTTP][0m [90m{}[39m
[38;5;0m[HTTP][0m [37m<-- GET /wd/hub/session/0bb741fe-70e1-4aff-b89c-6cd5e4278461 [39m[32m200[39m [90m103 ms - 364[39m
[38;5;0m[HTTP][0m [90m[39m
[38;5;0m[HTTP][0m [37m-->[39m [37mGET[39m [37m/wd/hub/status[39m
[38;5;0m[HTTP][0m [90m{}[39m
[38;5;0m[HTTP][0m [37m<-- GET /wd/hub/status [39m[32m200[39m [90m1 ms - 110[39m
[38;5;0m[HTTP][0m [90m[39m
[38;5;0m[HTTP][0m [37m-->[39m [37mPOST[39m [37m/wd/hub/session/0bb741fe-70e1-4aff-b89c-6cd5e4278461/timeouts[39m
[38;5;0m[HTTP][0m [90m{"implicit":30000}[39m
[38;5;0m[HTTP][0m [37m<-- POST /wd/hub/session/0bb741fe-70e1-4aff-b89c-6cd5e4278461/timeouts [39m[32m200[39m [90m4 ms - 14[39m
[38;5;0m[HTTP][0m [90m[39m
[38;5;0m[HTTP][0m [37m-->[39m [37mGET[39m [37m/wd/hub/session/0bb741fe-70e1-4aff-b89c-6cd5e4278461/appium/device/system_bars[39m
[38;5;0m[HTTP][0m [90m{}[39m
[38;5;0m[HTTP][0m [37m<-- GET /wd/hub/session/0bb741fe-70e1-4aff-b89c-6cd5e4278461/appium/device/system_bars [39m[32m200[39m [90m249 ms - 151[39m
[38;5;0m[HTTP][0m [90m[39m
[38;5;0m[HTTP][0m [37m-->[39m [37mPOST[39m [37m/wd/hub/session/0bb741fe-70e1-4aff-b89c-6cd5e4278461/timeouts[39m
[38;5;0m[HTTP][0m [90m{"implicit":50}[39m
[38;5;0m[HTTP][0m [37m<-- POST /wd/hub/session/0bb741fe-70e1-4aff-b89c-6cd5e4278461/timeouts [39m[32m200[39m [90m4 ms - 14[39m
[38;5;0m[HTTP][0m [90m[39m
[38;5;0m[HTTP][0m [37m-->[39m [37mGET[39m [37m/wd/hub/session/0bb741fe-70e1-4aff-b89c-6cd5e4278461/window/rect[39m
[38;5;0m[HTTP][0m [90m{}[39m
[38;5;0m[HTTP][0m [37m<-- GET /wd/hub/session/0bb741fe-70e1-4aff-b89c-6cd5e4278461/window/rect [39m[32m200[39m [90m65 ms - 50[39m
[38;5;0m[HTTP][0m [90m[39m
[38;5;0m[HTTP][0m [37m-->[39m [37mPOST[39m [37m/wd/hub/session/0bb741fe-70e1-4aff-b89c-6cd5e4278461/elements[39m
[38;5;0m[HTTP][0m [90m{"using":"xpath","value":"//*[@class = 'android.widget.ImageView' and @resource-id = 'com.Advantage.aShopping:id/imageViewMenu' and (@text = '' or . = '')]"}[39m
[38;5;0m[HTTP][0m [37m<-- POST /wd/hub/session/0bb741fe-70e1-4aff-b89c-6cd5e4278461/elements [39m[32m200[39m [90m2576 ms - 139[39m
[38;5;0m[HTTP][0m [90m[39m
[38;5;0m[HTTP][0m [37m-->[39m [37mGET[39m [37m/wd/hub/session/0bb741fe-70e1-4aff-b89c-6cd5e4278461/element/00000000-0000-0266-ffff-ffff00000018/location[39m
[38;5;0m[HTTP][0m [90m{}[39m
[38;5;48m[AndroidUiautomator2Driver@d720 (0bb741fe)][0m Driver proxy active, passing request on via HTTP proxy
[38;5;48m[AndroidUiautomator2Driver@d720 (0bb741fe)][0m Replacing sessionId 4a557c4a-0eb2-4982-8b8c-2e17b1af2bee with 0bb741fe-70e1-4aff-b89c-6cd5e4278461
[38;5;0m[HTTP][0m [37m<-- GET /wd/hub/session/0bb741fe-70e1-4aff-b89c-6cd5e4278461/element/00000000-0000-0266-ffff-ffff00000018/location [39m[32m200[39m [90m69 ms - 75[39m
[38;5;0m[HTTP][0m [90m[39m
[38;5;0m[HTTP][0m [37m-->[39m [37mPOST[39m [37m/wd/hub/session/0bb741fe-70e1-4aff-b89c-6cd5e4278461/timeouts[39m
[38;5;0m[HTTP][0m [90m{"implicit":30000}[39m
[38;5;0m[HTTP][0m [37m<-- POST /wd/hub/session/0bb741fe-70e1-4aff-b89c-6cd5e4278461/timeouts [39m[32m200[39m [90m3 ms - 14[39m
[38;5;0m[HTTP][0m [90m[39m
[38;5;0m[HTTP][0m [37m-->[39m [37mPOST[39m [37m/wd/hub/session/0bb741fe-70e1-4aff-b89c-6cd5e4278461/element/00000000-0000-0266-ffff-ffff00000018/click[39m
[38;5;0m[HTTP][0m [90m{"id":"00000000-0000-0266-ffff-ffff00000018"}[39m
[38;5;0m[HTTP][0m [37m<-- POST /wd/hub/session/0bb741fe-70e1-4aff-b89c-6cd5e4278461/element/00000000-0000-0266-ffff-ffff00000018/click [39m[32m200[39m [90m193 ms - 14[39m
[38;5;0m[HTTP][0m [90m[39m
[38;5;0m[HTTP][0m [37m-->[39m [37mPOST[39m [37m/wd/hub/session/0bb741fe-70e1-4aff-b89c-6cd5e4278461/timeouts[39m
[38;5;0m[HTTP][0m [90m{"implicit":50}[39m
[38;5;0m[HTTP][0m [37m<-- POST /wd/hub/session/0bb741fe-70e1-4aff-b89c-6cd5e4278461/timeouts [39m[32m200[39m [90m2 ms - 14[39m
[38;5;0m[HTTP][0m [90m[39m
[38;5;0m[HTTP][0m [37m-->[39m [37mGET[39m [37m/wd/hub/session/0bb741fe-70e1-4aff-b89c-6cd5e4278461/window/rect[39m
[38;5;0m[HTTP][0m [90m{}[39m
[38;5;0m[HTTP][0m [37m<-- GET /wd/hub/session/0bb741fe-70e1-4aff-b89c-6cd5e4278461/window/rect [39m[32m200[39m [90m46 ms - 50[39m
[38;5;0m[HTTP][0m [90m[39m
[38;5;0m[HTTP][0m [37m-->[39m [37mPOST[39m [37m/wd/hub/session/0bb741fe-70e1-4aff-b89c-6cd5e4278461/elements[39m
[38;5;0m[HTTP][0m [90m{"using":"xpath","value":"//*[@class = 'android.widget.TextView' and (@text = 'LOGIN' or . = 'LOGIN') and @resource-id = 'com.Advantage.aShopping:id/textViewMenuUser']"}[39m
[38;5;0m[HTTP][0m [37m<-- POST /wd/hub/session/0bb741fe-70e1-4aff-b89c-6cd5e4278461/elements [39m[32m200[39m [90m1275 ms - 139[39m
[38;5;0m[HTTP][0m [90m[39m
[38;5;0m[HTTP][0m [37m-->[39m [37mGET[39m [37m/wd/hub/session/0bb741fe-70e1-4aff-b89c-6cd5e4278461/element/00000000-0000-0266-ffff-ffff00000041/location[39m
[38;5;0m[HTTP][0m [90m{}[39m
[38;5;48m[AndroidUiautomator2Driver@d720 (0bb741fe)][0m Driver proxy active, passing request on via HTTP proxy
[38;5;48m[AndroidUiautomator2Driver@d720 (0bb741fe)][0m Replacing sessionId 4a557c4a-0eb2-4982-8b8c-2e17b1af2bee with 0bb741fe-70e1-4aff-b89c-6cd5e4278461
[38;5;0m[HTTP][0m [37m<-- GET /wd/hub/session/0bb741fe-70e1-4aff-b89c-6cd5e4278461/element/00000000-0000-0266-ffff-ffff00000041/location [39m[32m200[39m [90m73 ms - 78[39m
[38;5;0m[HTTP][0m [90m[39m
[38;5;0m[HTTP][0m [37m-->[39m [37mPOST[39m [37m/wd/hub/session/0bb741fe-70e1-4aff-b89c-6cd5e4278461/timeouts[39m
[38;5;0m[HTTP][0m [90m{"implicit":30000}[39m
[38;5;0m[HTTP][0m [37m<-- POST /wd/hub/session/0bb741fe-70e1-4aff-b89c-6cd5e4278461/timeouts [39m[32m200[39m [90m2 ms - 14[39m
[38;5;0m[HTTP][0m [90m[39m
[38;5;0m[HTTP][0m [37m-->[39m [37mPOST[39m [37m/wd/hub/session/0bb741fe-70e1-4aff-b89c-6cd5e4278461/element/00000000-0000-0266-ffff-ffff00000041/click[39m
[38;5;0m[HTTP][0m [90m{"id":"00000000-0000-0266-ffff-ffff00000041"}[39m
[38;5;0m[HTTP][0m [37m<-- POST /wd/hub/session/0bb741fe-70e1-4aff-b89c-6cd5e4278461/element/00000000-0000-0266-ffff-ffff00000041/click [39m[32m200[39m [90m195 ms - 14[39m
[38;5;0m[HTTP][0m [90m[39m
[38;5;0m[HTTP][0m [37m-->[39m [37mPOST[39m [37m/wd/hub/session/0bb741fe-70e1-4aff-b89c-6cd5e4278461/timeouts[39m
[38;5;0m[HTTP][0m [90m{"implicit":50}[39m
[38;5;0m[HTTP][0m [37m<-- POST /wd/hub/session/0bb741fe-70e1-4aff-b89c-6cd5e4278461/timeouts [39m[32m200[39m [90m3 ms - 14[39m
[38;5;0m[HTTP][0m [90m[39m
[38;5;0m[HTTP][0m [37m-->[39m [37mGET[39m [37m/wd/hub/session/0bb741fe-70e1-4aff-b89c-6cd5e4278461/window/rect[39m
[38;5;0m[HTTP][0m [90m{}[39m
[38;5;0m[HTTP][0m [37m<-- GET /wd/hub/session/0bb741fe-70e1-4aff-b89c-6cd5e4278461/window/rect [39m[32m200[39m [90m134 ms - 50[39m
[38;5;0m[HTTP][0m [90m[39m
[38;5;0m[HTTP][0m [37m-->[39m [37mPOST[39m [37m/wd/hub/session/0bb741fe-70e1-4aff-b89c-6cd5e4278461/elements[39m
[38;5;0m[HTTP][0m [90m{"using":"xpath","value":"//hierarchy/android.widget.FrameLayout[1]/android.widget.LinearLayout[1]/android.widget.FrameLayout[1]/android.widget.LinearLayout[1]/android.widget.FrameLayout[1]/android.widget.RelativeLayout[1]/android.widget.LinearLayout[2]/android.widget.RelativeLayout[3]/android.widget.EditText[1]"}[39m
[38;5;0m[HTTP][0m [37m<-- POST /wd/hub/session/0bb741fe-70e1-4aff-b89c-6cd5e4278461/elements [39m[32m200[39m [90m1248 ms - 139[39m
[38;5;0m[HTTP][0m [90m[39m
[38;5;0m[HTTP][0m [37m-->[39m [37mGET[39m [37m/wd/hub/session/0bb741fe-70e1-4aff-b89c-6cd5e4278461/element/00000000-0000-0267-ffff-ffff00000077/location[39m
[38;5;0m[HTTP][0m [90m{}[39m
[38;5;48m[AndroidUiautomator2Driver@d720 (0bb741fe)][0m Driver proxy active, passing request on via HTTP proxy
[38;5;48m[AndroidUiautomator2Driver@d720 (0bb741fe)][0m Replacing sessionId 4a557c4a-0eb2-4982-8b8c-2e17b1af2bee with 0bb741fe-70e1-4aff-b89c-6cd5e4278461
[38;5;0m[HTTP][0m [37m<-- GET /wd/hub/session/0bb741fe-70e1-4aff-b89c-6cd5e4278461/element/00000000-0000-0267-ffff-ffff00000077/location [39m[32m200[39m [90m614 ms - 77[39m
[38;5;0m[HTTP][0m [90m[39m
[38;5;0m[HTTP][0m [37m-->[39m [37mPOST[39m [37m/wd/hub/session/0bb741fe-70e1-4aff-b89c-6cd5e4278461/timeouts[39m
[38;5;0m[HTTP][0m [90m{"implicit":30000}[39m
[38;5;0m[HTTP][0m [37m<-- POST /wd/hub/session/0bb741fe-70e1-4aff-b89c-6cd5e4278461/timeouts [39m[32m200[39m [90m2 ms - 14[39m
[38;5;0m[HTTP][0m [90m[39m
[38;5;0m[HTTP][0m [37m-->[39m [37mPOST[39m [37m/wd/hub/session/0bb741fe-70e1-4aff-b89c-6cd5e4278461/element/00000000-0000-0267-ffff-ffff00000077/click[39m
[38;5;0m[HTTP][0m [90m{"id":"00000000-0000-0267-ffff-ffff00000077"}[39m
[38;5;0m[HTTP][0m [37m<-- POST /wd/hub/session/0bb741fe-70e1-4aff-b89c-6cd5e4278461/element/00000000-0000-0267-ffff-ffff00000077/click [39m[32m200[39m [90m619 ms - 14[39m
[38;5;0m[HTTP][0m [90m[39m
[38;5;0m[HTTP][0m [37m-->[39m [37mPOST[39m [37m/wd/hub/session/0bb741fe-70e1-4aff-b89c-6cd5e4278461/timeouts[39m
[38;5;0m[HTTP][0m [90m{"implicit":50}[39m
[38;5;0m[HTTP][0m [37m<-- POST /wd/hub/session/0bb741fe-70e1-4aff-b89c-6cd5e4278461/timeouts [39m[32m200[39m [90m2 ms - 14[39m
[38;5;0m[HTTP][0m [90m[39m
[38;5;0m[HTTP][0m [37m-->[39m [37mGET[39m [37m/wd/hub/session/0bb741fe-70e1-4aff-b89c-6cd5e4278461/window/rect[39m
[38;5;0m[HTTP][0m [90m{}[39m
[38;5;0m[HTTP][0m [37m<-- GET /wd/hub/session/0bb741fe-70e1-4aff-b89c-6cd5e4278461/window/rect [39m[32m200[39m [90m102 ms - 50[39m
[38;5;0m[HTTP][0m [90m[39m
[38;5;0m[HTTP][0m [37m-->[39m [37mPOST[39m [37m/wd/hub/session/0bb741fe-70e1-4aff-b89c-6cd5e4278461/elements[39m
[38;5;0m[HTTP][0m [90m{"using":"xpath","value":"//*[@class = 'android.widget.TextView' and (@text = 'USER NAME' or . = 'USER NAME')]"}[39m
[38;5;0m[HTTP][0m [37m<-- POST /wd/hub/session/0bb741fe-70e1-4aff-b89c-6cd5e4278461/elements [39m[32m200[39m [90m791 ms - 139[39m
[38;5;0m[HTTP][0m [90m[39m
[38;5;0m[HTTP][0m [37m-->[39m [37mGET[39m [37m/wd/hub/session/0bb741fe-70e1-4aff-b89c-6cd5e4278461/element/00000000-0000-0267-ffff-ffff00000076/location[39m
[38;5;0m[HTTP][0m [90m{}[39m
[38;5;48m[AndroidUiautomator2Driver@d720 (0bb741fe)][0m Driver proxy active, passing request on via HTTP proxy
[38;5;48m[AndroidUiautomator2Driver@d720 (0bb741fe)][0m Replacing sessionId 4a557c4a-0eb2-4982-8b8c-2e17b1af2bee with 0bb741fe-70e1-4aff-b89c-6cd5e4278461
[38;5;0m[HTTP][0m [37m<-- GET /wd/hub/session/0bb741fe-70e1-4aff-b89c-6cd5e4278461/element/00000000-0000-0267-ffff-ffff00000076/location [39m[32m200[39m [90m157 ms - 77[39m
[38;5;0m[HTTP][0m [90m[39m
[38;5;0m[HTTP][0m [37m-->[39m [37mPOST[39m [37m/wd/hub/session/0bb741fe-70e1-4aff-b89c-6cd5e4278461/timeouts[39m
[38;5;0m[HTTP][0m [90m{"implicit":30000}[39m
[38;5;0m[HTTP][0m [37m<-- POST /wd/hub/session/0bb741fe-70e1-4aff-b89c-6cd5e4278461/timeouts [39m[32m200[39m [90m2 ms - 14[39m
[38;5;0m[HTTP][0m [90m[39m
[38;5;0m[HTTP][0m [37m-->[39m [37mPOST[39m [37m/wd/hub/session/0bb741fe-70e1-4aff-b89c-6cd5e4278461/element/00000000-0000-0267-ffff-ffff00000076/clear[39m
[38;5;0m[HTTP][0m [90m{"id":"00000000-0000-0267-ffff-ffff00000076"}[39m
[38;5;0m[HTTP][0m [37m<-- POST /wd/hub/session/0bb741fe-70e1-4aff-b89c-6cd5e4278461/element/00000000-0000-0267-ffff-ffff00000076/clear [39m[32m200[39m [90m89 ms - 14[39m
[38;5;0m[HTTP][0m [90m[39m
[38;5;0m[HTTP][0m [37m-->[39m [37mPOST[39m [37m/wd/hub/session/0bb741fe-70e1-4aff-b89c-6cd5e4278461/element/00000000-0000-0267-ffff-ffff00000076/click[39m
[38;5;0m[HTTP][0m [90m{"id":"00000000-0000-0267-ffff-ffff00000076"}[39m
[38;5;0m[HTTP][0m [37m<-- POST /wd/hub/session/0bb741fe-70e1-4aff-b89c-6cd5e4278461/element/00000000-0000-0267-ffff-ffff00000076/click [39m[32m200[39m [90m606 ms - 14[39m
[38;5;0m[HTTP][0m [90m[39m
[38;5;0m[HTTP][0m [37m-->[39m [37mPOST[39m [37m/wd/hub/session/0bb741fe-70e1-4aff-b89c-6cd5e4278461/element/00000000-0000-0267-ffff-ffff00000076/value[39m
[38;5;0m[HTTP][0m [90m{"id":"00000000-0000-0267-ffff-ffff00000076","text":"nora","value":["n","o","r","a"]}[39m
[38;5;48m[AndroidUiautomator2Driver@d720 (0bb741fe)][0m Got response with status 400: {"sessionId":"4a557c4a-0eb2-4982-8b8c-2e17b1af2bee","value":{"error":"invalid element state","message":"Cannot set the element to 'nora'. Did you interact with the correct element?","stacktrace":"io.appium.uiautomator2.common.exceptions.InvalidElementStateException: Cannot set the element to 'nora'. Did you interact with the correct element?\n\tat io.appium.uiautomator2.handler.SendKeysToElement.setText(SendKeysToElement.java:87)\n\tat io.appium.uiautomator2.handler.SendKeysToElement.safeHandle(SendKeysToElement.java:115)\n\tat io.appium.uiautomator2.handler.request.SafeRequestHandler.handle(SafeRequestHandler.java:59)\n\tat io.appium.uiautomator2.server.AppiumServlet.handleRequest(AppiumServlet.java:259)\n\tat io.appium.uiautomator2.server.AppiumServlet.handleHttpRequest(AppiumServlet.java:253)\n\tat io.appium.uiautomator2.http.ServerHandler.channelRead(ServerHandler.java:77)\n\tat io.netty.channel.AbstractChannelHandlerContext.invokeChannelRead(AbstractChannelHandlerContext.java:366)\n\tat io.netty.chann...
[38;5;0m[HTTP][0m [37m<-- POST /wd/hub/session/0bb741fe-70e1-4aff-b89c-6cd5e4278461/element/00000000-0000-0267-ffff-ffff00000076/value [39m[33m400[39m [90m169 ms - 3888[39m
[38;5;0m[HTTP][0m [90m[39m
[38;5;0m[HTTP][0m [37m-->[39m [37mPOST[39m [37m/wd/hub/session/0bb741fe-70e1-4aff-b89c-6cd5e4278461/element/00000000-0000-0267-ffff-ffff00000076/click[39m
[38;5;0m[HTTP][0m [90m{"id":"00000000-0000-0267-ffff-ffff00000076"}[39m
[38;5;0m[HTTP][0m [37m<-- POST /wd/hub/session/0bb741fe-70e1-4aff-b89c-6cd5e4278461/element/00000000-0000-0267-ffff-ffff00000076/click [39m[32m200[39m [90m207 ms - 14[39m
[38;5;0m[HTTP][0m [90m[39m
[38;5;0m[HTTP][0m [37m-->[39m [37mPOST[39m [37m/wd/hub/session/0bb741fe-70e1-4aff-b89c-6cd5e4278461/actions[39m
[38;5;0m[HTTP][0m [90m{"actions":[{"type":"key","actions":[{"type":"keyDown","value":"n"},{"type":"keyDown","value":"o"},{"type":"keyDown","value":"r"},{"type":"keyDown","value":"a"}],"id":"keyboard"}]}[39m
[38;5;0m[HTTP][0m [37m<-- POST /wd/hub/session/0bb741fe-70e1-4aff-b89c-6cd5e4278461/actions [39m[32m200[39m [90m518 ms - 14[39m
[38;5;0m[HTTP][0m [90m[39m
[38;5;0m[HTTP][0m [37m-->[39m [37mPOST[39m [37m/wd/hub/session/0bb741fe-70e1-4aff-b89c-6cd5e4278461/timeouts[39m
[38;5;0m[HTTP][0m [90m{"implicit":50}[39m
[38;5;0m[HTTP][0m [37m<-- POST /wd/hub/session/0bb741fe-70e1-4aff-b89c-6cd5e4278461/timeouts [39m[32m200[39m [90m2 ms - 14[39m
[38;5;0m[HTTP][0m [90m[39m
[38;5;0m[HTTP][0m [37m-->[39m [37mGET[39m [37m/wd/hub/session/0bb741fe-70e1-4aff-b89c-6cd5e4278461/window/rect[39m
[38;5;0m[HTTP][0m [90m{}[39m
[38;5;0m[HTTP][0m [37m<-- GET /wd/hub/session/0bb741fe-70e1-4aff-b89c-6cd5e4278461/window/rect [39m[32m200[39m [90m49 ms - 50[39m
[38;5;0m[HTTP][0m [90m[39m
[38;5;0m[HTTP][0m [37m-->[39m [37mPOST[39m [37m/wd/hub/session/0bb741fe-70e1-4aff-b89c-6cd5e4278461/elements[39m
[38;5;0m[HTTP][0m [90m{"using":"xpath","value":"//hierarchy/android.widget.FrameLayout[1]/android.widget.LinearLayout[1]/android.widget.FrameLayout[1]/android.widget.LinearLayout[1]/android.widget.FrameLayout[1]/android.widget.RelativeLayout[1]/android.widget.LinearLayout[2]/android.widget.RelativeLayout[4]/android.widget.EditText[1]"}[39m
[38;5;0m[HTTP][0m [37m<-- POST /wd/hub/session/0bb741fe-70e1-4aff-b89c-6cd5e4278461/elements [39m[32m200[39m [90m925 ms - 139[39m
[38;5;0m[HTTP][0m [90m[39m
[38;5;0m[HTTP][0m [37m-->[39m [37mGET[39m [37m/wd/hub/session/0bb741fe-70e1-4aff-b89c-6cd5e4278461/element/00000000-0000-0267-ffff-ffff0000007b/location[39m
[38;5;0m[HTTP][0m [90m{}[39m
[38;5;48m[AndroidUiautomator2Driver@d720 (0bb741fe)][0m Driver proxy active, passing request on via HTTP proxy
[38;5;48m[AndroidUiautomator2Driver@d720 (0bb741fe)][0m Replacing sessionId 4a557c4a-0eb2-4982-8b8c-2e17b1af2bee with 0bb741fe-70e1-4aff-b89c-6cd5e4278461
[38;5;0m[HTTP][0m [37m<-- GET /wd/hub/session/0bb741fe-70e1-4aff-b89c-6cd5e4278461/element/00000000-0000-0267-ffff-ffff0000007b/location [39m[32m200[39m [90m42 ms - 77[39m
[38;5;0m[HTTP][0m [90m[39m
[38;5;0m[HTTP][0m [37m-->[39m [37mPOST[39m [37m/wd/hub/session/0bb741fe-70e1-4aff-b89c-6cd5e4278461/timeouts[39m
[38;5;0m[HTTP][0m [90m{"implicit":30000}[39m
[38;5;0m[HTTP][0m [37m<-- POST /wd/hub/session/0bb741fe-70e1-4aff-b89c-6cd5e4278461/timeouts [39m[32m200[39m [90m2 ms - 14[39m
[38;5;0m[HTTP][0m [90m[39m
[38;5;0m[HTTP][0m [37m-->[39m [37mPOST[39m [37m/wd/hub/session/0bb741fe-70e1-4aff-b89c-6cd5e4278461/element/00000000-0000-0267-ffff-ffff0000007b/click[39m
[38;5;0m[HTTP][0m [90m{"id":"00000000-0000-0267-ffff-ffff0000007b"}[39m
[38;5;0m[HTTP][0m [37m<-- POST /wd/hub/session/0bb741fe-70e1-4aff-b89c-6cd5e4278461/element/00000000-0000-0267-ffff-ffff0000007b/click [39m[32m200[39m [90m174 ms - 14[39m
[38;5;0m[HTTP][0m [90m[39m
[38;5;0m[HTTP][0m [37m-->[39m [37mPOST[39m [37m/wd/hub/session/0bb741fe-70e1-4aff-b89c-6cd5e4278461/timeouts[39m
[38;5;0m[HTTP][0m [90m{"implicit":50}[39m
[38;5;0m[HTTP][0m [37m<-- POST /wd/hub/session/0bb741fe-70e1-4aff-b89c-6cd5e4278461/timeouts [39m[32m200[39m [90m2 ms - 14[39m
[38;5;0m[HTTP][0m [90m[39m
[38;5;0m[HTTP][0m [37m-->[39m [37mGET[39m [37m/wd/hub/session/0bb741fe-70e1-4aff-b89c-6cd5e4278461/window/rect[39m
[38;5;0m[HTTP][0m [90m{}[39m
[38;5;0m[HTTP][0m [37m<-- GET /wd/hub/session/0bb741fe-70e1-4aff-b89c-6cd5e4278461/window/rect [39m[32m200[39m [90m104 ms - 50[39m
[38;5;0m[HTTP][0m [90m[39m
[38;5;0m[HTTP][0m [37m-->[39m [37mPOST[39m [37m/wd/hub/session/0bb741fe-70e1-4aff-b89c-6cd5e4278461/elements[39m
[38;5;0m[HTTP][0m [90m{"using":"xpath","value":"//*[@class = 'android.widget.TextView' and (@text = 'PASSWORD' or . = 'PASSWORD')]"}[39m
[38;5;0m[HTTP][0m [37m<-- POST /wd/hub/session/0bb741fe-70e1-4aff-b89c-6cd5e4278461/elements [39m[32m200[39m [90m1105 ms - 139[39m
[38;5;0m[HTTP][0m [90m[39m
[38;5;0m[HTTP][0m [37m-->[39m [37mGET[39m [37m/wd/hub/session/0bb741fe-70e1-4aff-b89c-6cd5e4278461/element/00000000-0000-0267-ffff-ffff0000007a/location[39m
[38;5;0m[HTTP][0m [90m{}[39m
[38;5;48m[AndroidUiautomator2Driver@d720 (0bb741fe)][0m Driver proxy active, passing request on via HTTP proxy
[38;5;48m[AndroidUiautomator2Driver@d720 (0bb741fe)][0m Replacing sessionId 4a557c4a-0eb2-4982-8b8c-2e17b1af2bee with 0bb741fe-70e1-4aff-b89c-6cd5e4278461
[38;5;0m[HTTP][0m [37m<-- GET /wd/hub/session/0bb741fe-70e1-4aff-b89c-6cd5e4278461/element/00000000-0000-0267-ffff-ffff0000007a/location [39m[32m200[39m [90m81 ms - 77[39m
[38;5;0m[HTTP][0m [90m[39m
[38;5;0m[HTTP][0m [37m-->[39m [37mPOST[39m [37m/wd/hub/session/0bb741fe-70e1-4aff-b89c-6cd5e4278461/timeouts[39m
[38;5;0m[HTTP][0m [90m{"implicit":30000}[39m
[38;5;0m[HTTP][0m [37m<-- POST /wd/hub/session/0bb741fe-70e1-4aff-b89c-6cd5e4278461/timeouts [39m[32m200[39m [90m1 ms - 14[39m
[38;5;0m[HTTP][0m [90m[39m
[38;5;0m[HTTP][0m [37m-->[39m [37mPOST[39m [37m/wd/hub/session/0bb741fe-70e1-4aff-b89c-6cd5e4278461/element/00000000-0000-0267-ffff-ffff0000007a/clear[39m
[38;5;0m[HTTP][0m [90m{"id":"00000000-0000-0267-ffff-ffff0000007a"}[39m
[38;5;0m[HTTP][0m [37m<-- POST /wd/hub/session/0bb741fe-70e1-4aff-b89c-6cd5e4278461/element/00000000-0000-0267-ffff-ffff0000007a/clear [39m[32m200[39m [90m73 ms - 14[39m
[38;5;0m[HTTP][0m [90m[39m
[38;5;0m[HTTP][0m [37m-->[39m [37mPOST[39m [37m/wd/hub/session/0bb741fe-70e1-4aff-b89c-6cd5e4278461/element/00000000-0000-0267-ffff-ffff0000007a/click[39m
[38;5;0m[HTTP][0m [90m{"id":"00000000-0000-0267-ffff-ffff0000007a"}[39m
[38;5;0m[HTTP][0m [37m<-- POST /wd/hub/session/0bb741fe-70e1-4aff-b89c-6cd5e4278461/element/00000000-0000-0267-ffff-ffff0000007a/click [39m[32m200[39m [90m132 ms - 14[39m
[38;5;0m[HTTP][0m [90m[39m
[38;5;0m[HTTP][0m [37m-->[39m [37mPOST[39m [37m/wd/hub/session/0bb741fe-70e1-4aff-b89c-6cd5e4278461/element/00000000-0000-0267-ffff-ffff0000007a/value[39m
[38;5;0m[HTTP][0m [90m{"id":"00000000-0000-0267-ffff-ffff0000007a","text":"1234!sdA","value":["1","2","3","4","!","s","d","A"]}[39m
[38;5;48m[AndroidUiautomator2Driver@d720 (0bb741fe)][0m Got response with status 400: {"sessionId":"4a557c4a-0eb2-4982-8b8c-2e17b1af2bee","value":{"error":"invalid element state","message":"Cannot set the element to '1234!sdA'. Did you interact with the correct element?","stacktrace":"io.appium.uiautomator2.common.exceptions.InvalidElementStateException: Cannot set the element to '1234!sdA'. Did you interact with the correct element?\n\tat io.appium.uiautomator2.handler.SendKeysToElement.setText(SendKeysToElement.java:87)\n\tat io.appium.uiautomator2.handler.SendKeysToElement.safeHandle(SendKeysToElement.java:115)\n\tat io.appium.uiautomator2.handler.request.SafeRequestHandler.handle(SafeRequestHandler.java:59)\n\tat io.appium.uiautomator2.server.AppiumServlet.handleRequest(AppiumServlet.java:259)\n\tat io.appium.uiautomator2.server.AppiumServlet.handleHttpRequest(AppiumServlet.java:253)\n\tat io.appium.uiautomator2.http.ServerHandler.channelRead(ServerHandler.java:77)\n\tat io.netty.channel.AbstractChannelHandlerContext.invokeChannelRead(AbstractChannelHandlerContext.java:366)\n\tat io.net...
[38;5;0m[HTTP][0m [37m<-- POST /wd/hub/session/0bb741fe-70e1-4aff-b89c-6cd5e4278461/element/00000000-0000-0267-ffff-ffff0000007a/value [39m[33m400[39m [90m565 ms - 3896[39m
[38;5;0m[HTTP][0m [90m[39m
[38;5;0m[HTTP][0m [37m-->[39m [37mPOST[39m [37m/wd/hub/session/0bb741fe-70e1-4aff-b89c-6cd5e4278461/element/00000000-0000-0267-ffff-ffff0000007a/click[39m
[38;5;0m[HTTP][0m [90m{"id":"00000000-0000-0267-ffff-ffff0000007a"}[39m
[38;5;0m[HTTP][0m [37m<-- POST /wd/hub/session/0bb741fe-70e1-4aff-b89c-6cd5e4278461/element/00000000-0000-0267-ffff-ffff0000007a/click [39m[32m200[39m [90m147 ms - 14[39m
[38;5;0m[HTTP][0m [90m[39m
[38;5;0m[HTTP][0m [37m-->[39m [37mPOST[39m [37m/wd/hub/session/0bb741fe-70e1-4aff-b89c-6cd5e4278461/actions[39m
[38;5;0m[HTTP][0m [90m{"actions":[{"type":"key","actions":[{"type":"keyDown","value":"1"},{"type":"keyDown","value":"2"},{"type":"keyDown","value":"3"},{"type":"keyDown","value":"4"},{"type":"keyDown","value":"!"},{"type":"keyDown","value":"s"},{"type":"keyDown","value":"d"},{"type":"keyDown","value":"A"}],"id":"keyboard"}]}[39m
[38;5;0m[HTTP][0m [37m<-- POST /wd/hub/session/0bb741fe-70e1-4aff-b89c-6cd5e4278461/actions [39m[32m200[39m [90m619 ms - 14[39m
[38;5;0m[HTTP][0m [90m[39m
[38;5;0m[HTTP][0m [37m-->[39m [37mPOST[39m [37m/wd/hub/session/0bb741fe-70e1-4aff-b89c-6cd5e4278461/timeouts[39m
[38;5;0m[HTTP][0m [90m{"implicit":50}[39m
[38;5;0m[HTTP][0m [37m<-- POST /wd/hub/session/0bb741fe-70e1-4aff-b89c-6cd5e4278461/timeouts [39m[32m200[39m [90m2 ms - 14[39m
[38;5;0m[HTTP][0m [90m[39m
[38;5;0m[HTTP][0m [37m-->[39m [37mGET[39m [37m/wd/hub/session/0bb741fe-70e1-4aff-b89c-6cd5e4278461/window/rect[39m
[38;5;0m[HTTP][0m [90m{}[39m
[38;5;0m[HTTP][0m [37m<-- GET /wd/hub/session/0bb741fe-70e1-4aff-b89c-6cd5e4278461/window/rect [39m[32m200[39m [90m56 ms - 50[39m
[38;5;0m[HTTP][0m [90m[39m
[38;5;0m[HTTP][0m [37m-->[39m [37mPOST[39m [37m/wd/hub/session/0bb741fe-70e1-4aff-b89c-6cd5e4278461/elements[39m
[38;5;0m[HTTP][0m [90m{"using":"xpath","value":"//*[@class = 'android.widget.Button' and (@text = 'LOGIN' or . = 'LOGIN') and @resource-id = 'com.Advantage.aShopping:id/buttonLogin']"}[39m
[38;5;0m[HTTP][0m [37m<-- POST /wd/hub/session/0bb741fe-70e1-4aff-b89c-6cd5e4278461/elements [39m[32m200[39m [90m838 ms - 139[39m
[38;5;0m[HTTP][0m [90m[39m
[38;5;0m[HTTP][0m [37m-->[39m [37mGET[39m [37m/wd/hub/session/0bb741fe-70e1-4aff-b89c-6cd5e4278461/element/00000000-0000-0267-ffff-ffff00000081/location[39m
[38;5;0m[HTTP][0m [90m{}[39m
[38;5;48m[AndroidUiautomator2Driver@d720 (0bb741fe)][0m Driver proxy active, passing request on via HTTP proxy
[38;5;48m[AndroidUiautomator2Driver@d720 (0bb741fe)][0m Replacing sessionId 4a557c4a-0eb2-4982-8b8c-2e17b1af2bee with 0bb741fe-70e1-4aff-b89c-6cd5e4278461
[38;5;0m[HTTP][0m [37m<-- GET /wd/hub/session/0bb741fe-70e1-4aff-b89c-6cd5e4278461/element/00000000-0000-0267-ffff-ffff00000081/location [39m[32m200[39m [90m41 ms - 77[39m
[38;5;0m[HTTP][0m [90m[39m
[38;5;0m[HTTP][0m [37m-->[39m [37mPOST[39m [37m/wd/hub/session/0bb741fe-70e1-4aff-b89c-6cd5e4278461/timeouts[39m
[38;5;0m[HTTP][0m [90m{"implicit":30000}[39m
[38;5;0m[HTTP][0m [37m<-- POST /wd/hub/session/0bb741fe-70e1-4aff-b89c-6cd5e4278461/timeouts [39m[32m200[39m [90m2 ms - 14[39m
[38;5;0m[HTTP][0m [90m[39m
[38;5;0m[HTTP][0m [37m-->[39m [37mPOST[39m [37m/wd/hub/session/0bb741fe-70e1-4aff-b89c-6cd5e4278461/element/00000000-0000-0267-ffff-ffff00000081/click[39m
[38;5;0m[HTTP][0m [90m{"id":"00000000-0000-0267-ffff-ffff00000081"}[39m
[38;5;0m[HTTP][0m [37m<-- POST /wd/hub/session/0bb741fe-70e1-4aff-b89c-6cd5e4278461/element/00000000-0000-0267-ffff-ffff00000081/click [39m[32m200[39m [90m1032 ms - 14[39m
[38;5;0m[HTTP][0m [90m[39m
[38;5;0m[HTTP][0m [37m-->[39m [37mPOST[39m [37m/wd/hub/session/0bb741fe-70e1-4aff-b89c-6cd5e4278461/timeouts[39m
[38;5;0m[HTTP][0m [90m{"implicit":50}[39m
[38;5;0m[HTTP][0m [37m<-- POST /wd/hub/session/0bb741fe-70e1-4aff-b89c-6cd5e4278461/timeouts [39m[32m200[39m [90m2 ms - 14[39m
[38;5;0m[HTTP][0m [90m[39m
[38;5;0m[HTTP][0m [37m-->[39m [37mGET[39m [37m/wd/hub/session/0bb741fe-70e1-4aff-b89c-6cd5e4278461/window/rect[39m
[38;5;0m[HTTP][0m [90m{}[39m
[38;5;0m[HTTP][0m [37m<-- GET /wd/hub/session/0bb741fe-70e1-4aff-b89c-6cd5e4278461/window/rect [39m[32m200[39m [90m123 ms - 50[39m
[38;5;0m[HTTP][0m [90m[39m
[38;5;0m[HTTP][0m [37m-->[39m [37mPOST[39m [37m/wd/hub/session/0bb741fe-70e1-4aff-b89c-6cd5e4278461/elements[39m
[38;5;0m[HTTP][0m [90m{"using":"xpath","value":"//*[@class = 'android.widget.Button' and (@text = 'YES' or . = 'YES') and @resource-id = 'android:id/button1']"}[39m
[38;5;0m[HTTP][0m [37m<-- POST /wd/hub/session/0bb741fe-70e1-4aff-b89c-6cd5e4278461/elements [39m[32m200[39m [90m792 ms - 12[39m
[38;5;0m[HTTP][0m [90m[39m
[38;5;0m[HTTP][0m [37m-->[39m [37mPOST[39m [37m/wd/hub/session/0bb741fe-70e1-4aff-b89c-6cd5e4278461/elements[39m
[38;5;0m[HTTP][0m [90m{"using":"xpath","value":"//*[@class = 'android.widget.Button' and (@text = 'YES' or . = 'YES') and @resource-id = 'android:id/button1']"}[39m
[38;5;0m[HTTP][0m [37m<-- POST /wd/hub/session/0bb741fe-70e1-4aff-b89c-6cd5e4278461/elements [39m[32m200[39m [90m699 ms - 12[39m
[38;5;0m[HTTP][0m [90m[39m
[38;5;0m[HTTP][0m [37m-->[39m [37mPOST[39m [37m/wd/hub/session/0bb741fe-70e1-4aff-b89c-6cd5e4278461/elements[39m
[38;5;0m[HTTP][0m [90m{"using":"xpath","value":"//*[@class = 'android.widget.Button' and (@text = 'YES' or . = 'YES') and @resource-id = 'android:id/button1']"}[39m
[38;5;0m[HTTP][0m [37m<-- POST /wd/hub/session/0bb741fe-70e1-4aff-b89c-6cd5e4278461/elements [39m[32m200[39m [90m598 ms - 12[39m
[38;5;0m[HTTP][0m [90m[39m
[38;5;0m[HTTP][0m [37m-->[39m [37mPOST[39m [37m/wd/hub/session/0bb741fe-70e1-4aff-b89c-6cd5e4278461/elements[39m
[38;5;0m[HTTP][0m [90m{"using":"xpath","value":"//*[@class = 'android.widget.Button' and (@text = 'YES' or . = 'YES') and @resource-id = 'android:id/button1']"}[39m
[38;5;0m[HTTP][0m [37m<-- POST /wd/hub/session/0bb741fe-70e1-4aff-b89c-6cd5e4278461/elements [39m[32m200[39m [90m532 ms - 12[39m
[38;5;0m[HTTP][0m [90m[39m
[38;5;0m[HTTP][0m [37m-->[39m [37mPOST[39m [37m/wd/hub/session/0bb741fe-70e1-4aff-b89c-6cd5e4278461/elements[39m
[38;5;0m[HTTP][0m [90m{"using":"xpath","value":"//*[@class = 'android.widget.Button' and (@text = 'YES' or . = 'YES') and @resource-id = 'android:id/button1']"}[39m
[38;5;0m[HTTP][0m [37m<-- POST /wd/hub/session/0bb741fe-70e1-4aff-b89c-6cd5e4278461/elements [39m[32m200[39m [90m533 ms - 12[39m
[38;5;0m[HTTP][0m [90m[39m
[38;5;0m[HTTP][0m [37m-->[39m [37mPOST[39m [37m/wd/hub/session/0bb741fe-70e1-4aff-b89c-6cd5e4278461/elements[39m
[38;5;0m[HTTP][0m [90m{"using":"xpath","value":"//*[@class = 'android.widget.Button' and (@text = 'YES' or . = 'YES') and @resource-id = 'android:id/button1']"}[39m
[38;5;0m[HTTP][0m [37m<-- POST /wd/hub/session/0bb741fe-70e1-4aff-b89c-6cd5e4278461/elements [39m[32m200[39m [90m846 ms - 12[39m
[38;5;0m[HTTP][0m [90m[39m
[38;5;0m[HTTP][0m [37m-->[39m [37mPOST[39m [37m/wd/hub/session/0bb741fe-70e1-4aff-b89c-6cd5e4278461/elements[39m
[38;5;0m[HTTP][0m [90m{"using":"xpath","value":"//*[@class = 'android.widget.Button' and (@text = 'YES' or . = 'YES') and @resource-id = 'android:id/button1']"}[39m
[38;5;0m[HTTP][0m [37m<-- POST /wd/hub/session/0bb741fe-70e1-4aff-b89c-6cd5e4278461/elements [39m[32m200[39m [90m715 ms - 12[39m
[38;5;0m[HTTP][0m [90m[39m
[38;5;0m[HTTP][0m [37m-->[39m [37mPOST[39m [37m/wd/hub/session/0bb741fe-70e1-4aff-b89c-6cd5e4278461/elements[39m
[38;5;0m[HTTP][0m [90m{"using":"xpath","value":"//*[@class = 'android.widget.Button' and (@text = 'YES' or . = 'YES') and @resource-id = 'android:id/button1']"}[39m
[38;5;0m[HTTP][0m [37m<-- POST /wd/hub/session/0bb741fe-70e1-4aff-b89c-6cd5e4278461/elements [39m[32m200[39m [90m549 ms - 12[39m
[38;5;0m[HTTP][0m [90m[39m
[38;5;0m[HTTP][0m [37m-->[39m [37mPOST[39m [37m/wd/hub/session/0bb741fe-70e1-4aff-b89c-6cd5e4278461/elements[39m
[38;5;0m[HTTP][0m [90m{"using":"xpath","value":"//*[@class = 'android.widget.Button' and (@text = 'YES' or . = 'YES') and @resource-id = 'android:id/button1']"}[39m
[38;5;0m[HTTP][0m [37m<-- POST /wd/hub/session/0bb741fe-70e1-4aff-b89c-6cd5e4278461/elements [39m[32m200[39m [90m449 ms - 12[39m
[38;5;0m[HTTP][0m [90m[39m
[38;5;0m[HTTP][0m [37m-->[39m [37mPOST[39m [37m/wd/hub/session/0bb741fe-70e1-4aff-b89c-6cd5e4278461/elements[39m
[38;5;0m[HTTP][0m [90m{"using":"xpath","value":"//*[@class = 'android.widget.Button' and (@text = 'YES' or . = 'YES') and @resource-id = 'android:id/button1']"}[39m
[38;5;0m[HTTP][0m [37m<-- POST /wd/hub/session/0bb741fe-70e1-4aff-b89c-6cd5e4278461/elements [39m[32m200[39m [90m500 ms - 12[39m
[38;5;0m[HTTP][0m [90m[39m
[38;5;0m[HTTP][0m [37m-->[39m [37mPOST[39m [37m/wd/hub/session/0bb741fe-70e1-4aff-b89c-6cd5e4278461/elements[39m
[38;5;0m[HTTP][0m [90m{"using":"xpath","value":"//*[@class = 'android.widget.Button' and (@text = 'YES' or . = 'YES') and @resource-id = 'android:id/button1']"}[39m
[38;5;0m[HTTP][0m [37m<-- POST /wd/hub/session/0bb741fe-70e1-4aff-b89c-6cd5e4278461/elements [39m[32m200[39m [90m374 ms - 12[39m
[38;5;0m[HTTP][0m [90m[39m
[38;5;0m[HTTP][0m [37m-->[39m [37mPOST[39m [37m/wd/hub/session/0bb741fe-70e1-4aff-b89c-6cd5e4278461/elements[39m
[38;5;0m[HTTP][0m [90m{"using":"xpath","value":"//*[@class = 'android.widget.Button' and (@text = 'YES' or . = 'YES') and @resource-id = 'android:id/button1']"}[39m
[38;5;0m[HTTP][0m [37m<-- POST /wd/hub/session/0bb741fe-70e1-4aff-b89c-6cd5e4278461/elements [39m[32m200[39m [90m384 ms - 12[39m
[38;5;0m[HTTP][0m [90m[39m
[38;5;0m[HTTP][0m [37m-->[39m [37mPOST[39m [37m/wd/hub/session/0bb741fe-70e1-4aff-b89c-6cd5e4278461/elements[39m
[38;5;0m[HTTP][0m [90m{"using":"xpath","value":"//*[@class = 'android.widget.Button' and (@text = 'YES' or . = 'YES') and @resource-id = 'android:id/button1']"}[39m
[38;5;0m[HTTP][0m [37m<-- POST /wd/hub/session/0bb741fe-70e1-4aff-b89c-6cd5e4278461/elements [39m[32m200[39m [90m366 ms - 12[39m
[38;5;0m[HTTP][0m [90m[39m
[38;5;0m[HTTP][0m [37m-->[39m [37mPOST[39m [37m/wd/hub/session/0bb741fe-70e1-4aff-b89c-6cd5e4278461/elements[39m
[38;5;0m[HTTP][0m [90m{"using":"xpath","value":"//*[@class = 'android.widget.Button' and (@text = 'YES' or . = 'YES') and @resource-id = 'android:id/button1']"}[39m
[38;5;0m[HTTP][0m [37m<-- POST /wd/hub/session/0bb741fe-70e1-4aff-b89c-6cd5e4278461/elements [39m[32m200[39m [90m336 ms - 12[39m
[38;5;0m[HTTP][0m [90m[39m
[38;5;0m[HTTP][0m [37m-->[39m [37mPOST[39m [37m/wd/hub/session/0bb741fe-70e1-4aff-b89c-6cd5e4278461/elements[39m
[38;5;0m[HTTP][0m [90m{"using":"xpath","value":"//*[@class = 'android.widget.Button' and (@text = 'YES' or . = 'YES') and @resource-id = 'android:id/button1']"}[39m
[38;5;0m[HTTP][0m [37m<-- POST /wd/hub/session/0bb741fe-70e1-4aff-b89c-6cd5e4278461/elements [39m[32m200[39m [90m382 ms - 12[39m
[38;5;0m[HTTP][0m [90m[39m
[38;5;0m[HTTP][0m [37m-->[39m [37mPOST[39m [37m/wd/hub/session/0bb741fe-70e1-4aff-b89c-6cd5e4278461/elements[39m
[38;5;0m[HTTP][0m [90m{"using":"xpath","value":"//*[@class = 'android.widget.Button' and (@text = 'YES' or . = 'YES') and @resource-id = 'android:id/button1']"}[39m
[38;5;0m[HTTP][0m [37m<-- POST /wd/hub/session/0bb741fe-70e1-4aff-b89c-6cd5e4278461/elements [39m[32m200[39m [90m326 ms - 12[39m
[38;5;0m[HTTP][0m [90m[39m
[38;5;0m[HTTP][0m [37m-->[39m [37mPOST[39m [37m/wd/hub/session/0bb741fe-70e1-4aff-b89c-6cd5e4278461/elements[39m
[38;5;0m[HTTP][0m [90m{"using":"xpath","value":"//*[@class = 'android.widget.Button' and (@text = 'YES' or . = 'YES') and @resource-id = 'android:id/button1']"}[39m
[38;5;0m[HTTP][0m [37m<-- POST /wd/hub/session/0bb741fe-70e1-4aff-b89c-6cd5e4278461/elements [39m[32m200[39m [90m321 ms - 12[39m
[38;5;0m[HTTP][0m [90m[39m
[38;5;0m[HTTP][0m [37m-->[39m [37mPOST[39m [37m/wd/hub/session/0bb741fe-70e1-4aff-b89c-6cd5e4278461/elements[39m
[38;5;0m[HTTP][0m [90m{"using":"xpath","value":"//*[@class = 'android.widget.Button' and (@text = 'YES' or . = 'YES') and @resource-id = 'android:id/button1']"}[39m
[38;5;0m[HTTP][0m [37m<-- POST /wd/hub/session/0bb741fe-70e1-4aff-b89c-6cd5e4278461/elements [39m[32m200[39m [90m316 ms - 12[39m
[38;5;0m[HTTP][0m [90m[39m
[38;5;0m[HTTP][0m [37m-->[39m [37mPOST[39m [37m/wd/hub/session/0bb741fe-70e1-4aff-b89c-6cd5e4278461/elements[39m
[38;5;0m[HTTP][0m [90m{"using":"xpath","value":"//*[@class = 'android.widget.Button' and (@text = 'YES' or . = 'YES') and @resource-id = 'android:id/button1']"}[39m
[38;5;0m[HTTP][0m [37m<-- POST /wd/hub/session/0bb741fe-70e1-4aff-b89c-6cd5e4278461/elements [39m[32m200[39m [90m316 ms - 12[39m
[38;5;0m[HTTP][0m [90m[39m
[38;5;0m[HTTP][0m [37m-->[39m [37mPOST[39m [37m/wd/hub/session/0bb741fe-70e1-4aff-b89c-6cd5e4278461/elements[39m
[38;5;0m[HTTP][0m [90m{"using":"xpath","value":"//*[@class = 'android.widget.Button' and (@text = 'YES' or . = 'YES') and @resource-id = 'android:id/button1']"}[39m
[38;5;0m[HTTP][0m [37m<-- POST /wd/hub/session/0bb741fe-70e1-4aff-b89c-6cd5e4278461/elements [39m[32m200[39m [90m332 ms - 12[39m
[38;5;0m[HTTP][0m [90m[39m
[38;5;0m[HTTP][0m [37m-->[39m [37mPOST[39m [37m/wd/hub/session/0bb741fe-70e1-4aff-b89c-6cd5e4278461/elements[39m
[38;5;0m[HTTP][0m [90m{"using":"xpath","value":"//*[@class = 'android.widget.Button' and (@text = 'YES' or . = 'YES') and @resource-id = 'android:id/button1']"}[39m
[38;5;0m[HTTP][0m [37m<-- POST /wd/hub/session/0bb741fe-70e1-4aff-b89c-6cd5e4278461/elements [39m[32m200[39m [90m281 ms - 12[39m
[38;5;0m[HTTP][0m [90m[39m
[38;5;0m[HTTP][0m [37m-->[39m [37mPOST[39m [37m/wd/hub/session/0bb741fe-70e1-4aff-b89c-6cd5e4278461/elements[39m
[38;5;0m[HTTP][0m [90m{"using":"xpath","value":"//*[@class = 'android.widget.Button' and (@text = 'YES' or . = 'YES') and @resource-id = 'android:id/button1']"}[39m
[38;5;0m[HTTP][0m [37m<-- POST /wd/hub/session/0bb741fe-70e1-4aff-b89c-6cd5e4278461/elements [39m[32m200[39m [90m401 ms - 12[39m
[38;5;0m[HTTP][0m [90m[39m
[38;5;0m[HTTP][0m [37m-->[39m [37mPOST[39m [37m/wd/hub/session/0bb741fe-70e1-4aff-b89c-6cd5e4278461/elements[39m
[38;5;0m[HTTP][0m [90m{"using":"xpath","value":"//*[@class = 'android.widget.Button' and (@text = 'YES' or . = 'YES') and @resource-id = 'android:id/button1']"}[39m
[38;5;0m[HTTP][0m [37m<-- POST /wd/hub/session/0bb741fe-70e1-4aff-b89c-6cd5e4278461/elements [39m[32m200[39m [90m323 ms - 12[39m
[38;5;0m[HTTP][0m [90m[39m
[38;5;0m[HTTP][0m [37m-->[39m [37mPOST[39m [37m/wd/hub/session/0bb741fe-70e1-4aff-b89c-6cd5e4278461/elements[39m
[38;5;0m[HTTP][0m [90m{"using":"xpath","value":"//*[@class = 'android.widget.Button' and (@text = 'YES' or . = 'YES') and @resource-id = 'android:id/button1']"}[39m
[38;5;0m[HTTP][0m [37m<-- POST /wd/hub/session/0bb741fe-70e1-4aff-b89c-6cd5e4278461/elements [39m[32m200[39m [90m327 ms - 12[39m
[38;5;0m[HTTP][0m [90m[39m
[38;5;0m[HTTP][0m [37m-->[39m [37mPOST[39m [37m/wd/hub/session/0bb741fe-70e1-4aff-b89c-6cd5e4278461/elements[39m
[38;5;0m[HTTP][0m [90m{"using":"xpath","value":"//*[@class = 'android.widget.Button' and (@text = 'YES' or . = 'YES') and @resource-id = 'android:id/button1']"}[39m
[38;5;0m[HTTP][0m [37m<-- POST /wd/hub/session/0bb741fe-70e1-4aff-b89c-6cd5e4278461/elements [39m[32m200[39m [90m369 ms - 12[39m
[38;5;0m[HTTP][0m [90m[39m
[38;5;0m[HTTP][0m [37m-->[39m [37mPOST[39m [37m/wd/hub/session/0bb741fe-70e1-4aff-b89c-6cd5e4278461/elements[39m
[38;5;0m[HTTP][0m [90m{"using":"xpath","value":"//*[@class = 'android.widget.Button' and (@text = 'YES' or . = 'YES') and @resource-id = 'android:id/button1']"}[39m
[38;5;0m[HTTP][0m [37m<-- POST /wd/hub/session/0bb741fe-70e1-4aff-b89c-6cd5e4278461/elements [39m[32m200[39m [90m389 ms - 12[39m
[38;5;0m[HTTP][0m [90m[39m
[38;5;0m[HTTP][0m [37m-->[39m [37mPOST[39m [37m/wd/hub/session/0bb741fe-70e1-4aff-b89c-6cd5e4278461/elements[39m
[38;5;0m[HTTP][0m [90m{"using":"xpath","value":"//*[@class = 'android.widget.Button' and (@text = 'YES' or . = 'YES') and @resource-id = 'android:id/button1']"}[39m
[38;5;0m[HTTP][0m [37m<-- POST /wd/hub/session/0bb741fe-70e1-4aff-b89c-6cd5e4278461/elements [39m[32m200[39m [90m352 ms - 12[39m
[38;5;0m[HTTP][0m [90m[39m
[38;5;0m[HTTP][0m [37m-->[39m [37mPOST[39m [37m/wd/hub/session/0bb741fe-70e1-4aff-b89c-6cd5e4278461/elements[39m
[38;5;0m[HTTP][0m [90m{"using":"xpath","value":"//*[@class = 'android.widget.Button' and (@text = 'YES' or . = 'YES') and @resource-id = 'android:id/button1']"}[39m
[38;5;0m[HTTP][0m [37m<-- POST /wd/hub/session/0bb741fe-70e1-4aff-b89c-6cd5e4278461/elements [39m[32m200[39m [90m309 ms - 12[39m
[38;5;0m[HTTP][0m [90m[39m
[38;5;0m[HTTP][0m [37m-->[39m [37mPOST[39m [37m/wd/hub/session/0bb741fe-70e1-4aff-b89c-6cd5e4278461/elements[39m
[38;5;0m[HTTP][0m [90m{"using":"xpath","value":"//*[@class = 'android.widget.Button' and (@text = 'YES' or . = 'YES') and @resource-id = 'android:id/button1']"}[39m
[38;5;0m[HTTP][0m [37m<-- POST /wd/hub/session/0bb741fe-70e1-4aff-b89c-6cd5e4278461/elements [39m[32m200[39m [90m255 ms - 12[39m
[38;5;0m[HTTP][0m [90m[39m
[38;5;0m[HTTP][0m [37m-->[39m [37mPOST[39m [37m/wd/hub/session/0bb741fe-70e1-4aff-b89c-6cd5e4278461/elements[39m
[38;5;0m[HTTP][0m [90m{"using":"xpath","value":"//*[@class = 'android.widget.Button' and (@text = 'YES' or . = 'YES') and @resource-id = 'android:id/button1']"}[39m
[38;5;0m[HTTP][0m [37m<-- POST /wd/hub/session/0bb741fe-70e1-4aff-b89c-6cd5e4278461/elements [39m[32m200[39m [90m210 ms - 12[39m
[38;5;0m[HTTP][0m [90m[39m
[38;5;0m[HTTP][0m [37m-->[39m [37mPOST[39m [37m/wd/hub/session/0bb741fe-70e1-4aff-b89c-6cd5e4278461/elements[39m
[38;5;0m[HTTP][0m [90m{"using":"xpath","value":"//*[@class = 'android.widget.Button' and (@text = 'YES' or . = 'YES') and @resource-id = 'android:id/button1']"}[39m
[38;5;0m[HTTP][0m [37m<-- POST /wd/hub/session/0bb741fe-70e1-4aff-b89c-6cd5e4278461/elements [39m[32m200[39m [90m254 ms - 12[39m
[38;5;0m[HTTP][0m [90m[39m
[38;5;0m[HTTP][0m [37m-->[39m [37mPOST[39m [37m/wd/hub/session/0bb741fe-70e1-4aff-b89c-6cd5e4278461/elements[39m
[38;5;0m[HTTP][0m [90m{"using":"xpath","value":"//*[@class = 'android.widget.Button' and (@text = 'YES' or . = 'YES') and @resource-id = 'android:id/button1']"}[39m
[38;5;0m[HTTP][0m [37m<-- POST /wd/hub/session/0bb741fe-70e1-4aff-b89c-6cd5e4278461/elements [39m[32m200[39m [90m263 ms - 12[39m
[38;5;0m[HTTP][0m [90m[39m
[38;5;0m[HTTP][0m [37m-->[39m [37mPOST[39m [37m/wd/hub/session/0bb741fe-70e1-4aff-b89c-6cd5e4278461/elements[39m
[38;5;0m[HTTP][0m [90m{"using":"xpath","value":"//*[@class = 'android.widget.Button' and (@text = 'YES' or . = 'YES') and @resource-id = 'android:id/button1']"}[39m
[38;5;0m[HTTP][0m [37m<-- POST /wd/hub/session/0bb741fe-70e1-4aff-b89c-6cd5e4278461/elements [39m[32m200[39m [90m287 ms - 12[39m
[38;5;0m[HTTP][0m [90m[39m
[38;5;0m[HTTP][0m [37m-->[39m [37mPOST[39m [37m/wd/hub/session/0bb741fe-70e1-4aff-b89c-6cd5e4278461/elements[39m
[38;5;0m[HTTP][0m [90m{"using":"xpath","value":"//*[@class = 'android.widget.Button' and (@text = 'YES' or . = 'YES') and @resource-id = 'android:id/button1']"}[39m
[38;5;0m[HTTP][0m [37m<-- POST /wd/hub/session/0bb741fe-70e1-4aff-b89c-6cd5e4278461/elements [39m[32m200[39m [90m340 ms - 12[39m
[38;5;0m[HTTP][0m [90m[39m
[38;5;0m[HTTP][0m [37m-->[39m [37mPOST[39m [37m/wd/hub/session/0bb741fe-70e1-4aff-b89c-6cd5e4278461/elements[39m
[38;5;0m[HTTP][0m [90m{"using":"xpath","value":"//*[@class = 'android.widget.Button' and (@text = 'YES' or . = 'YES') and @resource-id = 'android:id/button1']"}[39m
[38;5;0m[HTTP][0m [37m<-- POST /wd/hub/session/0bb741fe-70e1-4aff-b89c-6cd5e4278461/elements [39m[32m200[39m [90m267 ms - 12[39m
[38;5;0m[HTTP][0m [90m[39m
[38;5;0m[HTTP][0m [37m-->[39m [37mPOST[39m [37m/wd/hub/session/0bb741fe-70e1-4aff-b89c-6cd5e4278461/elements[39m
[38;5;0m[HTTP][0m [90m{"using":"xpath","value":"//*[@class = 'android.widget.Button' and (@text = 'YES' or . = 'YES') and @resource-id = 'android:id/button1']"}[39m
[38;5;0m[HTTP][0m [37m<-- POST /wd/hub/session/0bb741fe-70e1-4aff-b89c-6cd5e4278461/elements [39m[32m200[39m [90m267 ms - 12[39m
[38;5;0m[HTTP][0m [90m[39m
[38;5;0m[HTTP][0m [37m-->[39m [37mPOST[39m [37m/wd/hub/session/0bb741fe-70e1-4aff-b89c-6cd5e4278461/elements[39m
[38;5;0m[HTTP][0m [90m{"using":"xpath","value":"//*[@class = 'android.widget.Button' and (@text = 'YES' or . = 'YES') and @resource-id = 'android:id/button1']"}[39m
[38;5;0m[HTTP][0m [37m<-- POST /wd/hub/session/0bb741fe-70e1-4aff-b89c-6cd5e4278461/elements [39m[32m200[39m [90m245 ms - 12[39m
[38;5;0m[HTTP][0m [90m[39m
[38;5;0m[HTTP][0m [37m-->[39m [37mPOST[39m [37m/wd/hub/session/0bb741fe-70e1-4aff-b89c-6cd5e4278461/elements[39m
[38;5;0m[HTTP][0m [90m{"using":"xpath","value":"//*[@class = 'android.widget.Button' and (@text = 'YES' or . = 'YES') and @resource-id = 'android:id/button1']"}[39m
[38;5;0m[HTTP][0m [37m<-- POST /wd/hub/session/0bb741fe-70e1-4aff-b89c-6cd5e4278461/elements [39m[32m200[39m [90m351 ms - 12[39m
[38;5;0m[HTTP][0m [90m[39m
[38;5;0m[HTTP][0m [37m-->[39m [37mPOST[39m [37m/wd/hub/session/0bb741fe-70e1-4aff-b89c-6cd5e4278461/elements[39m
[38;5;0m[HTTP][0m [90m{"using":"xpath","value":"//*[@class = 'android.widget.Button' and (@text = 'YES' or . = 'YES') and @resource-id = 'android:id/button1']"}[39m
[38;5;0m[HTTP][0m [37m<-- POST /wd/hub/session/0bb741fe-70e1-4aff-b89c-6cd5e4278461/elements [39m[32m200[39m [90m382 ms - 12[39m
[38;5;0m[HTTP][0m [90m[39m
[38;5;0m[HTTP][0m [37m-->[39m [37mPOST[39m [37m/wd/hub/session/0bb741fe-70e1-4aff-b89c-6cd5e4278461/elements[39m
[38;5;0m[HTTP][0m [90m{"using":"xpath","value":"//*[@class = 'android.widget.Button' and (@text = 'YES' or . = 'YES') and @resource-id = 'android:id/button1']"}[39m
[38;5;0m[HTTP][0m [37m<-- POST /wd/hub/session/0bb741fe-70e1-4aff-b89c-6cd5e4278461/elements [39m[32m200[39m [90m336 ms - 12[39m
[38;5;0m[HTTP][0m [90m[39m
[38;5;0m[HTTP][0m [37m-->[39m [37mPOST[39m [37m/wd/hub/session/0bb741fe-70e1-4aff-b89c-6cd5e4278461/elements[39m
[38;5;0m[HTTP][0m [90m{"using":"xpath","value":"//*[@class = 'android.widget.Button' and (@text = 'YES' or . = 'YES') and @resource-id = 'android:id/button1']"}[39m
[38;5;0m[HTTP][0m [37m<-- POST /wd/hub/session/0bb741fe-70e1-4aff-b89c-6cd5e4278461/elements [39m[32m200[39m [90m334 ms - 12[39m
[38;5;0m[HTTP][0m [90m[39m
[38;5;0m[HTTP][0m [37m-->[39m [37mPOST[39m [37m/wd/hub/session/0bb741fe-70e1-4aff-b89c-6cd5e4278461/elements[39m
[38;5;0m[HTTP][0m [90m{"using":"xpath","value":"//*[@class = 'android.widget.Button' and (@text = 'YES' or . = 'YES') and @resource-id = 'android:id/button1']"}[39m
[38;5;0m[HTTP][0m [37m<-- POST /wd/hub/session/0bb741fe-70e1-4aff-b89c-6cd5e4278461/elements [39m[32m200[39m [90m285 ms - 12[39m
[38;5;0m[HTTP][0m [90m[39m
[38;5;0m[HTTP][0m [37m-->[39m [37mPOST[39m [37m/wd/hub/session/0bb741fe-70e1-4aff-b89c-6cd5e4278461/elements[39m
[38;5;0m[HTTP][0m [90m{"using":"xpath","value":"//*[@class = 'android.widget.Button' and (@text = 'YES' or . = 'YES') and @resource-id = 'android:id/button1']"}[39m
[38;5;0m[HTTP][0m [37m<-- POST /wd/hub/session/0bb741fe-70e1-4aff-b89c-6cd5e4278461/elements [39m[32m200[39m [90m249 ms - 12[39m
[38;5;0m[HTTP][0m [90m[39m
[38;5;0m[HTTP][0m [37m-->[39m [37mPOST[39m [37m/wd/hub/session/0bb741fe-70e1-4aff-b89c-6cd5e4278461/elements[39m
[38;5;0m[HTTP][0m [90m{"using":"xpath","value":"//*[@class = 'android.widget.Button' and (@text = 'YES' or . = 'YES') and @resource-id = 'android:id/button1']"}[39m
[38;5;0m[HTTP][0m [37m<-- POST /wd/hub/session/0bb741fe-70e1-4aff-b89c-6cd5e4278461/elements [39m[32m200[39m [90m306 ms - 12[39m
[38;5;0m[HTTP][0m [90m[39m
[38;5;0m[HTTP][0m [37m-->[39m [37mPOST[39m [37m/wd/hub/session/0bb741fe-70e1-4aff-b89c-6cd5e4278461/elements[39m
[38;5;0m[HTTP][0m [90m{"using":"xpath","value":"//*[@class = 'android.widget.Button' and (@text = 'YES' or . = 'YES') and @resource-id = 'android:id/button1']"}[39m
[38;5;0m[HTTP][0m [37m<-- POST /wd/hub/session/0bb741fe-70e1-4aff-b89c-6cd5e4278461/elements [39m[32m200[39m [90m258 ms - 12[39m
[38;5;0m[HTTP][0m [90m[39m
[38;5;0m[HTTP][0m [37m-->[39m [37mPOST[39m [37m/wd/hub/session/0bb741fe-70e1-4aff-b89c-6cd5e4278461/elements[39m
[38;5;0m[HTTP][0m [90m{"using":"xpath","value":"//*[@class = 'android.widget.Button' and (@text = 'YES' or . = 'YES') and @resource-id = 'android:id/button1']"}[39m
[38;5;0m[HTTP][0m [37m<-- POST /wd/hub/session/0bb741fe-70e1-4aff-b89c-6cd5e4278461/elements [39m[32m200[39m [90m315 ms - 12[39m
[38;5;0m[HTTP][0m [90m[39m
[38;5;0m[HTTP][0m [37m-->[39m [37mPOST[39m [37m/wd/hub/session/0bb741fe-70e1-4aff-b89c-6cd5e4278461/elements[39m
[38;5;0m[HTTP][0m [90m{"using":"xpath","value":"//*[@class = 'android.widget.Button' and (@text = 'YES' or . = 'YES') and @resource-id = 'android:id/button1']"}[39m
[38;5;0m[HTTP][0m [37m<-- POST /wd/hub/session/0bb741fe-70e1-4aff-b89c-6cd5e4278461/elements [39m[32m200[39m [90m308 ms - 12[39m
[38;5;0m[HTTP][0m [90m[39m
[38;5;0m[HTTP][0m [37m-->[39m [37mPOST[39m [37m/wd/hub/session/0bb741fe-70e1-4aff-b89c-6cd5e4278461/elements[39m
[38;5;0m[HTTP][0m [90m{"using":"xpath","value":"//*[@class = 'android.widget.Button' and (@text = 'YES' or . = 'YES') and @resource-id = 'android:id/button1']"}[39m
[38;5;0m[HTTP][0m [37m<-- POST /wd/hub/session/0bb741fe-70e1-4aff-b89c-6cd5e4278461/elements [39m[32m200[39m [90m333 ms - 12[39m
[38;5;0m[HTTP][0m [90m[39m
[38;5;0m[HTTP][0m [37m-->[39m [37mPOST[39m [37m/wd/hub/session/0bb741fe-70e1-4aff-b89c-6cd5e4278461/elements[39m
[38;5;0m[HTTP][0m [90m{"using":"xpath","value":"//*[@class = 'android.widget.Button' and (@text = 'YES' or . = 'YES') and @resource-id = 'android:id/button1']"}[39m
[38;5;0m[HTTP][0m [37m<-- POST /wd/hub/session/0bb741fe-70e1-4aff-b89c-6cd5e4278461/elements [39m[32m200[39m [90m290 ms - 12[39m
[38;5;0m[HTTP][0m [90m[39m
[38;5;0m[HTTP][0m [37m-->[39m [37mPOST[39m [37m/wd/hub/session/0bb741fe-70e1-4aff-b89c-6cd5e4278461/elements[39m
[38;5;0m[HTTP][0m [90m{"using":"xpath","value":"//*[@class = 'android.widget.Button' and (@text = 'YES' or . = 'YES') and @resource-id = 'android:id/button1']"}[39m
[38;5;0m[HTTP][0m [37m<-- POST /wd/hub/session/0bb741fe-70e1-4aff-b89c-6cd5e4278461/elements [39m[32m200[39m [90m304 ms - 12[39m
[38;5;0m[HTTP][0m [90m[39m
[38;5;0m[HTTP][0m [37m-->[39m [37mPOST[39m [37m/wd/hub/session/0bb741fe-70e1-4aff-b89c-6cd5e4278461/elements[39m
[38;5;0m[HTTP][0m [90m{"using":"xpath","value":"//*[@class = 'android.widget.Button' and (@text = 'YES' or . = 'YES') and @resource-id = 'android:id/button1']"}[39m
[38;5;0m[HTTP][0m [37m<-- POST /wd/hub/session/0bb741fe-70e1-4aff-b89c-6cd5e4278461/elements [39m[32m200[39m [90m259 ms - 12[39m
[38;5;0m[HTTP][0m [90m[39m
[38;5;0m[HTTP][0m [37m-->[39m [37mPOST[39m [37m/wd/hub/session/0bb741fe-70e1-4aff-b89c-6cd5e4278461/elements[39m
[38;5;0m[HTTP][0m [90m{"using":"xpath","value":"//*[@class = 'android.widget.Button' and (@text = 'YES' or . = 'YES') and @resource-id = 'android:id/button1']"}[39m
[38;5;0m[HTTP][0m [37m<-- POST /wd/hub/session/0bb741fe-70e1-4aff-b89c-6cd5e4278461/elements [39m[32m200[39m [90m250 ms - 12[39m
[38;5;0m[HTTP][0m [90m[39m
[38;5;0m[HTTP][0m [37m-->[39m [37mPOST[39m [37m/wd/hub/session/0bb741fe-70e1-4aff-b89c-6cd5e4278461/elements[39m
[38;5;0m[HTTP][0m [90m{"using":"xpath","value":"//*[@class = 'android.widget.Button' and (@text = 'YES' or . = 'YES') and @resource-id = 'android:id/button1']"}[39m
[38;5;0m[HTTP][0m [37m<-- POST /wd/hub/session/0bb741fe-70e1-4aff-b89c-6cd5e4278461/elements [39m[32m200[39m [90m208 ms - 12[39m
[38;5;0m[HTTP][0m [90m[39m
[38;5;0m[HTTP][0m [37m-->[39m [37mPOST[39m [37m/wd/hub/session/0bb741fe-70e1-4aff-b89c-6cd5e4278461/elements[39m
[38;5;0m[HTTP][0m [90m{"using":"xpath","value":"//*[@class = 'android.widget.Button' and (@text = 'YES' or . = 'YES') and @resource-id = 'android:id/button1']"}[39m
[38;5;0m[HTTP][0m [37m<-- POST /wd/hub/session/0bb741fe-70e1-4aff-b89c-6cd5e4278461/elements [39m[32m200[39m [90m251 ms - 12[39m
[38;5;0m[HTTP][0m [90m[39m
[38;5;0m[HTTP][0m [37m-->[39m [37mPOST[39m [37m/wd/hub/session/0bb741fe-70e1-4aff-b89c-6cd5e4278461/elements[39m
[38;5;0m[HTTP][0m [90m{"using":"xpath","value":"//*[@class = 'android.widget.Button' and (@text = 'YES' or . = 'YES') and @resource-id = 'android:id/button1']"}[39m
[38;5;0m[HTTP][0m [37m<-- POST /wd/hub/session/0bb741fe-70e1-4aff-b89c-6cd5e4278461/elements [39m[32m200[39m [90m397 ms - 12[39m
[38;5;0m[HTTP][0m [90m[39m
[38;5;0m[HTTP][0m [37m-->[39m [37mPOST[39m [37m/wd/hub/session/0bb741fe-70e1-4aff-b89c-6cd5e4278461/elements[39m
[38;5;0m[HTTP][0m [90m{"using":"xpath","value":"//*[@class = 'android.widget.Button' and (@text = 'YES' or . = 'YES') and @resource-id = 'android:id/button1']"}[39m
[38;5;0m[HTTP][0m [37m<-- POST /wd/hub/session/0bb741fe-70e1-4aff-b89c-6cd5e4278461/elements [39m[32m200[39m [90m308 ms - 12[39m
[38;5;0m[HTTP][0m [90m[39m
[38;5;0m[HTTP][0m [37m-->[39m [37mPOST[39m [37m/wd/hub/session/0bb741fe-70e1-4aff-b89c-6cd5e4278461/elements[39m
[38;5;0m[HTTP][0m [90m{"using":"xpath","value":"//*[@class = 'android.widget.Button' and (@text = 'YES' or . = 'YES') and @resource-id = 'android:id/button1']"}[39m
[38;5;0m[HTTP][0m [37m<-- POST /wd/hub/session/0bb741fe-70e1-4aff-b89c-6cd5e4278461/elements [39m[32m200[39m [90m291 ms - 12[39m
[38;5;0m[HTTP][0m [90m[39m
[38;5;0m[HTTP][0m [37m-->[39m [37mPOST[39m [37m/wd/hub/session/0bb741fe-70e1-4aff-b89c-6cd5e4278461/elements[39m
[38;5;0m[HTTP][0m [90m{"using":"xpath","value":"//*[@class = 'android.widget.Button' and (@text = 'YES' or . = 'YES') and @resource-id = 'android:id/button1']"}[39m
[38;5;0m[HTTP][0m [37m<-- POST /wd/hub/session/0bb741fe-70e1-4aff-b89c-6cd5e4278461/elements [39m[32m200[39m [90m215 ms - 12[39m
[38;5;0m[HTTP][0m [90m[39m
[38;5;0m[HTTP][0m [37m-->[39m [37mPOST[39m [37m/wd/hub/session/0bb741fe-70e1-4aff-b89c-6cd5e4278461/elements[39m
[38;5;0m[HTTP][0m [90m{"using":"xpath","value":"//*[@class = 'android.widget.Button' and (@text = 'YES' or . = 'YES') and @resource-id = 'android:id/button1']"}[39m
[38;5;0m[HTTP][0m [37m<-- POST /wd/hub/session/0bb741fe-70e1-4aff-b89c-6cd5e4278461/elements [39m[32m200[39m [90m239 ms - 12[39m
[38;5;0m[HTTP][0m [90m[39m
[38;5;0m[HTTP][0m [37m-->[39m [37mPOST[39m [37m/wd/hub/session/0bb741fe-70e1-4aff-b89c-6cd5e4278461/elements[39m
[38;5;0m[HTTP][0m [90m{"using":"xpath","value":"//*[@class = 'android.widget.Button' and (@text = 'YES' or . = 'YES') and @resource-id = 'android:id/button1']"}[39m
[38;5;0m[HTTP][0m [37m<-- POST /wd/hub/session/0bb741fe-70e1-4aff-b89c-6cd5e4278461/elements [39m[32m200[39m [90m236 ms - 12[39m
[38;5;0m[HTTP][0m [90m[39m
[38;5;0m[HTTP][0m [37m-->[39m [37mPOST[39m [37m/wd/hub/session/0bb741fe-70e1-4aff-b89c-6cd5e4278461/elements[39m
[38;5;0m[HTTP][0m [90m{"using":"xpath","value":"//*[@class = 'android.widget.Button' and (@text = 'YES' or . = 'YES') and @resource-id = 'android:id/button1']"}[39m
[38;5;0m[HTTP][0m [37m<-- POST /wd/hub/session/0bb741fe-70e1-4aff-b89c-6cd5e4278461/elements [39m[32m200[39m [90m249 ms - 12[39m
[38;5;0m[HTTP][0m [90m[39m
[38;5;0m[HTTP][0m [37m-->[39m [37mPOST[39m [37m/wd/hub/session/0bb741fe-70e1-4aff-b89c-6cd5e4278461/elements[39m
[38;5;0m[HTTP][0m [90m{"using":"xpath","value":"//*[@class = 'android.widget.Button' and (@text = 'YES' or . = 'YES') and @resource-id = 'android:id/button1']"}[39m
[38;5;0m[HTTP][0m [37m<-- POST /wd/hub/session/0bb741fe-70e1-4aff-b89c-6cd5e4278461/elements [39m[32m200[39m [90m234 ms - 12[39m
[38;5;0m[HTTP][0m [90m[39m
[38;5;0m[HTTP][0m [37m-->[39m [37mPOST[39m [37m/wd/hub/session/0bb741fe-70e1-4aff-b89c-6cd5e4278461/elements[39m
[38;5;0m[HTTP][0m [90m{"using":"xpath","value":"//*[@class = 'android.widget.Button' and (@text = 'YES' or . = 'YES') and @resource-id = 'android:id/button1']"}[39m
[38;5;0m[HTTP][0m [37m<-- POST /wd/hub/session/0bb741fe-70e1-4aff-b89c-6cd5e4278461/elements [39m[32m200[39m [90m214 ms - 12[39m
[38;5;0m[HTTP][0m [90m[39m
[38;5;0m[HTTP][0m [37m-->[39m [37mPOST[39m [37m/wd/hub/session/0bb741fe-70e1-4aff-b89c-6cd5e4278461/elements[39m
[38;5;0m[HTTP][0m [90m{"using":"xpath","value":"//*[@class = 'android.widget.Button' and (@text = 'YES' or . = 'YES') and @resource-id = 'android:id/button1']"}[39m
[38;5;0m[HTTP][0m [37m<-- POST /wd/hub/session/0bb741fe-70e1-4aff-b89c-6cd5e4278461/elements [39m[32m200[39m [90m248 ms - 12[39m
[38;5;0m[HTTP][0m [90m[39m
[38;5;0m[HTTP][0m [37m-->[39m [37mPOST[39m [37m/wd/hub/session/0bb741fe-70e1-4aff-b89c-6cd5e4278461/elements[39m
[38;5;0m[HTTP][0m [90m{"using":"xpath","value":"//*[@class = 'android.widget.Button' and (@text = 'YES' or . = 'YES') and @resource-id = 'android:id/button1']"}[39m
[38;5;0m[HTTP][0m [37m<-- POST /wd/hub/session/0bb741fe-70e1-4aff-b89c-6cd5e4278461/elements [39m[32m200[39m [90m245 ms - 12[39m
[38;5;0m[HTTP][0m [90m[39m
[38;5;0m[HTTP][0m [37m-->[39m [37mPOST[39m [37m/wd/hub/session/0bb741fe-70e1-4aff-b89c-6cd5e4278461/elements[39m
[38;5;0m[HTTP][0m [90m{"using":"xpath","value":"//*[@class = 'android.widget.Button' and (@text = 'YES' or . = 'YES') and @resource-id = 'android:id/button1']"}[39m
[38;5;0m[HTTP][0m [37m<-- POST /wd/hub/session/0bb741fe-70e1-4aff-b89c-6cd5e4278461/elements [39m[32m200[39m [90m257 ms - 12[39m
[38;5;0m[HTTP][0m [90m[39m
[38;5;0m[HTTP][0m [37m-->[39m [37mPOST[39m [37m/wd/hub/session/0bb741fe-70e1-4aff-b89c-6cd5e4278461/elements[39m
[38;5;0m[HTTP][0m [90m{"using":"xpath","value":"//*[@class = 'android.widget.Button' and (@text = 'YES' or . = 'YES') and @resource-id = 'android:id/button1']"}[39m
[38;5;0m[HTTP][0m [37m<-- POST /wd/hub/session/0bb741fe-70e1-4aff-b89c-6cd5e4278461/elements [39m[32m200[39m [90m252 ms - 12[39m
[38;5;0m[HTTP][0m [90m[39m
[38;5;0m[HTTP][0m [37m-->[39m [37mPOST[39m [37m/wd/hub/session/0bb741fe-70e1-4aff-b89c-6cd5e4278461/elements[39m
[38;5;0m[HTTP][0m [90m{"using":"xpath","value":"//*[@class = 'android.widget.Button' and (@text = 'YES' or . = 'YES') and @resource-id = 'android:id/button1']"}[39m
[38;5;0m[HTTP][0m [37m<-- POST /wd/hub/session/0bb741fe-70e1-4aff-b89c-6cd5e4278461/elements [39m[32m200[39m [90m222 ms - 12[39m
[38;5;0m[HTTP][0m [90m[39m
[38;5;0m[HTTP][0m [37m-->[39m [37mPOST[39m [37m/wd/hub/session/0bb741fe-70e1-4aff-b89c-6cd5e4278461/elements[39m
[38;5;0m[HTTP][0m [90m{"using":"xpath","value":"//*[@class = 'android.widget.Button' and (@text = 'YES' or . = 'YES') and @resource-id = 'android:id/button1']"}[39m
[38;5;0m[HTTP][0m [37m<-- POST /wd/hub/session/0bb741fe-70e1-4aff-b89c-6cd5e4278461/elements [39m[32m200[39m [90m217 ms - 12[39m
[38;5;0m[HTTP][0m [90m[39m
[38;5;0m[HTTP][0m [37m-->[39m [37mPOST[39m [37m/wd/hub/session/0bb741fe-70e1-4aff-b89c-6cd5e4278461/elements[39m
[38;5;0m[HTTP][0m [90m{"using":"xpath","value":"//*[@class = 'android.widget.Button' and (@text = 'YES' or . = 'YES') and @resource-id = 'android:id/button1']"}[39m
[38;5;0m[HTTP][0m [37m<-- POST /wd/hub/session/0bb741fe-70e1-4aff-b89c-6cd5e4278461/elements [39m[32m200[39m [90m245 ms - 12[39m
[38;5;0m[HTTP][0m [90m[39m
[38;5;0m[HTTP][0m [37m-->[39m [37mPOST[39m [37m/wd/hub/session/0bb741fe-70e1-4aff-b89c-6cd5e4278461/elements[39m
[38;5;0m[HTTP][0m [90m{"using":"xpath","value":"//*[@class = 'android.widget.Button' and (@text = 'YES' or . = 'YES') and @resource-id = 'android:id/button1']"}[39m
[38;5;0m[HTTP][0m [37m<-- POST /wd/hub/session/0bb741fe-70e1-4aff-b89c-6cd5e4278461/elements [39m[32m200[39m [90m225 ms - 12[39m
[38;5;0m[HTTP][0m [90m[39m
[38;5;0m[HTTP][0m [37m-->[39m [37mPOST[39m [37m/wd/hub/session/0bb741fe-70e1-4aff-b89c-6cd5e4278461/elements[39m
[38;5;0m[HTTP][0m [90m{"using":"xpath","value":"//*[@class = 'android.widget.Button' and (@text = 'YES' or . = 'YES') and @resource-id = 'android:id/button1']"}[39m
[38;5;0m[HTTP][0m [37m<-- POST /wd/hub/session/0bb741fe-70e1-4aff-b89c-6cd5e4278461/elements [39m[32m200[39m [90m205 ms - 12[39m
[38;5;0m[HTTP][0m [90m[39m
[38;5;0m[HTTP][0m [37m-->[39m [37mPOST[39m [37m/wd/hub/session/0bb741fe-70e1-4aff-b89c-6cd5e4278461/elements[39m
[38;5;0m[HTTP][0m [90m{"using":"xpath","value":"//*[@class = 'android.widget.Button' and (@text = 'YES' or . = 'YES') and @resource-id = 'android:id/button1']"}[39m
[38;5;0m[HTTP][0m [37m<-- POST /wd/hub/session/0bb741fe-70e1-4aff-b89c-6cd5e4278461/elements [39m[32m200[39m [90m199 ms - 12[39m
[38;5;0m[HTTP][0m [90m[39m
[38;5;0m[HTTP][0m [37m-->[39m [37mPOST[39m [37m/wd/hub/session/0bb741fe-70e1-4aff-b89c-6cd5e4278461/elements[39m
[38;5;0m[HTTP][0m [90m{"using":"xpath","value":"//*[@class = 'android.widget.Button' and (@text = 'YES' or . = 'YES') and @resource-id = 'android:id/button1']"}[39m
[38;5;0m[HTTP][0m [37m<-- POST /wd/hub/session/0bb741fe-70e1-4aff-b89c-6cd5e4278461/elements [39m[32m200[39m [90m211 ms - 12[39m
[38;5;0m[HTTP][0m [90m[39m
[38;5;0m[HTTP][0m [37m-->[39m [37mPOST[39m [37m/wd/hub/session/0bb741fe-70e1-4aff-b89c-6cd5e4278461/elements[39m
[38;5;0m[HTTP][0m [90m{"using":"xpath","value":"//*[@class = 'android.widget.Button' and (@text = 'YES' or . = 'YES') and @resource-id = 'android:id/button1']"}[39m
[38;5;0m[HTTP][0m [37m<-- POST /wd/hub/session/0bb741fe-70e1-4aff-b89c-6cd5e4278461/elements [39m[32m200[39m [90m219 ms - 12[39m
[38;5;0m[HTTP][0m [90m[39m
[38;5;0m[HTTP][0m [37m-->[39m [37mPOST[39m [37m/wd/hub/session/0bb741fe-70e1-4aff-b89c-6cd5e4278461/elements[39m
[38;5;0m[HTTP][0m [90m{"using":"xpath","value":"//*[@class = 'android.widget.Button' and (@text = 'YES' or . = 'YES') and @resource-id = 'android:id/button1']"}[39m
[38;5;0m[HTTP][0m [37m<-- POST /wd/hub/session/0bb741fe-70e1-4aff-b89c-6cd5e4278461/elements [39m[32m200[39m [90m212 ms - 12[39m
[38;5;0m[HTTP][0m [90m[39m
[38;5;0m[HTTP][0m [37m-->[39m [37mPOST[39m [37m/wd/hub/session/0bb741fe-70e1-4aff-b89c-6cd5e4278461/elements[39m
[38;5;0m[HTTP][0m [90m{"using":"xpath","value":"//*[@class = 'android.widget.Button' and (@text = 'YES' or . = 'YES') and @resource-id = 'android:id/button1']"}[39m
[38;5;0m[HTTP][0m [37m<-- POST /wd/hub/session/0bb741fe-70e1-4aff-b89c-6cd5e4278461/elements [39m[32m200[39m [90m260 ms - 12[39m
[38;5;0m[HTTP][0m [90m[39m
[38;5;0m[HTTP][0m [37m-->[39m [37mPOST[39m [37m/wd/hub/session/0bb741fe-70e1-4aff-b89c-6cd5e4278461/elements[39m
[38;5;0m[HTTP][0m [90m{"using":"xpath","value":"//*[@class = 'android.widget.Button' and (@text = 'YES' or . = 'YES') and @resource-id = 'android:id/button1']"}[39m
[38;5;0m[HTTP][0m [37m<-- POST /wd/hub/session/0bb741fe-70e1-4aff-b89c-6cd5e4278461/elements [39m[32m200[39m [90m251 ms - 12[39m
[38;5;0m[HTTP][0m [90m[39m
[38;5;0m[HTTP][0m [37m-->[39m [37mPOST[39m [37m/wd/hub/session/0bb741fe-70e1-4aff-b89c-6cd5e4278461/elements[39m
[38;5;0m[HTTP][0m [90m{"using":"xpath","value":"//*[@class = 'android.widget.Button' and (@text = 'YES' or . = 'YES') and @resource-id = 'android:id/button1']"}[39m
[38;5;0m[HTTP][0m [37m<-- POST /wd/hub/session/0bb741fe-70e1-4aff-b89c-6cd5e4278461/elements [39m[32m200[39m [90m265 ms - 12[39m
[38;5;0m[HTTP][0m [90m[39m
[38;5;0m[HTTP][0m [37m-->[39m [37mPOST[39m [37m/wd/hub/session/0bb741fe-70e1-4aff-b89c-6cd5e4278461/elements[39m
[38;5;0m[HTTP][0m [90m{"using":"xpath","value":"//*[@class = 'android.widget.Button' and (@text = 'YES' or . = 'YES') and @resource-id = 'android:id/button1']"}[39m
[38;5;0m[HTTP][0m [37m<-- POST /wd/hub/session/0bb741fe-70e1-4aff-b89c-6cd5e4278461/elements [39m[32m200[39m [90m250 ms - 12[39m
[38;5;0m[HTTP][0m [90m[39m
[38;5;0m[HTTP][0m [37m-->[39m [37mPOST[39m [37m/wd/hub/session/0bb741fe-70e1-4aff-b89c-6cd5e4278461/elements[39m
[38;5;0m[HTTP][0m [90m{"using":"xpath","value":"//*[@class = 'android.widget.Button' and (@text = 'YES' or . = 'YES') and @resource-id = 'android:id/button1']"}[39m
[38;5;0m[HTTP][0m [37m<-- POST /wd/hub/session/0bb741fe-70e1-4aff-b89c-6cd5e4278461/elements [39m[32m200[39m [90m294 ms - 12[39m
[38;5;0m[HTTP][0m [90m[39m
[38;5;0m[HTTP][0m [37m-->[39m [37mPOST[39m [37m/wd/hub/session/0bb741fe-70e1-4aff-b89c-6cd5e4278461/elements[39m
[38;5;0m[HTTP][0m [90m{"using":"xpath","value":"//*[@class = 'android.widget.Button' and (@text = 'YES' or . = 'YES') and @resource-id = 'android:id/button1']"}[39m
[38;5;0m[HTTP][0m [37m<-- POST /wd/hub/session/0bb741fe-70e1-4aff-b89c-6cd5e4278461/elements [39m[32m200[39m [90m265 ms - 12[39m
[38;5;0m[HTTP][0m [90m[39m
[38;5;0m[HTTP][0m [37m-->[39m [37mPOST[39m [37m/wd/hub/session/0bb741fe-70e1-4aff-b89c-6cd5e4278461/elements[39m
[38;5;0m[HTTP][0m [90m{"using":"xpath","value":"//*[@class = 'android.widget.Button' and (@text = 'YES' or . = 'YES') and @resource-id = 'android:id/button1']"}[39m
[38;5;0m[HTTP][0m [37m<-- POST /wd/hub/session/0bb741fe-70e1-4aff-b89c-6cd5e4278461/elements [39m[32m200[39m [90m239 ms - 12[39m
[38;5;0m[HTTP][0m [90m[39m
[38;5;0m[HTTP][0m [37m-->[39m [37mPOST[39m [37m/wd/hub/session/0bb741fe-70e1-4aff-b89c-6cd5e4278461/elements[39m
[38;5;0m[HTTP][0m [90m{"using":"xpath","value":"//*[@class = 'android.widget.Button' and (@text = 'YES' or . = 'YES') and @resource-id = 'android:id/button1']"}[39m
[38;5;0m[HTTP][0m [37m<-- POST /wd/hub/session/0bb741fe-70e1-4aff-b89c-6cd5e4278461/elements [39m[32m200[39m [90m274 ms - 12[39m
[38;5;0m[HTTP][0m [90m[39m
[38;5;0m[HTTP][0m [37m-->[39m [37mPOST[39m [37m/wd/hub/session/0bb741fe-70e1-4aff-b89c-6cd5e4278461/elements[39m
[38;5;0m[HTTP][0m [90m{"using":"xpath","value":"//*[@class = 'android.widget.Button' and (@text = 'YES' or . = 'YES') and @resource-id = 'android:id/button1']"}[39m
[38;5;0m[HTTP][0m [37m<-- POST /wd/hub/session/0bb741fe-70e1-4aff-b89c-6cd5e4278461/elements [39m[32m200[39m [90m230 ms - 12[39m
[38;5;0m[HTTP][0m [90m[39m
[38;5;0m[HTTP][0m [37m-->[39m [37mPOST[39m [37m/wd/hub/session/0bb741fe-70e1-4aff-b89c-6cd5e4278461/elements[39m
[38;5;0m[HTTP][0m [90m{"using":"xpath","value":"//*[@class = 'android.widget.Button' and (@text = 'YES' or . = 'YES') and @resource-id = 'android:id/button1']"}[39m
[38;5;0m[HTTP][0m [37m<-- POST /wd/hub/session/0bb741fe-70e1-4aff-b89c-6cd5e4278461/elements [39m[32m200[39m [90m216 ms - 12[39m
[38;5;0m[HTTP][0m [90m[39m
[38;5;0m[HTTP][0m [37m-->[39m [37mPOST[39m [37m/wd/hub/session/0bb741fe-70e1-4aff-b89c-6cd5e4278461/elements[39m
[38;5;0m[HTTP][0m [90m{"using":"xpath","value":"//*[@class = 'android.widget.Button' and (@text = 'YES' or . = 'YES') and @resource-id = 'android:id/button1']"}[39m
[38;5;0m[HTTP][0m [37m<-- POST /wd/hub/session/0bb741fe-70e1-4aff-b89c-6cd5e4278461/elements [39m[32m200[39m [90m220 ms - 12[39m
[38;5;0m[HTTP][0m [90m[39m
[38;5;0m[HTTP][0m [37m-->[39m [37mPOST[39m [37m/wd/hub/session/0bb741fe-70e1-4aff-b89c-6cd5e4278461/elements[39m
[38;5;0m[HTTP][0m [90m{"using":"xpath","value":"//*[@class = 'android.widget.Button' and (@text = 'YES' or . = 'YES') and @resource-id = 'android:id/button1']"}[39m
[38;5;0m[HTTP][0m [37m<-- POST /wd/hub/session/0bb741fe-70e1-4aff-b89c-6cd5e4278461/elements [39m[32m200[39m [90m206 ms - 12[39m
[38;5;0m[HTTP][0m [90m[39m
[38;5;0m[HTTP][0m [37m-->[39m [37mPOST[39m [37m/wd/hub/session/0bb741fe-70e1-4aff-b89c-6cd5e4278461/elements[39m
[38;5;0m[HTTP][0m [90m{"using":"xpath","value":"//*[@class = 'android.widget.Button' and (@text = 'YES' or . = 'YES') and @resource-id = 'android:id/button1']"}[39m
[38;5;0m[HTTP][0m [37m<-- POST /wd/hub/session/0bb741fe-70e1-4aff-b89c-6cd5e4278461/elements [39m[32m200[39m [90m198 ms - 12[39m
[38;5;0m[HTTP][0m [90m[39m
[38;5;0m[HTTP][0m [37m-->[39m [37mPOST[39m [37m/wd/hub/session/0bb741fe-70e1-4aff-b89c-6cd5e4278461/elements[39m
[38;5;0m[HTTP][0m [90m{"using":"xpath","value":"//*[@class = 'android.widget.Button' and (@text = 'YES' or . = 'YES') and @resource-id = 'android:id/button1']"}[39m
[38;5;0m[HTTP][0m [37m<-- POST /wd/hub/session/0bb741fe-70e1-4aff-b89c-6cd5e4278461/elements [39m[32m200[39m [90m238 ms - 12[39m
[38;5;0m[HTTP][0m [90m[39m
[38;5;0m[HTTP][0m [37m-->[39m [37mPOST[39m [37m/wd/hub/session/0bb741fe-70e1-4aff-b89c-6cd5e4278461/elements[39m
[38;5;0m[HTTP][0m [90m{"using":"xpath","value":"//*[@class = 'android.widget.Button' and (@text = 'YES' or . = 'YES') and @resource-id = 'android:id/button1']"}[39m
[38;5;0m[HTTP][0m [37m<-- POST /wd/hub/session/0bb741fe-70e1-4aff-b89c-6cd5e4278461/elements [39m[32m200[39m [90m236 ms - 12[39m
[38;5;0m[HTTP][0m [90m[39m
[38;5;0m[HTTP][0m [37m-->[39m [37mPOST[39m [37m/wd/hub/session/0bb741fe-70e1-4aff-b89c-6cd5e4278461/elements[39m
[38;5;0m[HTTP][0m [90m{"using":"xpath","value":"//*[@class = 'android.widget.Button' and (@text = 'YES' or . = 'YES') and @resource-id = 'android:id/button1']"}[39m
[38;5;0m[HTTP][0m [37m<-- POST /wd/hub/session/0bb741fe-70e1-4aff-b89c-6cd5e4278461/elements [39m[32m200[39m [90m229 ms - 12[39m
[38;5;0m[HTTP][0m [90m[39m
[38;5;0m[HTTP][0m [37m-->[39m [37mPOST[39m [37m/wd/hub/session/0bb741fe-70e1-4aff-b89c-6cd5e4278461/elements[39m
[38;5;0m[HTTP][0m [90m{"using":"xpath","value":"//*[@class = 'android.widget.Button' and (@text = 'YES' or . = 'YES') and @resource-id = 'android:id/button1']"}[39m
[38;5;0m[HTTP][0m [37m<-- POST /wd/hub/session/0bb741fe-70e1-4aff-b89c-6cd5e4278461/elements [39m[32m200[39m [90m198 ms - 12[39m
[38;5;0m[HTTP][0m [90m[39m
[38;5;0m[HTTP][0m [37m-->[39m [37mPOST[39m [37m/wd/hub/session/0bb741fe-70e1-4aff-b89c-6cd5e4278461/elements[39m
[38;5;0m[HTTP][0m [90m{"using":"xpath","value":"//*[@class = 'android.widget.Button' and (@text = 'YES' or . = 'YES') and @resource-id = 'android:id/button1']"}[39m
[38;5;0m[HTTP][0m [37m<-- POST /wd/hub/session/0bb741fe-70e1-4aff-b89c-6cd5e4278461/elements [39m[32m200[39m [90m181 ms - 12[39m
[38;5;0m[HTTP][0m [90m[39m
[38;5;0m[HTTP][0m [37m-->[39m [37mPOST[39m [37m/wd/hub/session/0bb741fe-70e1-4aff-b89c-6cd5e4278461/timeouts[39m
[38;5;0m[HTTP][0m [90m{"implicit":30000}[39m
[38;5;0m[HTTP][0m [37m<-- POST /wd/hub/session/0bb741fe-70e1-4aff-b89c-6cd5e4278461/timeouts [39m[32m200[39m [90m2 ms - 14[39m
[38;5;0m[HTTP][0m [90m[39m
[38;5;0m[HTTP][0m [37m-->[39m [37mGET[39m [37m/wd/hub/session/0bb741fe-70e1-4aff-b89c-6cd5e4278461/context[39m
[38;5;0m[HTTP][0m [90m{}[39m
[38;5;0m[HTTP][0m [37m<-- GET /wd/hub/session/0bb741fe-70e1-4aff-b89c-6cd5e4278461/context [39m[32m200[39m [90m1 ms - 22[39m
[38;5;0m[HTTP][0m [90m[39m
[38;5;0m[HTTP][0m [37m-->[39m [37mGET[39m [37m/wd/hub/session/0bb741fe-70e1-4aff-b89c-6cd5e4278461/contexts[39m
[38;5;0m[HTTP][0m [90m{}[39m
[38;5;0m[HTTP][0m [37m<-- GET /wd/hub/session/0bb741fe-70e1-4aff-b89c-6cd5e4278461/contexts [39m[32m200[39m [90m328 ms - 24[39m
[38;5;0m[HTTP][0m [90m[39m
[38;5;0m[HTTP][0m [37m-->[39m [37mPOST[39m [37m/wd/hub/session/0bb741fe-70e1-4aff-b89c-6cd5e4278461/context[39m
[38;5;0m[HTTP][0m [90m{"name":"NATIVE_APP"}[39m
[38;5;0m[HTTP][0m [37m<-- POST /wd/hub/session/0bb741fe-70e1-4aff-b89c-6cd5e4278461/context [39m[32m200[39m [90m1 ms - 14[39m
[38;5;0m[HTTP][0m [90m[39m
[38;5;0m[HTTP][0m [37m-->[39m [37mGET[39m [37m/wd/hub/session/0bb741fe-70e1-4aff-b89c-6cd5e4278461/screenshot[39m
[38;5;0m[HTTP][0m [90m{}[39m
[38;5;0m[HTTP][0m [37m<-- GET /wd/hub/session/0bb741fe-70e1-4aff-b89c-6cd5e4278461/screenshot [39m[32m200[39m [90m702 ms - 161220[39m
[38;5;0m[HTTP][0m [90m[39m
[38;5;0m[HTTP][0m [37m-->[39m [37mPOST[39m [37m/wd/hub/session/0bb741fe-70e1-4aff-b89c-6cd5e4278461/context[39m
[38;5;0m[HTTP][0m [90m{"name":"NATIVE_APP"}[39m
[38;5;0m[HTTP][0m [37m<-- POST /wd/hub/session/0bb741fe-70e1-4aff-b89c-6cd5e4278461/context [39m[32m200[39m [90m1 ms - 14[39m
[38;5;0m[HTTP][0m [90m[39m
[38;5;0m[HTTP][0m [37m-->[39m [37mGET[39m [37m/wd/hub/session/0bb741fe-70e1-4aff-b89c-6cd5e4278461/context[39m
[38;5;0m[HTTP][0m [90m{}[39m
[38;5;0m[HTTP][0m [37m<-- GET /wd/hub/session/0bb741fe-70e1-4aff-b89c-6cd5e4278461/context [39m[32m200[39m [90m1 ms - 22[39m
[38;5;0m[HTTP][0m [90m[39m
[38;5;0m[HTTP][0m [37m-->[39m [37mGET[39m [37m/wd/hub/session/0bb741fe-70e1-4aff-b89c-6cd5e4278461/contexts[39m
[38;5;0m[HTTP][0m [90m{}[39m
[38;5;0m[HTTP][0m [37m<-- GET /wd/hub/session/0bb741fe-70e1-4aff-b89c-6cd5e4278461/contexts [39m[32m200[39m [90m284 ms - 24[39m
[38;5;0m[HTTP][0m [90m[39m
[38;5;0m[HTTP][0m [37m-->[39m [37mPOST[39m [37m/wd/hub/session/0bb741fe-70e1-4aff-b89c-6cd5e4278461/context[39m
[38;5;0m[HTTP][0m [90m{"name":"NATIVE_APP"}[39m
[38;5;0m[HTTP][0m [37m<-- POST /wd/hub/session/0bb741fe-70e1-4aff-b89c-6cd5e4278461/context [39m[32m200[39m [90m1 ms - 14[39m
[38;5;0m[HTTP][0m [90m[39m
[38;5;0m[HTTP][0m [37m-->[39m [37mGET[39m [37m/wd/hub/session/0bb741fe-70e1-4aff-b89c-6cd5e4278461/screenshot[39m
[38;5;0m[HTTP][0m [90m{}[39m
[38;5;0m[HTTP][0m [37m<-- GET /wd/hub/session/0bb741fe-70e1-4aff-b89c-6cd5e4278461/screenshot [39m[32m200[39m [90m597 ms - 161220[39m
[38;5;0m[HTTP][0m [90m[39m
[38;5;0m[HTTP][0m [37m-->[39m [37mPOST[39m [37m/wd/hub/session/0bb741fe-70e1-4aff-b89c-6cd5e4278461/context[39m
[38;5;0m[HTTP][0m [90m{"name":"NATIVE_APP"}[39m
[38;5;0m[HTTP][0m [37m<-- POST /wd/hub/session/0bb741fe-70e1-4aff-b89c-6cd5e4278461/context [39m[32m200[39m [90m2 ms - 14[39m
[38;5;0m[HTTP][0m [90m[39m
[38;5;0m[HTTP][0m [37m-->[39m [37mGET[39m [37m/wd/hub/status[39m
[38;5;0m[HTTP][0m [90m{}[39m
[38;5;0m[HTTP][0m [37m<-- GET /wd/hub/status [39m[32m200[39m [90m1 ms - 110[39m
[38;5;0m[HTTP][0m [90m[39m
[38;5;0m[HTTP][0m [37m-->[39m [37mPOST[39m [37m/wd/hub/session[39m
[38;5;0m[HTTP][0m [90m{"desiredCapabilities":{"appium:systemPort":63113,"appium:newCommandTimeout":1800,"appium:automationName":"uiautomator2","appium:fullReset":true,"appium:platformVersion":"14","appium:noReset":false,"appium:udid":"emulator-5554","appium:autoGrantPermissions":true,"appium:platformName":"ANDROID","appium:deviceName":"emulator-5554 (sdk_gphone64_x86_64 - Android 14)","platformName":"Android","appium:app":"C:\\Users\\ASUS\\Downloads\\Advantage+demo+3.2.apk"},"capabilities":{"firstMatch":[{"appium:app":"C:\\Users\\ASUS\\Downloads\\Advantage+demo+3.2.apk","appium:autoGrantPermissions":true,"appium:automationName":"uiautomator2","appium:deviceName":"emulator-5554 (sdk_gphone64_x86_64 - Android 14)","appium:fullReset":true,"appium:newCommandTimeout":1800,"appium:noReset":false,"appium:platformName":"ANDROID","appium:platformVersion":"14","appium:systemPort":63113,"appium:udid":"emulator-5554","platformName":"android"}]}}[39m
[38;5;32m[BaseDriver][0m Ignoring capability 'appium:platformName=ANDROID' and using capability 'platformName=android'
[38;5;32m[BaseDriver][0m The capabilities ["platformName"] are standard capabilities and do not require "appium:" prefix
[35m[Appium][39m Attempting to find matching driver for automationName 'uiautomator2' and platformName 'android'
[35m[Appium][39m The 'uiautomator2' driver was installed and matched caps.
[35m[Appium][39m Will require it at C:\Users\ASUS\.appium\node_modules\appium-uiautomator2-driver
[38;5;16m[AppiumDriver@6251][0m Appium v2.5.0 creating new AndroidUiautomator2Driver (v3.0.0) session
[38;5;16m[AppiumDriver@6251][0m Checking BaseDriver versions for Appium and AndroidUiautomator2Driver
[38;5;16m[AppiumDriver@6251][0m Appium's BaseDriver version is 9.5.1
[38;5;16m[AppiumDriver@6251][0m AndroidUiautomator2Driver's BaseDriver version is 9.5.1
[38;5;48m[AndroidUiautomator2Driver@6f3d (a3dcf5d4)][0m Session created with session id: a3dcf5d4-3660-4ac5-ba74-1290cdc56558
[38;5;64m[ADB][0m Using 'adb.exe' from 'C:\Users\ASUS\.katalon\tools\android_sdk\platform-tools\adb.exe'
[38;5;48m[AndroidUiautomator2Driver@6f3d (a3dcf5d4)][0m Retrieving device list
[38;5;48m[AndroidUiautomator2Driver@6f3d (a3dcf5d4)][0m Using device: emulator-5554
[38;5;64m[ADB][0m Using 'adb.exe' from 'C:\Users\ASUS\.katalon\tools\android_sdk\platform-tools\adb.exe'
[38;5;32m[BaseDriver][0m Using local app 'C:\Users\ASUS\Downloads\Advantage+demo+3.2.apk'
[38;5;64m[ADB][0m Getting device platform version
[38;5;48m[AndroidUiautomator2Driver@6f3d (a3dcf5d4)][0m Relaxing hidden api policy
[38;5;64m[ADB][0m Package name: 'com.Advantage.aShopping'
[38;5;64m[ADB][0m Main activity name: 'com.Advantage.aShopping.SplashActivity'
[38;5;48m[AndroidUiautomator2Driver@6f3d (a3dcf5d4)][0m Server packages are not going to be (re)installed
[38;5;64m[ADB][0m Adding packages ["io.appium.settings","io.appium.uiautomator2.server","io.appium.uiautomator2.server.test"] to Doze whitelist
[38;5;64m[ADB][0m com.Advantage.aShopping was successfully uninstalled
[38;5;64m[ADB][0m The application at 'C:\Users\ASUS\Downloads\Advantage+demo+3.2.apk' will not be cached, because the device under test has confirmed the support of streamed installs
[38;5;64m[ADB][0m The installation of 'Advantage+demo+3.2.apk' took 3227ms
[38;5;48m[AndroidUiautomator2Driver@6f3d (a3dcf5d4)][0m Starting UIAutomator2 server 7.0.0
[38;5;48m[AndroidUiautomator2Driver@6f3d (a3dcf5d4)][0m Using UIAutomator2 server from 'C:\Users\ASUS\.appium\node_modules\appium-uiautomator2-driver\node_modules\appium-uiautomator2-server\apks\appium-uiautomator2-server-v7.0.0.apk' and test from 'C:\Users\ASUS\.appium\node_modules\appium-uiautomator2-driver\node_modules\appium-uiautomator2-server\apks\appium-uiautomator2-server-debug-androidTest.apk'
[38;5;48m[AndroidUiautomator2Driver@6f3d (a3dcf5d4)][0m Waiting up to 30000ms for UiAutomator2 to be online...
[38;5;48m[AndroidUiautomator2Driver@6f3d (a3dcf5d4)][0m socket hang up
[38;5;48m[AndroidUiautomator2Driver@6f3d (a3dcf5d4)][0m socket hang up
[38;5;48m[AndroidUiautomator2Driver@6f3d (a3dcf5d4)][0m socket hang up
[38;5;48m[AndroidUiautomator2Driver@6f3d (a3dcf5d4)][0m socket hang up
[38;5;48m[AndroidUiautomator2Driver@6f3d (a3dcf5d4)][0m socket hang up
[38;5;48m[AndroidUiautomator2Driver@6f3d (a3dcf5d4)][0m socket hang up
[38;5;48m[AndroidUiautomator2Driver@6f3d (a3dcf5d4)][0m socket hang up
[38;5;48m[AndroidUiautomator2Driver@6f3d (a3dcf5d4)][0m Determined the downstream protocol as 'W3C'
[38;5;48m[AndroidUiautomator2Driver@6f3d (a3dcf5d4)][0m Screen already unlocked, doing nothing
[38;5;48m[AndroidUiautomator2Driver@6f3d (a3dcf5d4)][0m Starting 'com.Advantage.aShopping/com.Advantage.aShopping.SplashActivity and waiting for 'com.Advantage.aShopping/com.Advantage.aShopping.SplashActivity'
[38;5;0m[HTTP][0m [37m<-- POST /wd/hub/session [39m[32m-[39m [90m- ms - -[39m
[38;5;0m[HTTP][0m [90m[39m
[38;5;16m[AppiumDriver@6251][0m New AndroidUiautomator2Driver session created successfully, session a3dcf5d4-3660-4ac5-ba74-1290cdc56558 added to master session list
[38;5;48m[AndroidUiautomator2Driver@d720 (0bb741fe)][0m Shutting down because we waited 1800 seconds for a command
[38;5;16m[AppiumDriver@6251][0m Ending session, cause was 'New Command Timeout of 1800 seconds expired. Try customizing the timeout using the 'newCommandTimeout' desired capability'
[38;5;16m[AppiumDriver@6251][0m Removing session '0bb741fe-70e1-4aff-b89c-6cd5e4278461' from our master session list
[38;5;48m[AndroidUiautomator2Driver@d720 (0bb741fe)][0m Did not get confirmation UiAutomator2 deleteSession worked; Error was: UnknownError: An unknown server-side error occurred while processing the command. Original error: 'DELETE /' cannot be proxied to UiAutomator2 server because the instrumentation process is not running (probably crashed). Check the server log and/or the logcat output for more details
[38;5;64m[ADB][0m com.Advantage.aShopping was successfully uninstalled
[38;5;48m[AndroidUiautomator2Driver@d720 (0bb741fe)][0m Restoring hidden api policy to the device default configuration
[38;5;48m[AndroidUiautomator2Driver@6f3d (a3dcf5d4)][0m Shutting down because we waited 1800 seconds for a command
[38;5;16m[AppiumDriver@6251][0m Ending session, cause was 'New Command Timeout of 1800 seconds expired. Try customizing the timeout using the 'newCommandTimeout' desired capability'
[38;5;16m[AppiumDriver@6251][0m Removing session 'a3dcf5d4-3660-4ac5-ba74-1290cdc56558' from our master session list
[38;5;48m[AndroidUiautomator2Driver@6f3d (a3dcf5d4)][0m Did not get confirmation UiAutomator2 deleteSession worked; Error was: UnknownError: An unknown server-side error occurred while processing the command. Original error: 'DELETE /' cannot be proxied to UiAutomator2 server because the instrumentation process is not running (probably crashed). Check the server log and/or the logcat output for more details
[38;5;64m[ADB][0m com.Advantage.aShopping was not uninstalled, because it was not present on the device
[38;5;48m[AndroidUiautomator2Driver@6f3d (a3dcf5d4)][0m Restoring hidden api policy to the device default configuration
